[0.076s] Invoking command in '/root/ros_ws/build/panda_moveit_cpp': CMAKE_PREFIX_PATH=${CMAKE_PREFIX_PATH}:/opt/ros/jazzy DEBUGINFOD_URLS=https://debuginfod.ubuntu.com /usr/bin/cmake --build /root/ros_ws/build/panda_moveit_cpp -- -j20 -l20
[1.257s] [100%] Built target moveit_cpp_tutorial
[1.276s] Invoked command in '/root/ros_ws/build/panda_moveit_cpp' returned '0': CMAKE_PREFIX_PATH=${CMAKE_PREFIX_PATH}:/opt/ros/jazzy DEBUGINFOD_URLS=https://debuginfod.ubuntu.com /usr/bin/cmake --build /root/ros_ws/build/panda_moveit_cpp -- -j20 -l20
[1.278s] Invoking command in '/root/ros_ws/build/panda_moveit_cpp': CMAKE_PREFIX_PATH=${CMAKE_PREFIX_PATH}:/opt/ros/jazzy DEBUGINFOD_URLS=https://debuginfod.ubuntu.com /usr/bin/cmake --install /root/ros_ws/build/panda_moveit_cpp
[1.521s] -- Install configuration: ""
[1.522s] -- Up-to-date: /root/ros_ws/install/panda_moveit_cpp/lib/panda_moveit_cpp/moveit_cpp_tutorial
[1.522s] -- Up-to-date: /root/ros_ws/install/panda_moveit_cpp/share/panda_moveit_cpp/launch
[1.522s] -- Up-to-date: /root/ros_ws/install/panda_moveit_cpp/share/panda_moveit_cpp/launch/moveit_cpp_tutorial.launch.py
[1.523s] -- Up-to-date: /root/ros_ws/install/panda_moveit_cpp/share/panda_moveit_cpp/launch/moveit_cpp_tutorial.rviz
[1.523s] -- Up-to-date: /root/ros_ws/install/panda_moveit_cpp/share/panda_moveit_cpp/config
[1.523s] -- Up-to-date: /root/ros_ws/install/panda_moveit_cpp/share/panda_moveit_cpp/config/moveit_cpp.yaml
[1.523s] -- Up-to-date: /root/ros_ws/install/panda_moveit_cpp/share/ament_index/resource_index/package_run_dependencies/panda_moveit_cpp
[1.523s] -- Up-to-date: /root/ros_ws/install/panda_moveit_cpp/share/ament_index/resource_index/parent_prefix_path/panda_moveit_cpp
[1.523s] -- Up-to-date: /root/ros_ws/install/panda_moveit_cpp/share/panda_moveit_cpp/environment/ament_prefix_path.sh
[1.524s] -- Up-to-date: /root/ros_ws/install/panda_moveit_cpp/share/panda_moveit_cpp/environment/ament_prefix_path.dsv
[1.524s] -- Up-to-date: /root/ros_ws/install/panda_moveit_cpp/share/panda_moveit_cpp/environment/path.sh
[1.524s] -- Up-to-date: /root/ros_ws/install/panda_moveit_cpp/share/panda_moveit_cpp/environment/path.dsv
[1.524s] -- Up-to-date: /root/ros_ws/install/panda_moveit_cpp/share/panda_moveit_cpp/local_setup.bash
[1.524s] -- Up-to-date: /root/ros_ws/install/panda_moveit_cpp/share/panda_moveit_cpp/local_setup.sh
[1.524s] -- Up-to-date: /root/ros_ws/install/panda_moveit_cpp/share/panda_moveit_cpp/local_setup.zsh
[1.525s] -- Up-to-date: /root/ros_ws/install/panda_moveit_cpp/share/panda_moveit_cpp/local_setup.dsv
[1.525s] -- Installing: /root/ros_ws/install/panda_moveit_cpp/share/panda_moveit_cpp/package.dsv
[1.525s] -- Up-to-date: /root/ros_ws/install/panda_moveit_cpp/share/ament_index/resource_index/packages/panda_moveit_cpp
[1.525s] -- Up-to-date: /root/ros_ws/install/panda_moveit_cpp/share/panda_moveit_cpp/cmake/panda_moveit_cppConfig.cmake
[1.525s] -- Up-to-date: /root/ros_ws/install/panda_moveit_cpp/share/panda_moveit_cpp/cmake/panda_moveit_cppConfig-version.cmake
[1.525s] -- Up-to-date: /root/ros_ws/install/panda_moveit_cpp/share/panda_moveit_cpp/package.xml
[1.793s] Invoked command in '/root/ros_ws/build/panda_moveit_cpp' returned '0': CMAKE_PREFIX_PATH=${CMAKE_PREFIX_PATH}:/opt/ros/jazzy DEBUGINFOD_URLS=https://debuginfod.ubuntu.com /usr/bin/cmake --install /root/ros_ws/build/panda_moveit_cpp
