[0.366s] Invoking command in '/root/ros_ws/build/ur_moveit_cpp': CMAKE_PREFIX_PATH=${CMAKE_PREFIX_PATH}:/opt/ros/jazzy /usr/bin/cmake --build /root/ros_ws/build/ur_moveit_cpp -- -j28 -l28
[0.442s] [100%] Built target moveit_cpp_tutorial
[0.509s] Invoked command in '/root/ros_ws/build/ur_moveit_cpp' returned '0': CMAKE_PREFIX_PATH=${CMAKE_PREFIX_PATH}:/opt/ros/jazzy /usr/bin/cmake --build /root/ros_ws/build/ur_moveit_cpp -- -j28 -l28
[0.510s] Invoking command in '/root/ros_ws/build/ur_moveit_cpp': CMAKE_PREFIX_PATH=${CMAKE_PREFIX_PATH}:/opt/ros/jazzy /usr/bin/cmake --install /root/ros_ws/build/ur_moveit_cpp
[0.518s] -- Install configuration: ""
[0.518s] -- Up-to-date: /root/ros_ws/install/ur_moveit_cpp/lib/ur_moveit_cpp/moveit_cpp_tutorial
[0.518s] -- Up-to-date: /root/ros_ws/install/ur_moveit_cpp/share/ur_moveit_cpp/launch
[0.518s] -- Up-to-date: /root/ros_ws/install/ur_moveit_cpp/share/ur_moveit_cpp/launch/moveit_cpp_tutorial.launch.py
[0.518s] -- Up-to-date: /root/ros_ws/install/ur_moveit_cpp/share/ur_moveit_cpp/launch/moveit_cpp_tutorial.rviz
[0.518s] -- Up-to-date: /root/ros_ws/install/ur_moveit_cpp/share/ur_moveit_cpp/config
[0.518s] -- Up-to-date: /root/ros_ws/install/ur_moveit_cpp/share/ur_moveit_cpp/config/moveit_cpp.yaml
[0.518s] -- Up-to-date: /root/ros_ws/install/ur_moveit_cpp/share/ament_index/resource_index/package_run_dependencies/ur_moveit_cpp
[0.518s] -- Up-to-date: /root/ros_ws/install/ur_moveit_cpp/share/ament_index/resource_index/parent_prefix_path/ur_moveit_cpp
[0.518s] -- Up-to-date: /root/ros_ws/install/ur_moveit_cpp/share/ur_moveit_cpp/environment/ament_prefix_path.sh
[0.518s] -- Up-to-date: /root/ros_ws/install/ur_moveit_cpp/share/ur_moveit_cpp/environment/ament_prefix_path.dsv
[0.518s] -- Up-to-date: /root/ros_ws/install/ur_moveit_cpp/share/ur_moveit_cpp/environment/path.sh
[0.518s] -- Up-to-date: /root/ros_ws/install/ur_moveit_cpp/share/ur_moveit_cpp/environment/path.dsv
[0.518s] -- Up-to-date: /root/ros_ws/install/ur_moveit_cpp/share/ur_moveit_cpp/local_setup.bash
[0.518s] -- Up-to-date: /root/ros_ws/install/ur_moveit_cpp/share/ur_moveit_cpp/local_setup.sh
[0.518s] -- Up-to-date: /root/ros_ws/install/ur_moveit_cpp/share/ur_moveit_cpp/local_setup.zsh
[0.518s] -- Up-to-date: /root/ros_ws/install/ur_moveit_cpp/share/ur_moveit_cpp/local_setup.dsv
[0.518s] -- Installing: /root/ros_ws/install/ur_moveit_cpp/share/ur_moveit_cpp/package.dsv
[0.518s] -- Up-to-date: /root/ros_ws/install/ur_moveit_cpp/share/ament_index/resource_index/packages/ur_moveit_cpp
[0.519s] -- Up-to-date: /root/ros_ws/install/ur_moveit_cpp/share/ur_moveit_cpp/cmake/ur_moveit_cppConfig.cmake
[0.519s] -- Up-to-date: /root/ros_ws/install/ur_moveit_cpp/share/ur_moveit_cpp/cmake/ur_moveit_cppConfig-version.cmake
[0.519s] -- Up-to-date: /root/ros_ws/install/ur_moveit_cpp/share/ur_moveit_cpp/package.xml
[0.526s] Invoked command in '/root/ros_ws/build/ur_moveit_cpp' returned '0': CMAKE_PREFIX_PATH=${CMAKE_PREFIX_PATH}:/opt/ros/jazzy /usr/bin/cmake --install /root/ros_ws/build/ur_moveit_cpp
