[0.511s] Invoking command in '/root/ros_ws/build/robotiq_controllers': CMAKE_PREFIX_PATH=${CMAKE_PREFIX_PATH}:/root/ros_ws/install/universal_robots_ur10e:/root/ros_ws/install/simple_moveit_app:/root/ros_ws/install/panda_moveit_python:/opt/ros/jazzy DEBUGINFOD_URLS=https://debuginfod.ubuntu.com /usr/bin/cmake --build /root/ros_ws/build/robotiq_controllers -- -j20 -l20
[1.278s] [100%] Built target robotiq_controllers
[1.299s] Invoked command in '/root/ros_ws/build/robotiq_controllers' returned '0': CMAKE_PREFIX_PATH=${CMAKE_PREFIX_PATH}:/root/ros_ws/install/universal_robots_ur10e:/root/ros_ws/install/simple_moveit_app:/root/ros_ws/install/panda_moveit_python:/opt/ros/jazzy DEBUGINFOD_URLS=https://debuginfod.ubuntu.com /usr/bin/cmake --build /root/ros_ws/build/robotiq_controllers -- -j20 -l20
[1.300s] Invoking command in '/root/ros_ws/build/robotiq_controllers': CMAKE_PREFIX_PATH=${CMAKE_PREFIX_PATH}:/root/ros_ws/install/universal_robots_ur10e:/root/ros_ws/install/simple_moveit_app:/root/ros_ws/install/panda_moveit_python:/opt/ros/jazzy DEBUGINFOD_URLS=https://debuginfod.ubuntu.com /usr/bin/cmake --install /root/ros_ws/build/robotiq_controllers
[1.601s] -- Install configuration: ""
[1.601s] -- Up-to-date: /root/ros_ws/install/robotiq_controllers/share/robotiq_controllers/controller_plugins.xml
[1.601s] -- Up-to-date: /root/ros_ws/install/robotiq_controllers/lib/librobotiq_controllers.so
[1.608s] -- Up-to-date: /root/ros_ws/install/robotiq_controllers/include
[1.609s] -- Up-to-date: /root/ros_ws/install/robotiq_controllers/include/robotiq_controllers
[1.609s] -- Up-to-date: /root/ros_ws/install/robotiq_controllers/include/robotiq_controllers/robotiq_activation_controller.hpp
[1.628s] -- Up-to-date: /root/ros_ws/install/robotiq_controllers/share/robotiq_controllers/environment/library_path.sh
[1.628s] -- Up-to-date: /root/ros_ws/install/robotiq_controllers/share/robotiq_controllers/environment/library_path.dsv
[1.628s] -- Up-to-date: /root/ros_ws/install/robotiq_controllers/share/ament_index/resource_index/package_run_dependencies/robotiq_controllers
[1.628s] -- Up-to-date: /root/ros_ws/install/robotiq_controllers/share/ament_index/resource_index/parent_prefix_path/robotiq_controllers
[1.629s] -- Up-to-date: /root/ros_ws/install/robotiq_controllers/share/robotiq_controllers/environment/ament_prefix_path.sh
[1.629s] -- Up-to-date: /root/ros_ws/install/robotiq_controllers/share/robotiq_controllers/environment/ament_prefix_path.dsv
[1.629s] -- Up-to-date: /root/ros_ws/install/robotiq_controllers/share/robotiq_controllers/environment/path.sh
[1.629s] -- Up-to-date: /root/ros_ws/install/robotiq_controllers/share/robotiq_controllers/environment/path.dsv
[1.629s] -- Up-to-date: /root/ros_ws/install/robotiq_controllers/share/robotiq_controllers/local_setup.bash
[1.629s] -- Up-to-date: /root/ros_ws/install/robotiq_controllers/share/robotiq_controllers/local_setup.sh
[1.630s] -- Up-to-date: /root/ros_ws/install/robotiq_controllers/share/robotiq_controllers/local_setup.zsh
[1.633s] -- Up-to-date: /root/ros_ws/install/robotiq_controllers/share/robotiq_controllers/local_setup.dsv
[1.646s] -- Installing: /root/ros_ws/install/robotiq_controllers/share/robotiq_controllers/package.dsv
[1.647s] -- Up-to-date: /root/ros_ws/install/robotiq_controllers/share/ament_index/resource_index/packages/robotiq_controllers
[1.647s] -- Up-to-date: /root/ros_ws/install/robotiq_controllers/share/ament_index/resource_index/controller_interface__pluginlib__plugin/robotiq_controllers
[1.653s] -- Up-to-date: /root/ros_ws/install/robotiq_controllers/share/robotiq_controllers/cmake/export_robotiq_controllersExport.cmake
[1.653s] -- Up-to-date: /root/ros_ws/install/robotiq_controllers/share/robotiq_controllers/cmake/export_robotiq_controllersExport-noconfig.cmake
[1.654s] -- Up-to-date: /root/ros_ws/install/robotiq_controllers/share/robotiq_controllers/cmake/ament_cmake_export_include_directories-extras.cmake
[1.661s] -- Up-to-date: /root/ros_ws/install/robotiq_controllers/share/robotiq_controllers/cmake/ament_cmake_export_libraries-extras.cmake
[1.661s] -- Up-to-date: /root/ros_ws/install/robotiq_controllers/share/robotiq_controllers/cmake/ament_cmake_export_targets-extras.cmake
[1.666s] -- Up-to-date: /root/ros_ws/install/robotiq_controllers/share/robotiq_controllers/cmake/ament_cmake_export_dependencies-extras.cmake
[1.667s] -- Up-to-date: /root/ros_ws/install/robotiq_controllers/share/robotiq_controllers/cmake/robotiq_controllersConfig.cmake
[1.667s] -- Up-to-date: /root/ros_ws/install/robotiq_controllers/share/robotiq_controllers/cmake/robotiq_controllersConfig-version.cmake
[1.667s] -- Up-to-date: /root/ros_ws/install/robotiq_controllers/share/robotiq_controllers/package.xml
[1.805s] Invoked command in '/root/ros_ws/build/robotiq_controllers' returned '0': CMAKE_PREFIX_PATH=${CMAKE_PREFIX_PATH}:/root/ros_ws/install/universal_robots_ur10e:/root/ros_ws/install/simple_moveit_app:/root/ros_ws/install/panda_moveit_python:/opt/ros/jazzy DEBUGINFOD_URLS=https://debuginfod.ubuntu.com /usr/bin/cmake --install /root/ros_ws/build/robotiq_controllers
