[0.124s] Invoking command in '/root/ros_ws/build/rviz_marker_tools': CMAKE_PREFIX_PATH=${CMAKE_PREFIX_PATH}:/root/ros_ws/install/universal_robots_ur10e:/root/ros_ws/install/simple_moveit_app:/root/ros_ws/install/panda_moveit_python:/opt/ros/jazzy DEBUGINFOD_URLS=https://debuginfod.ubuntu.com /usr/bin/cmake --build /root/ros_ws/build/rviz_marker_tools -- -j20 -l20
[1.349s] [100%] Built target rviz_marker_tools
[1.364s] Invoked command in '/root/ros_ws/build/rviz_marker_tools' returned '0': CMAKE_PREFIX_PATH=${CMAKE_PREFIX_PATH}:/root/ros_ws/install/universal_robots_ur10e:/root/ros_ws/install/simple_moveit_app:/root/ros_ws/install/panda_moveit_python:/opt/ros/jazzy DEBUGINFOD_URLS=https://debuginfod.ubuntu.com /usr/bin/cmake --build /root/ros_ws/build/rviz_marker_tools -- -j20 -l20
[1.365s] Invoking command in '/root/ros_ws/build/rviz_marker_tools': CMAKE_PREFIX_PATH=${CMAKE_PREFIX_PATH}:/root/ros_ws/install/universal_robots_ur10e:/root/ros_ws/install/simple_moveit_app:/root/ros_ws/install/panda_moveit_python:/opt/ros/jazzy DEBUGINFOD_URLS=https://debuginfod.ubuntu.com /usr/bin/cmake --install /root/ros_ws/build/rviz_marker_tools
[1.432s] -- Install configuration: "Release"
[1.432s] -- Up-to-date: /root/ros_ws/install/rviz_marker_tools/include
[1.433s] -- Up-to-date: /root/ros_ws/install/rviz_marker_tools/include/rviz_marker_tools
[1.433s] -- Up-to-date: /root/ros_ws/install/rviz_marker_tools/include/rviz_marker_tools/marker_creation.h
[1.434s] -- Up-to-date: /root/ros_ws/install/rviz_marker_tools/lib/librviz_marker_tools.so
[1.434s] -- Up-to-date: /root/ros_ws/install/rviz_marker_tools/share/rviz_marker_tools/environment/library_path.sh
[1.434s] -- Up-to-date: /root/ros_ws/install/rviz_marker_tools/share/rviz_marker_tools/environment/library_path.dsv
[1.434s] -- Up-to-date: /root/ros_ws/install/rviz_marker_tools/share/ament_index/resource_index/package_run_dependencies/rviz_marker_tools
[1.435s] -- Up-to-date: /root/ros_ws/install/rviz_marker_tools/share/ament_index/resource_index/parent_prefix_path/rviz_marker_tools
[1.435s] -- Up-to-date: /root/ros_ws/install/rviz_marker_tools/share/rviz_marker_tools/environment/ament_prefix_path.sh
[1.435s] -- Up-to-date: /root/ros_ws/install/rviz_marker_tools/share/rviz_marker_tools/environment/ament_prefix_path.dsv
[1.436s] -- Up-to-date: /root/ros_ws/install/rviz_marker_tools/share/rviz_marker_tools/environment/path.sh
[1.436s] -- Up-to-date: /root/ros_ws/install/rviz_marker_tools/share/rviz_marker_tools/environment/path.dsv
[1.436s] -- Up-to-date: /root/ros_ws/install/rviz_marker_tools/share/rviz_marker_tools/local_setup.bash
[1.436s] -- Up-to-date: /root/ros_ws/install/rviz_marker_tools/share/rviz_marker_tools/local_setup.sh
[1.436s] -- Up-to-date: /root/ros_ws/install/rviz_marker_tools/share/rviz_marker_tools/local_setup.zsh
[1.437s] -- Up-to-date: /root/ros_ws/install/rviz_marker_tools/share/rviz_marker_tools/local_setup.dsv
[1.437s] -- Installing: /root/ros_ws/install/rviz_marker_tools/share/rviz_marker_tools/package.dsv
[1.438s] -- Up-to-date: /root/ros_ws/install/rviz_marker_tools/share/ament_index/resource_index/packages/rviz_marker_tools
[1.438s] -- Up-to-date: /root/ros_ws/install/rviz_marker_tools/share/rviz_marker_tools/cmake/rviz_marker_toolsTargetsExport.cmake
[1.439s] -- Up-to-date: /root/ros_ws/install/rviz_marker_tools/share/rviz_marker_tools/cmake/rviz_marker_toolsTargetsExport-release.cmake
[1.440s] -- Up-to-date: /root/ros_ws/install/rviz_marker_tools/share/rviz_marker_tools/cmake/ament_cmake_export_targets-extras.cmake
[1.440s] -- Up-to-date: /root/ros_ws/install/rviz_marker_tools/share/rviz_marker_tools/cmake/ament_cmake_export_dependencies-extras.cmake
[1.441s] -- Up-to-date: /root/ros_ws/install/rviz_marker_tools/share/rviz_marker_tools/cmake/rviz_marker_toolsConfig.cmake
[1.442s] -- Up-to-date: /root/ros_ws/install/rviz_marker_tools/share/rviz_marker_tools/cmake/rviz_marker_toolsConfig-version.cmake
[1.442s] -- Up-to-date: /root/ros_ws/install/rviz_marker_tools/share/rviz_marker_tools/package.xml
[1.830s] Invoked command in '/root/ros_ws/build/rviz_marker_tools' returned '0': CMAKE_PREFIX_PATH=${CMAKE_PREFIX_PATH}:/root/ros_ws/install/universal_robots_ur10e:/root/ros_ws/install/simple_moveit_app:/root/ros_ws/install/panda_moveit_python:/opt/ros/jazzy DEBUGINFOD_URLS=https://debuginfod.ubuntu.com /usr/bin/cmake --install /root/ros_ws/build/rviz_marker_tools
