[0.645s] Invoking command in '/root/ros_ws/build/robotiq_controllers': CMAKE_PREFIX_PATH=${CMAKE_PREFIX_PATH}:/root/ros_ws/install/universal_robots_ur10e:/root/ros_ws/install/simple_moveit_app:/root/ros_ws/install/panda_moveit_python:/opt/ros/jazzy DEBUGINFOD_URLS=https://debuginfod.ubuntu.com /usr/bin/cmake --build /root/ros_ws/build/robotiq_controllers -- -j20 -l20
[1.432s] [100%] Built target robotiq_controllers
[1.454s] Invoked command in '/root/ros_ws/build/robotiq_controllers' returned '0': CMAKE_PREFIX_PATH=${CMAKE_PREFIX_PATH}:/root/ros_ws/install/universal_robots_ur10e:/root/ros_ws/install/simple_moveit_app:/root/ros_ws/install/panda_moveit_python:/opt/ros/jazzy DEBUGINFOD_URLS=https://debuginfod.ubuntu.com /usr/bin/cmake --build /root/ros_ws/build/robotiq_controllers -- -j20 -l20
[1.456s] Invoking command in '/root/ros_ws/build/robotiq_controllers': CMAKE_PREFIX_PATH=${CMAKE_PREFIX_PATH}:/root/ros_ws/install/universal_robots_ur10e:/root/ros_ws/install/simple_moveit_app:/root/ros_ws/install/panda_moveit_python:/opt/ros/jazzy DEBUGINFOD_URLS=https://debuginfod.ubuntu.com /usr/bin/cmake --install /root/ros_ws/build/robotiq_controllers
[1.701s] -- Install configuration: ""
[1.706s] -- Up-to-date: /root/ros_ws/install/robotiq_controllers/share/robotiq_controllers/controller_plugins.xml
[1.707s] -- Up-to-date: /root/ros_ws/install/robotiq_controllers/lib/librobotiq_controllers.so
[1.730s] -- Up-to-date: /root/ros_ws/install/robotiq_controllers/include
[1.730s] -- Up-to-date: /root/ros_ws/install/robotiq_controllers/include/robotiq_controllers
[1.730s] -- Up-to-date: /root/ros_ws/install/robotiq_controllers/include/robotiq_controllers/robotiq_activation_controller.hpp
[1.730s] -- Up-to-date: /root/ros_ws/install/robotiq_controllers/share/robotiq_controllers/environment/library_path.sh
[1.730s] -- Up-to-date: /root/ros_ws/install/robotiq_controllers/share/robotiq_controllers/environment/library_path.dsv
[1.730s] -- Up-to-date: /root/ros_ws/install/robotiq_controllers/share/ament_index/resource_index/package_run_dependencies/robotiq_controllers
[1.730s] -- Up-to-date: /root/ros_ws/install/robotiq_controllers/share/ament_index/resource_index/parent_prefix_path/robotiq_controllers
[1.731s] -- Up-to-date: /root/ros_ws/install/robotiq_controllers/share/robotiq_controllers/environment/ament_prefix_path.sh
[1.731s] -- Up-to-date: /root/ros_ws/install/robotiq_controllers/share/robotiq_controllers/environment/ament_prefix_path.dsv
[1.735s] -- Up-to-date: /root/ros_ws/install/robotiq_controllers/share/robotiq_controllers/environment/path.sh
[1.735s] -- Up-to-date: /root/ros_ws/install/robotiq_controllers/share/robotiq_controllers/environment/path.dsv
[1.736s] -- Up-to-date: /root/ros_ws/install/robotiq_controllers/share/robotiq_controllers/local_setup.bash
[1.736s] -- Up-to-date: /root/ros_ws/install/robotiq_controllers/share/robotiq_controllers/local_setup.sh
[1.737s] -- Up-to-date: /root/ros_ws/install/robotiq_controllers/share/robotiq_controllers/local_setup.zsh
[1.737s] -- Up-to-date: /root/ros_ws/install/robotiq_controllers/share/robotiq_controllers/local_setup.dsv
[1.742s] -- Installing: /root/ros_ws/install/robotiq_controllers/share/robotiq_controllers/package.dsv
[1.742s] -- Up-to-date: /root/ros_ws/install/robotiq_controllers/share/ament_index/resource_index/packages/robotiq_controllers
[1.742s] -- Up-to-date: /root/ros_ws/install/robotiq_controllers/share/ament_index/resource_index/controller_interface__pluginlib__plugin/robotiq_controllers
[1.744s] -- Up-to-date: /root/ros_ws/install/robotiq_controllers/share/robotiq_controllers/cmake/export_robotiq_controllersExport.cmake
[1.746s] -- Up-to-date: /root/ros_ws/install/robotiq_controllers/share/robotiq_controllers/cmake/export_robotiq_controllersExport-noconfig.cmake
[1.746s] -- Up-to-date: /root/ros_ws/install/robotiq_controllers/share/robotiq_controllers/cmake/ament_cmake_export_include_directories-extras.cmake
[1.746s] -- Up-to-date: /root/ros_ws/install/robotiq_controllers/share/robotiq_controllers/cmake/ament_cmake_export_libraries-extras.cmake
[1.746s] -- Up-to-date: /root/ros_ws/install/robotiq_controllers/share/robotiq_controllers/cmake/ament_cmake_export_targets-extras.cmake
[1.747s] -- Up-to-date: /root/ros_ws/install/robotiq_controllers/share/robotiq_controllers/cmake/ament_cmake_export_dependencies-extras.cmake
[1.747s] -- Up-to-date: /root/ros_ws/install/robotiq_controllers/share/robotiq_controllers/cmake/robotiq_controllersConfig.cmake
[1.747s] -- Up-to-date: /root/ros_ws/install/robotiq_controllers/share/robotiq_controllers/cmake/robotiq_controllersConfig-version.cmake
[1.748s] -- Up-to-date: /root/ros_ws/install/robotiq_controllers/share/robotiq_controllers/package.xml
[1.919s] Invoked command in '/root/ros_ws/build/robotiq_controllers' returned '0': CMAKE_PREFIX_PATH=${CMAKE_PREFIX_PATH}:/root/ros_ws/install/universal_robots_ur10e:/root/ros_ws/install/simple_moveit_app:/root/ros_ws/install/panda_moveit_python:/opt/ros/jazzy DEBUGINFOD_URLS=https://debuginfod.ubuntu.com /usr/bin/cmake --install /root/ros_ws/build/robotiq_controllers
