[0.122s] Invoking command in '/root/ros_ws/build/serial': CMAKE_PREFIX_PATH=${CMAKE_PREFIX_PATH}:/root/ros_ws/install/universal_robots_ur10e:/root/ros_ws/install/simple_moveit_app:/root/ros_ws/install/panda_moveit_python:/opt/ros/jazzy DEBUGINFOD_URLS=https://debuginfod.ubuntu.com /usr/bin/cmake --build /root/ros_ws/build/serial -- -j20 -l20
[1.350s] [100%] Built target serial
[1.365s] Invoked command in '/root/ros_ws/build/serial' returned '0': CMAKE_PREFIX_PATH=${CMAKE_PREFIX_PATH}:/root/ros_ws/install/universal_robots_ur10e:/root/ros_ws/install/simple_moveit_app:/root/ros_ws/install/panda_moveit_python:/opt/ros/jazzy DEBUGINFOD_URLS=https://debuginfod.ubuntu.com /usr/bin/cmake --build /root/ros_ws/build/serial -- -j20 -l20
[1.367s] Invoking command in '/root/ros_ws/build/serial': CMAKE_PREFIX_PATH=${CMAKE_PREFIX_PATH}:/root/ros_ws/install/universal_robots_ur10e:/root/ros_ws/install/simple_moveit_app:/root/ros_ws/install/panda_moveit_python:/opt/ros/jazzy DEBUGINFOD_URLS=https://debuginfod.ubuntu.com /usr/bin/cmake --install /root/ros_ws/build/serial
[1.486s] -- Install configuration: ""
[1.486s] -- Up-to-date: /root/ros_ws/install/serial/lib/libserial.a
[1.487s] -- Up-to-date: /root/ros_ws/install/serial/include
[1.487s] -- Up-to-date: /root/ros_ws/install/serial/include/serial
[1.488s] -- Up-to-date: /root/ros_ws/install/serial/include/serial/impl
[1.489s] -- Up-to-date: /root/ros_ws/install/serial/include/serial/impl/unix.h
[1.489s] -- Up-to-date: /root/ros_ws/install/serial/include/serial/impl/win.h
[1.490s] -- Up-to-date: /root/ros_ws/install/serial/include/serial/serial.h
[1.490s] -- Up-to-date: /root/ros_ws/install/serial/include/serial/v8stdint.h
[1.491s] -- Up-to-date: /root/ros_ws/install/serial/share/serial/environment/library_path.sh
[1.491s] -- Up-to-date: /root/ros_ws/install/serial/share/serial/environment/library_path.dsv
[1.491s] -- Up-to-date: /root/ros_ws/install/serial/share/ament_index/resource_index/package_run_dependencies/serial
[1.492s] -- Up-to-date: /root/ros_ws/install/serial/share/ament_index/resource_index/parent_prefix_path/serial
[1.492s] -- Up-to-date: /root/ros_ws/install/serial/share/serial/environment/ament_prefix_path.sh
[1.492s] -- Up-to-date: /root/ros_ws/install/serial/share/serial/environment/ament_prefix_path.dsv
[1.492s] -- Up-to-date: /root/ros_ws/install/serial/share/serial/environment/path.sh
[1.493s] -- Up-to-date: /root/ros_ws/install/serial/share/serial/environment/path.dsv
[1.493s] -- Up-to-date: /root/ros_ws/install/serial/share/serial/local_setup.bash
[1.494s] -- Up-to-date: /root/ros_ws/install/serial/share/serial/local_setup.sh
[1.494s] -- Up-to-date: /root/ros_ws/install/serial/share/serial/local_setup.zsh
[1.495s] -- Up-to-date: /root/ros_ws/install/serial/share/serial/local_setup.dsv
[1.495s] -- Installing: /root/ros_ws/install/serial/share/serial/package.dsv
[1.496s] -- Up-to-date: /root/ros_ws/install/serial/share/ament_index/resource_index/packages/serial
[1.496s] -- Up-to-date: /root/ros_ws/install/serial/share/serial/cmake/export_serialExport.cmake
[1.497s] -- Up-to-date: /root/ros_ws/install/serial/share/serial/cmake/export_serialExport-noconfig.cmake
[1.498s] -- Up-to-date: /root/ros_ws/install/serial/share/serial/cmake/ament_cmake_export_include_directories-extras.cmake
[1.499s] -- Up-to-date: /root/ros_ws/install/serial/share/serial/cmake/ament_cmake_export_libraries-extras.cmake
[1.499s] -- Up-to-date: /root/ros_ws/install/serial/share/serial/cmake/ament_cmake_export_targets-extras.cmake
[1.500s] -- Up-to-date: /root/ros_ws/install/serial/share/serial/cmake/serialConfig.cmake
[1.501s] -- Up-to-date: /root/ros_ws/install/serial/share/serial/cmake/serialConfig-version.cmake
[1.501s] -- Up-to-date: /root/ros_ws/install/serial/share/serial/package.xml
[1.973s] Invoked command in '/root/ros_ws/build/serial' returned '0': CMAKE_PREFIX_PATH=${CMAKE_PREFIX_PATH}:/root/ros_ws/install/universal_robots_ur10e:/root/ros_ws/install/simple_moveit_app:/root/ros_ws/install/panda_moveit_python:/opt/ros/jazzy DEBUGINFOD_URLS=https://debuginfod.ubuntu.com /usr/bin/cmake --install /root/ros_ws/build/serial
