[0.127s] Invoking command in '/root/ros_ws/build/moveit_task_constructor_core': CMAKE_PREFIX_PATH=/root/ros_ws/install/moveit_resources_fanuc_moveit_config:/root/ros_ws/install/rviz_marker_tools:/root/ros_ws/install/moveit_task_constructor_msgs:/root/ros_ws/install/moveit_resources_fanuc_description:/root/ros_ws/install/moveit_resources_panda_camera_moveit_config:/root/ros_ws/install/moveit_resources_panda_camera_description:/root/ros_ws/install/zivid_samples:/root/ros_ws/install/zivid_rviz_plugin:/root/ros_ws/install/zivid_camera:/root/ros_ws/install/zivid_interfaces:/root/ros_ws/install/ur_moveit_cpp:/root/ros_ws/install/robotiq_hardware_tests:/root/ros_ws/install/robotiq_driver:/root/ros_ws/install/serial:/root/ros_ws/install/moveit_task_constructor_visualization:/root/ros_ws/install/moveit_task_constructor_demo:/root/ros_ws/install/moveit_task_constructor_capabilities:/root/ros_ws/install/moveit2_tutorials:/root/ros_ws/install/moveit_task_constructor_core:/root/ros_ws/install/robotiq_description:/root/ros_ws/install/robotiq_controllers:/root/ros_ws/install/panda_moveit_cpp:/root/ros_ws/install/moveit_resources:/root/ros_ws/install/moveit_resources_pr2_description:/root/ros_ws/install/moveit_resources_panda_moveit_config:/root/ros_ws/install/dual_arm_panda_moveit_config:/root/ros_ws/install/moveit_resources_panda_description:/root/ros_ws/install/cable_detection_picking:/opt/ros/jazzy/opt/gz_sim_vendor:/opt/ros/jazzy/opt/gz_sensors_vendor:/opt/ros/jazzy/opt/gz_physics_vendor:/opt/ros/jazzy/opt/sdformat_vendor:/opt/ros/jazzy/opt/gz_gui_vendor:/opt/ros/jazzy/opt/gz_transport_vendor:/opt/ros/jazzy/opt/gz_rendering_vendor:/opt/ros/jazzy/opt/gz_plugin_vendor:/opt/ros/jazzy/opt/gz_fuel_tools_vendor:/opt/ros/jazzy/opt/gz_msgs_vendor:/opt/ros/jazzy/opt/gz_common_vendor:/opt/ros/jazzy/opt/gz_math_vendor:/opt/ros/jazzy/opt/gz_utils_vendor:/opt/ros/jazzy/opt/gz_tools_vendor:/opt/ros/jazzy/opt/gz_ogre_next_vendor:/opt/ros/jazzy/opt/gz_dartsim_vendor:/opt/ros/jazzy/opt/gz_cmake_vendor:/root/ros_ws/install/universal_robots_ur10e:/root/ros_ws/install/simple_moveit_app:/root/ros_ws/install/panda_moveit_python:/opt/ros/jazzy DEBUGINFOD_URLS=https://debuginfod.ubuntu.com LD_LIBRARY_PATH=/root/ros_ws/install/rviz_marker_tools/lib:/root/ros_ws/install/moveit_task_constructor_msgs/lib:/root/ros_ws/install/zivid_rviz_plugin/lib:/root/ros_ws/install/zivid_camera/lib:/root/ros_ws/install/zivid_interfaces/lib:/root/ros_ws/install/robotiq_driver/lib:/root/ros_ws/install/serial/lib:/root/ros_ws/install/moveit_task_constructor_visualization/lib:/root/ros_ws/install/moveit_task_constructor_demo/lib:/root/ros_ws/install/moveit_task_constructor_capabilities/lib:/root/ros_ws/install/moveit_task_constructor_core/lib:/root/ros_ws/install/robotiq_controllers/lib:/root/ros_ws/install/cable_detection_picking/lib:/opt/ros/jazzy/opt/gz_sim_vendor/lib:/opt/ros/jazzy/opt/gz_sensors_vendor/lib:/opt/ros/jazzy/opt/gz_physics_vendor/lib:/opt/ros/jazzy/opt/sdformat_vendor/lib:/opt/ros/jazzy/opt/rviz_ogre_vendor/lib:/opt/ros/jazzy/lib/x86_64-linux-gnu:/opt/ros/jazzy/opt/gz_gui_vendor/lib:/opt/ros/jazzy/opt/gz_transport_vendor/lib:/opt/ros/jazzy/opt/gz_rendering_vendor/lib:/opt/ros/jazzy/opt/gz_plugin_vendor/lib:/opt/ros/jazzy/opt/gz_fuel_tools_vendor/lib:/opt/ros/jazzy/opt/gz_msgs_vendor/lib:/opt/ros/jazzy/opt/gz_common_vendor/lib:/opt/ros/jazzy/opt/gz_math_vendor/lib:/opt/ros/jazzy/opt/gz_utils_vendor/lib:/opt/ros/jazzy/opt/gz_tools_vendor/lib:/opt/ros/jazzy/opt/gz_ogre_next_vendor/lib:/opt/ros/jazzy/opt/gz_dartsim_vendor/lib:/opt/ros/jazzy/opt/gz_cmake_vendor/lib:/opt/ros/jazzy/lib PYTHONPATH=/root/ros_ws/install/moveit_task_constructor_msgs/lib/python3.12/site-packages:/root/ros_ws/install/zivid_interfaces/lib/python3.12/site-packages:/root/ros_ws/install/universal_robots_ur10e/lib/python3.12/site-packages:/root/ros_ws/install/simple_moveit_app/lib/python3.12/site-packages:/root/ros_ws/install/moveit_task_constructor_core/lib/python3.12/site-packages:/root/ros_ws/install/panda_moveit_python/lib/python3.12/site-packages:/root/ros_ws/install/cable_detection_picking/lib/python3.12/site-packages:/opt/ros/jazzy/lib/python3.12/site-packages /usr/bin/cmake --build /root/ros_ws/build/moveit_task_constructor_core -- -j20 -l20
[0.216s] [  4%] Built target gtest_main
[0.218s] [  4%] Built target gtest
[0.218s] [  8%] Built target gmock
[0.221s] [ 10%] Built target gmock_main
[0.228s] [ 10%] Built target ament_cmake_python_copy_moveit
[0.287s] [ 28%] Built target moveit_task_constructor_core
[0.340s] [ 33%] Built target gtest_utils
[0.381s] [ 54%] Built target moveit_task_constructor_core_stages
[0.497s] [ 57%] Built target moveit_task_constructor_core-test-properties
[0.497s] [ 58%] Built target moveit_task_constructor_core-test-serial
[0.501s] [ 60%] Built target moveit_task_constructor_core_stage_plugins
[0.516s] [ 63%] Built target moveit_task_constructor_core-test-container
[0.519s] [ 65%] Built target moveit_task_constructor_core-test-cost-terms
[0.524s] [ 67%] Built target moveit_task_constructor_core-test-fallback
[0.534s] [ 70%] Built target moveit_task_constructor_core-test-cost-queue
[0.535s] [ 72%] Built target moveit_task_constructor_core-test-mockups
[0.535s] [ 74%] Built target moveit_task_constructor_core-test-stage
[0.538s] [ 77%] Built target moveit_task_constructor_core-test-pruning
[0.539s] [ 79%] Built target moveit_task_constructor_core-test-interface-state
[0.541s] [ 81%] Built target pick_ur5
[0.542s] [ 83%] Built target moveit_task_constructor_core-test-move-relative
[0.543s] [ 88%] Built target moveit_task_constructor_core-test-pipeline-planner
[0.543s] [ 88%] Built target moveit_task_constructor_core-test-move-to
[0.548s] [ 94%] Built target pick_pr2
[0.548s] [ 97%] Built target pymoveit_mtc
[0.548s] [100%] Built target pick_pa10
[0.711s] running egg_info
[0.755s] writing moveit.egg-info/PKG-INFO
[0.755s] writing dependency_links to moveit.egg-info/dependency_links.txt
[0.756s] writing top-level names to moveit.egg-info/top_level.txt
[0.887s] reading manifest file 'moveit.egg-info/SOURCES.txt'
[0.887s] writing manifest file 'moveit.egg-info/SOURCES.txt'
[0.923s] [100%] Built target ament_cmake_python_build_moveit_egg
[0.941s] Invoked command in '/root/ros_ws/build/moveit_task_constructor_core' returned '0': CMAKE_PREFIX_PATH=/root/ros_ws/install/moveit_resources_fanuc_moveit_config:/root/ros_ws/install/rviz_marker_tools:/root/ros_ws/install/moveit_task_constructor_msgs:/root/ros_ws/install/moveit_resources_fanuc_description:/root/ros_ws/install/moveit_resources_panda_camera_moveit_config:/root/ros_ws/install/moveit_resources_panda_camera_description:/root/ros_ws/install/zivid_samples:/root/ros_ws/install/zivid_rviz_plugin:/root/ros_ws/install/zivid_camera:/root/ros_ws/install/zivid_interfaces:/root/ros_ws/install/ur_moveit_cpp:/root/ros_ws/install/robotiq_hardware_tests:/root/ros_ws/install/robotiq_driver:/root/ros_ws/install/serial:/root/ros_ws/install/moveit_task_constructor_visualization:/root/ros_ws/install/moveit_task_constructor_demo:/root/ros_ws/install/moveit_task_constructor_capabilities:/root/ros_ws/install/moveit2_tutorials:/root/ros_ws/install/moveit_task_constructor_core:/root/ros_ws/install/robotiq_description:/root/ros_ws/install/robotiq_controllers:/root/ros_ws/install/panda_moveit_cpp:/root/ros_ws/install/moveit_resources:/root/ros_ws/install/moveit_resources_pr2_description:/root/ros_ws/install/moveit_resources_panda_moveit_config:/root/ros_ws/install/dual_arm_panda_moveit_config:/root/ros_ws/install/moveit_resources_panda_description:/root/ros_ws/install/cable_detection_picking:/opt/ros/jazzy/opt/gz_sim_vendor:/opt/ros/jazzy/opt/gz_sensors_vendor:/opt/ros/jazzy/opt/gz_physics_vendor:/opt/ros/jazzy/opt/sdformat_vendor:/opt/ros/jazzy/opt/gz_gui_vendor:/opt/ros/jazzy/opt/gz_transport_vendor:/opt/ros/jazzy/opt/gz_rendering_vendor:/opt/ros/jazzy/opt/gz_plugin_vendor:/opt/ros/jazzy/opt/gz_fuel_tools_vendor:/opt/ros/jazzy/opt/gz_msgs_vendor:/opt/ros/jazzy/opt/gz_common_vendor:/opt/ros/jazzy/opt/gz_math_vendor:/opt/ros/jazzy/opt/gz_utils_vendor:/opt/ros/jazzy/opt/gz_tools_vendor:/opt/ros/jazzy/opt/gz_ogre_next_vendor:/opt/ros/jazzy/opt/gz_dartsim_vendor:/opt/ros/jazzy/opt/gz_cmake_vendor:/root/ros_ws/install/universal_robots_ur10e:/root/ros_ws/install/simple_moveit_app:/root/ros_ws/install/panda_moveit_python:/opt/ros/jazzy DEBUGINFOD_URLS=https://debuginfod.ubuntu.com LD_LIBRARY_PATH=/root/ros_ws/install/rviz_marker_tools/lib:/root/ros_ws/install/moveit_task_constructor_msgs/lib:/root/ros_ws/install/zivid_rviz_plugin/lib:/root/ros_ws/install/zivid_camera/lib:/root/ros_ws/install/zivid_interfaces/lib:/root/ros_ws/install/robotiq_driver/lib:/root/ros_ws/install/serial/lib:/root/ros_ws/install/moveit_task_constructor_visualization/lib:/root/ros_ws/install/moveit_task_constructor_demo/lib:/root/ros_ws/install/moveit_task_constructor_capabilities/lib:/root/ros_ws/install/moveit_task_constructor_core/lib:/root/ros_ws/install/robotiq_controllers/lib:/root/ros_ws/install/cable_detection_picking/lib:/opt/ros/jazzy/opt/gz_sim_vendor/lib:/opt/ros/jazzy/opt/gz_sensors_vendor/lib:/opt/ros/jazzy/opt/gz_physics_vendor/lib:/opt/ros/jazzy/opt/sdformat_vendor/lib:/opt/ros/jazzy/opt/rviz_ogre_vendor/lib:/opt/ros/jazzy/lib/x86_64-linux-gnu:/opt/ros/jazzy/opt/gz_gui_vendor/lib:/opt/ros/jazzy/opt/gz_transport_vendor/lib:/opt/ros/jazzy/opt/gz_rendering_vendor/lib:/opt/ros/jazzy/opt/gz_plugin_vendor/lib:/opt/ros/jazzy/opt/gz_fuel_tools_vendor/lib:/opt/ros/jazzy/opt/gz_msgs_vendor/lib:/opt/ros/jazzy/opt/gz_common_vendor/lib:/opt/ros/jazzy/opt/gz_math_vendor/lib:/opt/ros/jazzy/opt/gz_utils_vendor/lib:/opt/ros/jazzy/opt/gz_tools_vendor/lib:/opt/ros/jazzy/opt/gz_ogre_next_vendor/lib:/opt/ros/jazzy/opt/gz_dartsim_vendor/lib:/opt/ros/jazzy/opt/gz_cmake_vendor/lib:/opt/ros/jazzy/lib PYTHONPATH=/root/ros_ws/install/moveit_task_constructor_msgs/lib/python3.12/site-packages:/root/ros_ws/install/zivid_interfaces/lib/python3.12/site-packages:/root/ros_ws/install/universal_robots_ur10e/lib/python3.12/site-packages:/root/ros_ws/install/simple_moveit_app/lib/python3.12/site-packages:/root/ros_ws/install/moveit_task_constructor_core/lib/python3.12/site-packages:/root/ros_ws/install/panda_moveit_python/lib/python3.12/site-packages:/root/ros_ws/install/cable_detection_picking/lib/python3.12/site-packages:/opt/ros/jazzy/lib/python3.12/site-packages /usr/bin/cmake --build /root/ros_ws/build/moveit_task_constructor_core -- -j20 -l20
[0.943s] Invoking command in '/root/ros_ws/build/moveit_task_constructor_core': CMAKE_PREFIX_PATH=/root/ros_ws/install/moveit_resources_fanuc_moveit_config:/root/ros_ws/install/rviz_marker_tools:/root/ros_ws/install/moveit_task_constructor_msgs:/root/ros_ws/install/moveit_resources_fanuc_description:/root/ros_ws/install/moveit_resources_panda_camera_moveit_config:/root/ros_ws/install/moveit_resources_panda_camera_description:/root/ros_ws/install/zivid_samples:/root/ros_ws/install/zivid_rviz_plugin:/root/ros_ws/install/zivid_camera:/root/ros_ws/install/zivid_interfaces:/root/ros_ws/install/ur_moveit_cpp:/root/ros_ws/install/robotiq_hardware_tests:/root/ros_ws/install/robotiq_driver:/root/ros_ws/install/serial:/root/ros_ws/install/moveit_task_constructor_visualization:/root/ros_ws/install/moveit_task_constructor_demo:/root/ros_ws/install/moveit_task_constructor_capabilities:/root/ros_ws/install/moveit2_tutorials:/root/ros_ws/install/moveit_task_constructor_core:/root/ros_ws/install/robotiq_description:/root/ros_ws/install/robotiq_controllers:/root/ros_ws/install/panda_moveit_cpp:/root/ros_ws/install/moveit_resources:/root/ros_ws/install/moveit_resources_pr2_description:/root/ros_ws/install/moveit_resources_panda_moveit_config:/root/ros_ws/install/dual_arm_panda_moveit_config:/root/ros_ws/install/moveit_resources_panda_description:/root/ros_ws/install/cable_detection_picking:/opt/ros/jazzy/opt/gz_sim_vendor:/opt/ros/jazzy/opt/gz_sensors_vendor:/opt/ros/jazzy/opt/gz_physics_vendor:/opt/ros/jazzy/opt/sdformat_vendor:/opt/ros/jazzy/opt/gz_gui_vendor:/opt/ros/jazzy/opt/gz_transport_vendor:/opt/ros/jazzy/opt/gz_rendering_vendor:/opt/ros/jazzy/opt/gz_plugin_vendor:/opt/ros/jazzy/opt/gz_fuel_tools_vendor:/opt/ros/jazzy/opt/gz_msgs_vendor:/opt/ros/jazzy/opt/gz_common_vendor:/opt/ros/jazzy/opt/gz_math_vendor:/opt/ros/jazzy/opt/gz_utils_vendor:/opt/ros/jazzy/opt/gz_tools_vendor:/opt/ros/jazzy/opt/gz_ogre_next_vendor:/opt/ros/jazzy/opt/gz_dartsim_vendor:/opt/ros/jazzy/opt/gz_cmake_vendor:/root/ros_ws/install/universal_robots_ur10e:/root/ros_ws/install/simple_moveit_app:/root/ros_ws/install/panda_moveit_python:/opt/ros/jazzy DEBUGINFOD_URLS=https://debuginfod.ubuntu.com LD_LIBRARY_PATH=/root/ros_ws/install/rviz_marker_tools/lib:/root/ros_ws/install/moveit_task_constructor_msgs/lib:/root/ros_ws/install/zivid_rviz_plugin/lib:/root/ros_ws/install/zivid_camera/lib:/root/ros_ws/install/zivid_interfaces/lib:/root/ros_ws/install/robotiq_driver/lib:/root/ros_ws/install/serial/lib:/root/ros_ws/install/moveit_task_constructor_visualization/lib:/root/ros_ws/install/moveit_task_constructor_demo/lib:/root/ros_ws/install/moveit_task_constructor_capabilities/lib:/root/ros_ws/install/moveit_task_constructor_core/lib:/root/ros_ws/install/robotiq_controllers/lib:/root/ros_ws/install/cable_detection_picking/lib:/opt/ros/jazzy/opt/gz_sim_vendor/lib:/opt/ros/jazzy/opt/gz_sensors_vendor/lib:/opt/ros/jazzy/opt/gz_physics_vendor/lib:/opt/ros/jazzy/opt/sdformat_vendor/lib:/opt/ros/jazzy/opt/rviz_ogre_vendor/lib:/opt/ros/jazzy/lib/x86_64-linux-gnu:/opt/ros/jazzy/opt/gz_gui_vendor/lib:/opt/ros/jazzy/opt/gz_transport_vendor/lib:/opt/ros/jazzy/opt/gz_rendering_vendor/lib:/opt/ros/jazzy/opt/gz_plugin_vendor/lib:/opt/ros/jazzy/opt/gz_fuel_tools_vendor/lib:/opt/ros/jazzy/opt/gz_msgs_vendor/lib:/opt/ros/jazzy/opt/gz_common_vendor/lib:/opt/ros/jazzy/opt/gz_math_vendor/lib:/opt/ros/jazzy/opt/gz_utils_vendor/lib:/opt/ros/jazzy/opt/gz_tools_vendor/lib:/opt/ros/jazzy/opt/gz_ogre_next_vendor/lib:/opt/ros/jazzy/opt/gz_dartsim_vendor/lib:/opt/ros/jazzy/opt/gz_cmake_vendor/lib:/opt/ros/jazzy/lib PYTHONPATH=/root/ros_ws/install/moveit_task_constructor_msgs/lib/python3.12/site-packages:/root/ros_ws/install/zivid_interfaces/lib/python3.12/site-packages:/root/ros_ws/install/universal_robots_ur10e/lib/python3.12/site-packages:/root/ros_ws/install/simple_moveit_app/lib/python3.12/site-packages:/root/ros_ws/install/moveit_task_constructor_core/lib/python3.12/site-packages:/root/ros_ws/install/panda_moveit_python/lib/python3.12/site-packages:/root/ros_ws/install/cable_detection_picking/lib/python3.12/site-packages:/opt/ros/jazzy/lib/python3.12/site-packages /usr/bin/cmake --install /root/ros_ws/build/moveit_task_constructor_core
[0.953s] -- Install configuration: "Release"
[0.954s] -- Up-to-date: /root/ros_ws/install/moveit_task_constructor_core/lib/libmoveit_task_constructor_core_stages.so
[0.954s] -- Up-to-date: /root/ros_ws/install/moveit_task_constructor_core/lib/libmoveit_task_constructor_core_stage_plugins.so
[0.955s] -- Up-to-date: /root/ros_ws/install/moveit_task_constructor_core/lib/libmoveit_task_constructor_core.so
[0.955s] -- Up-to-date: /root/ros_ws/install/moveit_task_constructor_core/share/moveit_task_constructor_core/environment/pythonpath.sh
[0.955s] -- Up-to-date: /root/ros_ws/install/moveit_task_constructor_core/share/moveit_task_constructor_core/environment/pythonpath.dsv
[0.955s] -- Up-to-date: /root/ros_ws/install/moveit_task_constructor_core/lib/python3.12/site-packages/moveit-0.1.3-py3.12.egg-info
[0.955s] -- Installing: /root/ros_ws/install/moveit_task_constructor_core/lib/python3.12/site-packages/moveit-0.1.3-py3.12.egg-info/SOURCES.txt
[0.955s] -- Installing: /root/ros_ws/install/moveit_task_constructor_core/lib/python3.12/site-packages/moveit-0.1.3-py3.12.egg-info/PKG-INFO
[0.955s] -- Installing: /root/ros_ws/install/moveit_task_constructor_core/lib/python3.12/site-packages/moveit-0.1.3-py3.12.egg-info/top_level.txt
[0.955s] -- Installing: /root/ros_ws/install/moveit_task_constructor_core/lib/python3.12/site-packages/moveit-0.1.3-py3.12.egg-info/dependency_links.txt
[0.956s] -- Up-to-date: /root/ros_ws/install/moveit_task_constructor_core/lib/python3.12/site-packages/moveit
[0.956s] -- Up-to-date: /root/ros_ws/install/moveit_task_constructor_core/lib/python3.12/site-packages/moveit/__init__.py
[0.956s] -- Up-to-date: /root/ros_ws/install/moveit_task_constructor_core/lib/python3.12/site-packages/moveit/task_constructor
[0.956s] -- Up-to-date: /root/ros_ws/install/moveit_task_constructor_core/lib/python3.12/site-packages/moveit/task_constructor/__init__.py
[0.956s] -- Up-to-date: /root/ros_ws/install/moveit_task_constructor_core/lib/python3.12/site-packages/moveit/task_constructor/core.py
[0.956s] -- Up-to-date: /root/ros_ws/install/moveit_task_constructor_core/lib/python3.12/site-packages/moveit/task_constructor/stages.py
[1.005s] Listing '/root/ros_ws/install/moveit_task_constructor_core/lib/python3.12/site-packages/moveit'...
[1.005s] Listing '/root/ros_ws/install/moveit_task_constructor_core/lib/python3.12/site-packages/moveit/task_constructor'...
[1.012s] -- Up-to-date: /root/ros_ws/install/moveit_task_constructor_core/include/moveit/python/pybind11
[1.013s] -- Up-to-date: /root/ros_ws/install/moveit_task_constructor_core/include/moveit/python/pybind11/eigen.h
[1.013s] -- Up-to-date: /root/ros_ws/install/moveit_task_constructor_core/include/moveit/python/pybind11/cast.h
[1.013s] -- Up-to-date: /root/ros_ws/install/moveit_task_constructor_core/include/moveit/python/pybind11/operators.h
[1.013s] -- Up-to-date: /root/ros_ws/install/moveit_task_constructor_core/include/moveit/python/pybind11/functional.h
[1.013s] -- Up-to-date: /root/ros_ws/install/moveit_task_constructor_core/include/moveit/python/pybind11/embed.h
[1.014s] -- Up-to-date: /root/ros_ws/install/moveit_task_constructor_core/include/moveit/python/pybind11/complex.h
[1.014s] -- Up-to-date: /root/ros_ws/install/moveit_task_constructor_core/include/moveit/python/pybind11/attr.h
[1.014s] -- Up-to-date: /root/ros_ws/install/moveit_task_constructor_core/include/moveit/python/pybind11/chrono.h
[1.014s] -- Up-to-date: /root/ros_ws/install/moveit_task_constructor_core/include/moveit/python/pybind11/stl
[1.014s] -- Up-to-date: /root/ros_ws/install/moveit_task_constructor_core/include/moveit/python/pybind11/stl/filesystem.h
[1.014s] -- Up-to-date: /root/ros_ws/install/moveit_task_constructor_core/include/moveit/python/pybind11/numpy.h
[1.014s] -- Up-to-date: /root/ros_ws/install/moveit_task_constructor_core/include/moveit/python/pybind11/gil_safe_call_once.h
[1.014s] -- Up-to-date: /root/ros_ws/install/moveit_task_constructor_core/include/moveit/python/pybind11/common.h
[1.015s] -- Up-to-date: /root/ros_ws/install/moveit_task_constructor_core/include/moveit/python/pybind11/typing.h
[1.015s] -- Up-to-date: /root/ros_ws/install/moveit_task_constructor_core/include/moveit/python/pybind11/pytypes.h
[1.015s] -- Up-to-date: /root/ros_ws/install/moveit_task_constructor_core/include/moveit/python/pybind11/eigen
[1.015s] -- Up-to-date: /root/ros_ws/install/moveit_task_constructor_core/include/moveit/python/pybind11/eigen/tensor.h
[1.015s] -- Up-to-date: /root/ros_ws/install/moveit_task_constructor_core/include/moveit/python/pybind11/eigen/matrix.h
[1.015s] -- Up-to-date: /root/ros_ws/install/moveit_task_constructor_core/include/moveit/python/pybind11/eigen/common.h
[1.015s] -- Up-to-date: /root/ros_ws/install/moveit_task_constructor_core/include/moveit/python/pybind11/stl.h
[1.016s] -- Up-to-date: /root/ros_ws/install/moveit_task_constructor_core/include/moveit/python/pybind11/type_caster_pyobject_ptr.h
[1.016s] -- Up-to-date: /root/ros_ws/install/moveit_task_constructor_core/include/moveit/python/pybind11/stl_bind.h
[1.016s] -- Up-to-date: /root/ros_ws/install/moveit_task_constructor_core/include/moveit/python/pybind11/pybind11.h
[1.016s] -- Up-to-date: /root/ros_ws/install/moveit_task_constructor_core/include/moveit/python/pybind11/smart_holder.h
[1.016s] -- Up-to-date: /root/ros_ws/install/moveit_task_constructor_core/include/moveit/python/pybind11/buffer_info.h
[1.016s] -- Up-to-date: /root/ros_ws/install/moveit_task_constructor_core/include/moveit/python/pybind11/gil.h
[1.017s] -- Up-to-date: /root/ros_ws/install/moveit_task_constructor_core/include/moveit/python/pybind11/iostream.h
[1.017s] -- Up-to-date: /root/ros_ws/install/moveit_task_constructor_core/include/moveit/python/pybind11/eval.h
[1.017s] -- Up-to-date: /root/ros_ws/install/moveit_task_constructor_core/include/moveit/python/pybind11/trampoline_self_life_support.h
[1.017s] -- Up-to-date: /root/ros_ws/install/moveit_task_constructor_core/include/moveit/python/pybind11/detail
[1.017s] -- Up-to-date: /root/ros_ws/install/moveit_task_constructor_core/include/moveit/python/pybind11/detail/typeid.h
[1.017s] -- Up-to-date: /root/ros_ws/install/moveit_task_constructor_core/include/moveit/python/pybind11/detail/class.h
[1.017s] -- Up-to-date: /root/ros_ws/install/moveit_task_constructor_core/include/moveit/python/pybind11/detail/type_caster_odr_guard.h
[1.018s] -- Up-to-date: /root/ros_ws/install/moveit_task_constructor_core/include/moveit/python/pybind11/detail/smart_holder_sfinae_hooks_only.h
[1.018s] -- Up-to-date: /root/ros_ws/install/moveit_task_constructor_core/include/moveit/python/pybind11/detail/init.h
[1.018s] -- Up-to-date: /root/ros_ws/install/moveit_task_constructor_core/include/moveit/python/pybind11/detail/common.h
[1.018s] -- Up-to-date: /root/ros_ws/install/moveit_task_constructor_core/include/moveit/python/pybind11/detail/smart_holder_type_casters.h
[1.018s] -- Up-to-date: /root/ros_ws/install/moveit_task_constructor_core/include/moveit/python/pybind11/detail/internals.h
[1.018s] -- Up-to-date: /root/ros_ws/install/moveit_task_constructor_core/include/moveit/python/pybind11/detail/dynamic_raw_ptr_cast_if_possible.h
[1.018s] -- Up-to-date: /root/ros_ws/install/moveit_task_constructor_core/include/moveit/python/pybind11/detail/type_caster_base.h
[1.018s] -- Up-to-date: /root/ros_ws/install/moveit_task_constructor_core/include/moveit/python/pybind11/detail/descr.h
[1.019s] -- Up-to-date: /root/ros_ws/install/moveit_task_constructor_core/include/moveit/python/pybind11/detail/smart_holder_poc.h
[1.019s] -- Up-to-date: /root/ros_ws/install/moveit_task_constructor_core/include/moveit/python/pybind11/options.h
[1.019s] -- Up-to-date: /root/ros_ws/install/moveit_task_constructor_core/share/moveit_task_constructor_core/cmake/pybind11Config.cmake
[1.019s] -- Up-to-date: /root/ros_ws/install/moveit_task_constructor_core/share/moveit_task_constructor_core/cmake/pybind11ConfigVersion.cmake
[1.019s] -- Up-to-date: /root/ros_ws/install/moveit_task_constructor_core/share/moveit_task_constructor_core/cmake/FindPythonLibsNew.cmake
[1.020s] -- Up-to-date: /root/ros_ws/install/moveit_task_constructor_core/share/moveit_task_constructor_core/cmake/pybind11Common.cmake
[1.020s] -- Up-to-date: /root/ros_ws/install/moveit_task_constructor_core/share/moveit_task_constructor_core/cmake/pybind11Tools.cmake
[1.021s] -- Up-to-date: /root/ros_ws/install/moveit_task_constructor_core/share/moveit_task_constructor_core/cmake/pybind11NewTools.cmake
[1.021s] -- Up-to-date: /root/ros_ws/install/moveit_task_constructor_core/share/moveit_task_constructor_core/cmake/pybind11Targets.cmake
[1.022s] -- Up-to-date: /root/ros_ws/install/moveit_task_constructor_core/share/pkgconfig/pybind11.pc
[1.022s] -- Up-to-date: /root/ros_ws/install/moveit_task_constructor_core/lib/python3.12/site-packages/pymoveit_mtc.cpython-312-x86_64-linux-gnu.so
[1.022s] -- Up-to-date: /root/ros_ws/install/moveit_task_constructor_core/include
[1.023s] -- Up-to-date: /root/ros_ws/install/moveit_task_constructor_core/include/moveit
[1.023s] -- Up-to-date: /root/ros_ws/install/moveit_task_constructor_core/include/moveit/task_constructor
[1.024s] -- Up-to-date: /root/ros_ws/install/moveit_task_constructor_core/include/moveit/task_constructor/solvers.h
[1.024s] -- Up-to-date: /root/ros_ws/install/moveit_task_constructor_core/include/moveit/task_constructor/trajectory_execution_info.h
[1.024s] -- Up-to-date: /root/ros_ws/install/moveit_task_constructor_core/include/moveit/task_constructor/introspection.h
[1.024s] -- Up-to-date: /root/ros_ws/install/moveit_task_constructor_core/include/moveit/task_constructor/stages
[1.025s] -- Up-to-date: /root/ros_ws/install/moveit_task_constructor_core/include/moveit/task_constructor/stages/fix_collision_objects.h
[1.025s] -- Up-to-date: /root/ros_ws/install/moveit_task_constructor_core/include/moveit/task_constructor/stages/fixed_state.h
[1.025s] -- Up-to-date: /root/ros_ws/install/moveit_task_constructor_core/include/moveit/task_constructor/stages/noop.h
[1.025s] -- Up-to-date: /root/ros_ws/install/moveit_task_constructor_core/include/moveit/task_constructor/stages/generate_random_pose.h
[1.025s] -- Up-to-date: /root/ros_ws/install/moveit_task_constructor_core/include/moveit/task_constructor/stages/generate_grasp_pose.h
[1.025s] -- Up-to-date: /root/ros_ws/install/moveit_task_constructor_core/include/moveit/task_constructor/stages/modify_planning_scene.h
[1.026s] -- Up-to-date: /root/ros_ws/install/moveit_task_constructor_core/include/moveit/task_constructor/stages/fixed_cartesian_poses.h
[1.026s] -- Up-to-date: /root/ros_ws/install/moveit_task_constructor_core/include/moveit/task_constructor/stages/simple_grasp.h
[1.027s] -- Up-to-date: /root/ros_ws/install/moveit_task_constructor_core/include/moveit/task_constructor/stages/pick.h
[1.027s] -- Up-to-date: /root/ros_ws/install/moveit_task_constructor_core/include/moveit/task_constructor/stages/predicate_filter.h
[1.027s] -- Up-to-date: /root/ros_ws/install/moveit_task_constructor_core/include/moveit/task_constructor/stages/connect.h
[1.027s] -- Up-to-date: /root/ros_ws/install/moveit_task_constructor_core/include/moveit/task_constructor/stages/generate_pose.h
[1.028s] -- Up-to-date: /root/ros_ws/install/moveit_task_constructor_core/include/moveit/task_constructor/stages/current_state.h
[1.028s] -- Up-to-date: /root/ros_ws/install/moveit_task_constructor_core/include/moveit/task_constructor/stages/move_to.h
[1.028s] -- Up-to-date: /root/ros_ws/install/moveit_task_constructor_core/include/moveit/task_constructor/stages/compute_ik.h
[1.029s] -- Up-to-date: /root/ros_ws/install/moveit_task_constructor_core/include/moveit/task_constructor/stages/move_relative.h
[1.029s] -- Up-to-date: /root/ros_ws/install/moveit_task_constructor_core/include/moveit/task_constructor/stages/generate_place_pose.h
[1.029s] -- Up-to-date: /root/ros_ws/install/moveit_task_constructor_core/include/moveit/task_constructor/stages/passthrough.h
[1.030s] -- Up-to-date: /root/ros_ws/install/moveit_task_constructor_core/include/moveit/task_constructor/type_traits.h
[1.030s] -- Up-to-date: /root/ros_ws/install/moveit_task_constructor_core/include/moveit/task_constructor/marker_tools.h
[1.030s] -- Up-to-date: /root/ros_ws/install/moveit_task_constructor_core/include/moveit/task_constructor/utils.h
[1.031s] -- Up-to-date: /root/ros_ws/install/moveit_task_constructor_core/include/moveit/task_constructor/stage.h
[1.031s] -- Up-to-date: /root/ros_ws/install/moveit_task_constructor_core/include/moveit/task_constructor/container.h
[1.031s] -- Up-to-date: /root/ros_ws/install/moveit_task_constructor_core/include/moveit/task_constructor/storage.h
[1.032s] -- Up-to-date: /root/ros_ws/install/moveit_task_constructor_core/include/moveit/task_constructor/moveit_compat.h
[1.032s] -- Up-to-date: /root/ros_ws/install/moveit_task_constructor_core/include/moveit/task_constructor/properties.h
[1.032s] -- Up-to-date: /root/ros_ws/install/moveit_task_constructor_core/include/moveit/task_constructor/merge.h
[1.033s] -- Up-to-date: /root/ros_ws/install/moveit_task_constructor_core/include/moveit/task_constructor/cost_queue.h
[1.033s] -- Up-to-date: /root/ros_ws/install/moveit_task_constructor_core/include/moveit/task_constructor/stages.h
[1.033s] -- Up-to-date: /root/ros_ws/install/moveit_task_constructor_core/include/moveit/task_constructor/solvers
[1.034s] -- Up-to-date: /root/ros_ws/install/moveit_task_constructor_core/include/moveit/task_constructor/solvers/planner_interface.h
[1.034s] -- Up-to-date: /root/ros_ws/install/moveit_task_constructor_core/include/moveit/task_constructor/solvers/cartesian_path.h
[1.034s] -- Up-to-date: /root/ros_ws/install/moveit_task_constructor_core/include/moveit/task_constructor/solvers/pipeline_planner.h
[1.034s] -- Up-to-date: /root/ros_ws/install/moveit_task_constructor_core/include/moveit/task_constructor/solvers/multi_planner.h
[1.035s] -- Up-to-date: /root/ros_ws/install/moveit_task_constructor_core/include/moveit/task_constructor/solvers/joint_interpolation.h
[1.035s] -- Up-to-date: /root/ros_ws/install/moveit_task_constructor_core/include/moveit/task_constructor/task.h
[1.036s] -- Up-to-date: /root/ros_ws/install/moveit_task_constructor_core/include/moveit/task_constructor/cost_terms.h
[1.036s] -- Up-to-date: /root/ros_ws/install/moveit_task_constructor_core/include/moveit/python
[1.037s] -- Up-to-date: /root/ros_ws/install/moveit_task_constructor_core/include/moveit/python/task_constructor
[1.037s] -- Up-to-date: /root/ros_ws/install/moveit_task_constructor_core/include/moveit/python/task_constructor/properties.h
[1.037s] -- Up-to-date: /root/ros_ws/install/moveit_task_constructor_core/share/moveit_task_constructor_core/motion_planning_stages_plugin_description.xml
[1.038s] -- Up-to-date: /root/ros_ws/install/moveit_task_constructor_core/share/moveit_task_constructor_core/environment/library_path.sh
[1.038s] -- Up-to-date: /root/ros_ws/install/moveit_task_constructor_core/share/moveit_task_constructor_core/environment/library_path.dsv
[1.039s] -- Up-to-date: /root/ros_ws/install/moveit_task_constructor_core/share/ament_index/resource_index/package_run_dependencies/moveit_task_constructor_core
[1.039s] -- Up-to-date: /root/ros_ws/install/moveit_task_constructor_core/share/ament_index/resource_index/parent_prefix_path/moveit_task_constructor_core
[1.039s] -- Up-to-date: /root/ros_ws/install/moveit_task_constructor_core/share/moveit_task_constructor_core/environment/ament_prefix_path.sh
[1.040s] -- Up-to-date: /root/ros_ws/install/moveit_task_constructor_core/share/moveit_task_constructor_core/environment/ament_prefix_path.dsv
[1.040s] -- Up-to-date: /root/ros_ws/install/moveit_task_constructor_core/share/moveit_task_constructor_core/environment/path.sh
[1.040s] -- Up-to-date: /root/ros_ws/install/moveit_task_constructor_core/share/moveit_task_constructor_core/environment/path.dsv
[1.040s] -- Up-to-date: /root/ros_ws/install/moveit_task_constructor_core/share/moveit_task_constructor_core/local_setup.bash
[1.041s] -- Up-to-date: /root/ros_ws/install/moveit_task_constructor_core/share/moveit_task_constructor_core/local_setup.sh
[1.041s] -- Up-to-date: /root/ros_ws/install/moveit_task_constructor_core/share/moveit_task_constructor_core/local_setup.zsh
[1.041s] -- Up-to-date: /root/ros_ws/install/moveit_task_constructor_core/share/moveit_task_constructor_core/local_setup.dsv
[1.041s] -- Installing: /root/ros_ws/install/moveit_task_constructor_core/share/moveit_task_constructor_core/package.dsv
[1.041s] -- Up-to-date: /root/ros_ws/install/moveit_task_constructor_core/share/ament_index/resource_index/packages/moveit_task_constructor_core
[1.042s] -- Up-to-date: /root/ros_ws/install/moveit_task_constructor_core/share/ament_index/resource_index/moveit_task_constructor_core__pluginlib__plugin/moveit_task_constructor_core
[1.042s] -- Up-to-date: /root/ros_ws/install/moveit_task_constructor_core/share/moveit_task_constructor_core/cmake/moveit_task_constructor_coreTargetsExport.cmake
[1.042s] -- Up-to-date: /root/ros_ws/install/moveit_task_constructor_core/share/moveit_task_constructor_core/cmake/moveit_task_constructor_coreTargetsExport-release.cmake
[1.043s] -- Up-to-date: /root/ros_ws/install/moveit_task_constructor_core/share/moveit_task_constructor_core/cmake/ament_cmake_export_targets-extras.cmake
[1.043s] -- Up-to-date: /root/ros_ws/install/moveit_task_constructor_core/share/moveit_task_constructor_core/cmake/ament_cmake_export_dependencies-extras.cmake
[1.043s] -- Up-to-date: /root/ros_ws/install/moveit_task_constructor_core/share/moveit_task_constructor_core/cmake/moveit_task_constructor_coreConfig.cmake
[1.044s] -- Up-to-date: /root/ros_ws/install/moveit_task_constructor_core/share/moveit_task_constructor_core/cmake/moveit_task_constructor_coreConfig-version.cmake
[1.044s] -- Up-to-date: /root/ros_ws/install/moveit_task_constructor_core/share/moveit_task_constructor_core/package.xml
[1.044s] Invoked command in '/root/ros_ws/build/moveit_task_constructor_core' returned '0': CMAKE_PREFIX_PATH=/root/ros_ws/install/moveit_resources_fanuc_moveit_config:/root/ros_ws/install/rviz_marker_tools:/root/ros_ws/install/moveit_task_constructor_msgs:/root/ros_ws/install/moveit_resources_fanuc_description:/root/ros_ws/install/moveit_resources_panda_camera_moveit_config:/root/ros_ws/install/moveit_resources_panda_camera_description:/root/ros_ws/install/zivid_samples:/root/ros_ws/install/zivid_rviz_plugin:/root/ros_ws/install/zivid_camera:/root/ros_ws/install/zivid_interfaces:/root/ros_ws/install/ur_moveit_cpp:/root/ros_ws/install/robotiq_hardware_tests:/root/ros_ws/install/robotiq_driver:/root/ros_ws/install/serial:/root/ros_ws/install/moveit_task_constructor_visualization:/root/ros_ws/install/moveit_task_constructor_demo:/root/ros_ws/install/moveit_task_constructor_capabilities:/root/ros_ws/install/moveit2_tutorials:/root/ros_ws/install/moveit_task_constructor_core:/root/ros_ws/install/robotiq_description:/root/ros_ws/install/robotiq_controllers:/root/ros_ws/install/panda_moveit_cpp:/root/ros_ws/install/moveit_resources:/root/ros_ws/install/moveit_resources_pr2_description:/root/ros_ws/install/moveit_resources_panda_moveit_config:/root/ros_ws/install/dual_arm_panda_moveit_config:/root/ros_ws/install/moveit_resources_panda_description:/root/ros_ws/install/cable_detection_picking:/opt/ros/jazzy/opt/gz_sim_vendor:/opt/ros/jazzy/opt/gz_sensors_vendor:/opt/ros/jazzy/opt/gz_physics_vendor:/opt/ros/jazzy/opt/sdformat_vendor:/opt/ros/jazzy/opt/gz_gui_vendor:/opt/ros/jazzy/opt/gz_transport_vendor:/opt/ros/jazzy/opt/gz_rendering_vendor:/opt/ros/jazzy/opt/gz_plugin_vendor:/opt/ros/jazzy/opt/gz_fuel_tools_vendor:/opt/ros/jazzy/opt/gz_msgs_vendor:/opt/ros/jazzy/opt/gz_common_vendor:/opt/ros/jazzy/opt/gz_math_vendor:/opt/ros/jazzy/opt/gz_utils_vendor:/opt/ros/jazzy/opt/gz_tools_vendor:/opt/ros/jazzy/opt/gz_ogre_next_vendor:/opt/ros/jazzy/opt/gz_dartsim_vendor:/opt/ros/jazzy/opt/gz_cmake_vendor:/root/ros_ws/install/universal_robots_ur10e:/root/ros_ws/install/simple_moveit_app:/root/ros_ws/install/panda_moveit_python:/opt/ros/jazzy DEBUGINFOD_URLS=https://debuginfod.ubuntu.com LD_LIBRARY_PATH=/root/ros_ws/install/rviz_marker_tools/lib:/root/ros_ws/install/moveit_task_constructor_msgs/lib:/root/ros_ws/install/zivid_rviz_plugin/lib:/root/ros_ws/install/zivid_camera/lib:/root/ros_ws/install/zivid_interfaces/lib:/root/ros_ws/install/robotiq_driver/lib:/root/ros_ws/install/serial/lib:/root/ros_ws/install/moveit_task_constructor_visualization/lib:/root/ros_ws/install/moveit_task_constructor_demo/lib:/root/ros_ws/install/moveit_task_constructor_capabilities/lib:/root/ros_ws/install/moveit_task_constructor_core/lib:/root/ros_ws/install/robotiq_controllers/lib:/root/ros_ws/install/cable_detection_picking/lib:/opt/ros/jazzy/opt/gz_sim_vendor/lib:/opt/ros/jazzy/opt/gz_sensors_vendor/lib:/opt/ros/jazzy/opt/gz_physics_vendor/lib:/opt/ros/jazzy/opt/sdformat_vendor/lib:/opt/ros/jazzy/opt/rviz_ogre_vendor/lib:/opt/ros/jazzy/lib/x86_64-linux-gnu:/opt/ros/jazzy/opt/gz_gui_vendor/lib:/opt/ros/jazzy/opt/gz_transport_vendor/lib:/opt/ros/jazzy/opt/gz_rendering_vendor/lib:/opt/ros/jazzy/opt/gz_plugin_vendor/lib:/opt/ros/jazzy/opt/gz_fuel_tools_vendor/lib:/opt/ros/jazzy/opt/gz_msgs_vendor/lib:/opt/ros/jazzy/opt/gz_common_vendor/lib:/opt/ros/jazzy/opt/gz_math_vendor/lib:/opt/ros/jazzy/opt/gz_utils_vendor/lib:/opt/ros/jazzy/opt/gz_tools_vendor/lib:/opt/ros/jazzy/opt/gz_ogre_next_vendor/lib:/opt/ros/jazzy/opt/gz_dartsim_vendor/lib:/opt/ros/jazzy/opt/gz_cmake_vendor/lib:/opt/ros/jazzy/lib PYTHONPATH=/root/ros_ws/install/moveit_task_constructor_msgs/lib/python3.12/site-packages:/root/ros_ws/install/zivid_interfaces/lib/python3.12/site-packages:/root/ros_ws/install/universal_robots_ur10e/lib/python3.12/site-packages:/root/ros_ws/install/simple_moveit_app/lib/python3.12/site-packages:/root/ros_ws/install/moveit_task_constructor_core/lib/python3.12/site-packages:/root/ros_ws/install/panda_moveit_python/lib/python3.12/site-packages:/root/ros_ws/install/cable_detection_picking/lib/python3.12/site-packages:/opt/ros/jazzy/lib/python3.12/site-packages /usr/bin/cmake --install /root/ros_ws/build/moveit_task_constructor_core
