[0.007s] Invoking command in '/root/ros_ws/build/zivid_camera': AMENT_PREFIX_PATH=/root/ros_ws/install/zivid_interfaces:${AMENT_PREFIX_PATH} CMAKE_PREFIX_PATH=/root/ros_ws/install/zivid_interfaces:/opt/ros/jazzy/opt/gz_sim_vendor:/opt/ros/jazzy/opt/gz_sensors_vendor:/opt/ros/jazzy/opt/gz_physics_vendor:/opt/ros/jazzy/opt/sdformat_vendor:/opt/ros/jazzy/opt/gz_gui_vendor:/opt/ros/jazzy/opt/gz_transport_vendor:/opt/ros/jazzy/opt/gz_rendering_vendor:/opt/ros/jazzy/opt/gz_plugin_vendor:/opt/ros/jazzy/opt/gz_fuel_tools_vendor:/opt/ros/jazzy/opt/gz_msgs_vendor:/opt/ros/jazzy/opt/gz_common_vendor:/opt/ros/jazzy/opt/gz_math_vendor:/opt/ros/jazzy/opt/gz_utils_vendor:/opt/ros/jazzy/opt/gz_tools_vendor:/opt/ros/jazzy/opt/gz_ogre_next_vendor:/opt/ros/jazzy/opt/gz_dartsim_vendor:/opt/ros/jazzy/opt/gz_cmake_vendor:/opt/ros/jazzy LD_LIBRARY_PATH=/root/ros_ws/install/zivid_interfaces/lib:${LD_LIBRARY_PATH} PYTHONPATH=/root/ros_ws/install/zivid_interfaces/lib/python3.12/site-packages:${PYTHONPATH} /usr/bin/cmake /root/ros_ws/src/zivid-ros/zivid_camera -DCMAKE_INSTALL_PREFIX=/root/ros_ws/install/zivid_camera
[0.078s] -- The CXX compiler identification is GNU 13.3.0
[0.096s] -- Detecting CXX compiler ABI info
[0.199s] -- Detecting CXX compiler ABI info - done
[0.200s] -- Check for working CXX compiler: /usr/bin/c++ - skipped
[0.200s] -- Detecting CXX compile features
[0.201s] -- Detecting CXX compile features - done
[0.210s] -- Found ament_cmake: 2.5.4 (/opt/ros/jazzy/share/ament_cmake/cmake)
[0.404s] -- Found Python3: /usr/bin/python3 (found version "3.12.3") found components: Interpreter 
[0.552s] -- Found rclcpp: 28.1.9 (/opt/ros/jazzy/share/rclcpp/cmake)
[0.604s] -- Found rosidl_generator_c: 4.6.5 (/opt/ros/jazzy/share/rosidl_generator_c/cmake)
[0.619s] -- Found rosidl_generator_cpp: 4.6.5 (/opt/ros/jazzy/share/rosidl_generator_cpp/cmake)
[0.635s] -- Using all available rosidl_typesupport_c: rosidl_typesupport_fastrtps_c;rosidl_typesupport_introspection_c
[0.652s] -- Using all available rosidl_typesupport_cpp: rosidl_typesupport_fastrtps_cpp;rosidl_typesupport_introspection_cpp
[0.766s] -- Found rmw_implementation_cmake: 7.3.2 (/opt/ros/jazzy/share/rmw_implementation_cmake/cmake)
[0.771s] -- Found rmw_fastrtps_cpp: 8.4.2 (/opt/ros/jazzy/share/rmw_fastrtps_cpp/cmake)
[0.860s] -- Found OpenSSL: /usr/lib/x86_64-linux-gnu/libcrypto.so (found version "3.0.13")  
[0.875s] -- Found FastRTPS: /opt/ros/jazzy/include (Required is at least version "2.13") 
[0.893s] -- Using RMW implementation 'rmw_fastrtps_cpp' as default
[1.007s] -- Found rclcpp_components: 28.1.9 (/opt/ros/jazzy/share/rclcpp_components/cmake)
[1.037s] -- Found std_msgs: 5.3.6 (/opt/ros/jazzy/share/std_msgs/cmake)
[1.048s] -- Found std_srvs: 5.3.6 (/opt/ros/jazzy/share/std_srvs/cmake)
[1.060s] -- Found sensor_msgs: 5.3.6 (/opt/ros/jazzy/share/sensor_msgs/cmake)
[1.087s] -- Found image_transport: 5.1.6 (/opt/ros/jazzy/share/image_transport/cmake)
[1.107s] -- Found tf2: 0.36.11 (/opt/ros/jazzy/share/tf2/cmake)
[1.111s] -- Found tf2_ros: 0.36.11 (/opt/ros/jazzy/share/tf2_ros/cmake)
[1.171s] -- Found tf2_geometry_msgs: 0.36.11 (/opt/ros/jazzy/share/tf2_geometry_msgs/cmake)
[1.188s] -- Found eigen3_cmake_module: 0.3.0 (/opt/ros/jazzy/share/eigen3_cmake_module/cmake)
[1.189s] -- Found Eigen3: TRUE (found version "3.4.0") 
[1.189s] -- Ensuring Eigen3 include directory is part of orocos-kdl CMake target
[1.190s] -- Found zivid_interfaces: 3.1.0 (/root/ros_ws/install/zivid_interfaces/share/zivid_interfaces/cmake)
[1.217s] [31mCMake Error at CMakeLists.txt:33 (find_package):
[1.217s]   By not providing "FindZivid.cmake" in CMAKE_MODULE_PATH this project has
[1.217s]   asked CMake to find a package configuration file provided by "Zivid", but
[1.217s]   CMake did not find one.
[1.217s] 
[1.217s]   Could not find a package configuration file provided by "Zivid" (requested
[1.217s]   version 2.15.0) with any of the following names:
[1.217s] 
[1.217s]     ZividConfig.cmake
[1.217s]     zivid-config.cmake
[1.217s] 
[1.217s]   Add the installation prefix of "Zivid" to CMAKE_PREFIX_PATH or set
[1.217s]   "Zivid_DIR" to a directory containing one of the above files.  If "Zivid"
[1.217s]   provides a separate development package or SDK, be sure it has been
[1.217s]   installed.
[1.217s] 
[1.218s] [0m
[1.218s] -- Configuring incomplete, errors occurred!
[1.222s] Invoked command in '/root/ros_ws/build/zivid_camera' returned '1': AMENT_PREFIX_PATH=/root/ros_ws/install/zivid_interfaces:${AMENT_PREFIX_PATH} CMAKE_PREFIX_PATH=/root/ros_ws/install/zivid_interfaces:/opt/ros/jazzy/opt/gz_sim_vendor:/opt/ros/jazzy/opt/gz_sensors_vendor:/opt/ros/jazzy/opt/gz_physics_vendor:/opt/ros/jazzy/opt/sdformat_vendor:/opt/ros/jazzy/opt/gz_gui_vendor:/opt/ros/jazzy/opt/gz_transport_vendor:/opt/ros/jazzy/opt/gz_rendering_vendor:/opt/ros/jazzy/opt/gz_plugin_vendor:/opt/ros/jazzy/opt/gz_fuel_tools_vendor:/opt/ros/jazzy/opt/gz_msgs_vendor:/opt/ros/jazzy/opt/gz_common_vendor:/opt/ros/jazzy/opt/gz_math_vendor:/opt/ros/jazzy/opt/gz_utils_vendor:/opt/ros/jazzy/opt/gz_tools_vendor:/opt/ros/jazzy/opt/gz_ogre_next_vendor:/opt/ros/jazzy/opt/gz_dartsim_vendor:/opt/ros/jazzy/opt/gz_cmake_vendor:/opt/ros/jazzy LD_LIBRARY_PATH=/root/ros_ws/install/zivid_interfaces/lib:${LD_LIBRARY_PATH} PYTHONPATH=/root/ros_ws/install/zivid_interfaces/lib/python3.12/site-packages:${PYTHONPATH} /usr/bin/cmake /root/ros_ws/src/zivid-ros/zivid_camera -DCMAKE_INSTALL_PREFIX=/root/ros_ws/install/zivid_camera
