[0.013s] Invoking command in '/root/ros_ws/build/moveit_task_constructor_demo': AMENT_PREFIX_PATH=/root/ros_ws/install/moveit_task_constructor_capabilities:/root/ros_ws/install/moveit_task_constructor_core:/root/ros_ws/install/moveit_resources_panda_moveit_config:/root/ros_ws/install/moveit_resources_fanuc_moveit_config:/root/ros_ws/install/rviz_marker_tools:/root/ros_ws/install/moveit_task_constructor_msgs:/root/ros_ws/install/moveit_resources_panda_description:/root/ros_ws/install/moveit_resources_fanuc_description:${AMENT_PREFIX_PATH} CMAKE_MODULE_PATH=/root/ros_ws/install/moveit_task_constructor_core/share/moveit_task_constructor_core/cmake CMAKE_PREFIX_PATH=/root/ros_ws/install/moveit_task_constructor_capabilities:/root/ros_ws/install/moveit_task_constructor_core:/root/ros_ws/install/moveit_resources_panda_moveit_config:/root/ros_ws/install/moveit_resources_fanuc_moveit_config:/root/ros_ws/install/rviz_marker_tools:/root/ros_ws/install/moveit_task_constructor_msgs:/root/ros_ws/install/moveit_resources_panda_description:/root/ros_ws/install/moveit_resources_fanuc_description:/opt/ros/jazzy/opt/gz_sim_vendor:/opt/ros/jazzy/opt/gz_sensors_vendor:/opt/ros/jazzy/opt/gz_physics_vendor:/opt/ros/jazzy/opt/sdformat_vendor:/opt/ros/jazzy/opt/gz_gui_vendor:/opt/ros/jazzy/opt/gz_transport_vendor:/opt/ros/jazzy/opt/gz_rendering_vendor:/opt/ros/jazzy/opt/gz_plugin_vendor:/opt/ros/jazzy/opt/gz_fuel_tools_vendor:/opt/ros/jazzy/opt/gz_msgs_vendor:/opt/ros/jazzy/opt/gz_common_vendor:/opt/ros/jazzy/opt/gz_math_vendor:/opt/ros/jazzy/opt/gz_utils_vendor:/opt/ros/jazzy/opt/gz_tools_vendor:/opt/ros/jazzy/opt/gz_ogre_next_vendor:/opt/ros/jazzy/opt/gz_dartsim_vendor:/opt/ros/jazzy/opt/gz_cmake_vendor:/opt/ros/jazzy DEBUGINFOD_URLS=https://debuginfod.ubuntu.com LD_LIBRARY_PATH=/root/ros_ws/install/moveit_task_constructor_capabilities/lib:/root/ros_ws/install/moveit_task_constructor_core/lib:/root/ros_ws/install/rviz_marker_tools/lib:/root/ros_ws/install/moveit_task_constructor_msgs/lib:${LD_LIBRARY_PATH} PYTHONPATH=/root/ros_ws/install/moveit_task_constructor_core/lib/python3.12/site-packages:/root/ros_ws/install/moveit_task_constructor_msgs/lib/python3.12/site-packages:${PYTHONPATH} /usr/bin/cmake --build /root/ros_ws/build/moveit_task_constructor_demo -- -j28 -l28
[0.049s] [ 22%] Built target ik_clearance_cost_parameters
[0.049s] [ 22%] Built target pick_place_demo_parameters
[0.059s] [ 33%] Built target moveit_task_constructor_demo_fallbacks_move_to
[0.060s] [ 44%] Built target moveit_task_constructor_demo_cartesian
[0.064s] [ 55%] Built target moveit_task_constructor_demo_modular
[0.070s] [ 66%] Built target moveit_task_constructor_demo_alternative_path_costs
[0.075s] [ 77%] Built target moveit_task_constructor_demo_pick_place_task
[0.076s] [ 88%] Built target moveit_task_constructor_demo_ik_clearance_cost
[0.105s] [100%] Built target moveit_task_constructor_demo_pick_place_demo
[0.112s] Invoked command in '/root/ros_ws/build/moveit_task_constructor_demo' returned '0': AMENT_PREFIX_PATH=/root/ros_ws/install/moveit_task_constructor_capabilities:/root/ros_ws/install/moveit_task_constructor_core:/root/ros_ws/install/moveit_resources_panda_moveit_config:/root/ros_ws/install/moveit_resources_fanuc_moveit_config:/root/ros_ws/install/rviz_marker_tools:/root/ros_ws/install/moveit_task_constructor_msgs:/root/ros_ws/install/moveit_resources_panda_description:/root/ros_ws/install/moveit_resources_fanuc_description:${AMENT_PREFIX_PATH} CMAKE_MODULE_PATH=/root/ros_ws/install/moveit_task_constructor_core/share/moveit_task_constructor_core/cmake CMAKE_PREFIX_PATH=/root/ros_ws/install/moveit_task_constructor_capabilities:/root/ros_ws/install/moveit_task_constructor_core:/root/ros_ws/install/moveit_resources_panda_moveit_config:/root/ros_ws/install/moveit_resources_fanuc_moveit_config:/root/ros_ws/install/rviz_marker_tools:/root/ros_ws/install/moveit_task_constructor_msgs:/root/ros_ws/install/moveit_resources_panda_description:/root/ros_ws/install/moveit_resources_fanuc_description:/opt/ros/jazzy/opt/gz_sim_vendor:/opt/ros/jazzy/opt/gz_sensors_vendor:/opt/ros/jazzy/opt/gz_physics_vendor:/opt/ros/jazzy/opt/sdformat_vendor:/opt/ros/jazzy/opt/gz_gui_vendor:/opt/ros/jazzy/opt/gz_transport_vendor:/opt/ros/jazzy/opt/gz_rendering_vendor:/opt/ros/jazzy/opt/gz_plugin_vendor:/opt/ros/jazzy/opt/gz_fuel_tools_vendor:/opt/ros/jazzy/opt/gz_msgs_vendor:/opt/ros/jazzy/opt/gz_common_vendor:/opt/ros/jazzy/opt/gz_math_vendor:/opt/ros/jazzy/opt/gz_utils_vendor:/opt/ros/jazzy/opt/gz_tools_vendor:/opt/ros/jazzy/opt/gz_ogre_next_vendor:/opt/ros/jazzy/opt/gz_dartsim_vendor:/opt/ros/jazzy/opt/gz_cmake_vendor:/opt/ros/jazzy DEBUGINFOD_URLS=https://debuginfod.ubuntu.com LD_LIBRARY_PATH=/root/ros_ws/install/moveit_task_constructor_capabilities/lib:/root/ros_ws/install/moveit_task_constructor_core/lib:/root/ros_ws/install/rviz_marker_tools/lib:/root/ros_ws/install/moveit_task_constructor_msgs/lib:${LD_LIBRARY_PATH} PYTHONPATH=/root/ros_ws/install/moveit_task_constructor_core/lib/python3.12/site-packages:/root/ros_ws/install/moveit_task_constructor_msgs/lib/python3.12/site-packages:${PYTHONPATH} /usr/bin/cmake --build /root/ros_ws/build/moveit_task_constructor_demo -- -j28 -l28
[0.113s] Invoking command in '/root/ros_ws/build/moveit_task_constructor_demo': AMENT_PREFIX_PATH=/root/ros_ws/install/moveit_task_constructor_capabilities:/root/ros_ws/install/moveit_task_constructor_core:/root/ros_ws/install/moveit_resources_panda_moveit_config:/root/ros_ws/install/moveit_resources_fanuc_moveit_config:/root/ros_ws/install/rviz_marker_tools:/root/ros_ws/install/moveit_task_constructor_msgs:/root/ros_ws/install/moveit_resources_panda_description:/root/ros_ws/install/moveit_resources_fanuc_description:${AMENT_PREFIX_PATH} CMAKE_MODULE_PATH=/root/ros_ws/install/moveit_task_constructor_core/share/moveit_task_constructor_core/cmake CMAKE_PREFIX_PATH=/root/ros_ws/install/moveit_task_constructor_capabilities:/root/ros_ws/install/moveit_task_constructor_core:/root/ros_ws/install/moveit_resources_panda_moveit_config:/root/ros_ws/install/moveit_resources_fanuc_moveit_config:/root/ros_ws/install/rviz_marker_tools:/root/ros_ws/install/moveit_task_constructor_msgs:/root/ros_ws/install/moveit_resources_panda_description:/root/ros_ws/install/moveit_resources_fanuc_description:/opt/ros/jazzy/opt/gz_sim_vendor:/opt/ros/jazzy/opt/gz_sensors_vendor:/opt/ros/jazzy/opt/gz_physics_vendor:/opt/ros/jazzy/opt/sdformat_vendor:/opt/ros/jazzy/opt/gz_gui_vendor:/opt/ros/jazzy/opt/gz_transport_vendor:/opt/ros/jazzy/opt/gz_rendering_vendor:/opt/ros/jazzy/opt/gz_plugin_vendor:/opt/ros/jazzy/opt/gz_fuel_tools_vendor:/opt/ros/jazzy/opt/gz_msgs_vendor:/opt/ros/jazzy/opt/gz_common_vendor:/opt/ros/jazzy/opt/gz_math_vendor:/opt/ros/jazzy/opt/gz_utils_vendor:/opt/ros/jazzy/opt/gz_tools_vendor:/opt/ros/jazzy/opt/gz_ogre_next_vendor:/opt/ros/jazzy/opt/gz_dartsim_vendor:/opt/ros/jazzy/opt/gz_cmake_vendor:/opt/ros/jazzy DEBUGINFOD_URLS=https://debuginfod.ubuntu.com LD_LIBRARY_PATH=/root/ros_ws/install/moveit_task_constructor_capabilities/lib:/root/ros_ws/install/moveit_task_constructor_core/lib:/root/ros_ws/install/rviz_marker_tools/lib:/root/ros_ws/install/moveit_task_constructor_msgs/lib:${LD_LIBRARY_PATH} PYTHONPATH=/root/ros_ws/install/moveit_task_constructor_core/lib/python3.12/site-packages:/root/ros_ws/install/moveit_task_constructor_msgs/lib/python3.12/site-packages:${PYTHONPATH} /usr/bin/cmake --install /root/ros_ws/build/moveit_task_constructor_demo
[0.120s] -- Install configuration: "Release"
[0.120s] -- Up-to-date: /root/ros_ws/install/moveit_task_constructor_demo/lib/libmoveit_task_constructor_demo_pick_place_task.so
[0.121s] -- Up-to-date: /root/ros_ws/install/moveit_task_constructor_demo/lib/moveit_task_constructor_demo/cartesian
[0.121s] -- Up-to-date: /root/ros_ws/install/moveit_task_constructor_demo/lib/moveit_task_constructor_demo/modular
[0.122s] -- Up-to-date: /root/ros_ws/install/moveit_task_constructor_demo/lib/moveit_task_constructor_demo/alternative_path_costs
[0.122s] -- Up-to-date: /root/ros_ws/install/moveit_task_constructor_demo/include/moveit_task_constructor_demo
[0.122s] -- Up-to-date: /root/ros_ws/install/moveit_task_constructor_demo/include/moveit_task_constructor_demo/ik_clearance_cost_parameters.hpp
[0.122s] -- Up-to-date: /root/ros_ws/install/moveit_task_constructor_demo/include/moveit_task_constructor_demo/pick_place_demo_parameters.hpp
[0.122s] -- Up-to-date: /root/ros_ws/install/moveit_task_constructor_demo/lib/moveit_task_constructor_demo/ik_clearance_cost
[0.123s] -- Up-to-date: /root/ros_ws/install/moveit_task_constructor_demo/lib/moveit_task_constructor_demo/fallbacks_move_to
[0.123s] -- Up-to-date: /root/ros_ws/install/moveit_task_constructor_demo/include/moveit_task_constructor_demo
[0.123s] -- Up-to-date: /root/ros_ws/install/moveit_task_constructor_demo/include/moveit_task_constructor_demo/ik_clearance_cost_parameters.hpp
[0.123s] -- Up-to-date: /root/ros_ws/install/moveit_task_constructor_demo/include/moveit_task_constructor_demo/pick_place_demo_parameters.hpp
[0.123s] -- Up-to-date: /root/ros_ws/install/moveit_task_constructor_demo/lib/moveit_task_constructor_demo/pick_place_demo
[0.123s] -- Up-to-date: /root/ros_ws/install/moveit_task_constructor_demo/lib/moveit_task_constructor_demo/alternatives.py
[0.124s] -- Up-to-date: /root/ros_ws/install/moveit_task_constructor_demo/lib/moveit_task_constructor_demo/cartesian.py
[0.124s] -- Up-to-date: /root/ros_ws/install/moveit_task_constructor_demo/lib/moveit_task_constructor_demo/compute_ik.py
[0.124s] -- Up-to-date: /root/ros_ws/install/moveit_task_constructor_demo/lib/moveit_task_constructor_demo/constrained.py
[0.124s] -- Up-to-date: /root/ros_ws/install/moveit_task_constructor_demo/lib/moveit_task_constructor_demo/current_state.py
[0.124s] -- Up-to-date: /root/ros_ws/install/moveit_task_constructor_demo/lib/moveit_task_constructor_demo/fallbacks.py
[0.124s] -- Up-to-date: /root/ros_ws/install/moveit_task_constructor_demo/lib/moveit_task_constructor_demo/fix_collision_objects.py
[0.124s] -- Up-to-date: /root/ros_ws/install/moveit_task_constructor_demo/lib/moveit_task_constructor_demo/fixed_state.py
[0.124s] -- Up-to-date: /root/ros_ws/install/moveit_task_constructor_demo/lib/moveit_task_constructor_demo/generate_pose.py
[0.124s] -- Up-to-date: /root/ros_ws/install/moveit_task_constructor_demo/lib/moveit_task_constructor_demo/merger.py
[0.125s] -- Up-to-date: /root/ros_ws/install/moveit_task_constructor_demo/lib/moveit_task_constructor_demo/modify_planning_scene.py
[0.125s] -- Up-to-date: /root/ros_ws/install/moveit_task_constructor_demo/lib/moveit_task_constructor_demo/multi_planner.py
[0.125s] -- Up-to-date: /root/ros_ws/install/moveit_task_constructor_demo/lib/moveit_task_constructor_demo/pickplace.py
[0.125s] -- Up-to-date: /root/ros_ws/install/moveit_task_constructor_demo/lib/moveit_task_constructor_demo/properties.py
[0.125s] -- Up-to-date: /root/ros_ws/install/moveit_task_constructor_demo/share/moveit_task_constructor_demo/launch
[0.125s] -- Up-to-date: /root/ros_ws/install/moveit_task_constructor_demo/share/moveit_task_constructor_demo/launch/demo.launch.py
[0.125s] -- Up-to-date: /root/ros_ws/install/moveit_task_constructor_demo/share/moveit_task_constructor_demo/launch/run.launch.py
[0.125s] -- Up-to-date: /root/ros_ws/install/moveit_task_constructor_demo/share/moveit_task_constructor_demo/config
[0.125s] -- Up-to-date: /root/ros_ws/install/moveit_task_constructor_demo/share/moveit_task_constructor_demo/config/mtc.rviz
[0.125s] -- Up-to-date: /root/ros_ws/install/moveit_task_constructor_demo/share/moveit_task_constructor_demo/config/panda_config.yaml
[0.126s] -- Up-to-date: /root/ros_ws/install/moveit_task_constructor_demo/share/ament_index/resource_index/package_run_dependencies/moveit_task_constructor_demo
[0.126s] -- Up-to-date: /root/ros_ws/install/moveit_task_constructor_demo/share/ament_index/resource_index/parent_prefix_path/moveit_task_constructor_demo
[0.126s] -- Up-to-date: /root/ros_ws/install/moveit_task_constructor_demo/share/moveit_task_constructor_demo/environment/ament_prefix_path.sh
[0.126s] -- Up-to-date: /root/ros_ws/install/moveit_task_constructor_demo/share/moveit_task_constructor_demo/environment/ament_prefix_path.dsv
[0.126s] -- Up-to-date: /root/ros_ws/install/moveit_task_constructor_demo/share/moveit_task_constructor_demo/environment/path.sh
[0.126s] -- Up-to-date: /root/ros_ws/install/moveit_task_constructor_demo/share/moveit_task_constructor_demo/environment/path.dsv
[0.126s] -- Up-to-date: /root/ros_ws/install/moveit_task_constructor_demo/share/moveit_task_constructor_demo/local_setup.bash
[0.126s] -- Up-to-date: /root/ros_ws/install/moveit_task_constructor_demo/share/moveit_task_constructor_demo/local_setup.sh
[0.126s] -- Up-to-date: /root/ros_ws/install/moveit_task_constructor_demo/share/moveit_task_constructor_demo/local_setup.zsh
[0.126s] -- Up-to-date: /root/ros_ws/install/moveit_task_constructor_demo/share/moveit_task_constructor_demo/local_setup.dsv
[0.126s] -- Installing: /root/ros_ws/install/moveit_task_constructor_demo/share/moveit_task_constructor_demo/package.dsv
[0.126s] -- Up-to-date: /root/ros_ws/install/moveit_task_constructor_demo/share/ament_index/resource_index/packages/moveit_task_constructor_demo
[0.126s] -- Up-to-date: /root/ros_ws/install/moveit_task_constructor_demo/share/moveit_task_constructor_demo/cmake/moveit_task_constructor_demoConfig.cmake
[0.126s] -- Up-to-date: /root/ros_ws/install/moveit_task_constructor_demo/share/moveit_task_constructor_demo/cmake/moveit_task_constructor_demoConfig-version.cmake
[0.126s] -- Up-to-date: /root/ros_ws/install/moveit_task_constructor_demo/share/moveit_task_constructor_demo/package.xml
[0.128s] Invoked command in '/root/ros_ws/build/moveit_task_constructor_demo' returned '0': AMENT_PREFIX_PATH=/root/ros_ws/install/moveit_task_constructor_capabilities:/root/ros_ws/install/moveit_task_constructor_core:/root/ros_ws/install/moveit_resources_panda_moveit_config:/root/ros_ws/install/moveit_resources_fanuc_moveit_config:/root/ros_ws/install/rviz_marker_tools:/root/ros_ws/install/moveit_task_constructor_msgs:/root/ros_ws/install/moveit_resources_panda_description:/root/ros_ws/install/moveit_resources_fanuc_description:${AMENT_PREFIX_PATH} CMAKE_MODULE_PATH=/root/ros_ws/install/moveit_task_constructor_core/share/moveit_task_constructor_core/cmake CMAKE_PREFIX_PATH=/root/ros_ws/install/moveit_task_constructor_capabilities:/root/ros_ws/install/moveit_task_constructor_core:/root/ros_ws/install/moveit_resources_panda_moveit_config:/root/ros_ws/install/moveit_resources_fanuc_moveit_config:/root/ros_ws/install/rviz_marker_tools:/root/ros_ws/install/moveit_task_constructor_msgs:/root/ros_ws/install/moveit_resources_panda_description:/root/ros_ws/install/moveit_resources_fanuc_description:/opt/ros/jazzy/opt/gz_sim_vendor:/opt/ros/jazzy/opt/gz_sensors_vendor:/opt/ros/jazzy/opt/gz_physics_vendor:/opt/ros/jazzy/opt/sdformat_vendor:/opt/ros/jazzy/opt/gz_gui_vendor:/opt/ros/jazzy/opt/gz_transport_vendor:/opt/ros/jazzy/opt/gz_rendering_vendor:/opt/ros/jazzy/opt/gz_plugin_vendor:/opt/ros/jazzy/opt/gz_fuel_tools_vendor:/opt/ros/jazzy/opt/gz_msgs_vendor:/opt/ros/jazzy/opt/gz_common_vendor:/opt/ros/jazzy/opt/gz_math_vendor:/opt/ros/jazzy/opt/gz_utils_vendor:/opt/ros/jazzy/opt/gz_tools_vendor:/opt/ros/jazzy/opt/gz_ogre_next_vendor:/opt/ros/jazzy/opt/gz_dartsim_vendor:/opt/ros/jazzy/opt/gz_cmake_vendor:/opt/ros/jazzy DEBUGINFOD_URLS=https://debuginfod.ubuntu.com LD_LIBRARY_PATH=/root/ros_ws/install/moveit_task_constructor_capabilities/lib:/root/ros_ws/install/moveit_task_constructor_core/lib:/root/ros_ws/install/rviz_marker_tools/lib:/root/ros_ws/install/moveit_task_constructor_msgs/lib:${LD_LIBRARY_PATH} PYTHONPATH=/root/ros_ws/install/moveit_task_constructor_core/lib/python3.12/site-packages:/root/ros_ws/install/moveit_task_constructor_msgs/lib/python3.12/site-packages:${PYTHONPATH} /usr/bin/cmake --install /root/ros_ws/build/moveit_task_constructor_demo
