[0.144s] Invoking command in '/root/ros_ws/build/moveit_resources_fanuc_description': CMAKE_PREFIX_PATH=${CMAKE_PREFIX_PATH}:/root/ros_ws/install/universal_robots_ur10e:/root/ros_ws/install/simple_moveit_app:/root/ros_ws/install/panda_moveit_python:/opt/ros/jazzy DEBUGINFOD_URLS=https://debuginfod.ubuntu.com /usr/bin/cmake --build /root/ros_ws/build/moveit_resources_fanuc_description -- -j20 -l20
[1.387s] Invoked command in '/root/ros_ws/build/moveit_resources_fanuc_description' returned '0': CMAKE_PREFIX_PATH=${CMAKE_PREFIX_PATH}:/root/ros_ws/install/universal_robots_ur10e:/root/ros_ws/install/simple_moveit_app:/root/ros_ws/install/panda_moveit_python:/opt/ros/jazzy DEBUGINFOD_URLS=https://debuginfod.ubuntu.com /usr/bin/cmake --build /root/ros_ws/build/moveit_resources_fanuc_description -- -j20 -l20
[1.392s] Invoking command in '/root/ros_ws/build/moveit_resources_fanuc_description': CMAKE_PREFIX_PATH=${CMAKE_PREFIX_PATH}:/root/ros_ws/install/universal_robots_ur10e:/root/ros_ws/install/simple_moveit_app:/root/ros_ws/install/panda_moveit_python:/opt/ros/jazzy DEBUGINFOD_URLS=https://debuginfod.ubuntu.com /usr/bin/cmake --install /root/ros_ws/build/moveit_resources_fanuc_description
[1.421s] -- Install configuration: ""
[1.423s] -- Up-to-date: /root/ros_ws/install/moveit_resources_fanuc_description/share/ament_index/resource_index/package_run_dependencies/moveit_resources_fanuc_description
[1.426s] -- Up-to-date: /root/ros_ws/install/moveit_resources_fanuc_description/share/ament_index/resource_index/parent_prefix_path/moveit_resources_fanuc_description
[1.428s] -- Up-to-date: /root/ros_ws/install/moveit_resources_fanuc_description/share/moveit_resources_fanuc_description/environment/ament_prefix_path.sh
[1.430s] -- Up-to-date: /root/ros_ws/install/moveit_resources_fanuc_description/share/moveit_resources_fanuc_description/environment/ament_prefix_path.dsv
[1.431s] -- Up-to-date: /root/ros_ws/install/moveit_resources_fanuc_description/share/moveit_resources_fanuc_description/environment/path.sh
[1.432s] -- Up-to-date: /root/ros_ws/install/moveit_resources_fanuc_description/share/moveit_resources_fanuc_description/environment/path.dsv
[1.432s] -- Up-to-date: /root/ros_ws/install/moveit_resources_fanuc_description/share/moveit_resources_fanuc_description/local_setup.bash
[1.433s] -- Up-to-date: /root/ros_ws/install/moveit_resources_fanuc_description/share/moveit_resources_fanuc_description/local_setup.sh
[1.433s] -- Up-to-date: /root/ros_ws/install/moveit_resources_fanuc_description/share/moveit_resources_fanuc_description/local_setup.zsh
[1.433s] -- Up-to-date: /root/ros_ws/install/moveit_resources_fanuc_description/share/moveit_resources_fanuc_description/local_setup.dsv
[1.434s] -- Installing: /root/ros_ws/install/moveit_resources_fanuc_description/share/moveit_resources_fanuc_description/package.dsv
[1.435s] -- Up-to-date: /root/ros_ws/install/moveit_resources_fanuc_description/share/ament_index/resource_index/packages/moveit_resources_fanuc_description
[1.435s] -- Up-to-date: /root/ros_ws/install/moveit_resources_fanuc_description/share/moveit_resources_fanuc_description/cmake/moveit_resources_fanuc_descriptionConfig.cmake
[1.436s] -- Up-to-date: /root/ros_ws/install/moveit_resources_fanuc_description/share/moveit_resources_fanuc_description/cmake/moveit_resources_fanuc_descriptionConfig-version.cmake
[1.436s] -- Up-to-date: /root/ros_ws/install/moveit_resources_fanuc_description/share/moveit_resources_fanuc_description/package.xml
[1.436s] -- Up-to-date: /root/ros_ws/install/moveit_resources_fanuc_description/share/moveit_resources_fanuc_description/meshes
[1.437s] -- Up-to-date: /root/ros_ws/install/moveit_resources_fanuc_description/share/moveit_resources_fanuc_description/meshes/visual
[1.437s] -- Up-to-date: /root/ros_ws/install/moveit_resources_fanuc_description/share/moveit_resources_fanuc_description/meshes/visual/link_3.stl
[1.438s] -- Up-to-date: /root/ros_ws/install/moveit_resources_fanuc_description/share/moveit_resources_fanuc_description/meshes/visual/link_1.stl
[1.438s] -- Up-to-date: /root/ros_ws/install/moveit_resources_fanuc_description/share/moveit_resources_fanuc_description/meshes/visual/base_link.stl
[1.438s] -- Up-to-date: /root/ros_ws/install/moveit_resources_fanuc_description/share/moveit_resources_fanuc_description/meshes/visual/link_5.stl
[1.438s] -- Up-to-date: /root/ros_ws/install/moveit_resources_fanuc_description/share/moveit_resources_fanuc_description/meshes/visual/link_6.stl
[1.439s] -- Up-to-date: /root/ros_ws/install/moveit_resources_fanuc_description/share/moveit_resources_fanuc_description/meshes/visual/link_2.stl
[1.439s] -- Up-to-date: /root/ros_ws/install/moveit_resources_fanuc_description/share/moveit_resources_fanuc_description/meshes/visual/link_4.stl
[1.439s] -- Up-to-date: /root/ros_ws/install/moveit_resources_fanuc_description/share/moveit_resources_fanuc_description/meshes/collision
[1.440s] -- Up-to-date: /root/ros_ws/install/moveit_resources_fanuc_description/share/moveit_resources_fanuc_description/meshes/collision/link_3.stl
[1.440s] -- Up-to-date: /root/ros_ws/install/moveit_resources_fanuc_description/share/moveit_resources_fanuc_description/meshes/collision/link_1.stl
[1.440s] -- Up-to-date: /root/ros_ws/install/moveit_resources_fanuc_description/share/moveit_resources_fanuc_description/meshes/collision/base_link.stl
[1.440s] -- Up-to-date: /root/ros_ws/install/moveit_resources_fanuc_description/share/moveit_resources_fanuc_description/meshes/collision/link_5.stl
[1.440s] -- Up-to-date: /root/ros_ws/install/moveit_resources_fanuc_description/share/moveit_resources_fanuc_description/meshes/collision/link_6.stl
[1.441s] -- Up-to-date: /root/ros_ws/install/moveit_resources_fanuc_description/share/moveit_resources_fanuc_description/meshes/collision/link_2.stl
[1.441s] -- Up-to-date: /root/ros_ws/install/moveit_resources_fanuc_description/share/moveit_resources_fanuc_description/meshes/collision/link_4.stl
[1.441s] -- Up-to-date: /root/ros_ws/install/moveit_resources_fanuc_description/share/moveit_resources_fanuc_description/urdf
[1.441s] -- Up-to-date: /root/ros_ws/install/moveit_resources_fanuc_description/share/moveit_resources_fanuc_description/urdf/fanuc.urdf
[1.804s] Invoked command in '/root/ros_ws/build/moveit_resources_fanuc_description' returned '0': CMAKE_PREFIX_PATH=${CMAKE_PREFIX_PATH}:/root/ros_ws/install/universal_robots_ur10e:/root/ros_ws/install/simple_moveit_app:/root/ros_ws/install/panda_moveit_python:/opt/ros/jazzy DEBUGINFOD_URLS=https://debuginfod.ubuntu.com /usr/bin/cmake --install /root/ros_ws/build/moveit_resources_fanuc_description
