[0.505s] Invoking command in '/root/ros_ws/build/robotiq_description': CMAKE_PREFIX_PATH=${CMAKE_PREFIX_PATH}:/opt/ros/jazzy DEBUGINFOD_URLS=https://debuginfod.ubuntu.com /usr/bin/cmake --build /root/ros_ws/build/robotiq_description -- -j20 -l20
[1.264s] Invoked command in '/root/ros_ws/build/robotiq_description' returned '0': CMAKE_PREFIX_PATH=${CMAKE_PREFIX_PATH}:/opt/ros/jazzy DEBUGINFOD_URLS=https://debuginfod.ubuntu.com /usr/bin/cmake --build /root/ros_ws/build/robotiq_description -- -j20 -l20
[1.265s] Invoking command in '/root/ros_ws/build/robotiq_description': CMAKE_PREFIX_PATH=${CMAKE_PREFIX_PATH}:/opt/ros/jazzy DEBUGINFOD_URLS=https://debuginfod.ubuntu.com /usr/bin/cmake --install /root/ros_ws/build/robotiq_description
[1.526s] -- Install configuration: ""
[1.527s] -- Up-to-date: /root/ros_ws/install/robotiq_description/share/robotiq_description/config
[1.527s] -- Up-to-date: /root/ros_ws/install/robotiq_description/share/robotiq_description/config/robotiq_controllers.yaml
[1.527s] -- Up-to-date: /root/ros_ws/install/robotiq_description/share/robotiq_description/launch
[1.527s] -- Up-to-date: /root/ros_ws/install/robotiq_description/share/robotiq_description/launch/view_gripper.launch.py
[1.527s] -- Up-to-date: /root/ros_ws/install/robotiq_description/share/robotiq_description/launch/robotiq_control.launch.py
[1.528s] -- Up-to-date: /root/ros_ws/install/robotiq_description/share/robotiq_description/meshes
[1.528s] -- Up-to-date: /root/ros_ws/install/robotiq_description/share/robotiq_description/meshes/visual
[1.528s] -- Up-to-date: /root/ros_ws/install/robotiq_description/share/robotiq_description/meshes/visual/2f_140
[1.528s] -- Up-to-date: /root/ros_ws/install/robotiq_description/share/robotiq_description/meshes/visual/2f_140/robotiq_2f_140_coupling.stl
[1.528s] -- Up-to-date: /root/ros_ws/install/robotiq_description/share/robotiq_description/meshes/visual/2f_140/robotiq_2f_140_inner_finger.stl
[1.528s] -- Up-to-date: /root/ros_ws/install/robotiq_description/share/robotiq_description/meshes/visual/2f_140/robotiq_2f_140_outer_knuckle.stl
[1.529s] -- Up-to-date: /root/ros_ws/install/robotiq_description/share/robotiq_description/meshes/visual/2f_140/robotiq_2f_140_outer_finger.stl
[1.529s] -- Up-to-date: /root/ros_ws/install/robotiq_description/share/robotiq_description/meshes/visual/2f_140/robotiq_2f_140_inner_knuckle.stl
[1.529s] -- Up-to-date: /root/ros_ws/install/robotiq_description/share/robotiq_description/meshes/visual/2f_140/robotiq_2f_140_base_link.stl
[1.530s] -- Up-to-date: /root/ros_ws/install/robotiq_description/share/robotiq_description/meshes/visual/2f_85
[1.530s] -- Up-to-date: /root/ros_ws/install/robotiq_description/share/robotiq_description/meshes/visual/2f_85/right_finger_tip.dae
[1.530s] -- Up-to-date: /root/ros_ws/install/robotiq_description/share/robotiq_description/meshes/visual/2f_85/left_inner_knuckle.dae
[1.530s] -- Up-to-date: /root/ros_ws/install/robotiq_description/share/robotiq_description/meshes/visual/2f_85/right_knuckle.dae
[1.531s] -- Up-to-date: /root/ros_ws/install/robotiq_description/share/robotiq_description/meshes/visual/2f_85/right_finger.dae
[1.531s] -- Up-to-date: /root/ros_ws/install/robotiq_description/share/robotiq_description/meshes/visual/2f_85/left_finger.dae
[1.531s] -- Up-to-date: /root/ros_ws/install/robotiq_description/share/robotiq_description/meshes/visual/2f_85/robotiq_base.dae
[1.531s] -- Up-to-date: /root/ros_ws/install/robotiq_description/share/robotiq_description/meshes/visual/2f_85/left_knuckle.dae
[1.532s] -- Up-to-date: /root/ros_ws/install/robotiq_description/share/robotiq_description/meshes/visual/2f_85/right_inner_knuckle.dae
[1.532s] -- Up-to-date: /root/ros_ws/install/robotiq_description/share/robotiq_description/meshes/visual/2f_85/ur_to_robotiq_adapter.dae
[1.532s] -- Up-to-date: /root/ros_ws/install/robotiq_description/share/robotiq_description/meshes/visual/2f_85/left_finger_tip.dae
[1.533s] -- Up-to-date: /root/ros_ws/install/robotiq_description/share/robotiq_description/meshes/collision
[1.533s] -- Up-to-date: /root/ros_ws/install/robotiq_description/share/robotiq_description/meshes/collision/2f_140
[1.534s] -- Up-to-date: /root/ros_ws/install/robotiq_description/share/robotiq_description/meshes/collision/2f_140/robotiq_2f_140_coupling.stl
[1.534s] -- Up-to-date: /root/ros_ws/install/robotiq_description/share/robotiq_description/meshes/collision/2f_140/robotiq_2f_140_inner_finger.stl
[1.534s] -- Up-to-date: /root/ros_ws/install/robotiq_description/share/robotiq_description/meshes/collision/2f_140/robotiq_2f_140_outer_knuckle.stl
[1.535s] -- Up-to-date: /root/ros_ws/install/robotiq_description/share/robotiq_description/meshes/collision/2f_140/robotiq_2f_140_outer_finger.stl
[1.535s] -- Up-to-date: /root/ros_ws/install/robotiq_description/share/robotiq_description/meshes/collision/2f_140/robotiq_2f_140_inner_knuckle.stl
[1.535s] -- Up-to-date: /root/ros_ws/install/robotiq_description/share/robotiq_description/meshes/collision/2f_140/robotiq_2f_140_base_link.stl
[1.535s] -- Up-to-date: /root/ros_ws/install/robotiq_description/share/robotiq_description/meshes/collision/2f_85
[1.536s] -- Up-to-date: /root/ros_ws/install/robotiq_description/share/robotiq_description/meshes/collision/2f_85/right_inner_knuckle.stl
[1.536s] -- Up-to-date: /root/ros_ws/install/robotiq_description/share/robotiq_description/meshes/collision/2f_85/left_knuckle.stl
[1.536s] -- Up-to-date: /root/ros_ws/install/robotiq_description/share/robotiq_description/meshes/collision/2f_85/ur_to_robotiq_adapter.stl
[1.537s] -- Up-to-date: /root/ros_ws/install/robotiq_description/share/robotiq_description/meshes/collision/2f_85/right_finger.stl
[1.537s] -- Up-to-date: /root/ros_ws/install/robotiq_description/share/robotiq_description/meshes/collision/2f_85/left_finger.stl
[1.537s] -- Up-to-date: /root/ros_ws/install/robotiq_description/share/robotiq_description/meshes/collision/2f_85/right_finger_tip.stl
[1.538s] -- Up-to-date: /root/ros_ws/install/robotiq_description/share/robotiq_description/meshes/collision/2f_85/right_knuckle.stl
[1.538s] -- Up-to-date: /root/ros_ws/install/robotiq_description/share/robotiq_description/meshes/collision/2f_85/left_finger_tip.stl
[1.538s] -- Up-to-date: /root/ros_ws/install/robotiq_description/share/robotiq_description/meshes/collision/2f_85/robotiq_base.stl
[1.538s] -- Up-to-date: /root/ros_ws/install/robotiq_description/share/robotiq_description/meshes/collision/2f_85/left_inner_knuckle.stl
[1.539s] -- Up-to-date: /root/ros_ws/install/robotiq_description/share/robotiq_description/rviz
[1.539s] -- Up-to-date: /root/ros_ws/install/robotiq_description/share/robotiq_description/rviz/view_urdf.rviz
[1.540s] -- Up-to-date: /root/ros_ws/install/robotiq_description/share/robotiq_description/urdf
[1.541s] -- Up-to-date: /root/ros_ws/install/robotiq_description/share/robotiq_description/urdf/robotiq_2f_140_gripper.urdf.xacro
[1.552s] -- Up-to-date: /root/ros_ws/install/robotiq_description/share/robotiq_description/urdf/robotiq_2f_140_macro.urdf.xacro
[1.552s] -- Up-to-date: /root/ros_ws/install/robotiq_description/share/robotiq_description/urdf/2f_140.ros2_control.xacro
[1.552s] -- Up-to-date: /root/ros_ws/install/robotiq_description/share/robotiq_description/urdf/2f_85.ros2_control.xacro
[1.552s] -- Up-to-date: /root/ros_ws/install/robotiq_description/share/robotiq_description/urdf/robotiq_2f_85_macro.urdf.xacro
[1.553s] -- Up-to-date: /root/ros_ws/install/robotiq_description/share/robotiq_description/urdf/robotiq_2f_140.xacro
[1.553s] -- Up-to-date: /root/ros_ws/install/robotiq_description/share/robotiq_description/urdf/robotiq_2f_85_gripper.urdf.xacro
[1.553s] -- Up-to-date: /root/ros_ws/install/robotiq_description/share/robotiq_description/urdf/ur_to_robotiq_adapter.urdf.xacro
[1.573s] -- Up-to-date: /root/ros_ws/install/robotiq_description/share/ament_index/resource_index/package_run_dependencies/robotiq_description
[1.573s] -- Up-to-date: /root/ros_ws/install/robotiq_description/share/ament_index/resource_index/parent_prefix_path/robotiq_description
[1.574s] -- Up-to-date: /root/ros_ws/install/robotiq_description/share/robotiq_description/environment/ament_prefix_path.sh
[1.574s] -- Up-to-date: /root/ros_ws/install/robotiq_description/share/robotiq_description/environment/ament_prefix_path.dsv
[1.575s] -- Up-to-date: /root/ros_ws/install/robotiq_description/share/robotiq_description/environment/path.sh
[1.575s] -- Up-to-date: /root/ros_ws/install/robotiq_description/share/robotiq_description/environment/path.dsv
[1.575s] -- Up-to-date: /root/ros_ws/install/robotiq_description/share/robotiq_description/local_setup.bash
[1.578s] -- Up-to-date: /root/ros_ws/install/robotiq_description/share/robotiq_description/local_setup.sh
[1.579s] -- Up-to-date: /root/ros_ws/install/robotiq_description/share/robotiq_description/local_setup.zsh
[1.579s] -- Up-to-date: /root/ros_ws/install/robotiq_description/share/robotiq_description/local_setup.dsv
[1.581s] -- Installing: /root/ros_ws/install/robotiq_description/share/robotiq_description/package.dsv
[1.584s] -- Up-to-date: /root/ros_ws/install/robotiq_description/share/ament_index/resource_index/packages/robotiq_description
[1.584s] -- Up-to-date: /root/ros_ws/install/robotiq_description/share/robotiq_description/cmake/robotiq_descriptionConfig.cmake
[1.585s] -- Up-to-date: /root/ros_ws/install/robotiq_description/share/robotiq_description/cmake/robotiq_descriptionConfig-version.cmake
[1.591s] -- Up-to-date: /root/ros_ws/install/robotiq_description/share/robotiq_description/package.xml
[1.781s] Invoked command in '/root/ros_ws/build/robotiq_description' returned '0': CMAKE_PREFIX_PATH=${CMAKE_PREFIX_PATH}:/opt/ros/jazzy DEBUGINFOD_URLS=https://debuginfod.ubuntu.com /usr/bin/cmake --install /root/ros_ws/build/robotiq_description
