[0.006s] Invoking command in '/root/ros_ws/build/zivid_samples': AMENT_PREFIX_PATH=/root/ros_ws/install/zivid_interfaces:${AMENT_PREFIX_PATH} CMAKE_PREFIX_PATH=/root/ros_ws/install/zivid_interfaces:/opt/ros/jazzy/opt/gz_sim_vendor:/opt/ros/jazzy/opt/gz_sensors_vendor:/opt/ros/jazzy/opt/gz_physics_vendor:/opt/ros/jazzy/opt/sdformat_vendor:/opt/ros/jazzy/opt/gz_gui_vendor:/opt/ros/jazzy/opt/gz_transport_vendor:/opt/ros/jazzy/opt/gz_rendering_vendor:/opt/ros/jazzy/opt/gz_plugin_vendor:/opt/ros/jazzy/opt/gz_fuel_tools_vendor:/opt/ros/jazzy/opt/gz_msgs_vendor:/opt/ros/jazzy/opt/gz_common_vendor:/opt/ros/jazzy/opt/gz_math_vendor:/opt/ros/jazzy/opt/gz_utils_vendor:/opt/ros/jazzy/opt/gz_tools_vendor:/opt/ros/jazzy/opt/gz_ogre_next_vendor:/opt/ros/jazzy/opt/gz_dartsim_vendor:/opt/ros/jazzy/opt/gz_cmake_vendor:/opt/ros/jazzy LD_LIBRARY_PATH=/root/ros_ws/install/zivid_interfaces/lib:${LD_LIBRARY_PATH} PYTHONPATH=/root/ros_ws/install/zivid_interfaces/lib/python3.12/site-packages:${PYTHONPATH} /usr/bin/cmake /root/ros_ws/src/zivid-ros/zivid_samples -DCMAKE_INSTALL_PREFIX=/root/ros_ws/install/zivid_samples
[0.071s] -- The C compiler identification is GNU 13.3.0
[0.115s] -- The CXX compiler identification is GNU 13.3.0
[0.132s] -- Detecting C compiler ABI info
[0.215s] -- Detecting C compiler ABI info - done
[0.223s] -- Check for working C compiler: /usr/bin/cc - skipped
[0.224s] -- Detecting C compile features
[0.224s] -- Detecting C compile features - done
[0.233s] -- Detecting CXX compiler ABI info
[0.325s] -- Detecting CXX compiler ABI info - done
[0.333s] -- Check for working CXX compiler: /usr/bin/c++ - skipped
[0.334s] -- Detecting CXX compile features
[0.334s] -- Detecting CXX compile features - done
[0.340s] -- Found ament_cmake: 2.5.4 (/opt/ros/jazzy/share/ament_cmake/cmake)
[0.487s] -- Found Python3: /usr/bin/python3 (found version "3.12.3") found components: Interpreter 
[0.589s] -- Found ament_index_cpp: 1.8.1 (/opt/ros/jazzy/share/ament_index_cpp/cmake)
[0.592s] -- Found rclcpp: 28.1.9 (/opt/ros/jazzy/share/rclcpp/cmake)
[0.647s] -- Found rosidl_generator_c: 4.6.5 (/opt/ros/jazzy/share/rosidl_generator_c/cmake)
[0.666s] -- Found rosidl_generator_cpp: 4.6.5 (/opt/ros/jazzy/share/rosidl_generator_cpp/cmake)
[0.688s] -- Using all available rosidl_typesupport_c: rosidl_typesupport_fastrtps_c;rosidl_typesupport_introspection_c
[0.711s] -- Using all available rosidl_typesupport_cpp: rosidl_typesupport_fastrtps_cpp;rosidl_typesupport_introspection_cpp
[0.804s] -- Found rmw_implementation_cmake: 7.3.2 (/opt/ros/jazzy/share/rmw_implementation_cmake/cmake)
[0.809s] -- Found rmw_fastrtps_cpp: 8.4.2 (/opt/ros/jazzy/share/rmw_fastrtps_cpp/cmake)
[0.903s] -- Found OpenSSL: /usr/lib/x86_64-linux-gnu/libcrypto.so (found version "3.0.13")  
[0.921s] -- Found FastRTPS: /opt/ros/jazzy/include (Required is at least version "2.13") 
[0.937s] -- Using RMW implementation 'rmw_fastrtps_cpp' as default
[1.009s] -- Found zivid_interfaces: 3.1.0 (/root/ros_ws/install/zivid_interfaces/share/zivid_interfaces/cmake)
[1.084s] -- Found sensor_msgs: 5.3.6 (/opt/ros/jazzy/share/sensor_msgs/cmake)
[1.109s] -- Found std_srvs: 5.3.6 (/opt/ros/jazzy/share/std_srvs/cmake)
[1.129s] -- Found tf2: 0.36.11 (/opt/ros/jazzy/share/tf2/cmake)
[1.137s] -- Found tf2_ros: 0.36.11 (/opt/ros/jazzy/share/tf2_ros/cmake)
[1.295s] -- Found tf2_geometry_msgs: 0.36.11 (/opt/ros/jazzy/share/tf2_geometry_msgs/cmake)
[1.323s] -- Found eigen3_cmake_module: 0.3.0 (/opt/ros/jazzy/share/eigen3_cmake_module/cmake)
[1.324s] -- Found Eigen3: TRUE (found version "3.4.0") 
[1.324s] -- Ensuring Eigen3 include directory is part of orocos-kdl CMake target
[1.341s] -- Found ament_lint_auto: 0.17.2 (/opt/ros/jazzy/share/ament_lint_auto/cmake)
[1.458s] -- Added test 'clang_format' to check C / C++ code style
[1.460s] -- Added test 'clang_tidy' to check C / C++ code style
[1.462s] -- Added test 'cppcheck' to perform static code analysis on C / C++ code
[1.463s] -- Configured cppcheck include dirs: 
[1.463s] -- Configured cppcheck exclude dirs and/or files: 
[1.464s] -- Added test 'flake8' to check Python code syntax and style conventions
[1.464s] -- Configured 'flake8' exclude dirs and/or files: 
[1.465s] -- Added test 'lint_cmake' to check CMake code style
[1.465s] -- Added test 'pep257' to check Python code against some of the docstring style conventions in PEP 257
[1.466s] -- Added test 'xmllint' to check XML markup files
[1.468s] -- Configuring done (1.5s)
[1.510s] -- Generating done (0.0s)
[1.523s] -- Build files have been written to: /root/ros_ws/build/zivid_samples
