[0.083s] Invoking command in '/root/ros_ws/build/serial': CMAKE_PREFIX_PATH=${CMAKE_PREFIX_PATH}:/root/ros_ws/install/universal_robots_ur10e:/root/ros_ws/install/simple_moveit_app:/root/ros_ws/install/panda_moveit_python:/opt/ros/jazzy DEBUGINFOD_URLS=https://debuginfod.ubuntu.com /usr/bin/cmake --build /root/ros_ws/build/serial -- -j28 -l28
[0.576s] [100%] Built target serial
[0.594s] Invoked command in '/root/ros_ws/build/serial' returned '0': CMAKE_PREFIX_PATH=${CMAKE_PREFIX_PATH}:/root/ros_ws/install/universal_robots_ur10e:/root/ros_ws/install/simple_moveit_app:/root/ros_ws/install/panda_moveit_python:/opt/ros/jazzy DEBUGINFOD_URLS=https://debuginfod.ubuntu.com /usr/bin/cmake --build /root/ros_ws/build/serial -- -j28 -l28
[0.594s] Invoking command in '/root/ros_ws/build/serial': CMAKE_PREFIX_PATH=${CMAKE_PREFIX_PATH}:/root/ros_ws/install/universal_robots_ur10e:/root/ros_ws/install/simple_moveit_app:/root/ros_ws/install/panda_moveit_python:/opt/ros/jazzy DEBUGINFOD_URLS=https://debuginfod.ubuntu.com /usr/bin/cmake --install /root/ros_ws/build/serial
[0.602s] -- Install configuration: ""
[0.603s] -- Up-to-date: /root/ros_ws/install/serial/lib/libserial.a
[0.624s] -- Up-to-date: /root/ros_ws/install/serial/include
[0.633s] -- Up-to-date: /root/ros_ws/install/serial/include/serial
[0.644s] -- Up-to-date: /root/ros_ws/install/serial/include/serial/impl
[0.655s] -- Up-to-date: /root/ros_ws/install/serial/include/serial/impl/unix.h
[0.656s] -- Up-to-date: /root/ros_ws/install/serial/include/serial/impl/win.h
[0.657s] -- Up-to-date: /root/ros_ws/install/serial/include/serial/v8stdint.h
[0.658s] -- Up-to-date: /root/ros_ws/install/serial/include/serial/serial.h
[0.660s] -- Up-to-date: /root/ros_ws/install/serial/share/serial/environment/library_path.sh
[0.702s] -- Up-to-date: /root/ros_ws/install/serial/share/serial/environment/library_path.dsv
[0.703s] -- Up-to-date: /root/ros_ws/install/serial/share/ament_index/resource_index/package_run_dependencies/serial
[0.730s] -- Up-to-date: /root/ros_ws/install/serial/share/ament_index/resource_index/parent_prefix_path/serial
[0.744s] -- Up-to-date: /root/ros_ws/install/serial/share/serial/environment/ament_prefix_path.sh
[0.745s] -- Up-to-date: /root/ros_ws/install/serial/share/serial/environment/ament_prefix_path.dsv
[0.746s] -- Up-to-date: /root/ros_ws/install/serial/share/serial/environment/path.sh
[0.748s] -- Up-to-date: /root/ros_ws/install/serial/share/serial/environment/path.dsv
[0.749s] -- Up-to-date: /root/ros_ws/install/serial/share/serial/local_setup.bash
[0.750s] -- Up-to-date: /root/ros_ws/install/serial/share/serial/local_setup.sh
[0.752s] -- Up-to-date: /root/ros_ws/install/serial/share/serial/local_setup.zsh
[0.753s] -- Up-to-date: /root/ros_ws/install/serial/share/serial/local_setup.dsv
[0.754s] -- Installing: /root/ros_ws/install/serial/share/serial/package.dsv
[0.780s] -- Up-to-date: /root/ros_ws/install/serial/share/ament_index/resource_index/packages/serial
[0.790s] -- Up-to-date: /root/ros_ws/install/serial/share/serial/cmake/export_serialExport.cmake
[0.799s] -- Up-to-date: /root/ros_ws/install/serial/share/serial/cmake/export_serialExport-noconfig.cmake
[0.801s] -- Up-to-date: /root/ros_ws/install/serial/share/serial/cmake/ament_cmake_export_include_directories-extras.cmake
[0.802s] -- Up-to-date: /root/ros_ws/install/serial/share/serial/cmake/ament_cmake_export_libraries-extras.cmake
[0.804s] -- Up-to-date: /root/ros_ws/install/serial/share/serial/cmake/ament_cmake_export_targets-extras.cmake
[0.805s] -- Up-to-date: /root/ros_ws/install/serial/share/serial/cmake/serialConfig.cmake
[0.806s] -- Up-to-date: /root/ros_ws/install/serial/share/serial/cmake/serialConfig-version.cmake
[0.808s] -- Up-to-date: /root/ros_ws/install/serial/share/serial/package.xml
[0.866s] Invoked command in '/root/ros_ws/build/serial' returned '0': CMAKE_PREFIX_PATH=${CMAKE_PREFIX_PATH}:/root/ros_ws/install/universal_robots_ur10e:/root/ros_ws/install/simple_moveit_app:/root/ros_ws/install/panda_moveit_python:/opt/ros/jazzy DEBUGINFOD_URLS=https://debuginfod.ubuntu.com /usr/bin/cmake --install /root/ros_ws/build/serial
