[  0%] Built target zivid_rviz_plugin_autogen_timestamp_deps
[ 14%] [34m[1mAutomatic MOC for target zivid_rviz_plugin[0m
[ 14%] Built target zivid_rviz_plugin_autogen
[ 28%] [34m[1mGenerating include/zivid_rviz_plugin/moc_infield_correction.cpp[0m
[ 42%] [32mBuilding CXX object CMakeFiles/zivid_rviz_plugin.dir/include/zivid_rviz_plugin/moc_infield_correction.cpp.o[0m
[ 57%] [32mBuilding CXX object CMakeFiles/zivid_rviz_plugin.dir/src/infield_correction.cpp.o[0m
[ 71%] [32mBuilding CXX object CMakeFiles/zivid_rviz_plugin.dir/zivid_rviz_plugin_autogen/mocs_compilation.cpp.o[0m
[ 85%] [32m[1mLinking CXX shared library libzivid_rviz_plugin.so[0m
[100%] Built target zivid_rviz_plugin
-- Install configuration: ""
-- Installing: /root/ros_ws/install/zivid_rviz_plugin/lib/libzivid_rviz_plugin.so
-- Set non-toolchain portion of runtime path of "/root/ros_ws/install/zivid_rviz_plugin/lib/libzivid_rviz_plugin.so" to ""
-- Installing: /root/ros_ws/install/zivid_rviz_plugin/include
-- Installing: /root/ros_ws/install/zivid_rviz_plugin/include/zivid_rviz_plugin
-- Installing: /root/ros_ws/install/zivid_rviz_plugin/include/zivid_rviz_plugin/infield_correction.hpp
-- Installing: /root/ros_ws/install/zivid_rviz_plugin/share/zivid_rviz_plugin/plugins.xml
-- Installing: /root/ros_ws/install/zivid_rviz_plugin/share/zivid_rviz_plugin/icons/classes/Zivid Infield Correction.png
-- Up-to-date: /root/ros_ws/install/zivid_rviz_plugin/share/zivid_rviz_plugin/plugins.xml
-- Installing: /root/ros_ws/install/zivid_rviz_plugin/share/ament_index/resource_index/package_run_dependencies/zivid_rviz_plugin
-- Installing: /root/ros_ws/install/zivid_rviz_plugin/share/ament_index/resource_index/parent_prefix_path/zivid_rviz_plugin
-- Installing: /root/ros_ws/install/zivid_rviz_plugin/share/zivid_rviz_plugin/environment/ament_prefix_path.sh
-- Installing: /root/ros_ws/install/zivid_rviz_plugin/share/zivid_rviz_plugin/environment/ament_prefix_path.dsv
-- Installing: /root/ros_ws/install/zivid_rviz_plugin/share/zivid_rviz_plugin/environment/path.sh
-- Installing: /root/ros_ws/install/zivid_rviz_plugin/share/zivid_rviz_plugin/environment/path.dsv
-- Installing: /root/ros_ws/install/zivid_rviz_plugin/share/zivid_rviz_plugin/local_setup.bash
-- Installing: /root/ros_ws/install/zivid_rviz_plugin/share/zivid_rviz_plugin/local_setup.sh
-- Installing: /root/ros_ws/install/zivid_rviz_plugin/share/zivid_rviz_plugin/local_setup.zsh
-- Installing: /root/ros_ws/install/zivid_rviz_plugin/share/zivid_rviz_plugin/local_setup.dsv
-- Installing: /root/ros_ws/install/zivid_rviz_plugin/share/zivid_rviz_plugin/package.dsv
-- Installing: /root/ros_ws/install/zivid_rviz_plugin/share/ament_index/resource_index/packages/zivid_rviz_plugin
-- Installing: /root/ros_ws/install/zivid_rviz_plugin/share/ament_index/resource_index/rviz_common__pluginlib__plugin/zivid_rviz_plugin
-- Installing: /root/ros_ws/install/zivid_rviz_plugin/share/zivid_rviz_plugin/cmake/export_zivid_rviz_pluginExport.cmake
-- Installing: /root/ros_ws/install/zivid_rviz_plugin/share/zivid_rviz_plugin/cmake/export_zivid_rviz_pluginExport-noconfig.cmake
-- Installing: /root/ros_ws/install/zivid_rviz_plugin/share/zivid_rviz_plugin/cmake/ament_cmake_export_include_directories-extras.cmake
-- Installing: /root/ros_ws/install/zivid_rviz_plugin/share/zivid_rviz_plugin/cmake/ament_cmake_export_targets-extras.cmake
-- Installing: /root/ros_ws/install/zivid_rviz_plugin/share/zivid_rviz_plugin/cmake/zivid_rviz_pluginConfig.cmake
-- Installing: /root/ros_ws/install/zivid_rviz_plugin/share/zivid_rviz_plugin/cmake/zivid_rviz_pluginConfig-version.cmake
-- Installing: /root/ros_ws/install/zivid_rviz_plugin/share/zivid_rviz_plugin/package.xml
