[0.014s] Invoking command in '/root/ros_ws/build/zivid_rviz_plugin': AMENT_PREFIX_PATH=/root/ros_ws/install/zivid_interfaces:${AMENT_PREFIX_PATH} CMAKE_PREFIX_PATH=/root/ros_ws/install/zivid_interfaces:/opt/ros/jazzy/opt/gz_sim_vendor:/opt/ros/jazzy/opt/gz_sensors_vendor:/opt/ros/jazzy/opt/gz_physics_vendor:/opt/ros/jazzy/opt/sdformat_vendor:/opt/ros/jazzy/opt/gz_gui_vendor:/opt/ros/jazzy/opt/gz_transport_vendor:/opt/ros/jazzy/opt/gz_rendering_vendor:/opt/ros/jazzy/opt/gz_plugin_vendor:/opt/ros/jazzy/opt/gz_fuel_tools_vendor:/opt/ros/jazzy/opt/gz_msgs_vendor:/opt/ros/jazzy/opt/gz_common_vendor:/opt/ros/jazzy/opt/gz_math_vendor:/opt/ros/jazzy/opt/gz_utils_vendor:/opt/ros/jazzy/opt/gz_tools_vendor:/opt/ros/jazzy/opt/gz_ogre_next_vendor:/opt/ros/jazzy/opt/gz_dartsim_vendor:/opt/ros/jazzy/opt/gz_cmake_vendor:/opt/ros/jazzy LD_LIBRARY_PATH=/root/ros_ws/install/zivid_interfaces/lib:${LD_LIBRARY_PATH} PYTHONPATH=/root/ros_ws/install/zivid_interfaces/lib/python3.12/site-packages:${PYTHONPATH} /usr/bin/cmake --build /root/ros_ws/build/zivid_rviz_plugin -- -j28 -l28
[0.052s] [  0%] Built target zivid_rviz_plugin_autogen_timestamp_deps
[0.072s] [ 14%] [34m[1mAutomatic MOC for target zivid_rviz_plugin[0m
[0.120s] [ 14%] Built target zivid_rviz_plugin_autogen
[0.130s] [ 28%] [34m[1mGenerating include/zivid_rviz_plugin/moc_infield_correction.cpp[0m
[0.155s] [ 42%] [32mBuilding CXX object CMakeFiles/zivid_rviz_plugin.dir/include/zivid_rviz_plugin/moc_infield_correction.cpp.o[0m
[0.156s] [ 57%] [32mBuilding CXX object CMakeFiles/zivid_rviz_plugin.dir/src/infield_correction.cpp.o[0m
[0.158s] [ 71%] [32mBuilding CXX object CMakeFiles/zivid_rviz_plugin.dir/zivid_rviz_plugin_autogen/mocs_compilation.cpp.o[0m
[3.553s] [ 85%] [32m[1mLinking CXX shared library libzivid_rviz_plugin.so[0m
[5.229s] [100%] Built target zivid_rviz_plugin
[5.259s] Invoked command in '/root/ros_ws/build/zivid_rviz_plugin' returned '0': AMENT_PREFIX_PATH=/root/ros_ws/install/zivid_interfaces:${AMENT_PREFIX_PATH} CMAKE_PREFIX_PATH=/root/ros_ws/install/zivid_interfaces:/opt/ros/jazzy/opt/gz_sim_vendor:/opt/ros/jazzy/opt/gz_sensors_vendor:/opt/ros/jazzy/opt/gz_physics_vendor:/opt/ros/jazzy/opt/sdformat_vendor:/opt/ros/jazzy/opt/gz_gui_vendor:/opt/ros/jazzy/opt/gz_transport_vendor:/opt/ros/jazzy/opt/gz_rendering_vendor:/opt/ros/jazzy/opt/gz_plugin_vendor:/opt/ros/jazzy/opt/gz_fuel_tools_vendor:/opt/ros/jazzy/opt/gz_msgs_vendor:/opt/ros/jazzy/opt/gz_common_vendor:/opt/ros/jazzy/opt/gz_math_vendor:/opt/ros/jazzy/opt/gz_utils_vendor:/opt/ros/jazzy/opt/gz_tools_vendor:/opt/ros/jazzy/opt/gz_ogre_next_vendor:/opt/ros/jazzy/opt/gz_dartsim_vendor:/opt/ros/jazzy/opt/gz_cmake_vendor:/opt/ros/jazzy LD_LIBRARY_PATH=/root/ros_ws/install/zivid_interfaces/lib:${LD_LIBRARY_PATH} PYTHONPATH=/root/ros_ws/install/zivid_interfaces/lib/python3.12/site-packages:${PYTHONPATH} /usr/bin/cmake --build /root/ros_ws/build/zivid_rviz_plugin -- -j28 -l28
[5.259s] Invoking command in '/root/ros_ws/build/zivid_rviz_plugin': AMENT_PREFIX_PATH=/root/ros_ws/install/zivid_interfaces:${AMENT_PREFIX_PATH} CMAKE_PREFIX_PATH=/root/ros_ws/install/zivid_interfaces:/opt/ros/jazzy/opt/gz_sim_vendor:/opt/ros/jazzy/opt/gz_sensors_vendor:/opt/ros/jazzy/opt/gz_physics_vendor:/opt/ros/jazzy/opt/sdformat_vendor:/opt/ros/jazzy/opt/gz_gui_vendor:/opt/ros/jazzy/opt/gz_transport_vendor:/opt/ros/jazzy/opt/gz_rendering_vendor:/opt/ros/jazzy/opt/gz_plugin_vendor:/opt/ros/jazzy/opt/gz_fuel_tools_vendor:/opt/ros/jazzy/opt/gz_msgs_vendor:/opt/ros/jazzy/opt/gz_common_vendor:/opt/ros/jazzy/opt/gz_math_vendor:/opt/ros/jazzy/opt/gz_utils_vendor:/opt/ros/jazzy/opt/gz_tools_vendor:/opt/ros/jazzy/opt/gz_ogre_next_vendor:/opt/ros/jazzy/opt/gz_dartsim_vendor:/opt/ros/jazzy/opt/gz_cmake_vendor:/opt/ros/jazzy LD_LIBRARY_PATH=/root/ros_ws/install/zivid_interfaces/lib:${LD_LIBRARY_PATH} PYTHONPATH=/root/ros_ws/install/zivid_interfaces/lib/python3.12/site-packages:${PYTHONPATH} /usr/bin/cmake --install /root/ros_ws/build/zivid_rviz_plugin
[5.274s] -- Install configuration: ""
[5.274s] -- Installing: /root/ros_ws/install/zivid_rviz_plugin/lib/libzivid_rviz_plugin.so
[5.276s] -- Set non-toolchain portion of runtime path of "/root/ros_ws/install/zivid_rviz_plugin/lib/libzivid_rviz_plugin.so" to ""
[5.276s] -- Installing: /root/ros_ws/install/zivid_rviz_plugin/include
[5.276s] -- Installing: /root/ros_ws/install/zivid_rviz_plugin/include/zivid_rviz_plugin
[5.277s] -- Installing: /root/ros_ws/install/zivid_rviz_plugin/include/zivid_rviz_plugin/infield_correction.hpp
[5.284s] -- Installing: /root/ros_ws/install/zivid_rviz_plugin/share/zivid_rviz_plugin/plugins.xml
[5.284s] -- Installing: /root/ros_ws/install/zivid_rviz_plugin/share/zivid_rviz_plugin/icons/classes/Zivid Infield Correction.png
[5.284s] -- Up-to-date: /root/ros_ws/install/zivid_rviz_plugin/share/zivid_rviz_plugin/plugins.xml
[5.284s] -- Installing: /root/ros_ws/install/zivid_rviz_plugin/share/ament_index/resource_index/package_run_dependencies/zivid_rviz_plugin
[5.284s] -- Installing: /root/ros_ws/install/zivid_rviz_plugin/share/ament_index/resource_index/parent_prefix_path/zivid_rviz_plugin
[5.284s] -- Installing: /root/ros_ws/install/zivid_rviz_plugin/share/zivid_rviz_plugin/environment/ament_prefix_path.sh
[5.284s] -- Installing: /root/ros_ws/install/zivid_rviz_plugin/share/zivid_rviz_plugin/environment/ament_prefix_path.dsv
[5.284s] -- Installing: /root/ros_ws/install/zivid_rviz_plugin/share/zivid_rviz_plugin/environment/path.sh
[5.284s] -- Installing: /root/ros_ws/install/zivid_rviz_plugin/share/zivid_rviz_plugin/environment/path.dsv
[5.284s] -- Installing: /root/ros_ws/install/zivid_rviz_plugin/share/zivid_rviz_plugin/local_setup.bash
[5.284s] -- Installing: /root/ros_ws/install/zivid_rviz_plugin/share/zivid_rviz_plugin/local_setup.sh
[5.284s] -- Installing: /root/ros_ws/install/zivid_rviz_plugin/share/zivid_rviz_plugin/local_setup.zsh
[5.284s] -- Installing: /root/ros_ws/install/zivid_rviz_plugin/share/zivid_rviz_plugin/local_setup.dsv
[5.284s] -- Installing: /root/ros_ws/install/zivid_rviz_plugin/share/zivid_rviz_plugin/package.dsv
[5.284s] -- Installing: /root/ros_ws/install/zivid_rviz_plugin/share/ament_index/resource_index/packages/zivid_rviz_plugin
[5.285s] -- Installing: /root/ros_ws/install/zivid_rviz_plugin/share/ament_index/resource_index/rviz_common__pluginlib__plugin/zivid_rviz_plugin
[5.285s] -- Installing: /root/ros_ws/install/zivid_rviz_plugin/share/zivid_rviz_plugin/cmake/export_zivid_rviz_pluginExport.cmake
[5.285s] -- Installing: /root/ros_ws/install/zivid_rviz_plugin/share/zivid_rviz_plugin/cmake/export_zivid_rviz_pluginExport-noconfig.cmake
[5.286s] -- Installing: /root/ros_ws/install/zivid_rviz_plugin/share/zivid_rviz_plugin/cmake/ament_cmake_export_include_directories-extras.cmake
[5.286s] -- Installing: /root/ros_ws/install/zivid_rviz_plugin/share/zivid_rviz_plugin/cmake/ament_cmake_export_targets-extras.cmake
[5.292s] -- Installing: /root/ros_ws/install/zivid_rviz_plugin/share/zivid_rviz_plugin/cmake/zivid_rviz_pluginConfig.cmake
[5.292s] -- Installing: /root/ros_ws/install/zivid_rviz_plugin/share/zivid_rviz_plugin/cmake/zivid_rviz_pluginConfig-version.cmake
[5.292s] -- Installing: /root/ros_ws/install/zivid_rviz_plugin/share/zivid_rviz_plugin/package.xml
[5.299s] Invoked command in '/root/ros_ws/build/zivid_rviz_plugin' returned '0': AMENT_PREFIX_PATH=/root/ros_ws/install/zivid_interfaces:${AMENT_PREFIX_PATH} CMAKE_PREFIX_PATH=/root/ros_ws/install/zivid_interfaces:/opt/ros/jazzy/opt/gz_sim_vendor:/opt/ros/jazzy/opt/gz_sensors_vendor:/opt/ros/jazzy/opt/gz_physics_vendor:/opt/ros/jazzy/opt/sdformat_vendor:/opt/ros/jazzy/opt/gz_gui_vendor:/opt/ros/jazzy/opt/gz_transport_vendor:/opt/ros/jazzy/opt/gz_rendering_vendor:/opt/ros/jazzy/opt/gz_plugin_vendor:/opt/ros/jazzy/opt/gz_fuel_tools_vendor:/opt/ros/jazzy/opt/gz_msgs_vendor:/opt/ros/jazzy/opt/gz_common_vendor:/opt/ros/jazzy/opt/gz_math_vendor:/opt/ros/jazzy/opt/gz_utils_vendor:/opt/ros/jazzy/opt/gz_tools_vendor:/opt/ros/jazzy/opt/gz_ogre_next_vendor:/opt/ros/jazzy/opt/gz_dartsim_vendor:/opt/ros/jazzy/opt/gz_cmake_vendor:/opt/ros/jazzy LD_LIBRARY_PATH=/root/ros_ws/install/zivid_interfaces/lib:${LD_LIBRARY_PATH} PYTHONPATH=/root/ros_ws/install/zivid_interfaces/lib/python3.12/site-packages:${PYTHONPATH} /usr/bin/cmake --install /root/ros_ws/build/zivid_rviz_plugin
