[0.024s] Invoking command in '/root/ros_ws/build/serial': CMAKE_PREFIX_PATH=${CMAKE_PREFIX_PATH}:/opt/ros/jazzy /usr/bin/cmake /root/ros_ws/src/serial -DCMAKE_INSTALL_PREFIX=/root/ros_ws/install/serial
[0.419s] -- The C compiler identification is GNU 13.3.0
[0.419s] -- The CXX compiler identification is GNU 13.3.0
[0.419s] -- Detecting C compiler ABI info
[0.419s] -- Detecting C compiler ABI info - done
[0.419s] -- Check for working C compiler: /usr/bin/cc - skipped
[0.419s] -- Detecting C compile features
[0.419s] -- Detecting C compile features - done
[0.419s] -- Detecting CXX compiler ABI info
[0.419s] -- Detecting CXX compiler ABI info - done
[0.419s] -- Check for working CXX compiler: /usr/bin/c++ - skipped
[0.419s] -- Detecting CXX compile features
[0.419s] -- Detecting CXX compile features - done
[0.419s] -- Found ament_cmake: 2.5.4 (/opt/ros/jazzy/share/ament_cmake/cmake)
[0.419s] -- Found Python3: /usr/bin/python3 (found version "3.12.3") found components: Interpreter 
[0.444s] -- Configuring done (0.4s)
[0.446s] -- Generating done (0.0s)
[0.447s] -- Build files have been written to: /root/ros_ws/build/serial
[0.450s] Invoked command in '/root/ros_ws/build/serial' returned '0': CMAKE_PREFIX_PATH=${CMAKE_PREFIX_PATH}:/opt/ros/jazzy /usr/bin/cmake /root/ros_ws/src/serial -DCMAKE_INSTALL_PREFIX=/root/ros_ws/install/serial
[0.451s] Invoking command in '/root/ros_ws/build/serial': CMAKE_PREFIX_PATH=${CMAKE_PREFIX_PATH}:/opt/ros/jazzy /usr/bin/cmake --build /root/ros_ws/build/serial -- -j28 -l28
[0.485s] [ 25%] [32mBuilding CXX object CMakeFiles/serial.dir/src/serial.cc.o[0m
[0.485s] [ 50%] [32mBuilding CXX object CMakeFiles/serial.dir/src/impl/list_ports/list_ports_linux.cc.o[0m
[0.487s] [ 75%] [32mBuilding CXX object CMakeFiles/serial.dir/src/impl/unix.cc.o[0m
[0.833s] [100%] [32m[1mLinking CXX static library libserial.a[0m
[0.876s] [100%] Built target serial
[0.883s] Invoked command in '/root/ros_ws/build/serial' returned '0': CMAKE_PREFIX_PATH=${CMAKE_PREFIX_PATH}:/opt/ros/jazzy /usr/bin/cmake --build /root/ros_ws/build/serial -- -j28 -l28
[0.884s] Invoking command in '/root/ros_ws/build/serial': CMAKE_PREFIX_PATH=${CMAKE_PREFIX_PATH}:/opt/ros/jazzy /usr/bin/cmake --install /root/ros_ws/build/serial
[0.891s] -- Install configuration: ""
[0.891s] -- Installing: /root/ros_ws/install/serial/lib/libserial.a
[0.891s] -- Installing: /root/ros_ws/install/serial/include
[0.892s] -- Installing: /root/ros_ws/install/serial/include/serial
[0.892s] -- Installing: /root/ros_ws/install/serial/include/serial/impl
[0.892s] -- Installing: /root/ros_ws/install/serial/include/serial/impl/unix.h
[0.892s] -- Installing: /root/ros_ws/install/serial/include/serial/impl/win.h
[0.892s] -- Installing: /root/ros_ws/install/serial/include/serial/v8stdint.h
[0.892s] -- Installing: /root/ros_ws/install/serial/include/serial/serial.h
[0.892s] -- Installing: /root/ros_ws/install/serial/share/serial/environment/library_path.sh
[0.892s] -- Installing: /root/ros_ws/install/serial/share/serial/environment/library_path.dsv
[0.892s] -- Installing: /root/ros_ws/install/serial/share/ament_index/resource_index/package_run_dependencies/serial
[0.893s] -- Installing: /root/ros_ws/install/serial/share/ament_index/resource_index/parent_prefix_path/serial
[0.893s] -- Installing: /root/ros_ws/install/serial/share/serial/environment/ament_prefix_path.sh
[0.893s] -- Installing: /root/ros_ws/install/serial/share/serial/environment/ament_prefix_path.dsv
[0.893s] -- Installing: /root/ros_ws/install/serial/share/serial/environment/path.sh
[0.893s] -- Installing: /root/ros_ws/install/serial/share/serial/environment/path.dsv
[0.893s] -- Installing: /root/ros_ws/install/serial/share/serial/local_setup.bash
[0.893s] -- Installing: /root/ros_ws/install/serial/share/serial/local_setup.sh
[0.894s] -- Installing: /root/ros_ws/install/serial/share/serial/local_setup.zsh
[0.894s] -- Installing: /root/ros_ws/install/serial/share/serial/local_setup.dsv
[0.894s] -- Installing: /root/ros_ws/install/serial/share/serial/package.dsv
[0.894s] -- Installing: /root/ros_ws/install/serial/share/ament_index/resource_index/packages/serial
[0.894s] -- Installing: /root/ros_ws/install/serial/share/serial/cmake/export_serialExport.cmake
[0.894s] -- Installing: /root/ros_ws/install/serial/share/serial/cmake/export_serialExport-noconfig.cmake
[0.895s] -- Installing: /root/ros_ws/install/serial/share/serial/cmake/ament_cmake_export_include_directories-extras.cmake
[0.895s] -- Installing: /root/ros_ws/install/serial/share/serial/cmake/ament_cmake_export_libraries-extras.cmake
[0.895s] -- Installing: /root/ros_ws/install/serial/share/serial/cmake/ament_cmake_export_targets-extras.cmake
[0.895s] -- Installing: /root/ros_ws/install/serial/share/serial/cmake/serialConfig.cmake
[0.895s] -- Installing: /root/ros_ws/install/serial/share/serial/cmake/serialConfig-version.cmake
[0.895s] -- Installing: /root/ros_ws/install/serial/share/serial/package.xml
[0.897s] Invoked command in '/root/ros_ws/build/serial' returned '0': CMAKE_PREFIX_PATH=${CMAKE_PREFIX_PATH}:/opt/ros/jazzy /usr/bin/cmake --install /root/ros_ws/build/serial
