[0.752s] Invoking command in '/root/ros_ws/src/simple_moveit_app': PYTHONPATH=/root/ros_ws/build/simple_moveit_app/prefix_override:/usr/lib/python3/dist-packages/colcon_core/task/python/colcon_distutils_commands:/root/ros_ws/install/simple_moveit_app/lib/python3.12/site-packages:${PYTHONPATH} /usr/bin/python3 -W ignore:setup.py install is deprecated -W ignore:easy_install command is deprecated setup.py egg_info --egg-base ../../build/simple_moveit_app build --build-base /root/ros_ws/build/simple_moveit_app/build install --record /root/ros_ws/build/simple_moveit_app/install.log --single-version-externally-managed install_data
[0.898s] running egg_info
[0.898s] creating ../../build/simple_moveit_app/simple_moveit_app.egg-info
[0.909s] writing ../../build/simple_moveit_app/simple_moveit_app.egg-info/PKG-INFO
[0.909s] writing dependency_links to ../../build/simple_moveit_app/simple_moveit_app.egg-info/dependency_links.txt
[0.909s] writing entry points to ../../build/simple_moveit_app/simple_moveit_app.egg-info/entry_points.txt
[0.909s] writing requirements to ../../build/simple_moveit_app/simple_moveit_app.egg-info/requires.txt
[0.910s] writing top-level names to ../../build/simple_moveit_app/simple_moveit_app.egg-info/top_level.txt
[0.910s] writing manifest file '../../build/simple_moveit_app/simple_moveit_app.egg-info/SOURCES.txt'
[0.932s] reading manifest file '../../build/simple_moveit_app/simple_moveit_app.egg-info/SOURCES.txt'
[0.932s] writing manifest file '../../build/simple_moveit_app/simple_moveit_app.egg-info/SOURCES.txt'
[0.933s] running build
[0.933s] running build_py
[0.933s] creating /root/ros_ws/build/simple_moveit_app/build
[0.933s] creating /root/ros_ws/build/simple_moveit_app/build/lib
[0.933s] creating /root/ros_ws/build/simple_moveit_app/build/lib/simple_moveit_app
[0.933s] copying simple_moveit_app/__init__.py -> /root/ros_ws/build/simple_moveit_app/build/lib/simple_moveit_app
[0.933s] copying simple_moveit_app/simple_moveit_app.py -> /root/ros_ws/build/simple_moveit_app/build/lib/simple_moveit_app
[0.933s] running install
[0.936s] running install_lib
[0.947s] creating /root/ros_ws/install/simple_moveit_app/lib/python3.12/site-packages/simple_moveit_app
[0.947s] copying /root/ros_ws/build/simple_moveit_app/build/lib/simple_moveit_app/__init__.py -> /root/ros_ws/install/simple_moveit_app/lib/python3.12/site-packages/simple_moveit_app
[0.947s] copying /root/ros_ws/build/simple_moveit_app/build/lib/simple_moveit_app/simple_moveit_app.py -> /root/ros_ws/install/simple_moveit_app/lib/python3.12/site-packages/simple_moveit_app
[0.947s] byte-compiling /root/ros_ws/install/simple_moveit_app/lib/python3.12/site-packages/simple_moveit_app/__init__.py to __init__.cpython-312.pyc
[0.948s] byte-compiling /root/ros_ws/install/simple_moveit_app/lib/python3.12/site-packages/simple_moveit_app/simple_moveit_app.py to simple_moveit_app.cpython-312.pyc
[0.948s] running install_data
[0.948s] creating /root/ros_ws/install/simple_moveit_app/share/ament_index
[0.948s] creating /root/ros_ws/install/simple_moveit_app/share/ament_index/resource_index
[0.948s] creating /root/ros_ws/install/simple_moveit_app/share/ament_index/resource_index/packages
[0.948s] copying resource/simple_moveit_app -> /root/ros_ws/install/simple_moveit_app/share/ament_index/resource_index/packages
[0.948s] copying package.xml -> /root/ros_ws/install/simple_moveit_app/share/simple_moveit_app
[0.948s] creating /root/ros_ws/install/simple_moveit_app/share/simple_moveit_app/launch
[0.948s] copying launch/simple_moveit_app.launch.py -> /root/ros_ws/install/simple_moveit_app/share/simple_moveit_app/launch
[0.949s] creating /root/ros_ws/install/simple_moveit_app/share/simple_moveit_app/config
[0.949s] copying config/planning_python_api.yaml -> /root/ros_ws/install/simple_moveit_app/share/simple_moveit_app/config
[0.949s] running install_egg_info
[0.960s] Copying ../../build/simple_moveit_app/simple_moveit_app.egg-info to /root/ros_ws/install/simple_moveit_app/lib/python3.12/site-packages/simple_moveit_app-0.0.0-py3.12.egg-info
[0.961s] running install_scripts
[1.039s] Installing simple_moveit_app script to /root/ros_ws/install/simple_moveit_app/lib/simple_moveit_app
[1.039s] writing list of installed files to '/root/ros_ws/build/simple_moveit_app/install.log'
[1.058s] Invoked command in '/root/ros_ws/src/simple_moveit_app' returned '0': PYTHONPATH=/root/ros_ws/build/simple_moveit_app/prefix_override:/usr/lib/python3/dist-packages/colcon_core/task/python/colcon_distutils_commands:/root/ros_ws/install/simple_moveit_app/lib/python3.12/site-packages:${PYTHONPATH} /usr/bin/python3 -W ignore:setup.py install is deprecated -W ignore:easy_install command is deprecated setup.py egg_info --egg-base ../../build/simple_moveit_app build --build-base /root/ros_ws/build/simple_moveit_app/build install --record /root/ros_ws/build/simple_moveit_app/install.log --single-version-externally-managed install_data
