[0.033s] Invoking command in '/root/ros_ws/build/robotiq_driver': AMENT_PREFIX_PATH=/root/ros_ws/install/serial:${AMENT_PREFIX_PATH} CMAKE_PREFIX_PATH=/root/ros_ws/install/serial:/opt/ros/jazzy/opt/gz_sim_vendor:/opt/ros/jazzy/opt/gz_sensors_vendor:/opt/ros/jazzy/opt/gz_physics_vendor:/opt/ros/jazzy/opt/sdformat_vendor:/opt/ros/jazzy/opt/gz_gui_vendor:/opt/ros/jazzy/opt/gz_transport_vendor:/opt/ros/jazzy/opt/gz_rendering_vendor:/opt/ros/jazzy/opt/gz_plugin_vendor:/opt/ros/jazzy/opt/gz_fuel_tools_vendor:/opt/ros/jazzy/opt/gz_msgs_vendor:/opt/ros/jazzy/opt/gz_common_vendor:/opt/ros/jazzy/opt/gz_math_vendor:/opt/ros/jazzy/opt/gz_utils_vendor:/opt/ros/jazzy/opt/gz_tools_vendor:/opt/ros/jazzy/opt/gz_ogre_next_vendor:/opt/ros/jazzy/opt/gz_dartsim_vendor:/opt/ros/jazzy/opt/gz_cmake_vendor:/opt/ros/jazzy DEBUGINFOD_URLS=https://debuginfod.ubuntu.com LD_LIBRARY_PATH=/root/ros_ws/install/serial/lib:${LD_LIBRARY_PATH} /usr/bin/cmake --build /root/ros_ws/build/robotiq_driver -- -j20 -l20
[0.136s] [ 16%] Built target gmock_main
[0.136s] [ 20%] Built target gmock
[0.136s] [ 58%] Built target robotiq_driver
[0.193s] [ 66%] Built target test_robotiq_gripper_hardware_interface
[0.196s] [ 75%] Built target test_default_serial_factory
[0.197s] [ 83%] Built target test_default_driver_factory
[0.198s] [ 91%] Built target test_crc_utils
[0.198s] [100%] Built target test_data_utils
[0.244s] Invoked command in '/root/ros_ws/build/robotiq_driver' returned '0': AMENT_PREFIX_PATH=/root/ros_ws/install/serial:${AMENT_PREFIX_PATH} CMAKE_PREFIX_PATH=/root/ros_ws/install/serial:/opt/ros/jazzy/opt/gz_sim_vendor:/opt/ros/jazzy/opt/gz_sensors_vendor:/opt/ros/jazzy/opt/gz_physics_vendor:/opt/ros/jazzy/opt/sdformat_vendor:/opt/ros/jazzy/opt/gz_gui_vendor:/opt/ros/jazzy/opt/gz_transport_vendor:/opt/ros/jazzy/opt/gz_rendering_vendor:/opt/ros/jazzy/opt/gz_plugin_vendor:/opt/ros/jazzy/opt/gz_fuel_tools_vendor:/opt/ros/jazzy/opt/gz_msgs_vendor:/opt/ros/jazzy/opt/gz_common_vendor:/opt/ros/jazzy/opt/gz_math_vendor:/opt/ros/jazzy/opt/gz_utils_vendor:/opt/ros/jazzy/opt/gz_tools_vendor:/opt/ros/jazzy/opt/gz_ogre_next_vendor:/opt/ros/jazzy/opt/gz_dartsim_vendor:/opt/ros/jazzy/opt/gz_cmake_vendor:/opt/ros/jazzy DEBUGINFOD_URLS=https://debuginfod.ubuntu.com LD_LIBRARY_PATH=/root/ros_ws/install/serial/lib:${LD_LIBRARY_PATH} /usr/bin/cmake --build /root/ros_ws/build/robotiq_driver -- -j20 -l20
[0.246s] Invoking command in '/root/ros_ws/build/robotiq_driver': AMENT_PREFIX_PATH=/root/ros_ws/install/serial:${AMENT_PREFIX_PATH} CMAKE_PREFIX_PATH=/root/ros_ws/install/serial:/opt/ros/jazzy/opt/gz_sim_vendor:/opt/ros/jazzy/opt/gz_sensors_vendor:/opt/ros/jazzy/opt/gz_physics_vendor:/opt/ros/jazzy/opt/sdformat_vendor:/opt/ros/jazzy/opt/gz_gui_vendor:/opt/ros/jazzy/opt/gz_transport_vendor:/opt/ros/jazzy/opt/gz_rendering_vendor:/opt/ros/jazzy/opt/gz_plugin_vendor:/opt/ros/jazzy/opt/gz_fuel_tools_vendor:/opt/ros/jazzy/opt/gz_msgs_vendor:/opt/ros/jazzy/opt/gz_common_vendor:/opt/ros/jazzy/opt/gz_math_vendor:/opt/ros/jazzy/opt/gz_utils_vendor:/opt/ros/jazzy/opt/gz_tools_vendor:/opt/ros/jazzy/opt/gz_ogre_next_vendor:/opt/ros/jazzy/opt/gz_dartsim_vendor:/opt/ros/jazzy/opt/gz_cmake_vendor:/opt/ros/jazzy DEBUGINFOD_URLS=https://debuginfod.ubuntu.com LD_LIBRARY_PATH=/root/ros_ws/install/serial/lib:${LD_LIBRARY_PATH} /usr/bin/cmake --install /root/ros_ws/build/robotiq_driver
[0.256s] -- Install configuration: ""
[0.257s] -- Up-to-date: /root/ros_ws/install/robotiq_driver/share/robotiq_driver/hardware_interface_plugin.xml
[0.257s] -- Up-to-date: /root/ros_ws/install/robotiq_driver/share/robotiq_driver/environment/library_path.sh
[0.257s] -- Up-to-date: /root/ros_ws/install/robotiq_driver/share/robotiq_driver/environment/library_path.dsv
[0.257s] -- Up-to-date: /root/ros_ws/install/robotiq_driver/include
[0.257s] -- Up-to-date: /root/ros_ws/install/robotiq_driver/include/robotiq_driver
[0.258s] -- Up-to-date: /root/ros_ws/install/robotiq_driver/include/robotiq_driver/driver.hpp
[0.258s] -- Up-to-date: /root/ros_ws/install/robotiq_driver/include/robotiq_driver/default_driver_factory.hpp
[0.258s] -- Up-to-date: /root/ros_ws/install/robotiq_driver/include/robotiq_driver/crc_utils.hpp
[0.258s] -- Up-to-date: /root/ros_ws/install/robotiq_driver/include/robotiq_driver/default_driver.hpp
[0.259s] -- Up-to-date: /root/ros_ws/install/robotiq_driver/include/robotiq_driver/hardware_interface.hpp
[0.259s] -- Up-to-date: /root/ros_ws/install/robotiq_driver/include/robotiq_driver/visibility_control.hpp
[0.259s] -- Up-to-date: /root/ros_ws/install/robotiq_driver/include/robotiq_driver/driver_factory.hpp
[0.259s] -- Up-to-date: /root/ros_ws/install/robotiq_driver/include/robotiq_driver/fake
[0.260s] -- Up-to-date: /root/ros_ws/install/robotiq_driver/include/robotiq_driver/fake/fake_driver.hpp
[0.260s] -- Up-to-date: /root/ros_ws/install/robotiq_driver/include/robotiq_driver/serial.hpp
[0.260s] -- Up-to-date: /root/ros_ws/install/robotiq_driver/include/robotiq_driver/data_utils.hpp
[0.260s] -- Up-to-date: /root/ros_ws/install/robotiq_driver/include/robotiq_driver/driver_exception.hpp
[0.260s] -- Up-to-date: /root/ros_ws/install/robotiq_driver/include/robotiq_driver/default_serial_factory.hpp
[0.261s] -- Up-to-date: /root/ros_ws/install/robotiq_driver/include/robotiq_driver/default_serial.hpp
[0.261s] -- Up-to-date: /root/ros_ws/install/robotiq_driver/include/robotiq_driver/serial_factory.hpp
[0.262s] -- Up-to-date: /root/ros_ws/install/robotiq_driver/lib/librobotiq_driver.so
[0.263s] -- Up-to-date: /root/ros_ws/install/robotiq_driver/share/ament_index/resource_index/package_run_dependencies/robotiq_driver
[0.264s] -- Up-to-date: /root/ros_ws/install/robotiq_driver/share/ament_index/resource_index/parent_prefix_path/robotiq_driver
[0.264s] -- Up-to-date: /root/ros_ws/install/robotiq_driver/share/robotiq_driver/environment/ament_prefix_path.sh
[0.265s] -- Up-to-date: /root/ros_ws/install/robotiq_driver/share/robotiq_driver/environment/ament_prefix_path.dsv
[0.265s] -- Up-to-date: /root/ros_ws/install/robotiq_driver/share/robotiq_driver/environment/path.sh
[0.265s] -- Up-to-date: /root/ros_ws/install/robotiq_driver/share/robotiq_driver/environment/path.dsv
[0.266s] -- Up-to-date: /root/ros_ws/install/robotiq_driver/share/robotiq_driver/local_setup.bash
[0.266s] -- Up-to-date: /root/ros_ws/install/robotiq_driver/share/robotiq_driver/local_setup.sh
[0.266s] -- Up-to-date: /root/ros_ws/install/robotiq_driver/share/robotiq_driver/local_setup.zsh
[0.267s] -- Up-to-date: /root/ros_ws/install/robotiq_driver/share/robotiq_driver/local_setup.dsv
[0.267s] -- Installing: /root/ros_ws/install/robotiq_driver/share/robotiq_driver/package.dsv
[0.267s] -- Up-to-date: /root/ros_ws/install/robotiq_driver/share/ament_index/resource_index/packages/robotiq_driver
[0.268s] -- Up-to-date: /root/ros_ws/install/robotiq_driver/share/ament_index/resource_index/hardware_interface__pluginlib__plugin/robotiq_driver
[0.268s] -- Up-to-date: /root/ros_ws/install/robotiq_driver/share/robotiq_driver/cmake/robotiq_driver_targetsExport.cmake
[0.269s] -- Up-to-date: /root/ros_ws/install/robotiq_driver/share/robotiq_driver/cmake/robotiq_driver_targetsExport-noconfig.cmake
[0.269s] -- Up-to-date: /root/ros_ws/install/robotiq_driver/share/robotiq_driver/cmake/ament_cmake_export_targets-extras.cmake
[0.270s] -- Up-to-date: /root/ros_ws/install/robotiq_driver/share/robotiq_driver/cmake/ament_cmake_export_dependencies-extras.cmake
[0.270s] -- Up-to-date: /root/ros_ws/install/robotiq_driver/share/robotiq_driver/cmake/ament_cmake_export_include_directories-extras.cmake
[0.270s] -- Up-to-date: /root/ros_ws/install/robotiq_driver/share/robotiq_driver/cmake/ament_cmake_export_libraries-extras.cmake
[0.271s] -- Up-to-date: /root/ros_ws/install/robotiq_driver/share/robotiq_driver/cmake/robotiq_driverConfig.cmake
[0.271s] -- Up-to-date: /root/ros_ws/install/robotiq_driver/share/robotiq_driver/cmake/robotiq_driverConfig-version.cmake
[0.271s] -- Up-to-date: /root/ros_ws/install/robotiq_driver/share/robotiq_driver/package.xml
[0.274s] Invoked command in '/root/ros_ws/build/robotiq_driver' returned '0': AMENT_PREFIX_PATH=/root/ros_ws/install/serial:${AMENT_PREFIX_PATH} CMAKE_PREFIX_PATH=/root/ros_ws/install/serial:/opt/ros/jazzy/opt/gz_sim_vendor:/opt/ros/jazzy/opt/gz_sensors_vendor:/opt/ros/jazzy/opt/gz_physics_vendor:/opt/ros/jazzy/opt/sdformat_vendor:/opt/ros/jazzy/opt/gz_gui_vendor:/opt/ros/jazzy/opt/gz_transport_vendor:/opt/ros/jazzy/opt/gz_rendering_vendor:/opt/ros/jazzy/opt/gz_plugin_vendor:/opt/ros/jazzy/opt/gz_fuel_tools_vendor:/opt/ros/jazzy/opt/gz_msgs_vendor:/opt/ros/jazzy/opt/gz_common_vendor:/opt/ros/jazzy/opt/gz_math_vendor:/opt/ros/jazzy/opt/gz_utils_vendor:/opt/ros/jazzy/opt/gz_tools_vendor:/opt/ros/jazzy/opt/gz_ogre_next_vendor:/opt/ros/jazzy/opt/gz_dartsim_vendor:/opt/ros/jazzy/opt/gz_cmake_vendor:/opt/ros/jazzy DEBUGINFOD_URLS=https://debuginfod.ubuntu.com LD_LIBRARY_PATH=/root/ros_ws/install/serial/lib:${LD_LIBRARY_PATH} /usr/bin/cmake --install /root/ros_ws/build/robotiq_driver
