[0.117s] Invoking command in '/root/ros_ws/build/cable_detection_picking': CMAKE_PREFIX_PATH=${CMAKE_PREFIX_PATH}:/root/ros_ws/install/universal_robots_ur10e:/root/ros_ws/install/simple_moveit_app:/root/ros_ws/install/panda_moveit_python:/opt/ros/jazzy DEBUGINFOD_URLS=https://debuginfod.ubuntu.com /usr/bin/cmake --build /root/ros_ws/build/cable_detection_picking -- -j20 -l20
[1.415s] [  2%] Built target cable_detection_picking__rosidl_generator_type_description
[1.415s] [  2%] Built target ament_cmake_python_copy_cable_detection_picking
[1.415s] [  5%] Built target cable_detection_picking__cpp
[1.415s] [ 20%] Built target cable_detection_picking__rosidl_generator_c
[1.416s] [ 29%] Built target cable_detection_picking__rosidl_typesupport_cpp
[1.416s] [ 38%] Built target cable_detection_picking__rosidl_typesupport_fastrtps_cpp
[1.416s] [ 47%] Built target cable_detection_picking__rosidl_typesupport_introspection_cpp
[1.416s] [ 55%] Built target cable_detection_picking__rosidl_typesupport_c
[1.416s] [ 64%] Built target cable_detection_picking__rosidl_typesupport_fastrtps_c
[1.416s] [ 73%] Built target cable_detection_picking__rosidl_typesupport_introspection_c
[1.416s] [ 73%] Built target cable_detection_picking
[1.416s] [ 76%] Built target cable_detection_picking__py
[1.416s] [ 82%] Built target cable_detection_picking__rosidl_generator_py
[1.417s] [ 88%] Built target cable_detection_picking_s__rosidl_typesupport_fastrtps_c
[1.417s] [ 94%] Built target cable_detection_picking_s__rosidl_typesupport_c
[1.417s] [100%] Built target cable_detection_picking_s__rosidl_typesupport_introspection_c
[1.417s] running egg_info
[1.417s] writing cable_detection_picking.egg-info/PKG-INFO
[1.417s] writing dependency_links to cable_detection_picking.egg-info/dependency_links.txt
[1.417s] writing top-level names to cable_detection_picking.egg-info/top_level.txt
[1.417s] reading manifest file 'cable_detection_picking.egg-info/SOURCES.txt'
[1.417s] writing manifest file 'cable_detection_picking.egg-info/SOURCES.txt'
[1.418s] [100%] Built target ament_cmake_python_build_cable_detection_picking_egg
[1.432s] Invoked command in '/root/ros_ws/build/cable_detection_picking' returned '0': CMAKE_PREFIX_PATH=${CMAKE_PREFIX_PATH}:/root/ros_ws/install/universal_robots_ur10e:/root/ros_ws/install/simple_moveit_app:/root/ros_ws/install/panda_moveit_python:/opt/ros/jazzy DEBUGINFOD_URLS=https://debuginfod.ubuntu.com /usr/bin/cmake --build /root/ros_ws/build/cable_detection_picking -- -j20 -l20
[1.434s] Invoking command in '/root/ros_ws/build/cable_detection_picking': CMAKE_PREFIX_PATH=${CMAKE_PREFIX_PATH}:/root/ros_ws/install/universal_robots_ur10e:/root/ros_ws/install/simple_moveit_app:/root/ros_ws/install/panda_moveit_python:/opt/ros/jazzy DEBUGINFOD_URLS=https://debuginfod.ubuntu.com /usr/bin/cmake --install /root/ros_ws/build/cable_detection_picking
[1.626s] -- Install configuration: ""
[1.626s] -- Up-to-date: /root/ros_ws/install/cable_detection_picking/share/ament_index/resource_index/rosidl_interfaces/cable_detection_picking
[1.626s] -- Up-to-date: /root/ros_ws/install/cable_detection_picking/share/cable_detection_picking/action/RunPipeline.json
[1.626s] -- Up-to-date: /root/ros_ws/install/cable_detection_picking/include/cable_detection_picking/cable_detection_picking
[1.627s] -- Up-to-date: /root/ros_ws/install/cable_detection_picking/include/cable_detection_picking/cable_detection_picking/msg
[1.627s] -- Up-to-date: /root/ros_ws/install/cable_detection_picking/include/cable_detection_picking/cable_detection_picking/msg/rosidl_generator_c__visibility_control.h
[1.627s] -- Up-to-date: /root/ros_ws/install/cable_detection_picking/include/cable_detection_picking/cable_detection_picking/action
[1.627s] -- Up-to-date: /root/ros_ws/install/cable_detection_picking/include/cable_detection_picking/cable_detection_picking/action/run_pipeline.h
[1.627s] -- Up-to-date: /root/ros_ws/install/cable_detection_picking/include/cable_detection_picking/cable_detection_picking/action/detail
[1.627s] -- Up-to-date: /root/ros_ws/install/cable_detection_picking/include/cable_detection_picking/cable_detection_picking/action/detail/run_pipeline__type_support.h
[1.627s] -- Up-to-date: /root/ros_ws/install/cable_detection_picking/include/cable_detection_picking/cable_detection_picking/action/detail/run_pipeline__type_support.c
[1.628s] -- Up-to-date: /root/ros_ws/install/cable_detection_picking/include/cable_detection_picking/cable_detection_picking/action/detail/run_pipeline__description.c
[1.628s] -- Up-to-date: /root/ros_ws/install/cable_detection_picking/include/cable_detection_picking/cable_detection_picking/action/detail/run_pipeline__functions.c
[1.628s] -- Up-to-date: /root/ros_ws/install/cable_detection_picking/include/cable_detection_picking/cable_detection_picking/action/detail/run_pipeline__functions.h
[1.628s] -- Up-to-date: /root/ros_ws/install/cable_detection_picking/include/cable_detection_picking/cable_detection_picking/action/detail/run_pipeline__struct.h
[1.628s] -- Up-to-date: /root/ros_ws/install/cable_detection_picking/share/cable_detection_picking/environment/library_path.sh
[1.628s] -- Up-to-date: /root/ros_ws/install/cable_detection_picking/share/cable_detection_picking/environment/library_path.dsv
[1.628s] -- Up-to-date: /root/ros_ws/install/cable_detection_picking/lib/libcable_detection_picking__rosidl_generator_c.so
[1.629s] -- Up-to-date: /root/ros_ws/install/cable_detection_picking/include/cable_detection_picking/cable_detection_picking
[1.629s] -- Up-to-date: /root/ros_ws/install/cable_detection_picking/include/cable_detection_picking/cable_detection_picking/msg
[1.629s] -- Up-to-date: /root/ros_ws/install/cable_detection_picking/include/cable_detection_picking/cable_detection_picking/msg/rosidl_typesupport_fastrtps_c__visibility_control.h
[1.629s] -- Up-to-date: /root/ros_ws/install/cable_detection_picking/include/cable_detection_picking/cable_detection_picking/action
[1.629s] -- Up-to-date: /root/ros_ws/install/cable_detection_picking/include/cable_detection_picking/cable_detection_picking/action/detail
[1.629s] -- Up-to-date: /root/ros_ws/install/cable_detection_picking/include/cable_detection_picking/cable_detection_picking/action/detail/run_pipeline__rosidl_typesupport_fastrtps_c.h
[1.629s] -- Up-to-date: /root/ros_ws/install/cable_detection_picking/lib/libcable_detection_picking__rosidl_typesupport_fastrtps_c.so
[1.653s] -- Up-to-date: /root/ros_ws/install/cable_detection_picking/include/cable_detection_picking/cable_detection_picking
[1.654s] -- Up-to-date: /root/ros_ws/install/cable_detection_picking/include/cable_detection_picking/cable_detection_picking/msg
[1.655s] -- Up-to-date: /root/ros_ws/install/cable_detection_picking/include/cable_detection_picking/cable_detection_picking/msg/rosidl_generator_cpp__visibility_control.hpp
[1.655s] -- Up-to-date: /root/ros_ws/install/cable_detection_picking/include/cable_detection_picking/cable_detection_picking/action
[1.655s] -- Up-to-date: /root/ros_ws/install/cable_detection_picking/include/cable_detection_picking/cable_detection_picking/action/run_pipeline.hpp
[1.655s] -- Up-to-date: /root/ros_ws/install/cable_detection_picking/include/cable_detection_picking/cable_detection_picking/action/detail
[1.655s] -- Up-to-date: /root/ros_ws/install/cable_detection_picking/include/cable_detection_picking/cable_detection_picking/action/detail/run_pipeline__builder.hpp
[1.655s] -- Up-to-date: /root/ros_ws/install/cable_detection_picking/include/cable_detection_picking/cable_detection_picking/action/detail/run_pipeline__traits.hpp
[1.655s] -- Up-to-date: /root/ros_ws/install/cable_detection_picking/include/cable_detection_picking/cable_detection_picking/action/detail/run_pipeline__type_support.hpp
[1.656s] -- Up-to-date: /root/ros_ws/install/cable_detection_picking/include/cable_detection_picking/cable_detection_picking/action/detail/run_pipeline__struct.hpp
[1.656s] -- Up-to-date: /root/ros_ws/install/cable_detection_picking/include/cable_detection_picking/cable_detection_picking
[1.656s] -- Up-to-date: /root/ros_ws/install/cable_detection_picking/include/cable_detection_picking/cable_detection_picking/msg
[1.656s] -- Up-to-date: /root/ros_ws/install/cable_detection_picking/include/cable_detection_picking/cable_detection_picking/msg/rosidl_typesupport_fastrtps_cpp__visibility_control.h
[1.656s] -- Up-to-date: /root/ros_ws/install/cable_detection_picking/include/cable_detection_picking/cable_detection_picking/action
[1.656s] -- Up-to-date: /root/ros_ws/install/cable_detection_picking/include/cable_detection_picking/cable_detection_picking/action/detail
[1.657s] -- Up-to-date: /root/ros_ws/install/cable_detection_picking/include/cable_detection_picking/cable_detection_picking/action/detail/dds_fastrtps
[1.657s] -- Up-to-date: /root/ros_ws/install/cable_detection_picking/include/cable_detection_picking/cable_detection_picking/action/detail/run_pipeline__rosidl_typesupport_fastrtps_cpp.hpp
[1.657s] -- Up-to-date: /root/ros_ws/install/cable_detection_picking/lib/libcable_detection_picking__rosidl_typesupport_fastrtps_cpp.so
[1.657s] -- Up-to-date: /root/ros_ws/install/cable_detection_picking/include/cable_detection_picking/cable_detection_picking
[1.657s] -- Up-to-date: /root/ros_ws/install/cable_detection_picking/include/cable_detection_picking/cable_detection_picking/msg
[1.657s] -- Up-to-date: /root/ros_ws/install/cable_detection_picking/include/cable_detection_picking/cable_detection_picking/msg/rosidl_typesupport_introspection_c__visibility_control.h
[1.658s] -- Up-to-date: /root/ros_ws/install/cable_detection_picking/include/cable_detection_picking/cable_detection_picking/action
[1.658s] -- Up-to-date: /root/ros_ws/install/cable_detection_picking/include/cable_detection_picking/cable_detection_picking/action/detail
[1.669s] -- Up-to-date: /root/ros_ws/install/cable_detection_picking/include/cable_detection_picking/cable_detection_picking/action/detail/run_pipeline__rosidl_typesupport_introspection_c.h
[1.669s] -- Up-to-date: /root/ros_ws/install/cable_detection_picking/include/cable_detection_picking/cable_detection_picking/action/detail/run_pipeline__type_support.c
[1.669s] -- Up-to-date: /root/ros_ws/install/cable_detection_picking/lib/libcable_detection_picking__rosidl_typesupport_introspection_c.so
[1.684s] -- Up-to-date: /root/ros_ws/install/cable_detection_picking/lib/libcable_detection_picking__rosidl_typesupport_c.so
[1.684s] -- Up-to-date: /root/ros_ws/install/cable_detection_picking/include/cable_detection_picking/cable_detection_picking
[1.684s] -- Up-to-date: /root/ros_ws/install/cable_detection_picking/include/cable_detection_picking/cable_detection_picking/action
[1.684s] -- Up-to-date: /root/ros_ws/install/cable_detection_picking/include/cable_detection_picking/cable_detection_picking/action/detail
[1.684s] -- Up-to-date: /root/ros_ws/install/cable_detection_picking/include/cable_detection_picking/cable_detection_picking/action/detail/run_pipeline__type_support.cpp
[1.685s] -- Up-to-date: /root/ros_ws/install/cable_detection_picking/include/cable_detection_picking/cable_detection_picking/action/detail/run_pipeline__rosidl_typesupport_introspection_cpp.hpp
[1.686s] -- Up-to-date: /root/ros_ws/install/cable_detection_picking/lib/libcable_detection_picking__rosidl_typesupport_introspection_cpp.so
[1.695s] -- Up-to-date: /root/ros_ws/install/cable_detection_picking/lib/libcable_detection_picking__rosidl_typesupport_cpp.so
[1.699s] -- Up-to-date: /root/ros_ws/install/cable_detection_picking/share/cable_detection_picking/environment/pythonpath.sh
[1.700s] -- Up-to-date: /root/ros_ws/install/cable_detection_picking/share/cable_detection_picking/environment/pythonpath.dsv
[1.700s] -- Up-to-date: /root/ros_ws/install/cable_detection_picking/lib/python3.12/site-packages/cable_detection_picking-0.0.0-py3.12.egg-info
[1.700s] -- Installing: /root/ros_ws/install/cable_detection_picking/lib/python3.12/site-packages/cable_detection_picking-0.0.0-py3.12.egg-info/SOURCES.txt
[1.711s] -- Installing: /root/ros_ws/install/cable_detection_picking/lib/python3.12/site-packages/cable_detection_picking-0.0.0-py3.12.egg-info/PKG-INFO
[1.712s] -- Installing: /root/ros_ws/install/cable_detection_picking/lib/python3.12/site-packages/cable_detection_picking-0.0.0-py3.12.egg-info/top_level.txt
[1.722s] -- Installing: /root/ros_ws/install/cable_detection_picking/lib/python3.12/site-packages/cable_detection_picking-0.0.0-py3.12.egg-info/dependency_links.txt
[1.731s] -- Up-to-date: /root/ros_ws/install/cable_detection_picking/lib/python3.12/site-packages/cable_detection_picking
[1.732s] -- Up-to-date: /root/ros_ws/install/cable_detection_picking/lib/python3.12/site-packages/cable_detection_picking/_cable_detection_picking_s.ep.rosidl_typesupport_fastrtps_c.c
[1.732s] -- Up-to-date: /root/ros_ws/install/cable_detection_picking/lib/python3.12/site-packages/cable_detection_picking/__init__.py
[1.732s] -- Up-to-date: /root/ros_ws/install/cable_detection_picking/lib/python3.12/site-packages/cable_detection_picking/_cable_detection_picking_s.ep.rosidl_typesupport_introspection_c.c
[1.732s] -- Up-to-date: /root/ros_ws/install/cable_detection_picking/lib/python3.12/site-packages/cable_detection_picking/_cable_detection_picking_s.ep.rosidl_typesupport_c.c
[1.732s] -- Up-to-date: /root/ros_ws/install/cable_detection_picking/lib/python3.12/site-packages/cable_detection_picking/cable_detection_picking_s__rosidl_typesupport_c.so
[1.735s] -- Up-to-date: /root/ros_ws/install/cable_detection_picking/lib/python3.12/site-packages/cable_detection_picking/cable_detection_picking_s__rosidl_typesupport_introspection_c.so
[1.735s] -- Up-to-date: /root/ros_ws/install/cable_detection_picking/lib/python3.12/site-packages/cable_detection_picking/cable_detection_picking_s__rosidl_typesupport_fastrtps_c.so
[1.736s] -- Up-to-date: /root/ros_ws/install/cable_detection_picking/lib/python3.12/site-packages/cable_detection_picking/action
[1.736s] -- Up-to-date: /root/ros_ws/install/cable_detection_picking/lib/python3.12/site-packages/cable_detection_picking/action/_run_pipeline_s.c
[1.737s] -- Up-to-date: /root/ros_ws/install/cable_detection_picking/lib/python3.12/site-packages/cable_detection_picking/action/__init__.py
[1.737s] -- Up-to-date: /root/ros_ws/install/cable_detection_picking/lib/python3.12/site-packages/cable_detection_picking/action/_run_pipeline.py
[1.874s] Listing '/root/ros_ws/install/cable_detection_picking/lib/python3.12/site-packages/cable_detection_picking'...
[1.874s] Listing '/root/ros_ws/install/cable_detection_picking/lib/python3.12/site-packages/cable_detection_picking/action'...
[1.876s] -- Up-to-date: /root/ros_ws/install/cable_detection_picking/lib/python3.12/site-packages/cable_detection_picking/cable_detection_picking_s__rosidl_typesupport_fastrtps_c.so
[1.876s] -- Up-to-date: /root/ros_ws/install/cable_detection_picking/lib/python3.12/site-packages/cable_detection_picking/cable_detection_picking_s__rosidl_typesupport_introspection_c.so
[1.876s] -- Up-to-date: /root/ros_ws/install/cable_detection_picking/lib/python3.12/site-packages/cable_detection_picking/cable_detection_picking_s__rosidl_typesupport_c.so
[1.876s] -- Up-to-date: /root/ros_ws/install/cable_detection_picking/lib/libcable_detection_picking__rosidl_generator_py.so
[1.877s] -- Up-to-date: /root/ros_ws/install/cable_detection_picking/share/cable_detection_picking/action/RunPipeline.idl
[1.877s] -- Up-to-date: /root/ros_ws/install/cable_detection_picking/share/cable_detection_picking/action/RunPipeline.action
[1.877s] -- Up-to-date: /root/ros_ws/install/cable_detection_picking/share/ament_index/resource_index/package_run_dependencies/cable_detection_picking
[1.878s] -- Up-to-date: /root/ros_ws/install/cable_detection_picking/share/ament_index/resource_index/parent_prefix_path/cable_detection_picking
[1.878s] -- Up-to-date: /root/ros_ws/install/cable_detection_picking/share/cable_detection_picking/environment/ament_prefix_path.sh
[1.878s] -- Up-to-date: /root/ros_ws/install/cable_detection_picking/share/cable_detection_picking/environment/ament_prefix_path.dsv
[1.879s] -- Up-to-date: /root/ros_ws/install/cable_detection_picking/share/cable_detection_picking/environment/path.sh
[1.879s] -- Up-to-date: /root/ros_ws/install/cable_detection_picking/share/cable_detection_picking/environment/path.dsv
[1.880s] -- Up-to-date: /root/ros_ws/install/cable_detection_picking/share/cable_detection_picking/local_setup.bash
[1.880s] -- Up-to-date: /root/ros_ws/install/cable_detection_picking/share/cable_detection_picking/local_setup.sh
[1.880s] -- Up-to-date: /root/ros_ws/install/cable_detection_picking/share/cable_detection_picking/local_setup.zsh
[1.880s] -- Up-to-date: /root/ros_ws/install/cable_detection_picking/share/cable_detection_picking/local_setup.dsv
[1.881s] -- Installing: /root/ros_ws/install/cable_detection_picking/share/cable_detection_picking/package.dsv
[1.881s] -- Up-to-date: /root/ros_ws/install/cable_detection_picking/share/ament_index/resource_index/packages/cable_detection_picking
[1.881s] -- Up-to-date: /root/ros_ws/install/cable_detection_picking/share/cable_detection_picking/cmake/export_cable_detection_picking__rosidl_generator_cExport.cmake
[1.881s] -- Up-to-date: /root/ros_ws/install/cable_detection_picking/share/cable_detection_picking/cmake/export_cable_detection_picking__rosidl_generator_cExport-noconfig.cmake
[1.882s] -- Up-to-date: /root/ros_ws/install/cable_detection_picking/share/cable_detection_picking/cmake/export_cable_detection_picking__rosidl_typesupport_fastrtps_cExport.cmake
[1.882s] -- Up-to-date: /root/ros_ws/install/cable_detection_picking/share/cable_detection_picking/cmake/export_cable_detection_picking__rosidl_typesupport_fastrtps_cExport-noconfig.cmake
[1.882s] -- Up-to-date: /root/ros_ws/install/cable_detection_picking/share/cable_detection_picking/cmake/export_cable_detection_picking__rosidl_generator_cppExport.cmake
[1.883s] -- Up-to-date: /root/ros_ws/install/cable_detection_picking/share/cable_detection_picking/cmake/export_cable_detection_picking__rosidl_typesupport_fastrtps_cppExport.cmake
[1.883s] -- Up-to-date: /root/ros_ws/install/cable_detection_picking/share/cable_detection_picking/cmake/export_cable_detection_picking__rosidl_typesupport_fastrtps_cppExport-noconfig.cmake
[1.884s] -- Up-to-date: /root/ros_ws/install/cable_detection_picking/share/cable_detection_picking/cmake/cable_detection_picking__rosidl_typesupport_introspection_cExport.cmake
[1.884s] -- Up-to-date: /root/ros_ws/install/cable_detection_picking/share/cable_detection_picking/cmake/cable_detection_picking__rosidl_typesupport_introspection_cExport-noconfig.cmake
[1.885s] -- Up-to-date: /root/ros_ws/install/cable_detection_picking/share/cable_detection_picking/cmake/cable_detection_picking__rosidl_typesupport_cExport.cmake
[1.885s] -- Up-to-date: /root/ros_ws/install/cable_detection_picking/share/cable_detection_picking/cmake/cable_detection_picking__rosidl_typesupport_cExport-noconfig.cmake
[1.885s] -- Up-to-date: /root/ros_ws/install/cable_detection_picking/share/cable_detection_picking/cmake/cable_detection_picking__rosidl_typesupport_introspection_cppExport.cmake
[1.885s] -- Up-to-date: /root/ros_ws/install/cable_detection_picking/share/cable_detection_picking/cmake/cable_detection_picking__rosidl_typesupport_introspection_cppExport-noconfig.cmake
[1.886s] -- Up-to-date: /root/ros_ws/install/cable_detection_picking/share/cable_detection_picking/cmake/cable_detection_picking__rosidl_typesupport_cppExport.cmake
[1.887s] -- Up-to-date: /root/ros_ws/install/cable_detection_picking/share/cable_detection_picking/cmake/cable_detection_picking__rosidl_typesupport_cppExport-noconfig.cmake
[1.887s] -- Up-to-date: /root/ros_ws/install/cable_detection_picking/share/cable_detection_picking/cmake/export_cable_detection_picking__rosidl_generator_pyExport.cmake
[1.887s] -- Up-to-date: /root/ros_ws/install/cable_detection_picking/share/cable_detection_picking/cmake/export_cable_detection_picking__rosidl_generator_pyExport-noconfig.cmake
[1.888s] -- Up-to-date: /root/ros_ws/install/cable_detection_picking/share/cable_detection_picking/cmake/rosidl_cmake-extras.cmake
[1.888s] -- Up-to-date: /root/ros_ws/install/cable_detection_picking/share/cable_detection_picking/cmake/ament_cmake_export_dependencies-extras.cmake
[1.888s] -- Up-to-date: /root/ros_ws/install/cable_detection_picking/share/cable_detection_picking/cmake/ament_cmake_export_include_directories-extras.cmake
[1.888s] -- Up-to-date: /root/ros_ws/install/cable_detection_picking/share/cable_detection_picking/cmake/ament_cmake_export_libraries-extras.cmake
[1.888s] -- Up-to-date: /root/ros_ws/install/cable_detection_picking/share/cable_detection_picking/cmake/ament_cmake_export_targets-extras.cmake
[1.889s] -- Up-to-date: /root/ros_ws/install/cable_detection_picking/share/cable_detection_picking/cmake/rosidl_cmake_export_typesupport_targets-extras.cmake
[1.889s] -- Up-to-date: /root/ros_ws/install/cable_detection_picking/share/cable_detection_picking/cmake/rosidl_cmake_export_typesupport_libraries-extras.cmake
[1.889s] -- Up-to-date: /root/ros_ws/install/cable_detection_picking/share/cable_detection_picking/cmake/cable_detection_pickingConfig.cmake
[1.889s] -- Up-to-date: /root/ros_ws/install/cable_detection_picking/share/cable_detection_picking/cmake/cable_detection_pickingConfig-version.cmake
[1.889s] -- Up-to-date: /root/ros_ws/install/cable_detection_picking/share/cable_detection_picking/package.xml
[1.965s] Invoked command in '/root/ros_ws/build/cable_detection_picking' returned '0': CMAKE_PREFIX_PATH=${CMAKE_PREFIX_PATH}:/root/ros_ws/install/universal_robots_ur10e:/root/ros_ws/install/simple_moveit_app:/root/ros_ws/install/panda_moveit_python:/opt/ros/jazzy DEBUGINFOD_URLS=https://debuginfod.ubuntu.com /usr/bin/cmake --install /root/ros_ws/build/cable_detection_picking
