[0.112s] Invoking command in '/root/ros_ws/build/moveit_task_constructor_core': CMAKE_PREFIX_PATH=/root/ros_ws/install/moveit_resources_fanuc_moveit_config:/root/ros_ws/install/rviz_marker_tools:/root/ros_ws/install/moveit_task_constructor_msgs:/root/ros_ws/install/moveit_resources_fanuc_description:/root/ros_ws/install/zivid_samples:/root/ros_ws/install/zivid_rviz_plugin:/root/ros_ws/install/zivid_camera:/root/ros_ws/install/zivid_interfaces:/root/ros_ws/install/ur_moveit_cpp:/root/ros_ws/install/robotiq_hardware_tests:/root/ros_ws/install/robotiq_driver:/root/ros_ws/install/serial:/root/ros_ws/install/moveit_task_constructor_visualization:/root/ros_ws/install/moveit_task_constructor_demo:/root/ros_ws/install/moveit_task_constructor_capabilities:/root/ros_ws/install/moveit2_tutorials:/root/ros_ws/install/moveit_task_constructor_core:/root/ros_ws/install/robotiq_description:/root/ros_ws/install/robotiq_controllers:/root/ros_ws/install/panda_moveit_cpp:/root/ros_ws/install/moveit_resources:/root/ros_ws/install/moveit_resources_pr2_description:/root/ros_ws/install/moveit_resources_panda_moveit_config:/root/ros_ws/install/moveit_resources_panda_camera_moveit_config:/root/ros_ws/install/dual_arm_panda_moveit_config:/root/ros_ws/install/moveit_resources_panda_description:/root/ros_ws/install/moveit_resources_panda_camera_description:/root/ros_ws/install/cable_detection_picking:/opt/ros/jazzy/opt/gz_sim_vendor:/opt/ros/jazzy/opt/gz_sensors_vendor:/opt/ros/jazzy/opt/gz_physics_vendor:/opt/ros/jazzy/opt/sdformat_vendor:/opt/ros/jazzy/opt/gz_gui_vendor:/opt/ros/jazzy/opt/gz_transport_vendor:/opt/ros/jazzy/opt/gz_rendering_vendor:/opt/ros/jazzy/opt/gz_plugin_vendor:/opt/ros/jazzy/opt/gz_fuel_tools_vendor:/opt/ros/jazzy/opt/gz_msgs_vendor:/opt/ros/jazzy/opt/gz_common_vendor:/opt/ros/jazzy/opt/gz_math_vendor:/opt/ros/jazzy/opt/gz_utils_vendor:/opt/ros/jazzy/opt/gz_tools_vendor:/opt/ros/jazzy/opt/gz_ogre_next_vendor:/opt/ros/jazzy/opt/gz_dartsim_vendor:/opt/ros/jazzy/opt/gz_cmake_vendor:/root/ros_ws/install/universal_robots_ur10e:/root/ros_ws/install/simple_moveit_app:/root/ros_ws/install/panda_moveit_python:/opt/ros/jazzy DEBUGINFOD_URLS=https://debuginfod.ubuntu.com LD_LIBRARY_PATH=/root/ros_ws/install/rviz_marker_tools/lib:/root/ros_ws/install/moveit_task_constructor_msgs/lib:/root/ros_ws/install/zivid_rviz_plugin/lib:/root/ros_ws/install/zivid_camera/lib:/root/ros_ws/install/zivid_interfaces/lib:/root/ros_ws/install/robotiq_driver/lib:/root/ros_ws/install/serial/lib:/root/ros_ws/install/moveit_task_constructor_visualization/lib:/root/ros_ws/install/moveit_task_constructor_demo/lib:/root/ros_ws/install/moveit_task_constructor_capabilities/lib:/root/ros_ws/install/moveit_task_constructor_core/lib:/root/ros_ws/install/robotiq_controllers/lib:/root/ros_ws/install/cable_detection_picking/lib:/opt/ros/jazzy/opt/gz_sim_vendor/lib:/opt/ros/jazzy/opt/gz_sensors_vendor/lib:/opt/ros/jazzy/opt/gz_physics_vendor/lib:/opt/ros/jazzy/opt/sdformat_vendor/lib:/opt/ros/jazzy/opt/rviz_ogre_vendor/lib:/opt/ros/jazzy/lib/x86_64-linux-gnu:/opt/ros/jazzy/opt/gz_gui_vendor/lib:/opt/ros/jazzy/opt/gz_transport_vendor/lib:/opt/ros/jazzy/opt/gz_rendering_vendor/lib:/opt/ros/jazzy/opt/gz_plugin_vendor/lib:/opt/ros/jazzy/opt/gz_fuel_tools_vendor/lib:/opt/ros/jazzy/opt/gz_msgs_vendor/lib:/opt/ros/jazzy/opt/gz_common_vendor/lib:/opt/ros/jazzy/opt/gz_math_vendor/lib:/opt/ros/jazzy/opt/gz_utils_vendor/lib:/opt/ros/jazzy/opt/gz_tools_vendor/lib:/opt/ros/jazzy/opt/gz_ogre_next_vendor/lib:/opt/ros/jazzy/opt/gz_dartsim_vendor/lib:/opt/ros/jazzy/opt/gz_cmake_vendor/lib:/opt/ros/jazzy/lib PYTHONPATH=/root/ros_ws/install/moveit_task_constructor_msgs/lib/python3.12/site-packages:/root/ros_ws/install/zivid_interfaces/lib/python3.12/site-packages:/root/ros_ws/install/universal_robots_ur10e/lib/python3.12/site-packages:/root/ros_ws/install/simple_moveit_app/lib/python3.12/site-packages:/root/ros_ws/install/moveit_task_constructor_core/lib/python3.12/site-packages:/root/ros_ws/install/panda_moveit_python/lib/python3.12/site-packages:/root/ros_ws/install/cable_detection_picking/lib/python3.12/site-packages:/opt/ros/jazzy/lib/python3.12/site-packages /usr/bin/cmake --build /root/ros_ws/build/moveit_task_constructor_core -- -j20 -l20
[0.198s] [  2%] Built target gtest
[0.201s] [  4%] Built target gtest_main
[0.204s] [  6%] Built target gmock_main
[0.205s] [ 10%] Built target gmock
[0.210s] [ 10%] Built target ament_cmake_python_copy_moveit
[0.275s] [ 28%] Built target moveit_task_constructor_core
[0.330s] [ 33%] Built target gtest_utils
[0.372s] [ 54%] Built target moveit_task_constructor_core_stages
[0.457s] [ 56%] Built target moveit_task_constructor_core_stage_plugins
[0.457s] [ 58%] Built target moveit_task_constructor_core-test-stage
[0.458s] [ 60%] Built target moveit_task_constructor_core-test-pruning
[0.458s] [ 63%] Built target moveit_task_constructor_core-test-serial
[0.460s] [ 65%] Built target moveit_task_constructor_core-test-properties
[0.461s] [ 67%] Built target moveit_task_constructor_core-test-mockups
[0.472s] [ 70%] Built target moveit_task_constructor_core-test-cost-terms
[0.473s] [ 72%] Built target moveit_task_constructor_core-test-cost-queue
[0.473s] [ 74%] Built target moveit_task_constructor_core-test-container
[0.477s] [ 80%] Built target moveit_task_constructor_core-test-move-to
[0.478s] [ 83%] Built target pymoveit_mtc
[0.478s] [ 86%] Built target moveit_task_constructor_core-test-interface-state
[0.485s] [ 88%] Built target moveit_task_constructor_core-test-fallback
[0.486s] [ 90%] Built target moveit_task_constructor_core-test-move-relative
[0.487s] [ 93%] Built target moveit_task_constructor_core-test-pipeline-planner
[0.512s] [ 95%] Built target pick_ur5
[0.516s] [ 97%] Built target pick_pa10
[0.518s] [100%] Built target pick_pr2
[0.652s] running egg_info
[0.697s] writing moveit.egg-info/PKG-INFO
[0.697s] writing dependency_links to moveit.egg-info/dependency_links.txt
[0.698s] writing top-level names to moveit.egg-info/top_level.txt
[0.829s] reading manifest file 'moveit.egg-info/SOURCES.txt'
[0.830s] writing manifest file 'moveit.egg-info/SOURCES.txt'
[0.863s] [100%] Built target ament_cmake_python_build_moveit_egg
[0.879s] Invoked command in '/root/ros_ws/build/moveit_task_constructor_core' returned '0': CMAKE_PREFIX_PATH=/root/ros_ws/install/moveit_resources_fanuc_moveit_config:/root/ros_ws/install/rviz_marker_tools:/root/ros_ws/install/moveit_task_constructor_msgs:/root/ros_ws/install/moveit_resources_fanuc_description:/root/ros_ws/install/zivid_samples:/root/ros_ws/install/zivid_rviz_plugin:/root/ros_ws/install/zivid_camera:/root/ros_ws/install/zivid_interfaces:/root/ros_ws/install/ur_moveit_cpp:/root/ros_ws/install/robotiq_hardware_tests:/root/ros_ws/install/robotiq_driver:/root/ros_ws/install/serial:/root/ros_ws/install/moveit_task_constructor_visualization:/root/ros_ws/install/moveit_task_constructor_demo:/root/ros_ws/install/moveit_task_constructor_capabilities:/root/ros_ws/install/moveit2_tutorials:/root/ros_ws/install/moveit_task_constructor_core:/root/ros_ws/install/robotiq_description:/root/ros_ws/install/robotiq_controllers:/root/ros_ws/install/panda_moveit_cpp:/root/ros_ws/install/moveit_resources:/root/ros_ws/install/moveit_resources_pr2_description:/root/ros_ws/install/moveit_resources_panda_moveit_config:/root/ros_ws/install/moveit_resources_panda_camera_moveit_config:/root/ros_ws/install/dual_arm_panda_moveit_config:/root/ros_ws/install/moveit_resources_panda_description:/root/ros_ws/install/moveit_resources_panda_camera_description:/root/ros_ws/install/cable_detection_picking:/opt/ros/jazzy/opt/gz_sim_vendor:/opt/ros/jazzy/opt/gz_sensors_vendor:/opt/ros/jazzy/opt/gz_physics_vendor:/opt/ros/jazzy/opt/sdformat_vendor:/opt/ros/jazzy/opt/gz_gui_vendor:/opt/ros/jazzy/opt/gz_transport_vendor:/opt/ros/jazzy/opt/gz_rendering_vendor:/opt/ros/jazzy/opt/gz_plugin_vendor:/opt/ros/jazzy/opt/gz_fuel_tools_vendor:/opt/ros/jazzy/opt/gz_msgs_vendor:/opt/ros/jazzy/opt/gz_common_vendor:/opt/ros/jazzy/opt/gz_math_vendor:/opt/ros/jazzy/opt/gz_utils_vendor:/opt/ros/jazzy/opt/gz_tools_vendor:/opt/ros/jazzy/opt/gz_ogre_next_vendor:/opt/ros/jazzy/opt/gz_dartsim_vendor:/opt/ros/jazzy/opt/gz_cmake_vendor:/root/ros_ws/install/universal_robots_ur10e:/root/ros_ws/install/simple_moveit_app:/root/ros_ws/install/panda_moveit_python:/opt/ros/jazzy DEBUGINFOD_URLS=https://debuginfod.ubuntu.com LD_LIBRARY_PATH=/root/ros_ws/install/rviz_marker_tools/lib:/root/ros_ws/install/moveit_task_constructor_msgs/lib:/root/ros_ws/install/zivid_rviz_plugin/lib:/root/ros_ws/install/zivid_camera/lib:/root/ros_ws/install/zivid_interfaces/lib:/root/ros_ws/install/robotiq_driver/lib:/root/ros_ws/install/serial/lib:/root/ros_ws/install/moveit_task_constructor_visualization/lib:/root/ros_ws/install/moveit_task_constructor_demo/lib:/root/ros_ws/install/moveit_task_constructor_capabilities/lib:/root/ros_ws/install/moveit_task_constructor_core/lib:/root/ros_ws/install/robotiq_controllers/lib:/root/ros_ws/install/cable_detection_picking/lib:/opt/ros/jazzy/opt/gz_sim_vendor/lib:/opt/ros/jazzy/opt/gz_sensors_vendor/lib:/opt/ros/jazzy/opt/gz_physics_vendor/lib:/opt/ros/jazzy/opt/sdformat_vendor/lib:/opt/ros/jazzy/opt/rviz_ogre_vendor/lib:/opt/ros/jazzy/lib/x86_64-linux-gnu:/opt/ros/jazzy/opt/gz_gui_vendor/lib:/opt/ros/jazzy/opt/gz_transport_vendor/lib:/opt/ros/jazzy/opt/gz_rendering_vendor/lib:/opt/ros/jazzy/opt/gz_plugin_vendor/lib:/opt/ros/jazzy/opt/gz_fuel_tools_vendor/lib:/opt/ros/jazzy/opt/gz_msgs_vendor/lib:/opt/ros/jazzy/opt/gz_common_vendor/lib:/opt/ros/jazzy/opt/gz_math_vendor/lib:/opt/ros/jazzy/opt/gz_utils_vendor/lib:/opt/ros/jazzy/opt/gz_tools_vendor/lib:/opt/ros/jazzy/opt/gz_ogre_next_vendor/lib:/opt/ros/jazzy/opt/gz_dartsim_vendor/lib:/opt/ros/jazzy/opt/gz_cmake_vendor/lib:/opt/ros/jazzy/lib PYTHONPATH=/root/ros_ws/install/moveit_task_constructor_msgs/lib/python3.12/site-packages:/root/ros_ws/install/zivid_interfaces/lib/python3.12/site-packages:/root/ros_ws/install/universal_robots_ur10e/lib/python3.12/site-packages:/root/ros_ws/install/simple_moveit_app/lib/python3.12/site-packages:/root/ros_ws/install/moveit_task_constructor_core/lib/python3.12/site-packages:/root/ros_ws/install/panda_moveit_python/lib/python3.12/site-packages:/root/ros_ws/install/cable_detection_picking/lib/python3.12/site-packages:/opt/ros/jazzy/lib/python3.12/site-packages /usr/bin/cmake --build /root/ros_ws/build/moveit_task_constructor_core -- -j20 -l20
[0.881s] Invoking command in '/root/ros_ws/build/moveit_task_constructor_core': CMAKE_PREFIX_PATH=/root/ros_ws/install/moveit_resources_fanuc_moveit_config:/root/ros_ws/install/rviz_marker_tools:/root/ros_ws/install/moveit_task_constructor_msgs:/root/ros_ws/install/moveit_resources_fanuc_description:/root/ros_ws/install/zivid_samples:/root/ros_ws/install/zivid_rviz_plugin:/root/ros_ws/install/zivid_camera:/root/ros_ws/install/zivid_interfaces:/root/ros_ws/install/ur_moveit_cpp:/root/ros_ws/install/robotiq_hardware_tests:/root/ros_ws/install/robotiq_driver:/root/ros_ws/install/serial:/root/ros_ws/install/moveit_task_constructor_visualization:/root/ros_ws/install/moveit_task_constructor_demo:/root/ros_ws/install/moveit_task_constructor_capabilities:/root/ros_ws/install/moveit2_tutorials:/root/ros_ws/install/moveit_task_constructor_core:/root/ros_ws/install/robotiq_description:/root/ros_ws/install/robotiq_controllers:/root/ros_ws/install/panda_moveit_cpp:/root/ros_ws/install/moveit_resources:/root/ros_ws/install/moveit_resources_pr2_description:/root/ros_ws/install/moveit_resources_panda_moveit_config:/root/ros_ws/install/moveit_resources_panda_camera_moveit_config:/root/ros_ws/install/dual_arm_panda_moveit_config:/root/ros_ws/install/moveit_resources_panda_description:/root/ros_ws/install/moveit_resources_panda_camera_description:/root/ros_ws/install/cable_detection_picking:/opt/ros/jazzy/opt/gz_sim_vendor:/opt/ros/jazzy/opt/gz_sensors_vendor:/opt/ros/jazzy/opt/gz_physics_vendor:/opt/ros/jazzy/opt/sdformat_vendor:/opt/ros/jazzy/opt/gz_gui_vendor:/opt/ros/jazzy/opt/gz_transport_vendor:/opt/ros/jazzy/opt/gz_rendering_vendor:/opt/ros/jazzy/opt/gz_plugin_vendor:/opt/ros/jazzy/opt/gz_fuel_tools_vendor:/opt/ros/jazzy/opt/gz_msgs_vendor:/opt/ros/jazzy/opt/gz_common_vendor:/opt/ros/jazzy/opt/gz_math_vendor:/opt/ros/jazzy/opt/gz_utils_vendor:/opt/ros/jazzy/opt/gz_tools_vendor:/opt/ros/jazzy/opt/gz_ogre_next_vendor:/opt/ros/jazzy/opt/gz_dartsim_vendor:/opt/ros/jazzy/opt/gz_cmake_vendor:/root/ros_ws/install/universal_robots_ur10e:/root/ros_ws/install/simple_moveit_app:/root/ros_ws/install/panda_moveit_python:/opt/ros/jazzy DEBUGINFOD_URLS=https://debuginfod.ubuntu.com LD_LIBRARY_PATH=/root/ros_ws/install/rviz_marker_tools/lib:/root/ros_ws/install/moveit_task_constructor_msgs/lib:/root/ros_ws/install/zivid_rviz_plugin/lib:/root/ros_ws/install/zivid_camera/lib:/root/ros_ws/install/zivid_interfaces/lib:/root/ros_ws/install/robotiq_driver/lib:/root/ros_ws/install/serial/lib:/root/ros_ws/install/moveit_task_constructor_visualization/lib:/root/ros_ws/install/moveit_task_constructor_demo/lib:/root/ros_ws/install/moveit_task_constructor_capabilities/lib:/root/ros_ws/install/moveit_task_constructor_core/lib:/root/ros_ws/install/robotiq_controllers/lib:/root/ros_ws/install/cable_detection_picking/lib:/opt/ros/jazzy/opt/gz_sim_vendor/lib:/opt/ros/jazzy/opt/gz_sensors_vendor/lib:/opt/ros/jazzy/opt/gz_physics_vendor/lib:/opt/ros/jazzy/opt/sdformat_vendor/lib:/opt/ros/jazzy/opt/rviz_ogre_vendor/lib:/opt/ros/jazzy/lib/x86_64-linux-gnu:/opt/ros/jazzy/opt/gz_gui_vendor/lib:/opt/ros/jazzy/opt/gz_transport_vendor/lib:/opt/ros/jazzy/opt/gz_rendering_vendor/lib:/opt/ros/jazzy/opt/gz_plugin_vendor/lib:/opt/ros/jazzy/opt/gz_fuel_tools_vendor/lib:/opt/ros/jazzy/opt/gz_msgs_vendor/lib:/opt/ros/jazzy/opt/gz_common_vendor/lib:/opt/ros/jazzy/opt/gz_math_vendor/lib:/opt/ros/jazzy/opt/gz_utils_vendor/lib:/opt/ros/jazzy/opt/gz_tools_vendor/lib:/opt/ros/jazzy/opt/gz_ogre_next_vendor/lib:/opt/ros/jazzy/opt/gz_dartsim_vendor/lib:/opt/ros/jazzy/opt/gz_cmake_vendor/lib:/opt/ros/jazzy/lib PYTHONPATH=/root/ros_ws/install/moveit_task_constructor_msgs/lib/python3.12/site-packages:/root/ros_ws/install/zivid_interfaces/lib/python3.12/site-packages:/root/ros_ws/install/universal_robots_ur10e/lib/python3.12/site-packages:/root/ros_ws/install/simple_moveit_app/lib/python3.12/site-packages:/root/ros_ws/install/moveit_task_constructor_core/lib/python3.12/site-packages:/root/ros_ws/install/panda_moveit_python/lib/python3.12/site-packages:/root/ros_ws/install/cable_detection_picking/lib/python3.12/site-packages:/opt/ros/jazzy/lib/python3.12/site-packages /usr/bin/cmake --install /root/ros_ws/build/moveit_task_constructor_core
[0.893s] -- Install configuration: "Release"
[0.893s] -- Up-to-date: /root/ros_ws/install/moveit_task_constructor_core/lib/libmoveit_task_constructor_core_stages.so
[0.893s] -- Up-to-date: /root/ros_ws/install/moveit_task_constructor_core/lib/libmoveit_task_constructor_core_stage_plugins.so
[0.893s] -- Up-to-date: /root/ros_ws/install/moveit_task_constructor_core/lib/libmoveit_task_constructor_core.so
[0.894s] -- Up-to-date: /root/ros_ws/install/moveit_task_constructor_core/share/moveit_task_constructor_core/environment/pythonpath.sh
[0.894s] -- Up-to-date: /root/ros_ws/install/moveit_task_constructor_core/share/moveit_task_constructor_core/environment/pythonpath.dsv
[0.894s] -- Up-to-date: /root/ros_ws/install/moveit_task_constructor_core/lib/python3.12/site-packages/moveit-0.1.3-py3.12.egg-info
[0.894s] -- Installing: /root/ros_ws/install/moveit_task_constructor_core/lib/python3.12/site-packages/moveit-0.1.3-py3.12.egg-info/SOURCES.txt
[0.894s] -- Installing: /root/ros_ws/install/moveit_task_constructor_core/lib/python3.12/site-packages/moveit-0.1.3-py3.12.egg-info/PKG-INFO
[0.894s] -- Installing: /root/ros_ws/install/moveit_task_constructor_core/lib/python3.12/site-packages/moveit-0.1.3-py3.12.egg-info/top_level.txt
[0.894s] -- Installing: /root/ros_ws/install/moveit_task_constructor_core/lib/python3.12/site-packages/moveit-0.1.3-py3.12.egg-info/dependency_links.txt
[0.895s] -- Up-to-date: /root/ros_ws/install/moveit_task_constructor_core/lib/python3.12/site-packages/moveit
[0.895s] -- Up-to-date: /root/ros_ws/install/moveit_task_constructor_core/lib/python3.12/site-packages/moveit/__init__.py
[0.895s] -- Up-to-date: /root/ros_ws/install/moveit_task_constructor_core/lib/python3.12/site-packages/moveit/task_constructor
[0.895s] -- Up-to-date: /root/ros_ws/install/moveit_task_constructor_core/lib/python3.12/site-packages/moveit/task_constructor/__init__.py
[0.896s] -- Up-to-date: /root/ros_ws/install/moveit_task_constructor_core/lib/python3.12/site-packages/moveit/task_constructor/core.py
[0.896s] -- Up-to-date: /root/ros_ws/install/moveit_task_constructor_core/lib/python3.12/site-packages/moveit/task_constructor/stages.py
[0.945s] Listing '/root/ros_ws/install/moveit_task_constructor_core/lib/python3.12/site-packages/moveit'...
[0.945s] Listing '/root/ros_ws/install/moveit_task_constructor_core/lib/python3.12/site-packages/moveit/task_constructor'...
[0.952s] -- Up-to-date: /root/ros_ws/install/moveit_task_constructor_core/include/moveit/python/pybind11
[0.952s] -- Up-to-date: /root/ros_ws/install/moveit_task_constructor_core/include/moveit/python/pybind11/eigen.h
[0.952s] -- Up-to-date: /root/ros_ws/install/moveit_task_constructor_core/include/moveit/python/pybind11/cast.h
[0.952s] -- Up-to-date: /root/ros_ws/install/moveit_task_constructor_core/include/moveit/python/pybind11/operators.h
[0.952s] -- Up-to-date: /root/ros_ws/install/moveit_task_constructor_core/include/moveit/python/pybind11/functional.h
[0.952s] -- Up-to-date: /root/ros_ws/install/moveit_task_constructor_core/include/moveit/python/pybind11/embed.h
[0.953s] -- Up-to-date: /root/ros_ws/install/moveit_task_constructor_core/include/moveit/python/pybind11/complex.h
[0.953s] -- Up-to-date: /root/ros_ws/install/moveit_task_constructor_core/include/moveit/python/pybind11/attr.h
[0.953s] -- Up-to-date: /root/ros_ws/install/moveit_task_constructor_core/include/moveit/python/pybind11/chrono.h
[0.953s] -- Up-to-date: /root/ros_ws/install/moveit_task_constructor_core/include/moveit/python/pybind11/stl
[0.953s] -- Up-to-date: /root/ros_ws/install/moveit_task_constructor_core/include/moveit/python/pybind11/stl/filesystem.h
[0.953s] -- Up-to-date: /root/ros_ws/install/moveit_task_constructor_core/include/moveit/python/pybind11/numpy.h
[0.953s] -- Up-to-date: /root/ros_ws/install/moveit_task_constructor_core/include/moveit/python/pybind11/gil_safe_call_once.h
[0.953s] -- Up-to-date: /root/ros_ws/install/moveit_task_constructor_core/include/moveit/python/pybind11/common.h
[0.954s] -- Up-to-date: /root/ros_ws/install/moveit_task_constructor_core/include/moveit/python/pybind11/typing.h
[0.954s] -- Up-to-date: /root/ros_ws/install/moveit_task_constructor_core/include/moveit/python/pybind11/pytypes.h
[0.954s] -- Up-to-date: /root/ros_ws/install/moveit_task_constructor_core/include/moveit/python/pybind11/eigen
[0.954s] -- Up-to-date: /root/ros_ws/install/moveit_task_constructor_core/include/moveit/python/pybind11/eigen/tensor.h
[0.954s] -- Up-to-date: /root/ros_ws/install/moveit_task_constructor_core/include/moveit/python/pybind11/eigen/matrix.h
[0.954s] -- Up-to-date: /root/ros_ws/install/moveit_task_constructor_core/include/moveit/python/pybind11/eigen/common.h
[0.955s] -- Up-to-date: /root/ros_ws/install/moveit_task_constructor_core/include/moveit/python/pybind11/stl.h
[0.955s] -- Up-to-date: /root/ros_ws/install/moveit_task_constructor_core/include/moveit/python/pybind11/type_caster_pyobject_ptr.h
[0.955s] -- Up-to-date: /root/ros_ws/install/moveit_task_constructor_core/include/moveit/python/pybind11/stl_bind.h
[0.955s] -- Up-to-date: /root/ros_ws/install/moveit_task_constructor_core/include/moveit/python/pybind11/pybind11.h
[0.955s] -- Up-to-date: /root/ros_ws/install/moveit_task_constructor_core/include/moveit/python/pybind11/smart_holder.h
[0.955s] -- Up-to-date: /root/ros_ws/install/moveit_task_constructor_core/include/moveit/python/pybind11/buffer_info.h
[0.956s] -- Up-to-date: /root/ros_ws/install/moveit_task_constructor_core/include/moveit/python/pybind11/gil.h
[0.956s] -- Up-to-date: /root/ros_ws/install/moveit_task_constructor_core/include/moveit/python/pybind11/iostream.h
[0.956s] -- Up-to-date: /root/ros_ws/install/moveit_task_constructor_core/include/moveit/python/pybind11/eval.h
[0.956s] -- Up-to-date: /root/ros_ws/install/moveit_task_constructor_core/include/moveit/python/pybind11/trampoline_self_life_support.h
[0.956s] -- Up-to-date: /root/ros_ws/install/moveit_task_constructor_core/include/moveit/python/pybind11/detail
[0.956s] -- Up-to-date: /root/ros_ws/install/moveit_task_constructor_core/include/moveit/python/pybind11/detail/typeid.h
[0.956s] -- Up-to-date: /root/ros_ws/install/moveit_task_constructor_core/include/moveit/python/pybind11/detail/class.h
[0.956s] -- Up-to-date: /root/ros_ws/install/moveit_task_constructor_core/include/moveit/python/pybind11/detail/type_caster_odr_guard.h
[0.957s] -- Up-to-date: /root/ros_ws/install/moveit_task_constructor_core/include/moveit/python/pybind11/detail/smart_holder_sfinae_hooks_only.h
[0.957s] -- Up-to-date: /root/ros_ws/install/moveit_task_constructor_core/include/moveit/python/pybind11/detail/init.h
[0.957s] -- Up-to-date: /root/ros_ws/install/moveit_task_constructor_core/include/moveit/python/pybind11/detail/common.h
[0.957s] -- Up-to-date: /root/ros_ws/install/moveit_task_constructor_core/include/moveit/python/pybind11/detail/smart_holder_type_casters.h
[0.957s] -- Up-to-date: /root/ros_ws/install/moveit_task_constructor_core/include/moveit/python/pybind11/detail/internals.h
[0.957s] -- Up-to-date: /root/ros_ws/install/moveit_task_constructor_core/include/moveit/python/pybind11/detail/dynamic_raw_ptr_cast_if_possible.h
[0.957s] -- Up-to-date: /root/ros_ws/install/moveit_task_constructor_core/include/moveit/python/pybind11/detail/type_caster_base.h
[0.958s] -- Up-to-date: /root/ros_ws/install/moveit_task_constructor_core/include/moveit/python/pybind11/detail/descr.h
[0.958s] -- Up-to-date: /root/ros_ws/install/moveit_task_constructor_core/include/moveit/python/pybind11/detail/smart_holder_poc.h
[0.958s] -- Up-to-date: /root/ros_ws/install/moveit_task_constructor_core/include/moveit/python/pybind11/options.h
[0.958s] -- Up-to-date: /root/ros_ws/install/moveit_task_constructor_core/share/moveit_task_constructor_core/cmake/pybind11Config.cmake
[0.958s] -- Up-to-date: /root/ros_ws/install/moveit_task_constructor_core/share/moveit_task_constructor_core/cmake/pybind11ConfigVersion.cmake
[0.958s] -- Up-to-date: /root/ros_ws/install/moveit_task_constructor_core/share/moveit_task_constructor_core/cmake/FindPythonLibsNew.cmake
[0.959s] -- Up-to-date: /root/ros_ws/install/moveit_task_constructor_core/share/moveit_task_constructor_core/cmake/pybind11Common.cmake
[0.959s] -- Up-to-date: /root/ros_ws/install/moveit_task_constructor_core/share/moveit_task_constructor_core/cmake/pybind11Tools.cmake
[0.960s] -- Up-to-date: /root/ros_ws/install/moveit_task_constructor_core/share/moveit_task_constructor_core/cmake/pybind11NewTools.cmake
[0.960s] -- Up-to-date: /root/ros_ws/install/moveit_task_constructor_core/share/moveit_task_constructor_core/cmake/pybind11Targets.cmake
[0.960s] -- Up-to-date: /root/ros_ws/install/moveit_task_constructor_core/share/pkgconfig/pybind11.pc
[0.960s] -- Up-to-date: /root/ros_ws/install/moveit_task_constructor_core/lib/python3.12/site-packages/pymoveit_mtc.cpython-312-x86_64-linux-gnu.so
[0.961s] -- Up-to-date: /root/ros_ws/install/moveit_task_constructor_core/include
[0.961s] -- Up-to-date: /root/ros_ws/install/moveit_task_constructor_core/include/moveit
[0.962s] -- Up-to-date: /root/ros_ws/install/moveit_task_constructor_core/include/moveit/task_constructor
[0.962s] -- Up-to-date: /root/ros_ws/install/moveit_task_constructor_core/include/moveit/task_constructor/solvers.h
[0.962s] -- Up-to-date: /root/ros_ws/install/moveit_task_constructor_core/include/moveit/task_constructor/trajectory_execution_info.h
[0.963s] -- Up-to-date: /root/ros_ws/install/moveit_task_constructor_core/include/moveit/task_constructor/introspection.h
[0.963s] -- Up-to-date: /root/ros_ws/install/moveit_task_constructor_core/include/moveit/task_constructor/stages
[0.963s] -- Up-to-date: /root/ros_ws/install/moveit_task_constructor_core/include/moveit/task_constructor/stages/fix_collision_objects.h
[0.964s] -- Up-to-date: /root/ros_ws/install/moveit_task_constructor_core/include/moveit/task_constructor/stages/fixed_state.h
[0.964s] -- Up-to-date: /root/ros_ws/install/moveit_task_constructor_core/include/moveit/task_constructor/stages/noop.h
[0.964s] -- Up-to-date: /root/ros_ws/install/moveit_task_constructor_core/include/moveit/task_constructor/stages/generate_random_pose.h
[0.964s] -- Up-to-date: /root/ros_ws/install/moveit_task_constructor_core/include/moveit/task_constructor/stages/generate_grasp_pose.h
[0.964s] -- Up-to-date: /root/ros_ws/install/moveit_task_constructor_core/include/moveit/task_constructor/stages/modify_planning_scene.h
[0.964s] -- Up-to-date: /root/ros_ws/install/moveit_task_constructor_core/include/moveit/task_constructor/stages/fixed_cartesian_poses.h
[0.964s] -- Up-to-date: /root/ros_ws/install/moveit_task_constructor_core/include/moveit/task_constructor/stages/simple_grasp.h
[0.965s] -- Up-to-date: /root/ros_ws/install/moveit_task_constructor_core/include/moveit/task_constructor/stages/pick.h
[0.965s] -- Up-to-date: /root/ros_ws/install/moveit_task_constructor_core/include/moveit/task_constructor/stages/predicate_filter.h
[0.965s] -- Up-to-date: /root/ros_ws/install/moveit_task_constructor_core/include/moveit/task_constructor/stages/connect.h
[0.965s] -- Up-to-date: /root/ros_ws/install/moveit_task_constructor_core/include/moveit/task_constructor/stages/generate_pose.h
[0.965s] -- Up-to-date: /root/ros_ws/install/moveit_task_constructor_core/include/moveit/task_constructor/stages/current_state.h
[0.965s] -- Up-to-date: /root/ros_ws/install/moveit_task_constructor_core/include/moveit/task_constructor/stages/move_to.h
[0.965s] -- Up-to-date: /root/ros_ws/install/moveit_task_constructor_core/include/moveit/task_constructor/stages/compute_ik.h
[0.966s] -- Up-to-date: /root/ros_ws/install/moveit_task_constructor_core/include/moveit/task_constructor/stages/move_relative.h
[0.966s] -- Up-to-date: /root/ros_ws/install/moveit_task_constructor_core/include/moveit/task_constructor/stages/generate_place_pose.h
[0.967s] -- Up-to-date: /root/ros_ws/install/moveit_task_constructor_core/include/moveit/task_constructor/stages/passthrough.h
[0.967s] -- Up-to-date: /root/ros_ws/install/moveit_task_constructor_core/include/moveit/task_constructor/type_traits.h
[0.967s] -- Up-to-date: /root/ros_ws/install/moveit_task_constructor_core/include/moveit/task_constructor/marker_tools.h
[0.967s] -- Up-to-date: /root/ros_ws/install/moveit_task_constructor_core/include/moveit/task_constructor/utils.h
[0.968s] -- Up-to-date: /root/ros_ws/install/moveit_task_constructor_core/include/moveit/task_constructor/stage.h
[0.968s] -- Up-to-date: /root/ros_ws/install/moveit_task_constructor_core/include/moveit/task_constructor/container.h
[0.969s] -- Up-to-date: /root/ros_ws/install/moveit_task_constructor_core/include/moveit/task_constructor/storage.h
[0.969s] -- Up-to-date: /root/ros_ws/install/moveit_task_constructor_core/include/moveit/task_constructor/moveit_compat.h
[0.969s] -- Up-to-date: /root/ros_ws/install/moveit_task_constructor_core/include/moveit/task_constructor/properties.h
[0.970s] -- Up-to-date: /root/ros_ws/install/moveit_task_constructor_core/include/moveit/task_constructor/merge.h
[0.970s] -- Up-to-date: /root/ros_ws/install/moveit_task_constructor_core/include/moveit/task_constructor/cost_queue.h
[0.970s] -- Up-to-date: /root/ros_ws/install/moveit_task_constructor_core/include/moveit/task_constructor/stages.h
[0.971s] -- Up-to-date: /root/ros_ws/install/moveit_task_constructor_core/include/moveit/task_constructor/solvers
[0.971s] -- Up-to-date: /root/ros_ws/install/moveit_task_constructor_core/include/moveit/task_constructor/solvers/planner_interface.h
[0.971s] -- Up-to-date: /root/ros_ws/install/moveit_task_constructor_core/include/moveit/task_constructor/solvers/cartesian_path.h
[0.971s] -- Up-to-date: /root/ros_ws/install/moveit_task_constructor_core/include/moveit/task_constructor/solvers/pipeline_planner.h
[0.972s] -- Up-to-date: /root/ros_ws/install/moveit_task_constructor_core/include/moveit/task_constructor/solvers/multi_planner.h
[0.972s] -- Up-to-date: /root/ros_ws/install/moveit_task_constructor_core/include/moveit/task_constructor/solvers/joint_interpolation.h
[0.973s] -- Up-to-date: /root/ros_ws/install/moveit_task_constructor_core/include/moveit/task_constructor/task.h
[0.973s] -- Up-to-date: /root/ros_ws/install/moveit_task_constructor_core/include/moveit/task_constructor/cost_terms.h
[0.973s] -- Up-to-date: /root/ros_ws/install/moveit_task_constructor_core/include/moveit/python
[0.974s] -- Up-to-date: /root/ros_ws/install/moveit_task_constructor_core/include/moveit/python/task_constructor
[0.974s] -- Up-to-date: /root/ros_ws/install/moveit_task_constructor_core/include/moveit/python/task_constructor/properties.h
[0.974s] -- Up-to-date: /root/ros_ws/install/moveit_task_constructor_core/share/moveit_task_constructor_core/motion_planning_stages_plugin_description.xml
[0.974s] -- Up-to-date: /root/ros_ws/install/moveit_task_constructor_core/share/moveit_task_constructor_core/environment/library_path.sh
[0.975s] -- Up-to-date: /root/ros_ws/install/moveit_task_constructor_core/share/moveit_task_constructor_core/environment/library_path.dsv
[0.975s] -- Up-to-date: /root/ros_ws/install/moveit_task_constructor_core/share/ament_index/resource_index/package_run_dependencies/moveit_task_constructor_core
[0.975s] -- Up-to-date: /root/ros_ws/install/moveit_task_constructor_core/share/ament_index/resource_index/parent_prefix_path/moveit_task_constructor_core
[0.976s] -- Up-to-date: /root/ros_ws/install/moveit_task_constructor_core/share/moveit_task_constructor_core/environment/ament_prefix_path.sh
[0.977s] -- Up-to-date: /root/ros_ws/install/moveit_task_constructor_core/share/moveit_task_constructor_core/environment/ament_prefix_path.dsv
[0.977s] -- Up-to-date: /root/ros_ws/install/moveit_task_constructor_core/share/moveit_task_constructor_core/environment/path.sh
[0.977s] -- Up-to-date: /root/ros_ws/install/moveit_task_constructor_core/share/moveit_task_constructor_core/environment/path.dsv
[0.977s] -- Up-to-date: /root/ros_ws/install/moveit_task_constructor_core/share/moveit_task_constructor_core/local_setup.bash
[0.978s] -- Up-to-date: /root/ros_ws/install/moveit_task_constructor_core/share/moveit_task_constructor_core/local_setup.sh
[0.978s] -- Up-to-date: /root/ros_ws/install/moveit_task_constructor_core/share/moveit_task_constructor_core/local_setup.zsh
[0.979s] -- Up-to-date: /root/ros_ws/install/moveit_task_constructor_core/share/moveit_task_constructor_core/local_setup.dsv
[0.979s] -- Installing: /root/ros_ws/install/moveit_task_constructor_core/share/moveit_task_constructor_core/package.dsv
[0.979s] -- Up-to-date: /root/ros_ws/install/moveit_task_constructor_core/share/ament_index/resource_index/packages/moveit_task_constructor_core
[0.980s] -- Up-to-date: /root/ros_ws/install/moveit_task_constructor_core/share/ament_index/resource_index/moveit_task_constructor_core__pluginlib__plugin/moveit_task_constructor_core
[0.980s] -- Up-to-date: /root/ros_ws/install/moveit_task_constructor_core/share/moveit_task_constructor_core/cmake/moveit_task_constructor_coreTargetsExport.cmake
[0.980s] -- Up-to-date: /root/ros_ws/install/moveit_task_constructor_core/share/moveit_task_constructor_core/cmake/moveit_task_constructor_coreTargetsExport-release.cmake
[0.981s] -- Up-to-date: /root/ros_ws/install/moveit_task_constructor_core/share/moveit_task_constructor_core/cmake/ament_cmake_export_targets-extras.cmake
[0.981s] -- Up-to-date: /root/ros_ws/install/moveit_task_constructor_core/share/moveit_task_constructor_core/cmake/ament_cmake_export_dependencies-extras.cmake
[0.981s] -- Up-to-date: /root/ros_ws/install/moveit_task_constructor_core/share/moveit_task_constructor_core/cmake/moveit_task_constructor_coreConfig.cmake
[0.982s] -- Up-to-date: /root/ros_ws/install/moveit_task_constructor_core/share/moveit_task_constructor_core/cmake/moveit_task_constructor_coreConfig-version.cmake
[0.982s] -- Up-to-date: /root/ros_ws/install/moveit_task_constructor_core/share/moveit_task_constructor_core/package.xml
[0.982s] Invoked command in '/root/ros_ws/build/moveit_task_constructor_core' returned '0': CMAKE_PREFIX_PATH=/root/ros_ws/install/moveit_resources_fanuc_moveit_config:/root/ros_ws/install/rviz_marker_tools:/root/ros_ws/install/moveit_task_constructor_msgs:/root/ros_ws/install/moveit_resources_fanuc_description:/root/ros_ws/install/zivid_samples:/root/ros_ws/install/zivid_rviz_plugin:/root/ros_ws/install/zivid_camera:/root/ros_ws/install/zivid_interfaces:/root/ros_ws/install/ur_moveit_cpp:/root/ros_ws/install/robotiq_hardware_tests:/root/ros_ws/install/robotiq_driver:/root/ros_ws/install/serial:/root/ros_ws/install/moveit_task_constructor_visualization:/root/ros_ws/install/moveit_task_constructor_demo:/root/ros_ws/install/moveit_task_constructor_capabilities:/root/ros_ws/install/moveit2_tutorials:/root/ros_ws/install/moveit_task_constructor_core:/root/ros_ws/install/robotiq_description:/root/ros_ws/install/robotiq_controllers:/root/ros_ws/install/panda_moveit_cpp:/root/ros_ws/install/moveit_resources:/root/ros_ws/install/moveit_resources_pr2_description:/root/ros_ws/install/moveit_resources_panda_moveit_config:/root/ros_ws/install/moveit_resources_panda_camera_moveit_config:/root/ros_ws/install/dual_arm_panda_moveit_config:/root/ros_ws/install/moveit_resources_panda_description:/root/ros_ws/install/moveit_resources_panda_camera_description:/root/ros_ws/install/cable_detection_picking:/opt/ros/jazzy/opt/gz_sim_vendor:/opt/ros/jazzy/opt/gz_sensors_vendor:/opt/ros/jazzy/opt/gz_physics_vendor:/opt/ros/jazzy/opt/sdformat_vendor:/opt/ros/jazzy/opt/gz_gui_vendor:/opt/ros/jazzy/opt/gz_transport_vendor:/opt/ros/jazzy/opt/gz_rendering_vendor:/opt/ros/jazzy/opt/gz_plugin_vendor:/opt/ros/jazzy/opt/gz_fuel_tools_vendor:/opt/ros/jazzy/opt/gz_msgs_vendor:/opt/ros/jazzy/opt/gz_common_vendor:/opt/ros/jazzy/opt/gz_math_vendor:/opt/ros/jazzy/opt/gz_utils_vendor:/opt/ros/jazzy/opt/gz_tools_vendor:/opt/ros/jazzy/opt/gz_ogre_next_vendor:/opt/ros/jazzy/opt/gz_dartsim_vendor:/opt/ros/jazzy/opt/gz_cmake_vendor:/root/ros_ws/install/universal_robots_ur10e:/root/ros_ws/install/simple_moveit_app:/root/ros_ws/install/panda_moveit_python:/opt/ros/jazzy DEBUGINFOD_URLS=https://debuginfod.ubuntu.com LD_LIBRARY_PATH=/root/ros_ws/install/rviz_marker_tools/lib:/root/ros_ws/install/moveit_task_constructor_msgs/lib:/root/ros_ws/install/zivid_rviz_plugin/lib:/root/ros_ws/install/zivid_camera/lib:/root/ros_ws/install/zivid_interfaces/lib:/root/ros_ws/install/robotiq_driver/lib:/root/ros_ws/install/serial/lib:/root/ros_ws/install/moveit_task_constructor_visualization/lib:/root/ros_ws/install/moveit_task_constructor_demo/lib:/root/ros_ws/install/moveit_task_constructor_capabilities/lib:/root/ros_ws/install/moveit_task_constructor_core/lib:/root/ros_ws/install/robotiq_controllers/lib:/root/ros_ws/install/cable_detection_picking/lib:/opt/ros/jazzy/opt/gz_sim_vendor/lib:/opt/ros/jazzy/opt/gz_sensors_vendor/lib:/opt/ros/jazzy/opt/gz_physics_vendor/lib:/opt/ros/jazzy/opt/sdformat_vendor/lib:/opt/ros/jazzy/opt/rviz_ogre_vendor/lib:/opt/ros/jazzy/lib/x86_64-linux-gnu:/opt/ros/jazzy/opt/gz_gui_vendor/lib:/opt/ros/jazzy/opt/gz_transport_vendor/lib:/opt/ros/jazzy/opt/gz_rendering_vendor/lib:/opt/ros/jazzy/opt/gz_plugin_vendor/lib:/opt/ros/jazzy/opt/gz_fuel_tools_vendor/lib:/opt/ros/jazzy/opt/gz_msgs_vendor/lib:/opt/ros/jazzy/opt/gz_common_vendor/lib:/opt/ros/jazzy/opt/gz_math_vendor/lib:/opt/ros/jazzy/opt/gz_utils_vendor/lib:/opt/ros/jazzy/opt/gz_tools_vendor/lib:/opt/ros/jazzy/opt/gz_ogre_next_vendor/lib:/opt/ros/jazzy/opt/gz_dartsim_vendor/lib:/opt/ros/jazzy/opt/gz_cmake_vendor/lib:/opt/ros/jazzy/lib PYTHONPATH=/root/ros_ws/install/moveit_task_constructor_msgs/lib/python3.12/site-packages:/root/ros_ws/install/zivid_interfaces/lib/python3.12/site-packages:/root/ros_ws/install/universal_robots_ur10e/lib/python3.12/site-packages:/root/ros_ws/install/simple_moveit_app/lib/python3.12/site-packages:/root/ros_ws/install/moveit_task_constructor_core/lib/python3.12/site-packages:/root/ros_ws/install/panda_moveit_python/lib/python3.12/site-packages:/root/ros_ws/install/cable_detection_picking/lib/python3.12/site-packages:/opt/ros/jazzy/lib/python3.12/site-packages /usr/bin/cmake --install /root/ros_ws/build/moveit_task_constructor_core
