[0.100s] Invoking command in '/root/ros_ws/build/moveit_task_constructor_core': CMAKE_PREFIX_PATH=/root/ros_ws/install/moveit_resources_fanuc_moveit_config:/root/ros_ws/install/rviz_marker_tools:/root/ros_ws/install/moveit_task_constructor_msgs:/root/ros_ws/install/moveit_resources_fanuc_description:/root/ros_ws/install/zivid_samples:/root/ros_ws/install/zivid_rviz_plugin:/root/ros_ws/install/zivid_camera:/root/ros_ws/install/zivid_interfaces:/root/ros_ws/install/ur_moveit_cpp:/root/ros_ws/install/robotiq_hardware_tests:/root/ros_ws/install/robotiq_driver:/root/ros_ws/install/serial:/root/ros_ws/install/moveit_task_constructor_visualization:/root/ros_ws/install/moveit_task_constructor_demo:/root/ros_ws/install/moveit_task_constructor_capabilities:/root/ros_ws/install/moveit2_tutorials:/root/ros_ws/install/moveit_task_constructor_core:/root/ros_ws/install/robotiq_description:/root/ros_ws/install/robotiq_controllers:/root/ros_ws/install/panda_moveit_cpp:/root/ros_ws/install/moveit_resources:/root/ros_ws/install/moveit_resources_pr2_description:/root/ros_ws/install/moveit_resources_panda_moveit_config:/root/ros_ws/install/dual_arm_panda_moveit_config:/root/ros_ws/install/moveit_resources_panda_description:/root/ros_ws/install/cable_detection_picking:/opt/ros/jazzy/opt/gz_sim_vendor:/opt/ros/jazzy/opt/gz_sensors_vendor:/opt/ros/jazzy/opt/gz_physics_vendor:/opt/ros/jazzy/opt/sdformat_vendor:/opt/ros/jazzy/opt/gz_gui_vendor:/opt/ros/jazzy/opt/gz_transport_vendor:/opt/ros/jazzy/opt/gz_rendering_vendor:/opt/ros/jazzy/opt/gz_plugin_vendor:/opt/ros/jazzy/opt/gz_fuel_tools_vendor:/opt/ros/jazzy/opt/gz_msgs_vendor:/opt/ros/jazzy/opt/gz_common_vendor:/opt/ros/jazzy/opt/gz_math_vendor:/opt/ros/jazzy/opt/gz_utils_vendor:/opt/ros/jazzy/opt/gz_tools_vendor:/opt/ros/jazzy/opt/gz_ogre_next_vendor:/opt/ros/jazzy/opt/gz_dartsim_vendor:/opt/ros/jazzy/opt/gz_cmake_vendor:/root/ros_ws/install/universal_robots_ur10e:/root/ros_ws/install/simple_moveit_app:/root/ros_ws/install/panda_moveit_python:/opt/ros/jazzy DEBUGINFOD_URLS=https://debuginfod.ubuntu.com LD_LIBRARY_PATH=/root/ros_ws/install/rviz_marker_tools/lib:/root/ros_ws/install/moveit_task_constructor_msgs/lib:/root/ros_ws/install/zivid_rviz_plugin/lib:/root/ros_ws/install/zivid_camera/lib:/root/ros_ws/install/zivid_interfaces/lib:/root/ros_ws/install/robotiq_driver/lib:/root/ros_ws/install/serial/lib:/root/ros_ws/install/moveit_task_constructor_visualization/lib:/root/ros_ws/install/moveit_task_constructor_demo/lib:/root/ros_ws/install/moveit_task_constructor_capabilities/lib:/root/ros_ws/install/moveit_task_constructor_core/lib:/root/ros_ws/install/robotiq_controllers/lib:/root/ros_ws/install/cable_detection_picking/lib:/opt/ros/jazzy/opt/gz_sim_vendor/lib:/opt/ros/jazzy/opt/gz_sensors_vendor/lib:/opt/ros/jazzy/opt/gz_physics_vendor/lib:/opt/ros/jazzy/opt/sdformat_vendor/lib:/opt/ros/jazzy/opt/rviz_ogre_vendor/lib:/opt/ros/jazzy/lib/x86_64-linux-gnu:/opt/ros/jazzy/opt/gz_gui_vendor/lib:/opt/ros/jazzy/opt/gz_transport_vendor/lib:/opt/ros/jazzy/opt/gz_rendering_vendor/lib:/opt/ros/jazzy/opt/gz_plugin_vendor/lib:/opt/ros/jazzy/opt/gz_fuel_tools_vendor/lib:/opt/ros/jazzy/opt/gz_msgs_vendor/lib:/opt/ros/jazzy/opt/gz_common_vendor/lib:/opt/ros/jazzy/opt/gz_math_vendor/lib:/opt/ros/jazzy/opt/gz_utils_vendor/lib:/opt/ros/jazzy/opt/gz_tools_vendor/lib:/opt/ros/jazzy/opt/gz_ogre_next_vendor/lib:/opt/ros/jazzy/opt/gz_dartsim_vendor/lib:/opt/ros/jazzy/opt/gz_cmake_vendor/lib:/opt/ros/jazzy/lib PYTHONPATH=/root/ros_ws/install/moveit_task_constructor_msgs/lib/python3.12/site-packages:/root/ros_ws/install/zivid_interfaces/lib/python3.12/site-packages:/root/ros_ws/install/universal_robots_ur10e/lib/python3.12/site-packages:/root/ros_ws/install/simple_moveit_app/lib/python3.12/site-packages:/root/ros_ws/install/moveit_task_constructor_core/lib/python3.12/site-packages:/root/ros_ws/install/panda_moveit_python/lib/python3.12/site-packages:/root/ros_ws/install/cable_detection_picking/lib/python3.12/site-packages:/opt/ros/jazzy/lib/python3.12/site-packages /usr/bin/cmake --build /root/ros_ws/build/moveit_task_constructor_core -- -j20 -l20
[0.201s] [  2%] Built target gtest_main
[0.201s] [  4%] Built target gmock_main
[0.202s] [  8%] Built target gmock
[0.209s] [ 10%] Built target gtest
[0.212s] [ 10%] Built target ament_cmake_python_copy_moveit
[0.288s] [ 28%] Built target moveit_task_constructor_core
[0.340s] [ 33%] Built target gtest_utils
[0.380s] [ 54%] Built target moveit_task_constructor_core_stages
[0.480s] [ 56%] Built target moveit_task_constructor_core-test-cost-queue
[0.480s] [ 58%] Built target moveit_task_constructor_core-test-serial
[0.481s] [ 63%] Built target moveit_task_constructor_core-test-container
[0.481s] [ 63%] Built target moveit_task_constructor_core_stage_plugins
[0.481s] [ 65%] Built target moveit_task_constructor_core-test-interface-state
[0.483s] [ 67%] Built target moveit_task_constructor_core-test-fallback
[0.484s] [ 70%] Built target moveit_task_constructor_core-test-pipeline-planner
[0.485s] [ 72%] Built target pick_pr2
[0.494s] [ 74%] Built target moveit_task_constructor_core-test-pruning
[0.495s] [ 77%] Built target moveit_task_constructor_core-test-cost-terms
[0.495s] [ 79%] Built target moveit_task_constructor_core-test-properties
[0.496s] [ 81%] Built target moveit_task_constructor_core-test-move-to
[0.497s] [ 83%] Built target moveit_task_constructor_core-test-stage
[0.500s] [ 86%] Built target pick_ur5
[0.500s] [ 89%] Built target moveit_task_constructor_core-test-mockups
[0.500s] [ 90%] Built target pick_pa10
[0.500s] [ 97%] Built target pymoveit_mtc
[0.501s] [100%] Built target moveit_task_constructor_core-test-move-relative
[0.672s] running egg_info
[0.719s] writing moveit.egg-info/PKG-INFO
[0.720s] writing dependency_links to moveit.egg-info/dependency_links.txt
[0.720s] writing top-level names to moveit.egg-info/top_level.txt
[0.860s] reading manifest file 'moveit.egg-info/SOURCES.txt'
[0.860s] writing manifest file 'moveit.egg-info/SOURCES.txt'
[0.897s] [100%] Built target ament_cmake_python_build_moveit_egg
[0.913s] Invoked command in '/root/ros_ws/build/moveit_task_constructor_core' returned '0': CMAKE_PREFIX_PATH=/root/ros_ws/install/moveit_resources_fanuc_moveit_config:/root/ros_ws/install/rviz_marker_tools:/root/ros_ws/install/moveit_task_constructor_msgs:/root/ros_ws/install/moveit_resources_fanuc_description:/root/ros_ws/install/zivid_samples:/root/ros_ws/install/zivid_rviz_plugin:/root/ros_ws/install/zivid_camera:/root/ros_ws/install/zivid_interfaces:/root/ros_ws/install/ur_moveit_cpp:/root/ros_ws/install/robotiq_hardware_tests:/root/ros_ws/install/robotiq_driver:/root/ros_ws/install/serial:/root/ros_ws/install/moveit_task_constructor_visualization:/root/ros_ws/install/moveit_task_constructor_demo:/root/ros_ws/install/moveit_task_constructor_capabilities:/root/ros_ws/install/moveit2_tutorials:/root/ros_ws/install/moveit_task_constructor_core:/root/ros_ws/install/robotiq_description:/root/ros_ws/install/robotiq_controllers:/root/ros_ws/install/panda_moveit_cpp:/root/ros_ws/install/moveit_resources:/root/ros_ws/install/moveit_resources_pr2_description:/root/ros_ws/install/moveit_resources_panda_moveit_config:/root/ros_ws/install/dual_arm_panda_moveit_config:/root/ros_ws/install/moveit_resources_panda_description:/root/ros_ws/install/cable_detection_picking:/opt/ros/jazzy/opt/gz_sim_vendor:/opt/ros/jazzy/opt/gz_sensors_vendor:/opt/ros/jazzy/opt/gz_physics_vendor:/opt/ros/jazzy/opt/sdformat_vendor:/opt/ros/jazzy/opt/gz_gui_vendor:/opt/ros/jazzy/opt/gz_transport_vendor:/opt/ros/jazzy/opt/gz_rendering_vendor:/opt/ros/jazzy/opt/gz_plugin_vendor:/opt/ros/jazzy/opt/gz_fuel_tools_vendor:/opt/ros/jazzy/opt/gz_msgs_vendor:/opt/ros/jazzy/opt/gz_common_vendor:/opt/ros/jazzy/opt/gz_math_vendor:/opt/ros/jazzy/opt/gz_utils_vendor:/opt/ros/jazzy/opt/gz_tools_vendor:/opt/ros/jazzy/opt/gz_ogre_next_vendor:/opt/ros/jazzy/opt/gz_dartsim_vendor:/opt/ros/jazzy/opt/gz_cmake_vendor:/root/ros_ws/install/universal_robots_ur10e:/root/ros_ws/install/simple_moveit_app:/root/ros_ws/install/panda_moveit_python:/opt/ros/jazzy DEBUGINFOD_URLS=https://debuginfod.ubuntu.com LD_LIBRARY_PATH=/root/ros_ws/install/rviz_marker_tools/lib:/root/ros_ws/install/moveit_task_constructor_msgs/lib:/root/ros_ws/install/zivid_rviz_plugin/lib:/root/ros_ws/install/zivid_camera/lib:/root/ros_ws/install/zivid_interfaces/lib:/root/ros_ws/install/robotiq_driver/lib:/root/ros_ws/install/serial/lib:/root/ros_ws/install/moveit_task_constructor_visualization/lib:/root/ros_ws/install/moveit_task_constructor_demo/lib:/root/ros_ws/install/moveit_task_constructor_capabilities/lib:/root/ros_ws/install/moveit_task_constructor_core/lib:/root/ros_ws/install/robotiq_controllers/lib:/root/ros_ws/install/cable_detection_picking/lib:/opt/ros/jazzy/opt/gz_sim_vendor/lib:/opt/ros/jazzy/opt/gz_sensors_vendor/lib:/opt/ros/jazzy/opt/gz_physics_vendor/lib:/opt/ros/jazzy/opt/sdformat_vendor/lib:/opt/ros/jazzy/opt/rviz_ogre_vendor/lib:/opt/ros/jazzy/lib/x86_64-linux-gnu:/opt/ros/jazzy/opt/gz_gui_vendor/lib:/opt/ros/jazzy/opt/gz_transport_vendor/lib:/opt/ros/jazzy/opt/gz_rendering_vendor/lib:/opt/ros/jazzy/opt/gz_plugin_vendor/lib:/opt/ros/jazzy/opt/gz_fuel_tools_vendor/lib:/opt/ros/jazzy/opt/gz_msgs_vendor/lib:/opt/ros/jazzy/opt/gz_common_vendor/lib:/opt/ros/jazzy/opt/gz_math_vendor/lib:/opt/ros/jazzy/opt/gz_utils_vendor/lib:/opt/ros/jazzy/opt/gz_tools_vendor/lib:/opt/ros/jazzy/opt/gz_ogre_next_vendor/lib:/opt/ros/jazzy/opt/gz_dartsim_vendor/lib:/opt/ros/jazzy/opt/gz_cmake_vendor/lib:/opt/ros/jazzy/lib PYTHONPATH=/root/ros_ws/install/moveit_task_constructor_msgs/lib/python3.12/site-packages:/root/ros_ws/install/zivid_interfaces/lib/python3.12/site-packages:/root/ros_ws/install/universal_robots_ur10e/lib/python3.12/site-packages:/root/ros_ws/install/simple_moveit_app/lib/python3.12/site-packages:/root/ros_ws/install/moveit_task_constructor_core/lib/python3.12/site-packages:/root/ros_ws/install/panda_moveit_python/lib/python3.12/site-packages:/root/ros_ws/install/cable_detection_picking/lib/python3.12/site-packages:/opt/ros/jazzy/lib/python3.12/site-packages /usr/bin/cmake --build /root/ros_ws/build/moveit_task_constructor_core -- -j20 -l20
[0.915s] Invoking command in '/root/ros_ws/build/moveit_task_constructor_core': CMAKE_PREFIX_PATH=/root/ros_ws/install/moveit_resources_fanuc_moveit_config:/root/ros_ws/install/rviz_marker_tools:/root/ros_ws/install/moveit_task_constructor_msgs:/root/ros_ws/install/moveit_resources_fanuc_description:/root/ros_ws/install/zivid_samples:/root/ros_ws/install/zivid_rviz_plugin:/root/ros_ws/install/zivid_camera:/root/ros_ws/install/zivid_interfaces:/root/ros_ws/install/ur_moveit_cpp:/root/ros_ws/install/robotiq_hardware_tests:/root/ros_ws/install/robotiq_driver:/root/ros_ws/install/serial:/root/ros_ws/install/moveit_task_constructor_visualization:/root/ros_ws/install/moveit_task_constructor_demo:/root/ros_ws/install/moveit_task_constructor_capabilities:/root/ros_ws/install/moveit2_tutorials:/root/ros_ws/install/moveit_task_constructor_core:/root/ros_ws/install/robotiq_description:/root/ros_ws/install/robotiq_controllers:/root/ros_ws/install/panda_moveit_cpp:/root/ros_ws/install/moveit_resources:/root/ros_ws/install/moveit_resources_pr2_description:/root/ros_ws/install/moveit_resources_panda_moveit_config:/root/ros_ws/install/dual_arm_panda_moveit_config:/root/ros_ws/install/moveit_resources_panda_description:/root/ros_ws/install/cable_detection_picking:/opt/ros/jazzy/opt/gz_sim_vendor:/opt/ros/jazzy/opt/gz_sensors_vendor:/opt/ros/jazzy/opt/gz_physics_vendor:/opt/ros/jazzy/opt/sdformat_vendor:/opt/ros/jazzy/opt/gz_gui_vendor:/opt/ros/jazzy/opt/gz_transport_vendor:/opt/ros/jazzy/opt/gz_rendering_vendor:/opt/ros/jazzy/opt/gz_plugin_vendor:/opt/ros/jazzy/opt/gz_fuel_tools_vendor:/opt/ros/jazzy/opt/gz_msgs_vendor:/opt/ros/jazzy/opt/gz_common_vendor:/opt/ros/jazzy/opt/gz_math_vendor:/opt/ros/jazzy/opt/gz_utils_vendor:/opt/ros/jazzy/opt/gz_tools_vendor:/opt/ros/jazzy/opt/gz_ogre_next_vendor:/opt/ros/jazzy/opt/gz_dartsim_vendor:/opt/ros/jazzy/opt/gz_cmake_vendor:/root/ros_ws/install/universal_robots_ur10e:/root/ros_ws/install/simple_moveit_app:/root/ros_ws/install/panda_moveit_python:/opt/ros/jazzy DEBUGINFOD_URLS=https://debuginfod.ubuntu.com LD_LIBRARY_PATH=/root/ros_ws/install/rviz_marker_tools/lib:/root/ros_ws/install/moveit_task_constructor_msgs/lib:/root/ros_ws/install/zivid_rviz_plugin/lib:/root/ros_ws/install/zivid_camera/lib:/root/ros_ws/install/zivid_interfaces/lib:/root/ros_ws/install/robotiq_driver/lib:/root/ros_ws/install/serial/lib:/root/ros_ws/install/moveit_task_constructor_visualization/lib:/root/ros_ws/install/moveit_task_constructor_demo/lib:/root/ros_ws/install/moveit_task_constructor_capabilities/lib:/root/ros_ws/install/moveit_task_constructor_core/lib:/root/ros_ws/install/robotiq_controllers/lib:/root/ros_ws/install/cable_detection_picking/lib:/opt/ros/jazzy/opt/gz_sim_vendor/lib:/opt/ros/jazzy/opt/gz_sensors_vendor/lib:/opt/ros/jazzy/opt/gz_physics_vendor/lib:/opt/ros/jazzy/opt/sdformat_vendor/lib:/opt/ros/jazzy/opt/rviz_ogre_vendor/lib:/opt/ros/jazzy/lib/x86_64-linux-gnu:/opt/ros/jazzy/opt/gz_gui_vendor/lib:/opt/ros/jazzy/opt/gz_transport_vendor/lib:/opt/ros/jazzy/opt/gz_rendering_vendor/lib:/opt/ros/jazzy/opt/gz_plugin_vendor/lib:/opt/ros/jazzy/opt/gz_fuel_tools_vendor/lib:/opt/ros/jazzy/opt/gz_msgs_vendor/lib:/opt/ros/jazzy/opt/gz_common_vendor/lib:/opt/ros/jazzy/opt/gz_math_vendor/lib:/opt/ros/jazzy/opt/gz_utils_vendor/lib:/opt/ros/jazzy/opt/gz_tools_vendor/lib:/opt/ros/jazzy/opt/gz_ogre_next_vendor/lib:/opt/ros/jazzy/opt/gz_dartsim_vendor/lib:/opt/ros/jazzy/opt/gz_cmake_vendor/lib:/opt/ros/jazzy/lib PYTHONPATH=/root/ros_ws/install/moveit_task_constructor_msgs/lib/python3.12/site-packages:/root/ros_ws/install/zivid_interfaces/lib/python3.12/site-packages:/root/ros_ws/install/universal_robots_ur10e/lib/python3.12/site-packages:/root/ros_ws/install/simple_moveit_app/lib/python3.12/site-packages:/root/ros_ws/install/moveit_task_constructor_core/lib/python3.12/site-packages:/root/ros_ws/install/panda_moveit_python/lib/python3.12/site-packages:/root/ros_ws/install/cable_detection_picking/lib/python3.12/site-packages:/opt/ros/jazzy/lib/python3.12/site-packages /usr/bin/cmake --install /root/ros_ws/build/moveit_task_constructor_core
[0.926s] -- Install configuration: "Release"
[0.927s] -- Up-to-date: /root/ros_ws/install/moveit_task_constructor_core/lib/libmoveit_task_constructor_core_stages.so
[0.939s] -- Up-to-date: /root/ros_ws/install/moveit_task_constructor_core/lib/libmoveit_task_constructor_core_stage_plugins.so
[0.960s] -- Up-to-date: /root/ros_ws/install/moveit_task_constructor_core/lib/libmoveit_task_constructor_core.so
[0.976s] -- Up-to-date: /root/ros_ws/install/moveit_task_constructor_core/share/moveit_task_constructor_core/environment/pythonpath.sh
[0.995s] -- Up-to-date: /root/ros_ws/install/moveit_task_constructor_core/share/moveit_task_constructor_core/environment/pythonpath.dsv
[1.004s] -- Up-to-date: /root/ros_ws/install/moveit_task_constructor_core/lib/python3.12/site-packages/moveit-0.1.3-py3.12.egg-info
[1.005s] -- Installing: /root/ros_ws/install/moveit_task_constructor_core/lib/python3.12/site-packages/moveit-0.1.3-py3.12.egg-info/SOURCES.txt
[1.005s] -- Installing: /root/ros_ws/install/moveit_task_constructor_core/lib/python3.12/site-packages/moveit-0.1.3-py3.12.egg-info/PKG-INFO
[1.005s] -- Installing: /root/ros_ws/install/moveit_task_constructor_core/lib/python3.12/site-packages/moveit-0.1.3-py3.12.egg-info/top_level.txt
[1.005s] -- Installing: /root/ros_ws/install/moveit_task_constructor_core/lib/python3.12/site-packages/moveit-0.1.3-py3.12.egg-info/dependency_links.txt
[1.006s] -- Up-to-date: /root/ros_ws/install/moveit_task_constructor_core/lib/python3.12/site-packages/moveit
[1.006s] -- Up-to-date: /root/ros_ws/install/moveit_task_constructor_core/lib/python3.12/site-packages/moveit/__init__.py
[1.016s] -- Up-to-date: /root/ros_ws/install/moveit_task_constructor_core/lib/python3.12/site-packages/moveit/task_constructor
[1.016s] -- Up-to-date: /root/ros_ws/install/moveit_task_constructor_core/lib/python3.12/site-packages/moveit/task_constructor/__init__.py
[1.025s] -- Up-to-date: /root/ros_ws/install/moveit_task_constructor_core/lib/python3.12/site-packages/moveit/task_constructor/core.py
[1.034s] -- Up-to-date: /root/ros_ws/install/moveit_task_constructor_core/lib/python3.12/site-packages/moveit/task_constructor/stages.py
[1.096s] Listing '/root/ros_ws/install/moveit_task_constructor_core/lib/python3.12/site-packages/moveit'...
[1.096s] Listing '/root/ros_ws/install/moveit_task_constructor_core/lib/python3.12/site-packages/moveit/task_constructor'...
[1.104s] -- Up-to-date: /root/ros_ws/install/moveit_task_constructor_core/include/moveit/python/pybind11
[1.104s] -- Up-to-date: /root/ros_ws/install/moveit_task_constructor_core/include/moveit/python/pybind11/eigen.h
[1.123s] -- Up-to-date: /root/ros_ws/install/moveit_task_constructor_core/include/moveit/python/pybind11/cast.h
[1.144s] -- Up-to-date: /root/ros_ws/install/moveit_task_constructor_core/include/moveit/python/pybind11/operators.h
[1.165s] -- Up-to-date: /root/ros_ws/install/moveit_task_constructor_core/include/moveit/python/pybind11/functional.h
[1.186s] -- Up-to-date: /root/ros_ws/install/moveit_task_constructor_core/include/moveit/python/pybind11/embed.h
[1.206s] -- Up-to-date: /root/ros_ws/install/moveit_task_constructor_core/include/moveit/python/pybind11/complex.h
[1.227s] -- Up-to-date: /root/ros_ws/install/moveit_task_constructor_core/include/moveit/python/pybind11/attr.h
[1.248s] -- Up-to-date: /root/ros_ws/install/moveit_task_constructor_core/include/moveit/python/pybind11/chrono.h
[1.269s] -- Up-to-date: /root/ros_ws/install/moveit_task_constructor_core/include/moveit/python/pybind11/stl
[1.269s] -- Up-to-date: /root/ros_ws/install/moveit_task_constructor_core/include/moveit/python/pybind11/stl/filesystem.h
[1.289s] -- Up-to-date: /root/ros_ws/install/moveit_task_constructor_core/include/moveit/python/pybind11/numpy.h
[1.299s] -- Up-to-date: /root/ros_ws/install/moveit_task_constructor_core/include/moveit/python/pybind11/gil_safe_call_once.h
[1.309s] -- Up-to-date: /root/ros_ws/install/moveit_task_constructor_core/include/moveit/python/pybind11/common.h
[1.318s] -- Up-to-date: /root/ros_ws/install/moveit_task_constructor_core/include/moveit/python/pybind11/typing.h
[1.327s] -- Up-to-date: /root/ros_ws/install/moveit_task_constructor_core/include/moveit/python/pybind11/pytypes.h
[1.348s] -- Up-to-date: /root/ros_ws/install/moveit_task_constructor_core/include/moveit/python/pybind11/eigen
[1.349s] -- Up-to-date: /root/ros_ws/install/moveit_task_constructor_core/include/moveit/python/pybind11/eigen/tensor.h
[1.369s] -- Up-to-date: /root/ros_ws/install/moveit_task_constructor_core/include/moveit/python/pybind11/eigen/matrix.h
[1.390s] -- Up-to-date: /root/ros_ws/install/moveit_task_constructor_core/include/moveit/python/pybind11/eigen/common.h
[1.410s] -- Up-to-date: /root/ros_ws/install/moveit_task_constructor_core/include/moveit/python/pybind11/stl.h
[1.430s] -- Up-to-date: /root/ros_ws/install/moveit_task_constructor_core/include/moveit/python/pybind11/type_caster_pyobject_ptr.h
[1.451s] -- Up-to-date: /root/ros_ws/install/moveit_task_constructor_core/include/moveit/python/pybind11/stl_bind.h
[1.471s] -- Up-to-date: /root/ros_ws/install/moveit_task_constructor_core/include/moveit/python/pybind11/pybind11.h
[1.491s] -- Up-to-date: /root/ros_ws/install/moveit_task_constructor_core/include/moveit/python/pybind11/smart_holder.h
[1.511s] -- Up-to-date: /root/ros_ws/install/moveit_task_constructor_core/include/moveit/python/pybind11/buffer_info.h
[1.532s] -- Up-to-date: /root/ros_ws/install/moveit_task_constructor_core/include/moveit/python/pybind11/gil.h
[1.543s] -- Up-to-date: /root/ros_ws/install/moveit_task_constructor_core/include/moveit/python/pybind11/iostream.h
[1.552s] -- Up-to-date: /root/ros_ws/install/moveit_task_constructor_core/include/moveit/python/pybind11/eval.h
[1.561s] -- Up-to-date: /root/ros_ws/install/moveit_task_constructor_core/include/moveit/python/pybind11/trampoline_self_life_support.h
[1.571s] -- Up-to-date: /root/ros_ws/install/moveit_task_constructor_core/include/moveit/python/pybind11/detail
[1.571s] -- Up-to-date: /root/ros_ws/install/moveit_task_constructor_core/include/moveit/python/pybind11/detail/typeid.h
[1.580s] -- Up-to-date: /root/ros_ws/install/moveit_task_constructor_core/include/moveit/python/pybind11/detail/class.h
[1.591s] -- Up-to-date: /root/ros_ws/install/moveit_task_constructor_core/include/moveit/python/pybind11/detail/type_caster_odr_guard.h
[1.600s] -- Up-to-date: /root/ros_ws/install/moveit_task_constructor_core/include/moveit/python/pybind11/detail/smart_holder_sfinae_hooks_only.h
[1.610s] -- Up-to-date: /root/ros_ws/install/moveit_task_constructor_core/include/moveit/python/pybind11/detail/init.h
[1.620s] -- Up-to-date: /root/ros_ws/install/moveit_task_constructor_core/include/moveit/python/pybind11/detail/common.h
[1.628s] -- Up-to-date: /root/ros_ws/install/moveit_task_constructor_core/include/moveit/python/pybind11/detail/smart_holder_type_casters.h
[1.639s] -- Up-to-date: /root/ros_ws/install/moveit_task_constructor_core/include/moveit/python/pybind11/detail/internals.h
[1.648s] -- Up-to-date: /root/ros_ws/install/moveit_task_constructor_core/include/moveit/python/pybind11/detail/dynamic_raw_ptr_cast_if_possible.h
[1.658s] -- Up-to-date: /root/ros_ws/install/moveit_task_constructor_core/include/moveit/python/pybind11/detail/type_caster_base.h
[1.667s] -- Up-to-date: /root/ros_ws/install/moveit_task_constructor_core/include/moveit/python/pybind11/detail/descr.h
[1.676s] -- Up-to-date: /root/ros_ws/install/moveit_task_constructor_core/include/moveit/python/pybind11/detail/smart_holder_poc.h
[1.685s] -- Up-to-date: /root/ros_ws/install/moveit_task_constructor_core/include/moveit/python/pybind11/options.h
[1.695s] -- Up-to-date: /root/ros_ws/install/moveit_task_constructor_core/share/moveit_task_constructor_core/cmake/pybind11Config.cmake
[1.705s] -- Up-to-date: /root/ros_ws/install/moveit_task_constructor_core/share/moveit_task_constructor_core/cmake/pybind11ConfigVersion.cmake
[1.714s] -- Up-to-date: /root/ros_ws/install/moveit_task_constructor_core/share/moveit_task_constructor_core/cmake/FindPythonLibsNew.cmake
[1.724s] -- Up-to-date: /root/ros_ws/install/moveit_task_constructor_core/share/moveit_task_constructor_core/cmake/pybind11Common.cmake
[1.733s] -- Up-to-date: /root/ros_ws/install/moveit_task_constructor_core/share/moveit_task_constructor_core/cmake/pybind11Tools.cmake
[1.743s] -- Up-to-date: /root/ros_ws/install/moveit_task_constructor_core/share/moveit_task_constructor_core/cmake/pybind11NewTools.cmake
[1.753s] -- Up-to-date: /root/ros_ws/install/moveit_task_constructor_core/share/moveit_task_constructor_core/cmake/pybind11Targets.cmake
[1.762s] -- Up-to-date: /root/ros_ws/install/moveit_task_constructor_core/share/pkgconfig/pybind11.pc
[1.773s] -- Up-to-date: /root/ros_ws/install/moveit_task_constructor_core/lib/python3.12/site-packages/pymoveit_mtc.cpython-312-x86_64-linux-gnu.so
[1.788s] -- Up-to-date: /root/ros_ws/install/moveit_task_constructor_core/include
[1.788s] -- Up-to-date: /root/ros_ws/install/moveit_task_constructor_core/include/moveit
[1.788s] -- Up-to-date: /root/ros_ws/install/moveit_task_constructor_core/include/moveit/task_constructor
[1.789s] -- Up-to-date: /root/ros_ws/install/moveit_task_constructor_core/include/moveit/task_constructor/solvers.h
[1.798s] -- Up-to-date: /root/ros_ws/install/moveit_task_constructor_core/include/moveit/task_constructor/trajectory_execution_info.h
[1.807s] -- Up-to-date: /root/ros_ws/install/moveit_task_constructor_core/include/moveit/task_constructor/introspection.h
[1.817s] -- Up-to-date: /root/ros_ws/install/moveit_task_constructor_core/include/moveit/task_constructor/stages
[1.818s] -- Up-to-date: /root/ros_ws/install/moveit_task_constructor_core/include/moveit/task_constructor/stages/fix_collision_objects.h
[1.827s] -- Up-to-date: /root/ros_ws/install/moveit_task_constructor_core/include/moveit/task_constructor/stages/fixed_state.h
[1.836s] -- Up-to-date: /root/ros_ws/install/moveit_task_constructor_core/include/moveit/task_constructor/stages/noop.h
[1.845s] -- Up-to-date: /root/ros_ws/install/moveit_task_constructor_core/include/moveit/task_constructor/stages/generate_random_pose.h
[1.855s] -- Up-to-date: /root/ros_ws/install/moveit_task_constructor_core/include/moveit/task_constructor/stages/generate_grasp_pose.h
[1.864s] -- Up-to-date: /root/ros_ws/install/moveit_task_constructor_core/include/moveit/task_constructor/stages/modify_planning_scene.h
[1.874s] -- Up-to-date: /root/ros_ws/install/moveit_task_constructor_core/include/moveit/task_constructor/stages/fixed_cartesian_poses.h
[1.887s] -- Up-to-date: /root/ros_ws/install/moveit_task_constructor_core/include/moveit/task_constructor/stages/simple_grasp.h
[1.897s] -- Up-to-date: /root/ros_ws/install/moveit_task_constructor_core/include/moveit/task_constructor/stages/pick.h
[1.907s] -- Up-to-date: /root/ros_ws/install/moveit_task_constructor_core/include/moveit/task_constructor/stages/predicate_filter.h
[1.916s] -- Up-to-date: /root/ros_ws/install/moveit_task_constructor_core/include/moveit/task_constructor/stages/connect.h
[1.926s] -- Up-to-date: /root/ros_ws/install/moveit_task_constructor_core/include/moveit/task_constructor/stages/generate_pose.h
[1.936s] -- Up-to-date: /root/ros_ws/install/moveit_task_constructor_core/include/moveit/task_constructor/stages/current_state.h
[1.945s] -- Up-to-date: /root/ros_ws/install/moveit_task_constructor_core/include/moveit/task_constructor/stages/move_to.h
[1.955s] -- Up-to-date: /root/ros_ws/install/moveit_task_constructor_core/include/moveit/task_constructor/stages/compute_ik.h
[1.965s] -- Up-to-date: /root/ros_ws/install/moveit_task_constructor_core/include/moveit/task_constructor/stages/move_relative.h
[1.974s] -- Up-to-date: /root/ros_ws/install/moveit_task_constructor_core/include/moveit/task_constructor/stages/generate_place_pose.h
[1.984s] -- Up-to-date: /root/ros_ws/install/moveit_task_constructor_core/include/moveit/task_constructor/stages/passthrough.h
[1.993s] -- Up-to-date: /root/ros_ws/install/moveit_task_constructor_core/include/moveit/task_constructor/type_traits.h
[2.002s] -- Up-to-date: /root/ros_ws/install/moveit_task_constructor_core/include/moveit/task_constructor/marker_tools.h
[2.012s] -- Up-to-date: /root/ros_ws/install/moveit_task_constructor_core/include/moveit/task_constructor/utils.h
[2.021s] -- Up-to-date: /root/ros_ws/install/moveit_task_constructor_core/include/moveit/task_constructor/stage.h
[2.030s] -- Up-to-date: /root/ros_ws/install/moveit_task_constructor_core/include/moveit/task_constructor/container.h
[2.040s] -- Up-to-date: /root/ros_ws/install/moveit_task_constructor_core/include/moveit/task_constructor/storage.h
[2.049s] -- Up-to-date: /root/ros_ws/install/moveit_task_constructor_core/include/moveit/task_constructor/moveit_compat.h
[2.058s] -- Up-to-date: /root/ros_ws/install/moveit_task_constructor_core/include/moveit/task_constructor/properties.h
[2.067s] -- Up-to-date: /root/ros_ws/install/moveit_task_constructor_core/include/moveit/task_constructor/merge.h
[2.076s] -- Up-to-date: /root/ros_ws/install/moveit_task_constructor_core/include/moveit/task_constructor/cost_queue.h
[2.085s] -- Up-to-date: /root/ros_ws/install/moveit_task_constructor_core/include/moveit/task_constructor/stages.h
[2.094s] -- Up-to-date: /root/ros_ws/install/moveit_task_constructor_core/include/moveit/task_constructor/solvers
[2.095s] -- Up-to-date: /root/ros_ws/install/moveit_task_constructor_core/include/moveit/task_constructor/solvers/planner_interface.h
[2.104s] -- Up-to-date: /root/ros_ws/install/moveit_task_constructor_core/include/moveit/task_constructor/solvers/cartesian_path.h
[2.113s] -- Up-to-date: /root/ros_ws/install/moveit_task_constructor_core/include/moveit/task_constructor/solvers/pipeline_planner.h
[2.122s] -- Up-to-date: /root/ros_ws/install/moveit_task_constructor_core/include/moveit/task_constructor/solvers/multi_planner.h
[2.132s] -- Up-to-date: /root/ros_ws/install/moveit_task_constructor_core/include/moveit/task_constructor/solvers/joint_interpolation.h
[2.141s] -- Up-to-date: /root/ros_ws/install/moveit_task_constructor_core/include/moveit/task_constructor/task.h
[2.150s] -- Up-to-date: /root/ros_ws/install/moveit_task_constructor_core/include/moveit/task_constructor/cost_terms.h
[2.159s] -- Up-to-date: /root/ros_ws/install/moveit_task_constructor_core/include/moveit/python
[2.160s] -- Up-to-date: /root/ros_ws/install/moveit_task_constructor_core/include/moveit/python/task_constructor
[2.160s] -- Up-to-date: /root/ros_ws/install/moveit_task_constructor_core/include/moveit/python/task_constructor/properties.h
[2.169s] -- Up-to-date: /root/ros_ws/install/moveit_task_constructor_core/share/moveit_task_constructor_core/motion_planning_stages_plugin_description.xml
[2.179s] -- Up-to-date: /root/ros_ws/install/moveit_task_constructor_core/share/moveit_task_constructor_core/environment/library_path.sh
[2.188s] -- Up-to-date: /root/ros_ws/install/moveit_task_constructor_core/share/moveit_task_constructor_core/environment/library_path.dsv
[2.198s] -- Up-to-date: /root/ros_ws/install/moveit_task_constructor_core/share/ament_index/resource_index/package_run_dependencies/moveit_task_constructor_core
[2.209s] -- Up-to-date: /root/ros_ws/install/moveit_task_constructor_core/share/ament_index/resource_index/parent_prefix_path/moveit_task_constructor_core
[2.219s] -- Up-to-date: /root/ros_ws/install/moveit_task_constructor_core/share/moveit_task_constructor_core/environment/ament_prefix_path.sh
[2.228s] -- Up-to-date: /root/ros_ws/install/moveit_task_constructor_core/share/moveit_task_constructor_core/environment/ament_prefix_path.dsv
[2.238s] -- Up-to-date: /root/ros_ws/install/moveit_task_constructor_core/share/moveit_task_constructor_core/environment/path.sh
[2.247s] -- Up-to-date: /root/ros_ws/install/moveit_task_constructor_core/share/moveit_task_constructor_core/environment/path.dsv
[2.257s] -- Up-to-date: /root/ros_ws/install/moveit_task_constructor_core/share/moveit_task_constructor_core/local_setup.bash
[2.267s] -- Up-to-date: /root/ros_ws/install/moveit_task_constructor_core/share/moveit_task_constructor_core/local_setup.sh
[2.277s] -- Up-to-date: /root/ros_ws/install/moveit_task_constructor_core/share/moveit_task_constructor_core/local_setup.zsh
[2.286s] -- Up-to-date: /root/ros_ws/install/moveit_task_constructor_core/share/moveit_task_constructor_core/local_setup.dsv
[2.295s] -- Installing: /root/ros_ws/install/moveit_task_constructor_core/share/moveit_task_constructor_core/package.dsv
[2.295s] -- Up-to-date: /root/ros_ws/install/moveit_task_constructor_core/share/ament_index/resource_index/packages/moveit_task_constructor_core
[2.296s] -- Up-to-date: /root/ros_ws/install/moveit_task_constructor_core/share/ament_index/resource_index/moveit_task_constructor_core__pluginlib__plugin/moveit_task_constructor_core
[2.305s] -- Up-to-date: /root/ros_ws/install/moveit_task_constructor_core/share/moveit_task_constructor_core/cmake/moveit_task_constructor_coreTargetsExport.cmake
[2.315s] -- Up-to-date: /root/ros_ws/install/moveit_task_constructor_core/share/moveit_task_constructor_core/cmake/moveit_task_constructor_coreTargetsExport-release.cmake
[2.325s] -- Up-to-date: /root/ros_ws/install/moveit_task_constructor_core/share/moveit_task_constructor_core/cmake/ament_cmake_export_targets-extras.cmake
[2.334s] -- Up-to-date: /root/ros_ws/install/moveit_task_constructor_core/share/moveit_task_constructor_core/cmake/ament_cmake_export_dependencies-extras.cmake
[2.343s] -- Up-to-date: /root/ros_ws/install/moveit_task_constructor_core/share/moveit_task_constructor_core/cmake/moveit_task_constructor_coreConfig.cmake
[2.352s] -- Up-to-date: /root/ros_ws/install/moveit_task_constructor_core/share/moveit_task_constructor_core/cmake/moveit_task_constructor_coreConfig-version.cmake
[2.362s] -- Up-to-date: /root/ros_ws/install/moveit_task_constructor_core/share/moveit_task_constructor_core/package.xml
[2.376s] Invoked command in '/root/ros_ws/build/moveit_task_constructor_core' returned '0': CMAKE_PREFIX_PATH=/root/ros_ws/install/moveit_resources_fanuc_moveit_config:/root/ros_ws/install/rviz_marker_tools:/root/ros_ws/install/moveit_task_constructor_msgs:/root/ros_ws/install/moveit_resources_fanuc_description:/root/ros_ws/install/zivid_samples:/root/ros_ws/install/zivid_rviz_plugin:/root/ros_ws/install/zivid_camera:/root/ros_ws/install/zivid_interfaces:/root/ros_ws/install/ur_moveit_cpp:/root/ros_ws/install/robotiq_hardware_tests:/root/ros_ws/install/robotiq_driver:/root/ros_ws/install/serial:/root/ros_ws/install/moveit_task_constructor_visualization:/root/ros_ws/install/moveit_task_constructor_demo:/root/ros_ws/install/moveit_task_constructor_capabilities:/root/ros_ws/install/moveit2_tutorials:/root/ros_ws/install/moveit_task_constructor_core:/root/ros_ws/install/robotiq_description:/root/ros_ws/install/robotiq_controllers:/root/ros_ws/install/panda_moveit_cpp:/root/ros_ws/install/moveit_resources:/root/ros_ws/install/moveit_resources_pr2_description:/root/ros_ws/install/moveit_resources_panda_moveit_config:/root/ros_ws/install/dual_arm_panda_moveit_config:/root/ros_ws/install/moveit_resources_panda_description:/root/ros_ws/install/cable_detection_picking:/opt/ros/jazzy/opt/gz_sim_vendor:/opt/ros/jazzy/opt/gz_sensors_vendor:/opt/ros/jazzy/opt/gz_physics_vendor:/opt/ros/jazzy/opt/sdformat_vendor:/opt/ros/jazzy/opt/gz_gui_vendor:/opt/ros/jazzy/opt/gz_transport_vendor:/opt/ros/jazzy/opt/gz_rendering_vendor:/opt/ros/jazzy/opt/gz_plugin_vendor:/opt/ros/jazzy/opt/gz_fuel_tools_vendor:/opt/ros/jazzy/opt/gz_msgs_vendor:/opt/ros/jazzy/opt/gz_common_vendor:/opt/ros/jazzy/opt/gz_math_vendor:/opt/ros/jazzy/opt/gz_utils_vendor:/opt/ros/jazzy/opt/gz_tools_vendor:/opt/ros/jazzy/opt/gz_ogre_next_vendor:/opt/ros/jazzy/opt/gz_dartsim_vendor:/opt/ros/jazzy/opt/gz_cmake_vendor:/root/ros_ws/install/universal_robots_ur10e:/root/ros_ws/install/simple_moveit_app:/root/ros_ws/install/panda_moveit_python:/opt/ros/jazzy DEBUGINFOD_URLS=https://debuginfod.ubuntu.com LD_LIBRARY_PATH=/root/ros_ws/install/rviz_marker_tools/lib:/root/ros_ws/install/moveit_task_constructor_msgs/lib:/root/ros_ws/install/zivid_rviz_plugin/lib:/root/ros_ws/install/zivid_camera/lib:/root/ros_ws/install/zivid_interfaces/lib:/root/ros_ws/install/robotiq_driver/lib:/root/ros_ws/install/serial/lib:/root/ros_ws/install/moveit_task_constructor_visualization/lib:/root/ros_ws/install/moveit_task_constructor_demo/lib:/root/ros_ws/install/moveit_task_constructor_capabilities/lib:/root/ros_ws/install/moveit_task_constructor_core/lib:/root/ros_ws/install/robotiq_controllers/lib:/root/ros_ws/install/cable_detection_picking/lib:/opt/ros/jazzy/opt/gz_sim_vendor/lib:/opt/ros/jazzy/opt/gz_sensors_vendor/lib:/opt/ros/jazzy/opt/gz_physics_vendor/lib:/opt/ros/jazzy/opt/sdformat_vendor/lib:/opt/ros/jazzy/opt/rviz_ogre_vendor/lib:/opt/ros/jazzy/lib/x86_64-linux-gnu:/opt/ros/jazzy/opt/gz_gui_vendor/lib:/opt/ros/jazzy/opt/gz_transport_vendor/lib:/opt/ros/jazzy/opt/gz_rendering_vendor/lib:/opt/ros/jazzy/opt/gz_plugin_vendor/lib:/opt/ros/jazzy/opt/gz_fuel_tools_vendor/lib:/opt/ros/jazzy/opt/gz_msgs_vendor/lib:/opt/ros/jazzy/opt/gz_common_vendor/lib:/opt/ros/jazzy/opt/gz_math_vendor/lib:/opt/ros/jazzy/opt/gz_utils_vendor/lib:/opt/ros/jazzy/opt/gz_tools_vendor/lib:/opt/ros/jazzy/opt/gz_ogre_next_vendor/lib:/opt/ros/jazzy/opt/gz_dartsim_vendor/lib:/opt/ros/jazzy/opt/gz_cmake_vendor/lib:/opt/ros/jazzy/lib PYTHONPATH=/root/ros_ws/install/moveit_task_constructor_msgs/lib/python3.12/site-packages:/root/ros_ws/install/zivid_interfaces/lib/python3.12/site-packages:/root/ros_ws/install/universal_robots_ur10e/lib/python3.12/site-packages:/root/ros_ws/install/simple_moveit_app/lib/python3.12/site-packages:/root/ros_ws/install/moveit_task_constructor_core/lib/python3.12/site-packages:/root/ros_ws/install/panda_moveit_python/lib/python3.12/site-packages:/root/ros_ws/install/cable_detection_picking/lib/python3.12/site-packages:/opt/ros/jazzy/lib/python3.12/site-packages /usr/bin/cmake --install /root/ros_ws/build/moveit_task_constructor_core
