-- The C compiler identification is GNU 13.3.0
-- The CXX compiler identification is GNU 13.3.0
-- Detecting C compiler ABI info
-- Detecting C compiler ABI info - done
-- Check for working C compiler: /usr/bin/cc - skipped
-- Detecting C compile features
-- Detecting C compile features - done
-- Detecting CXX compiler ABI info
-- Detecting CXX compiler ABI info - done
-- Check for working CXX compiler: /usr/bin/c++ - skipped
-- Detecting CXX compile features
-- Detecting CXX compile features - done
-- Found ament_cmake: 2.5.4 (/opt/ros/jazzy/share/ament_cmake/cmake)
-- Found Python3: /usr/bin/python3 (found version "3.12.3") found components: Interpreter 
-- Found rclcpp: 28.1.9 (/opt/ros/jazzy/share/rclcpp/cmake)
-- Found rosidl_generator_c: 4.6.5 (/opt/ros/jazzy/share/rosidl_generator_c/cmake)
-- Found rosidl_generator_cpp: 4.6.5 (/opt/ros/jazzy/share/rosidl_generator_cpp/cmake)
-- Using all available rosidl_typesupport_c: rosidl_typesupport_fastrtps_c;rosidl_typesupport_introspection_c
-- Using all available rosidl_typesupport_cpp: rosidl_typesupport_fastrtps_cpp;rosidl_typesupport_introspection_cpp
-- Found rmw_implementation_cmake: 7.3.2 (/opt/ros/jazzy/share/rmw_implementation_cmake/cmake)
-- Found rmw_fastrtps_cpp: 8.4.2 (/opt/ros/jazzy/share/rmw_fastrtps_cpp/cmake)
-- Found OpenSSL: /usr/lib/x86_64-linux-gnu/libcrypto.so (found version "3.0.13")  
-- Found FastRTPS: /opt/ros/jazzy/include (Required is at least version "2.13") 
-- Using RMW implementation 'rmw_fastrtps_cpp' as default
-- Found Boost: /usr/lib/x86_64-linux-gnu/cmake/Boost-1.83.0/BoostConfig.cmake (found version "1.83.0")  
-- Found moveit_ros_planning_interface: 2.12.3 (/opt/ros/jazzy/share/moveit_ros_planning_interface/cmake)
-- Found Boost: /usr/lib/x86_64-linux-gnu/cmake/Boost-1.83.0/BoostConfig.cmake (found version "1.83.0") found components: date_time filesystem program_options system thread 
-- Found Boost: /usr/lib/x86_64-linux-gnu/cmake/Boost-1.83.0/BoostConfig.cmake (found version "1.83.0") found components: chrono date_time filesystem iostreams program_options regex serialization system thread 
-- Found parameter_traits: 0.4.0 (/opt/ros/jazzy/share/parameter_traits/cmake)
-- Found rclcpp_lifecycle: 28.1.9 (/opt/ros/jazzy/share/rclcpp_lifecycle/cmake)
-- Found Boost: /usr/lib/x86_64-linux-gnu/cmake/Boost-1.83.0/BoostConfig.cmake (found version "1.83.0") found components: filesystem 
-- Found Eigen3: TRUE (found version "3.4.0") 
-- Ensuring Eigen3 include directory is part of orocos-kdl CMake target
-- Found Boost: /usr/lib/x86_64-linux-gnu/cmake/Boost-1.83.0/BoostConfig.cmake (found version "1.83.0") found components: system filesystem date_time program_options thread chrono 
-- Found Boost: /usr/lib/x86_64-linux-gnu/cmake/Boost-1.83.0/BoostConfig.cmake (found version "1.83.0") found components: thread system filesystem regex date_time program_options 
-- Found Boost: /usr/lib/x86_64-linux-gnu/cmake/Boost-1.83.0/BoostConfig.cmake (found version "1.83.0") found components: system filesystem date_time program_options thread 
-- Found graph_msgs: 0.2.0 (/opt/ros/jazzy/share/graph_msgs/cmake)
-- Found moveit_visual_tools: 4.1.2 (/opt/ros/jazzy/share/moveit_visual_tools/cmake)
-- Setting OGRE_DIR to: '/opt/ros/jazzy/share/rviz_ogre_vendor/cmake/../../../opt/rviz_ogre_vendor/lib/OGRE/cmake'
-- Found OGRE
--   static     : OFF
--   components : MeshLodGenerator;Overlay;Paging;Property;RTShaderSystem;Terrain;Volume
--   plugins    : Plugin_BSPSceneManager;Plugin_OctreeSceneManager;Plugin_PCZSceneManager;Plugin_ParticleFX;RenderSystem_GL;RenderSystem_GL3Plus;Codec_STBI
--   media      : /opt/ros/jazzy/opt/rviz_ogre_vendor/share/OGRE/Media
-- OGRE_LIBRARIES: OgreMeshLodGenerator;OgreOverlay;OgrePaging;OgreProperty;OgreRTShaderSystem;OgreTerrain;OgreVolume;OgreMain
-- OGRE_LIBRARY_DIRS: /opt/ros/jazzy/opt/rviz_ogre_vendor/lib
-- OGRE_PLUGINS: Plugin_BSPSceneManager;Plugin_OctreeSceneManager;Plugin_PCZSceneManager;Plugin_ParticleFX;RenderSystem_GL;RenderSystem_GL3Plus;Codec_STBI
-- OGRE_PLUGIN_DIR: /opt/ros/jazzy/opt/rviz_ogre_vendor/lib/OGRE
-- rviz_ogre_vendor::OgreOverlay for IMPORTED_LOCATION_RELEASE: /opt/ros/jazzy/opt/rviz_ogre_vendor/lib/libOgreOverlay.so
-- rviz_ogre_vendor::OgreOverlay for IMPORTED_LOCATION_DEBUG: /opt/ros/jazzy/opt/rviz_ogre_vendor/lib/libOgreOverlay.so
-- rviz_ogre_vendor::OgreMain for IMPORTED_LOCATION_RELEASE: /opt/ros/jazzy/opt/rviz_ogre_vendor/lib/libOgreMain.so
-- rviz_ogre_vendor::OgreMain for IMPORTED_LOCATION_DEBUG: /opt/ros/jazzy/opt/rviz_ogre_vendor/lib/libOgreMain.so
-- Found ZLIB: /usr/lib/x86_64-linux-gnu/libz.so (found version "1.3")  
-- Found OpenGL: /usr/lib/x86_64-linux-gnu/libOpenGL.so   
-- Found X11: /usr/include   
-- Looking for XOpenDisplay in /usr/lib/x86_64-linux-gnu/libX11.so;/usr/lib/x86_64-linux-gnu/libXext.so
-- Looking for XOpenDisplay in /usr/lib/x86_64-linux-gnu/libX11.so;/usr/lib/x86_64-linux-gnu/libXext.so - found
-- Looking for gethostbyname
-- Looking for gethostbyname - found
-- Looking for connect
-- Looking for connect - found
-- Looking for remove
-- Looking for remove - found
-- Looking for shmat
-- Looking for shmat - found
-- Looking for IceConnectionNumber in ICE
-- Looking for IceConnectionNumber in ICE - found
-- Setting yaml-cpp_DIR to: '/opt/ros/jazzy/share/yaml_cpp_vendor/cmake/../../../opt/yaml_cpp_vendor/share/cmake/yaml-cpp'
-- Configuring done (2.2s)
-- Generating done (0.0s)
-- Build files have been written to: /root/ros_ws/build/panda_moveit_cpp
[ 50%] [32mBuilding CXX object CMakeFiles/moveit_cpp_tutorial.dir/src/moveit_cpp_tutorial.cpp.o[0m
[01m[K/root/ros_ws/src/panda_moveit_cpp /src/moveit_cpp_tutorial.cpp:[m[K In function ‘[01m[Kint[01;32m[K main[m[K(int, char**)[m[K’:
[01m[K/root/ros_ws/src/panda_moveit_cpp /src/moveit_cpp_tutorial.cpp:54:28:[m[K [01;35m[Kwarning: [m[K‘[01m[Kmoveit_controller_manager::ExecutionStatus moveit_cpp::MoveItCpp::[01;32m[Kexecute[m[K(const robot_trajectory::RobotTrajectoryPtr&, bool, const std::vector<std::__cxx11::basic_string<char>, std::allocator<std::__cxx11::basic_string<char> > >&)[m[K’ is deprecated: MoveItCpp::execute() no longer requires a blocking parameter [[01;35m[K-Wdeprecated-declarations[m[K]
   54 |     [01;35m[Kmoveit_cpp_ptr->execute(plan_solution.trajectory, blocking)[m[K;
      |     [01;35m[K~~~~~~~~~~~~~~~~~~~~~~~^~~~~~~~~~~~~~~~~~~~~~~~~~~~~~~~~~~~[m[K
In file included from [01m[K/root/ros_ws/src/panda_moveit_cpp /src/moveit_cpp_tutorial.cpp:4[m[K:
[01m[K/opt/ros/jazzy/include/moveit_ros_planning/moveit/moveit_cpp/moveit_cpp.hpp:165:3:[m[K [01;36m[Knote: [m[Kdeclared here
  165 |   [01;36m[Kexecute[m[K(const robot_trajectory::RobotTrajectoryPtr& robot_trajectory, bool blocking,
      |   [01;36m[K^~~~~~~[m[K
[01m[K/root/ros_ws/src/panda_moveit_cpp /src/moveit_cpp_tutorial.cpp:76:28:[m[K [01;35m[Kwarning: [m[K‘[01m[Kmoveit_controller_manager::ExecutionStatus moveit_cpp::MoveItCpp::[01;32m[Kexecute[m[K(const robot_trajectory::RobotTrajectoryPtr&, bool, const std::vector<std::__cxx11::basic_string<char>, std::allocator<std::__cxx11::basic_string<char> > >&)[m[K’ is deprecated: MoveItCpp::execute() no longer requires a blocking parameter [[01;35m[K-Wdeprecated-declarations[m[K]
   76 |     [01;35m[Kmoveit_cpp_ptr->execute(plan_solution_2.trajectory, true)[m[K;
      |     [01;35m[K~~~~~~~~~~~~~~~~~~~~~~~^~~~~~~~~~~~~~~~~~~~~~~~~~~~~~~~~~[m[K
[01m[K/opt/ros/jazzy/include/moveit_ros_planning/moveit/moveit_cpp/moveit_cpp.hpp:165:3:[m[K [01;36m[Knote: [m[Kdeclared here
  165 |   [01;36m[Kexecute[m[K(const robot_trajectory::RobotTrajectoryPtr& robot_trajectory, bool blocking,
      |   [01;36m[K^~~~~~~[m[K
[100%] [32m[1mLinking CXX executable moveit_cpp_tutorial[0m
[100%] Built target moveit_cpp_tutorial
-- Install configuration: ""
-- Installing: /root/ros_ws/install/panda_moveit_cpp/lib/panda_moveit_cpp/moveit_cpp_tutorial
-- Set non-toolchain portion of runtime path of "/root/ros_ws/install/panda_moveit_cpp/lib/panda_moveit_cpp/moveit_cpp_tutorial" to ""
-- Installing: /root/ros_ws/install/panda_moveit_cpp/share/panda_moveit_cpp/launch
-- Installing: /root/ros_ws/install/panda_moveit_cpp/share/panda_moveit_cpp/launch/moveit_cpp_tutorial.launch.py
-- Installing: /root/ros_ws/install/panda_moveit_cpp/share/panda_moveit_cpp/launch/moveit_cpp_tutorial.rviz
-- Installing: /root/ros_ws/install/panda_moveit_cpp/share/panda_moveit_cpp/config
-- Installing: /root/ros_ws/install/panda_moveit_cpp/share/panda_moveit_cpp/config/moveit_cpp.yaml
-- Installing: /root/ros_ws/install/panda_moveit_cpp/share/ament_index/resource_index/package_run_dependencies/panda_moveit_cpp
-- Installing: /root/ros_ws/install/panda_moveit_cpp/share/ament_index/resource_index/parent_prefix_path/panda_moveit_cpp
-- Installing: /root/ros_ws/install/panda_moveit_cpp/share/panda_moveit_cpp/environment/ament_prefix_path.sh
-- Installing: /root/ros_ws/install/panda_moveit_cpp/share/panda_moveit_cpp/environment/ament_prefix_path.dsv
-- Installing: /root/ros_ws/install/panda_moveit_cpp/share/panda_moveit_cpp/environment/path.sh
-- Installing: /root/ros_ws/install/panda_moveit_cpp/share/panda_moveit_cpp/environment/path.dsv
-- Installing: /root/ros_ws/install/panda_moveit_cpp/share/panda_moveit_cpp/local_setup.bash
-- Installing: /root/ros_ws/install/panda_moveit_cpp/share/panda_moveit_cpp/local_setup.sh
-- Installing: /root/ros_ws/install/panda_moveit_cpp/share/panda_moveit_cpp/local_setup.zsh
-- Installing: /root/ros_ws/install/panda_moveit_cpp/share/panda_moveit_cpp/local_setup.dsv
-- Installing: /root/ros_ws/install/panda_moveit_cpp/share/panda_moveit_cpp/package.dsv
-- Installing: /root/ros_ws/install/panda_moveit_cpp/share/ament_index/resource_index/packages/panda_moveit_cpp
-- Installing: /root/ros_ws/install/panda_moveit_cpp/share/panda_moveit_cpp/cmake/panda_moveit_cppConfig.cmake
-- Installing: /root/ros_ws/install/panda_moveit_cpp/share/panda_moveit_cpp/cmake/panda_moveit_cppConfig-version.cmake
-- Installing: /root/ros_ws/install/panda_moveit_cpp/share/panda_moveit_cpp/package.xml
