[0.073s] Invoking command in '/root/ros_ws/build/zivid_samples': AMENT_PREFIX_PATH=/root/ros_ws/install/zivid_interfaces:${AMENT_PREFIX_PATH} CMAKE_PREFIX_PATH=/root/ros_ws/install/zivid_interfaces:/opt/ros/jazzy/opt/gz_sim_vendor:/opt/ros/jazzy/opt/gz_sensors_vendor:/opt/ros/jazzy/opt/gz_physics_vendor:/opt/ros/jazzy/opt/sdformat_vendor:/opt/ros/jazzy/opt/gz_gui_vendor:/opt/ros/jazzy/opt/gz_transport_vendor:/opt/ros/jazzy/opt/gz_rendering_vendor:/opt/ros/jazzy/opt/gz_plugin_vendor:/opt/ros/jazzy/opt/gz_fuel_tools_vendor:/opt/ros/jazzy/opt/gz_msgs_vendor:/opt/ros/jazzy/opt/gz_common_vendor:/opt/ros/jazzy/opt/gz_math_vendor:/opt/ros/jazzy/opt/gz_utils_vendor:/opt/ros/jazzy/opt/gz_tools_vendor:/opt/ros/jazzy/opt/gz_ogre_next_vendor:/opt/ros/jazzy/opt/gz_dartsim_vendor:/opt/ros/jazzy/opt/gz_cmake_vendor:/opt/ros/jazzy DEBUGINFOD_URLS=https://debuginfod.ubuntu.com LD_LIBRARY_PATH=/root/ros_ws/install/zivid_interfaces/lib:${LD_LIBRARY_PATH} PYTHONPATH=/root/ros_ws/install/zivid_interfaces/lib/python3.12/site-packages:${PYTHONPATH} /usr/bin/cmake --build /root/ros_ws/build/zivid_samples -- -j20 -l20
[0.202s] [ 11%] Built target sample_capture_cpp
[0.206s] [ 22%] Built target sample_capture_2d_cpp
[0.215s] [ 33%] Built target sample_capture_and_save_cpp
[0.217s] [ 44%] Built target sample_capture_with_settings_from_file_cpp
[0.218s] [ 55%] Built target sample_capture_and_detect_markers_cpp
[0.221s] [ 66%] Built target sample_capture_assistant_cpp
[0.232s] [ 77%] Built target sample_infield_correction_cpp
[0.243s] [ 88%] Built target sample_capture_and_detect_calibration_board_cpp
[0.246s] [100%] Built target sample_hand_eye_calibration_cpp
[0.272s] Invoked command in '/root/ros_ws/build/zivid_samples' returned '0': AMENT_PREFIX_PATH=/root/ros_ws/install/zivid_interfaces:${AMENT_PREFIX_PATH} CMAKE_PREFIX_PATH=/root/ros_ws/install/zivid_interfaces:/opt/ros/jazzy/opt/gz_sim_vendor:/opt/ros/jazzy/opt/gz_sensors_vendor:/opt/ros/jazzy/opt/gz_physics_vendor:/opt/ros/jazzy/opt/sdformat_vendor:/opt/ros/jazzy/opt/gz_gui_vendor:/opt/ros/jazzy/opt/gz_transport_vendor:/opt/ros/jazzy/opt/gz_rendering_vendor:/opt/ros/jazzy/opt/gz_plugin_vendor:/opt/ros/jazzy/opt/gz_fuel_tools_vendor:/opt/ros/jazzy/opt/gz_msgs_vendor:/opt/ros/jazzy/opt/gz_common_vendor:/opt/ros/jazzy/opt/gz_math_vendor:/opt/ros/jazzy/opt/gz_utils_vendor:/opt/ros/jazzy/opt/gz_tools_vendor:/opt/ros/jazzy/opt/gz_ogre_next_vendor:/opt/ros/jazzy/opt/gz_dartsim_vendor:/opt/ros/jazzy/opt/gz_cmake_vendor:/opt/ros/jazzy DEBUGINFOD_URLS=https://debuginfod.ubuntu.com LD_LIBRARY_PATH=/root/ros_ws/install/zivid_interfaces/lib:${LD_LIBRARY_PATH} PYTHONPATH=/root/ros_ws/install/zivid_interfaces/lib/python3.12/site-packages:${PYTHONPATH} /usr/bin/cmake --build /root/ros_ws/build/zivid_samples -- -j20 -l20
[0.274s] Invoking command in '/root/ros_ws/build/zivid_samples': AMENT_PREFIX_PATH=/root/ros_ws/install/zivid_interfaces:${AMENT_PREFIX_PATH} CMAKE_PREFIX_PATH=/root/ros_ws/install/zivid_interfaces:/opt/ros/jazzy/opt/gz_sim_vendor:/opt/ros/jazzy/opt/gz_sensors_vendor:/opt/ros/jazzy/opt/gz_physics_vendor:/opt/ros/jazzy/opt/sdformat_vendor:/opt/ros/jazzy/opt/gz_gui_vendor:/opt/ros/jazzy/opt/gz_transport_vendor:/opt/ros/jazzy/opt/gz_rendering_vendor:/opt/ros/jazzy/opt/gz_plugin_vendor:/opt/ros/jazzy/opt/gz_fuel_tools_vendor:/opt/ros/jazzy/opt/gz_msgs_vendor:/opt/ros/jazzy/opt/gz_common_vendor:/opt/ros/jazzy/opt/gz_math_vendor:/opt/ros/jazzy/opt/gz_utils_vendor:/opt/ros/jazzy/opt/gz_tools_vendor:/opt/ros/jazzy/opt/gz_ogre_next_vendor:/opt/ros/jazzy/opt/gz_dartsim_vendor:/opt/ros/jazzy/opt/gz_cmake_vendor:/opt/ros/jazzy DEBUGINFOD_URLS=https://debuginfod.ubuntu.com LD_LIBRARY_PATH=/root/ros_ws/install/zivid_interfaces/lib:${LD_LIBRARY_PATH} PYTHONPATH=/root/ros_ws/install/zivid_interfaces/lib/python3.12/site-packages:${PYTHONPATH} /usr/bin/cmake --install /root/ros_ws/build/zivid_samples
[0.288s] -- Install configuration: ""
[0.288s] -- Up-to-date: /root/ros_ws/install/zivid_samples/lib/zivid_samples/sample_capture_cpp
[0.288s] -- Up-to-date: /root/ros_ws/install/zivid_samples/lib/zivid_samples/sample_capture_2d_cpp
[0.289s] -- Up-to-date: /root/ros_ws/install/zivid_samples/lib/zivid_samples/sample_capture_and_save_cpp
[0.294s] -- Up-to-date: /root/ros_ws/install/zivid_samples/lib/zivid_samples/sample_capture_assistant_cpp
[0.295s] -- Up-to-date: /root/ros_ws/install/zivid_samples/lib/zivid_samples/sample_capture_with_settings_from_file_cpp
[0.297s] -- Up-to-date: /root/ros_ws/install/zivid_samples/lib/zivid_samples/sample_capture_and_detect_calibration_board_cpp
[0.299s] -- Up-to-date: /root/ros_ws/install/zivid_samples/lib/zivid_samples/sample_capture_and_detect_markers_cpp
[0.299s] -- Up-to-date: /root/ros_ws/install/zivid_samples/lib/zivid_samples/sample_infield_correction_cpp
[0.300s] -- Up-to-date: /root/ros_ws/install/zivid_samples/lib/zivid_samples/sample_hand_eye_calibration_cpp
[0.300s] -- Up-to-date: /root/ros_ws/install/zivid_samples/lib/zivid_samples/sample_capture.py
[0.301s] -- Up-to-date: /root/ros_ws/install/zivid_samples/lib/zivid_samples/sample_capture_2d.py
[0.301s] -- Up-to-date: /root/ros_ws/install/zivid_samples/lib/zivid_samples/sample_capture_and_save.py
[0.301s] -- Up-to-date: /root/ros_ws/install/zivid_samples/lib/zivid_samples/sample_capture_assistant.py
[0.301s] -- Up-to-date: /root/ros_ws/install/zivid_samples/lib/zivid_samples/sample_capture_with_settings_from_file.py
[0.302s] -- Up-to-date: /root/ros_ws/install/zivid_samples/lib/zivid_samples/sample_capture_depth_color_pcl.py
[0.302s] -- Up-to-date: /root/ros_ws/install/zivid_samples/share/zivid_samples/launch
[0.302s] -- Up-to-date: /root/ros_ws/install/zivid_samples/share/zivid_samples/launch/zivid_camera_with_serial_number.launch
[0.303s] -- Up-to-date: /root/ros_ws/install/zivid_samples/share/zivid_samples/launch/sample_with_rviz.launch
[0.303s] -- Up-to-date: /root/ros_ws/install/zivid_samples/share/zivid_samples/launch/sample.launch
[0.303s] -- Up-to-date: /root/ros_ws/install/zivid_samples/share/zivid_samples/settings
[0.303s] -- Up-to-date: /root/ros_ws/install/zivid_samples/share/zivid_samples/settings/camera_settings.yml
[0.304s] -- Up-to-date: /root/ros_ws/install/zivid_samples/share/ament_index/resource_index/package_run_dependencies/zivid_samples
[0.305s] -- Up-to-date: /root/ros_ws/install/zivid_samples/share/ament_index/resource_index/parent_prefix_path/zivid_samples
[0.305s] -- Up-to-date: /root/ros_ws/install/zivid_samples/share/zivid_samples/environment/ament_prefix_path.sh
[0.305s] -- Up-to-date: /root/ros_ws/install/zivid_samples/share/zivid_samples/environment/ament_prefix_path.dsv
[0.306s] -- Up-to-date: /root/ros_ws/install/zivid_samples/share/zivid_samples/environment/path.sh
[0.306s] -- Up-to-date: /root/ros_ws/install/zivid_samples/share/zivid_samples/environment/path.dsv
[0.306s] -- Up-to-date: /root/ros_ws/install/zivid_samples/share/zivid_samples/local_setup.bash
[0.307s] -- Up-to-date: /root/ros_ws/install/zivid_samples/share/zivid_samples/local_setup.sh
[0.307s] -- Up-to-date: /root/ros_ws/install/zivid_samples/share/zivid_samples/local_setup.zsh
[0.308s] -- Up-to-date: /root/ros_ws/install/zivid_samples/share/zivid_samples/local_setup.dsv
[0.308s] -- Installing: /root/ros_ws/install/zivid_samples/share/zivid_samples/package.dsv
[0.309s] -- Up-to-date: /root/ros_ws/install/zivid_samples/share/ament_index/resource_index/packages/zivid_samples
[0.310s] -- Up-to-date: /root/ros_ws/install/zivid_samples/share/zivid_samples/cmake/zivid_samplesConfig.cmake
[0.310s] -- Up-to-date: /root/ros_ws/install/zivid_samples/share/zivid_samples/cmake/zivid_samplesConfig-version.cmake
[0.311s] -- Up-to-date: /root/ros_ws/install/zivid_samples/share/zivid_samples/package.xml
[0.352s] Invoked command in '/root/ros_ws/build/zivid_samples' returned '0': AMENT_PREFIX_PATH=/root/ros_ws/install/zivid_interfaces:${AMENT_PREFIX_PATH} CMAKE_PREFIX_PATH=/root/ros_ws/install/zivid_interfaces:/opt/ros/jazzy/opt/gz_sim_vendor:/opt/ros/jazzy/opt/gz_sensors_vendor:/opt/ros/jazzy/opt/gz_physics_vendor:/opt/ros/jazzy/opt/sdformat_vendor:/opt/ros/jazzy/opt/gz_gui_vendor:/opt/ros/jazzy/opt/gz_transport_vendor:/opt/ros/jazzy/opt/gz_rendering_vendor:/opt/ros/jazzy/opt/gz_plugin_vendor:/opt/ros/jazzy/opt/gz_fuel_tools_vendor:/opt/ros/jazzy/opt/gz_msgs_vendor:/opt/ros/jazzy/opt/gz_common_vendor:/opt/ros/jazzy/opt/gz_math_vendor:/opt/ros/jazzy/opt/gz_utils_vendor:/opt/ros/jazzy/opt/gz_tools_vendor:/opt/ros/jazzy/opt/gz_ogre_next_vendor:/opt/ros/jazzy/opt/gz_dartsim_vendor:/opt/ros/jazzy/opt/gz_cmake_vendor:/opt/ros/jazzy DEBUGINFOD_URLS=https://debuginfod.ubuntu.com LD_LIBRARY_PATH=/root/ros_ws/install/zivid_interfaces/lib:${LD_LIBRARY_PATH} PYTHONPATH=/root/ros_ws/install/zivid_interfaces/lib/python3.12/site-packages:${PYTHONPATH} /usr/bin/cmake --install /root/ros_ws/build/zivid_samples
