/root/ros_ws/install/universal_robots_ur10e/lib/python3.12/site-packages/universal_robots_ur10e/__init__.py
/root/ros_ws/install/universal_robots_ur10e/lib/python3.12/site-packages/universal_robots_ur10e/__pycache__/__init__.cpython-312.pyc
/root/ros_ws/install/universal_robots_ur10e/share/universal_robots_ur10e/package.xml
/root/ros_ws/install/universal_robots_ur10e/share/universal_robots_ur10e/launch/ur_moveit.launch.py
/root/ros_ws/install/universal_robots_ur10e/share/universal_robots_ur10e/config/pilz_cartesian_limits.yaml
/root/ros_ws/install/universal_robots_ur10e/share/universal_robots_ur10e/config/moveit_controllers.yaml
/root/ros_ws/install/universal_robots_ur10e/share/universal_robots_ur10e/config/kinematics.yaml
/root/ros_ws/install/universal_robots_ur10e/share/universal_robots_ur10e/config/ur_controllers.yaml
/root/ros_ws/install/universal_robots_ur10e/share/universal_robots_ur10e/config/joint_limits.yaml
/root/ros_ws/install/universal_robots_ur10e/share/universal_robots_ur10e/config/initial_positions.yaml
/root/ros_ws/install/universal_robots_ur10e/share/universal_robots_ur10e/config/ompl_planning.yaml
/root/ros_ws/install/universal_robots_ur10e/share/universal_robots_ur10e/config/ur_moveit.rviz
/root/ros_ws/install/universal_robots_ur10e/share/universal_robots_ur10e/config/ur_macro.xacro
/root/ros_ws/install/universal_robots_ur10e/share/universal_robots_ur10e/config/ur.srdf.xacro
/root/ros_ws/install/universal_robots_ur10e/share/universal_robots_ur10e/config/ur.urdf.xacro
/root/ros_ws/install/universal_robots_ur10e/share/universal_robots_ur10e/config/ur_macro.srdf.xacro
/root/ros_ws/install/universal_robots_ur10e/share/universal_robots_ur10e/config/ur10e/default_kinematics.yaml
/root/ros_ws/install/universal_robots_ur10e/share/universal_robots_ur10e/config/ur10e/joint_limits.yaml
/root/ros_ws/install/universal_robots_ur10e/share/universal_robots_ur10e/config/ur10e/visual_parameters.yaml
/root/ros_ws/install/universal_robots_ur10e/share/universal_robots_ur10e/config/ur10e/physical_parameters.yaml
/root/ros_ws/install/universal_robots_ur10e/share/universal_robots_ur10e/srdf
/root/ros_ws/install/universal_robots_ur10e/share/universal_robots_ur10e/urdf
/root/ros_ws/install/universal_robots_ur10e/share/universal_robots_ur10e/urdf/inc
/root/ros_ws/install/universal_robots_ur10e/share/ament_index/resource_index/packages/universal_robots_ur10e
/root/ros_ws/install/universal_robots_ur10e/lib/python3.12/site-packages/universal_robots_ur10e-0.1.0-py3.12.egg-info/SOURCES.txt
/root/ros_ws/install/universal_robots_ur10e/lib/python3.12/site-packages/universal_robots_ur10e-0.1.0-py3.12.egg-info/PKG-INFO
/root/ros_ws/install/universal_robots_ur10e/lib/python3.12/site-packages/universal_robots_ur10e-0.1.0-py3.12.egg-info/entry_points.txt
/root/ros_ws/install/universal_robots_ur10e/lib/python3.12/site-packages/universal_robots_ur10e-0.1.0-py3.12.egg-info/zip-safe
/root/ros_ws/install/universal_robots_ur10e/lib/python3.12/site-packages/universal_robots_ur10e-0.1.0-py3.12.egg-info/requires.txt
/root/ros_ws/install/universal_robots_ur10e/lib/python3.12/site-packages/universal_robots_ur10e-0.1.0-py3.12.egg-info/top_level.txt
/root/ros_ws/install/universal_robots_ur10e/lib/python3.12/site-packages/universal_robots_ur10e-0.1.0-py3.12.egg-info/dependency_links.txt
/root/ros_ws/install/universal_robots_ur10e/lib/universal_robots_ur10e/scene_subscriber
