[0.112s] Invoking command in '/root/ros_ws/build/moveit_resources_panda_camera_description': CMAKE_PREFIX_PATH=${CMAKE_PREFIX_PATH}:/root/ros_ws/install/universal_robots_ur10e:/root/ros_ws/install/simple_moveit_app:/root/ros_ws/install/panda_moveit_python:/opt/ros/jazzy DEBUGINFOD_URLS=https://debuginfod.ubuntu.com /usr/bin/cmake --build /root/ros_ws/build/moveit_resources_panda_camera_description -- -j20 -l20
[1.405s] Invoked command in '/root/ros_ws/build/moveit_resources_panda_camera_description' returned '0': CMAKE_PREFIX_PATH=${CMAKE_PREFIX_PATH}:/root/ros_ws/install/universal_robots_ur10e:/root/ros_ws/install/simple_moveit_app:/root/ros_ws/install/panda_moveit_python:/opt/ros/jazzy DEBUGINFOD_URLS=https://debuginfod.ubuntu.com /usr/bin/cmake --build /root/ros_ws/build/moveit_resources_panda_camera_description -- -j20 -l20
[1.407s] Invoking command in '/root/ros_ws/build/moveit_resources_panda_camera_description': CMAKE_PREFIX_PATH=${CMAKE_PREFIX_PATH}:/root/ros_ws/install/universal_robots_ur10e:/root/ros_ws/install/simple_moveit_app:/root/ros_ws/install/panda_moveit_python:/opt/ros/jazzy DEBUGINFOD_URLS=https://debuginfod.ubuntu.com /usr/bin/cmake --install /root/ros_ws/build/moveit_resources_panda_camera_description
[1.649s] -- Install configuration: ""
[1.649s] -- Up-to-date: /root/ros_ws/install/moveit_resources_panda_camera_description/share/ament_index/resource_index/package_run_dependencies/moveit_resources_panda_camera_description
[1.649s] -- Up-to-date: /root/ros_ws/install/moveit_resources_panda_camera_description/share/ament_index/resource_index/parent_prefix_path/moveit_resources_panda_camera_description
[1.668s] -- Up-to-date: /root/ros_ws/install/moveit_resources_panda_camera_description/share/moveit_resources_panda_camera_description/environment/ament_prefix_path.sh
[1.668s] -- Up-to-date: /root/ros_ws/install/moveit_resources_panda_camera_description/share/moveit_resources_panda_camera_description/environment/ament_prefix_path.dsv
[1.669s] -- Up-to-date: /root/ros_ws/install/moveit_resources_panda_camera_description/share/moveit_resources_panda_camera_description/environment/path.sh
[1.669s] -- Up-to-date: /root/ros_ws/install/moveit_resources_panda_camera_description/share/moveit_resources_panda_camera_description/environment/path.dsv
[1.669s] -- Up-to-date: /root/ros_ws/install/moveit_resources_panda_camera_description/share/moveit_resources_panda_camera_description/local_setup.bash
[1.669s] -- Up-to-date: /root/ros_ws/install/moveit_resources_panda_camera_description/share/moveit_resources_panda_camera_description/local_setup.sh
[1.669s] -- Up-to-date: /root/ros_ws/install/moveit_resources_panda_camera_description/share/moveit_resources_panda_camera_description/local_setup.zsh
[1.670s] -- Up-to-date: /root/ros_ws/install/moveit_resources_panda_camera_description/share/moveit_resources_panda_camera_description/local_setup.dsv
[1.670s] -- Installing: /root/ros_ws/install/moveit_resources_panda_camera_description/share/moveit_resources_panda_camera_description/package.dsv
[1.678s] -- Up-to-date: /root/ros_ws/install/moveit_resources_panda_camera_description/share/ament_index/resource_index/packages/moveit_resources_panda_camera_description
[1.678s] -- Up-to-date: /root/ros_ws/install/moveit_resources_panda_camera_description/share/moveit_resources_panda_camera_description/cmake/moveit_resources_panda_camera_descriptionConfig.cmake
[1.678s] -- Up-to-date: /root/ros_ws/install/moveit_resources_panda_camera_description/share/moveit_resources_panda_camera_description/cmake/moveit_resources_panda_camera_descriptionConfig-version.cmake
[1.693s] -- Up-to-date: /root/ros_ws/install/moveit_resources_panda_camera_description/share/moveit_resources_panda_camera_description/package.xml
[1.693s] -- Up-to-date: /root/ros_ws/install/moveit_resources_panda_camera_description/share/moveit_resources_panda_camera_description/meshes
[1.693s] -- Up-to-date: /root/ros_ws/install/moveit_resources_panda_camera_description/share/moveit_resources_panda_camera_description/meshes/visual
[1.694s] -- Up-to-date: /root/ros_ws/install/moveit_resources_panda_camera_description/share/moveit_resources_panda_camera_description/meshes/visual/finger.dae
[1.694s] -- Up-to-date: /root/ros_ws/install/moveit_resources_panda_camera_description/share/moveit_resources_panda_camera_description/meshes/visual/link0.dae
[1.694s] -- Up-to-date: /root/ros_ws/install/moveit_resources_panda_camera_description/share/moveit_resources_panda_camera_description/meshes/visual/camera_with_adapter.dae
[1.694s] -- Up-to-date: /root/ros_ws/install/moveit_resources_panda_camera_description/share/moveit_resources_panda_camera_description/meshes/visual/link3.dae
[1.701s] -- Up-to-date: /root/ros_ws/install/moveit_resources_panda_camera_description/share/moveit_resources_panda_camera_description/meshes/visual/link7.dae
[1.701s] -- Up-to-date: /root/ros_ws/install/moveit_resources_panda_camera_description/share/moveit_resources_panda_camera_description/meshes/visual/link2.dae
[1.701s] -- Up-to-date: /root/ros_ws/install/moveit_resources_panda_camera_description/share/moveit_resources_panda_camera_description/meshes/visual/link1.dae
[1.702s] -- Up-to-date: /root/ros_ws/install/moveit_resources_panda_camera_description/share/moveit_resources_panda_camera_description/meshes/visual/link4.dae
[1.702s] -- Up-to-date: /root/ros_ws/install/moveit_resources_panda_camera_description/share/moveit_resources_panda_camera_description/meshes/visual/hand.dae
[1.702s] -- Up-to-date: /root/ros_ws/install/moveit_resources_panda_camera_description/share/moveit_resources_panda_camera_description/meshes/visual/link6.dae
[1.703s] -- Up-to-date: /root/ros_ws/install/moveit_resources_panda_camera_description/share/moveit_resources_panda_camera_description/meshes/visual/link5.dae
[1.721s] -- Up-to-date: /root/ros_ws/install/moveit_resources_panda_camera_description/share/moveit_resources_panda_camera_description/meshes/collision
[1.734s] -- Up-to-date: /root/ros_ws/install/moveit_resources_panda_camera_description/share/moveit_resources_panda_camera_description/meshes/collision/link0.stl
[1.734s] -- Up-to-date: /root/ros_ws/install/moveit_resources_panda_camera_description/share/moveit_resources_panda_camera_description/meshes/collision/link6.stl
[1.735s] -- Up-to-date: /root/ros_ws/install/moveit_resources_panda_camera_description/share/moveit_resources_panda_camera_description/meshes/collision/link1.stl
[1.735s] -- Up-to-date: /root/ros_ws/install/moveit_resources_panda_camera_description/share/moveit_resources_panda_camera_description/meshes/collision/camera_with_adapter.STL
[1.735s] -- Up-to-date: /root/ros_ws/install/moveit_resources_panda_camera_description/share/moveit_resources_panda_camera_description/meshes/collision/link2.stl
[1.735s] -- Up-to-date: /root/ros_ws/install/moveit_resources_panda_camera_description/share/moveit_resources_panda_camera_description/meshes/collision/link4.stl
[1.736s] -- Up-to-date: /root/ros_ws/install/moveit_resources_panda_camera_description/share/moveit_resources_panda_camera_description/meshes/collision/link3.stl
[1.736s] -- Up-to-date: /root/ros_ws/install/moveit_resources_panda_camera_description/share/moveit_resources_panda_camera_description/meshes/collision/link5.stl
[1.737s] -- Up-to-date: /root/ros_ws/install/moveit_resources_panda_camera_description/share/moveit_resources_panda_camera_description/meshes/collision/finger.stl
[1.737s] -- Up-to-date: /root/ros_ws/install/moveit_resources_panda_camera_description/share/moveit_resources_panda_camera_description/meshes/collision/link7.stl
[1.737s] -- Up-to-date: /root/ros_ws/install/moveit_resources_panda_camera_description/share/moveit_resources_panda_camera_description/meshes/collision/hand.stl
[1.737s] -- Up-to-date: /root/ros_ws/install/moveit_resources_panda_camera_description/share/moveit_resources_panda_camera_description/urdf
[1.737s] -- Up-to-date: /root/ros_ws/install/moveit_resources_panda_camera_description/share/moveit_resources_panda_camera_description/urdf/panda.urdf.xacro
[1.738s] -- Up-to-date: /root/ros_ws/install/moveit_resources_panda_camera_description/share/moveit_resources_panda_camera_description/urdf/panda.urdf
[1.738s] -- Up-to-date: /root/ros_ws/install/moveit_resources_panda_camera_description/share/moveit_resources_panda_camera_description/urdf/simple_camera.urdf.xacro
[1.937s] Invoked command in '/root/ros_ws/build/moveit_resources_panda_camera_description' returned '0': CMAKE_PREFIX_PATH=${CMAKE_PREFIX_PATH}:/root/ros_ws/install/universal_robots_ur10e:/root/ros_ws/install/simple_moveit_app:/root/ros_ws/install/panda_moveit_python:/opt/ros/jazzy DEBUGINFOD_URLS=https://debuginfod.ubuntu.com /usr/bin/cmake --install /root/ros_ws/build/moveit_resources_panda_camera_description
