[0.041s] Invoking command in '/root/ros_ws/build/rviz_marker_tools': CMAKE_PREFIX_PATH=${CMAKE_PREFIX_PATH}:/opt/ros/jazzy DEBUGINFOD_URLS=https://debuginfod.ubuntu.com /usr/bin/cmake --build /root/ros_ws/build/rviz_marker_tools -- -j28 -l28
[0.427s] [100%] Built target rviz_marker_tools
[0.440s] Invoked command in '/root/ros_ws/build/rviz_marker_tools' returned '0': CMAKE_PREFIX_PATH=${CMAKE_PREFIX_PATH}:/opt/ros/jazzy DEBUGINFOD_URLS=https://debuginfod.ubuntu.com /usr/bin/cmake --build /root/ros_ws/build/rviz_marker_tools -- -j28 -l28
[0.441s] Invoking command in '/root/ros_ws/build/rviz_marker_tools': CMAKE_PREFIX_PATH=${CMAKE_PREFIX_PATH}:/opt/ros/jazzy DEBUGINFOD_URLS=https://debuginfod.ubuntu.com /usr/bin/cmake --install /root/ros_ws/build/rviz_marker_tools
[0.482s] -- Install configuration: "Release"
[0.482s] -- Up-to-date: /root/ros_ws/install/rviz_marker_tools/include
[0.482s] -- Up-to-date: /root/ros_ws/install/rviz_marker_tools/include/rviz_marker_tools
[0.482s] -- Up-to-date: /root/ros_ws/install/rviz_marker_tools/include/rviz_marker_tools/marker_creation.h
[0.482s] -- Up-to-date: /root/ros_ws/install/rviz_marker_tools/lib/librviz_marker_tools.so
[0.483s] -- Up-to-date: /root/ros_ws/install/rviz_marker_tools/share/rviz_marker_tools/environment/library_path.sh
[0.483s] -- Up-to-date: /root/ros_ws/install/rviz_marker_tools/share/rviz_marker_tools/environment/library_path.dsv
[0.483s] -- Up-to-date: /root/ros_ws/install/rviz_marker_tools/share/ament_index/resource_index/package_run_dependencies/rviz_marker_tools
[0.483s] -- Up-to-date: /root/ros_ws/install/rviz_marker_tools/share/ament_index/resource_index/parent_prefix_path/rviz_marker_tools
[0.483s] -- Up-to-date: /root/ros_ws/install/rviz_marker_tools/share/rviz_marker_tools/environment/ament_prefix_path.sh
[0.483s] -- Up-to-date: /root/ros_ws/install/rviz_marker_tools/share/rviz_marker_tools/environment/ament_prefix_path.dsv
[0.483s] -- Up-to-date: /root/ros_ws/install/rviz_marker_tools/share/rviz_marker_tools/environment/path.sh
[0.483s] -- Up-to-date: /root/ros_ws/install/rviz_marker_tools/share/rviz_marker_tools/environment/path.dsv
[0.484s] -- Up-to-date: /root/ros_ws/install/rviz_marker_tools/share/rviz_marker_tools/local_setup.bash
[0.484s] -- Up-to-date: /root/ros_ws/install/rviz_marker_tools/share/rviz_marker_tools/local_setup.sh
[0.484s] -- Up-to-date: /root/ros_ws/install/rviz_marker_tools/share/rviz_marker_tools/local_setup.zsh
[0.484s] -- Up-to-date: /root/ros_ws/install/rviz_marker_tools/share/rviz_marker_tools/local_setup.dsv
[0.484s] -- Installing: /root/ros_ws/install/rviz_marker_tools/share/rviz_marker_tools/package.dsv
[0.484s] -- Up-to-date: /root/ros_ws/install/rviz_marker_tools/share/ament_index/resource_index/packages/rviz_marker_tools
[0.484s] -- Up-to-date: /root/ros_ws/install/rviz_marker_tools/share/rviz_marker_tools/cmake/rviz_marker_toolsTargetsExport.cmake
[0.485s] -- Up-to-date: /root/ros_ws/install/rviz_marker_tools/share/rviz_marker_tools/cmake/rviz_marker_toolsTargetsExport-release.cmake
[0.485s] -- Up-to-date: /root/ros_ws/install/rviz_marker_tools/share/rviz_marker_tools/cmake/ament_cmake_export_targets-extras.cmake
[0.485s] -- Up-to-date: /root/ros_ws/install/rviz_marker_tools/share/rviz_marker_tools/cmake/ament_cmake_export_dependencies-extras.cmake
[0.485s] -- Up-to-date: /root/ros_ws/install/rviz_marker_tools/share/rviz_marker_tools/cmake/rviz_marker_toolsConfig.cmake
[0.485s] -- Up-to-date: /root/ros_ws/install/rviz_marker_tools/share/rviz_marker_tools/cmake/rviz_marker_toolsConfig-version.cmake
[0.486s] -- Up-to-date: /root/ros_ws/install/rviz_marker_tools/share/rviz_marker_tools/package.xml
[0.533s] Invoked command in '/root/ros_ws/build/rviz_marker_tools' returned '0': CMAKE_PREFIX_PATH=${CMAKE_PREFIX_PATH}:/opt/ros/jazzy DEBUGINFOD_URLS=https://debuginfod.ubuntu.com /usr/bin/cmake --install /root/ros_ws/build/rviz_marker_tools
