-- Found ament_cmake: 2.5.4 (/opt/ros/jazzy/share/ament_cmake/cmake)
-- Found rclcpp: 28.1.9 (/opt/ros/jazzy/share/rclcpp/cmake)
-- Found rosidl_generator_c: 4.6.5 (/opt/ros/jazzy/share/rosidl_generator_c/cmake)
-- Found rosidl_generator_cpp: 4.6.5 (/opt/ros/jazzy/share/rosidl_generator_cpp/cmake)
-- Using all available rosidl_typesupport_c: rosidl_typesupport_fastrtps_c;rosidl_typesupport_introspection_c
-- Using all available rosidl_typesupport_cpp: rosidl_typesupport_fastrtps_cpp;rosidl_typesupport_introspection_cpp
-- Found rmw_implementation_cmake: 7.3.2 (/opt/ros/jazzy/share/rmw_implementation_cmake/cmake)
-- Found rmw_fastrtps_cpp: 8.4.2 (/opt/ros/jazzy/share/rmw_fastrtps_cpp/cmake)
-- Using RMW implementation 'rmw_fastrtps_cpp' as default
-- Found rclcpp_components: 28.1.9 (/opt/ros/jazzy/share/rclcpp_components/cmake)
-- Found std_msgs: 5.3.6 (/opt/ros/jazzy/share/std_msgs/cmake)
-- Found std_srvs: 5.3.6 (/opt/ros/jazzy/share/std_srvs/cmake)
-- Found sensor_msgs: 5.3.6 (/opt/ros/jazzy/share/sensor_msgs/cmake)
-- Found image_transport: 5.1.6 (/opt/ros/jazzy/share/image_transport/cmake)
-- Found tf2: 0.36.11 (/opt/ros/jazzy/share/tf2/cmake)
-- Found tf2_ros: 0.36.11 (/opt/ros/jazzy/share/tf2_ros/cmake)
-- Found tf2_geometry_msgs: 0.36.11 (/opt/ros/jazzy/share/tf2_geometry_msgs/cmake)
-- Found eigen3_cmake_module: 0.3.0 (/opt/ros/jazzy/share/eigen3_cmake_module/cmake)
-- Ensuring Eigen3 include directory is part of orocos-kdl CMake target
-- Found zivid_interfaces: 3.1.0 (/root/ros_ws/install/zivid_interfaces/share/zivid_interfaces/cmake)
-- Found Zivid SDK version 2.15.0
-- Found ament_lint_auto: 0.17.2 (/opt/ros/jazzy/share/ament_lint_auto/cmake)
-- Found gtest sources under '/opt/ros/jazzy/src/gtest_vendor': C++ tests using 'Google Test' will be built
-- The C compiler identification is GNU 13.3.0
-- Detecting C compiler ABI info
-- Detecting C compiler ABI info - done
-- Check for working C compiler: /usr/bin/cc - skipped
-- Detecting C compile features
-- Detecting C compile features - done
-- Performing Test CMAKE_HAVE_LIBC_PTHREAD
-- Performing Test CMAKE_HAVE_LIBC_PTHREAD - Success
-- Found Threads: TRUE  
-- Added test 'clang_tidy' to check C / C++ code style
-- Added test 'copyright' to check source files copyright and LICENSE
-- Added test 'cppcheck' to perform static code analysis on C / C++ code
-- Configured cppcheck include dirs: $<BUILD_INTERFACE:/root/ros_ws/src/zivid-ros/zivid_camera/include>;/root/ros_ws/src/zivid-ros/zivid_camera/test/include
-- Configured cppcheck exclude dirs and/or files: 
-- Added test 'lint_cmake' to check CMake code style
-- Added test 'xmllint' to check XML markup files
-- Configuring done (0.8s)
-- Generating done (0.0s)
-- Build files have been written to: /root/ros_ws/build/zivid_camera
[  5%] [32mBuilding CXX object CMakeFiles/zivid_camera.dir/rclcpp_components/node_main_zivid_camera.cpp.o[0m
[ 11%] [32mBuilding CXX object gtest/CMakeFiles/gtest_main.dir/src/gtest_main.cc.o[0m
[ 22%] [32mBuilding CXX object CMakeFiles/zivid_camera_component.dir/src/utility.cpp.o[0m
[ 22%] [32mBuilding CXX object CMakeFiles/zivid_camera_component.dir/src/infield_correction_controller.cpp.o[0m
[ 27%] [32mBuilding CXX object CMakeFiles/zivid_camera_component.dir/src/detector_controller.cpp.o[0m
[ 33%] [32mBuilding CXX object gtest/CMakeFiles/gtest.dir/src/gtest-all.cc.o[0m
[ 38%] [32mBuilding CXX object CMakeFiles/zivid_camera_component.dir/src/hand_eye_calibration_controller.cpp.o[0m
[ 50%] [32mBuilding CXX object CMakeFiles/zivid_camera_component.dir/src/zivid_camera.cpp.o[0m
[ 50%] [32mBuilding CXX object CMakeFiles/zivid_camera_component.dir/src/controller_interface.cpp.o[0m
[ 55%] [32m[1mLinking CXX static library libgtest_main.a[0m
[ 55%] Built target gtest_main
[ 61%] [32m[1mLinking CXX executable zivid_camera[0m
[ 61%] Built target zivid_camera
[ 66%] [32m[1mLinking CXX static library libgtest.a[0m
[ 66%] Built target gtest
[ 72%] [32m[1mLinking CXX shared library libzivid_camera_component.so[0m
[ 72%] Built target zivid_camera_component
[ 77%] [32mBuilding CXX object CMakeFiles/zivid_camera_test.dir/test/test_detector.cpp.o[0m
[ 83%] [32mBuilding CXX object CMakeFiles/zivid_camera_test.dir/test/test_infield_correction.cpp.o[0m
[ 88%] [32mBuilding CXX object CMakeFiles/zivid_camera_test.dir/test/test_zivid_camera.cpp.o[0m
[ 94%] [32mBuilding CXX object CMakeFiles/zivid_camera_test.dir/test/test_hand_eye_calibration.cpp.o[0m
[100%] [32m[1mLinking CXX executable zivid_camera_test[0m
[100%] Built target zivid_camera_test
-- Install configuration: ""
-- Installing: /root/ros_ws/install/zivid_camera/lib/zivid_camera/zivid_camera
-- Set non-toolchain portion of runtime path of "/root/ros_ws/install/zivid_camera/lib/zivid_camera/zivid_camera" to ""
-- Installing: /root/ros_ws/install/zivid_camera/lib/libzivid_camera_component.so
-- Set non-toolchain portion of runtime path of "/root/ros_ws/install/zivid_camera/lib/libzivid_camera_component.so" to ""
-- Installing: /root/ros_ws/install/zivid_camera/include
-- Installing: /root/ros_ws/install/zivid_camera/include/zivid_camera
-- Installing: /root/ros_ws/install/zivid_camera/include/zivid_camera/detector_controller.hpp
-- Installing: /root/ros_ws/install/zivid_camera/include/zivid_camera/controller_interface.hpp
-- Installing: /root/ros_ws/install/zivid_camera/include/zivid_camera/capture_settings_controller.hpp
-- Installing: /root/ros_ws/install/zivid_camera/include/zivid_camera/visibility.hpp
-- Installing: /root/ros_ws/install/zivid_camera/include/zivid_camera/infield_correction_controller.hpp
-- Installing: /root/ros_ws/install/zivid_camera/include/zivid_camera/hand_eye_calibration_controller.hpp
-- Installing: /root/ros_ws/install/zivid_camera/include/zivid_camera/zivid_camera.hpp
-- Installing: /root/ros_ws/install/zivid_camera/include/zivid_camera/utility.hpp
-- Installing: /root/ros_ws/install/zivid_camera/share/zivid_camera/launch
-- Installing: /root/ros_ws/install/zivid_camera/share/zivid_camera/launch/visualize.launch
-- Installing: /root/ros_ws/install/zivid_camera/share/zivid_camera/config
-- Installing: /root/ros_ws/install/zivid_camera/share/zivid_camera/config/rviz
-- Installing: /root/ros_ws/install/zivid_camera/share/zivid_camera/config/rviz/zivid.rviz
-- Installing: /root/ros_ws/install/zivid_camera/share/zivid_camera/environment/library_path.sh
-- Installing: /root/ros_ws/install/zivid_camera/share/zivid_camera/environment/library_path.dsv
-- Up-to-date: /root/ros_ws/install/zivid_camera/lib/libzivid_camera_component.so
-- Installing: /root/ros_ws/install/zivid_camera/share/ament_index/resource_index/package_run_dependencies/zivid_camera
-- Installing: /root/ros_ws/install/zivid_camera/share/ament_index/resource_index/parent_prefix_path/zivid_camera
-- Installing: /root/ros_ws/install/zivid_camera/share/zivid_camera/environment/ament_prefix_path.sh
-- Installing: /root/ros_ws/install/zivid_camera/share/zivid_camera/environment/ament_prefix_path.dsv
-- Installing: /root/ros_ws/install/zivid_camera/share/zivid_camera/environment/path.sh
-- Installing: /root/ros_ws/install/zivid_camera/share/zivid_camera/environment/path.dsv
-- Installing: /root/ros_ws/install/zivid_camera/share/zivid_camera/local_setup.bash
-- Installing: /root/ros_ws/install/zivid_camera/share/zivid_camera/local_setup.sh
-- Installing: /root/ros_ws/install/zivid_camera/share/zivid_camera/local_setup.zsh
-- Installing: /root/ros_ws/install/zivid_camera/share/zivid_camera/local_setup.dsv
-- Installing: /root/ros_ws/install/zivid_camera/share/zivid_camera/package.dsv
-- Installing: /root/ros_ws/install/zivid_camera/share/ament_index/resource_index/packages/zivid_camera
-- Installing: /root/ros_ws/install/zivid_camera/share/ament_index/resource_index/rclcpp_components/zivid_camera
-- Installing: /root/ros_ws/install/zivid_camera/share/zivid_camera/cmake/zivid_cameraTargetsExport.cmake
-- Installing: /root/ros_ws/install/zivid_camera/share/zivid_camera/cmake/zivid_cameraTargetsExport-noconfig.cmake
-- Installing: /root/ros_ws/install/zivid_camera/share/zivid_camera/cmake/ament_cmake_export_targets-extras.cmake
-- Installing: /root/ros_ws/install/zivid_camera/share/zivid_camera/cmake/ament_cmake_export_dependencies-extras.cmake
-- Installing: /root/ros_ws/install/zivid_camera/share/zivid_camera/cmake/zivid_cameraConfig.cmake
-- Installing: /root/ros_ws/install/zivid_camera/share/zivid_camera/cmake/zivid_cameraConfig-version.cmake
-- Installing: /root/ros_ws/install/zivid_camera/share/zivid_camera/package.xml
