[0.029s] Invoking command in '/root/ros_ws/build/panda_moveit_cpp': CMAKE_PREFIX_PATH=${CMAKE_PREFIX_PATH}:/opt/ros/jazzy /usr/bin/cmake --build /root/ros_ws/build/panda_moveit_cpp -- -j28 -l28
[0.381s] [100%] Built target moveit_cpp_tutorial
[0.396s] Invoked command in '/root/ros_ws/build/panda_moveit_cpp' returned '0': CMAKE_PREFIX_PATH=${CMAKE_PREFIX_PATH}:/opt/ros/jazzy /usr/bin/cmake --build /root/ros_ws/build/panda_moveit_cpp -- -j28 -l28
[0.398s] Invoking command in '/root/ros_ws/build/panda_moveit_cpp': CMAKE_PREFIX_PATH=${CMAKE_PREFIX_PATH}:/opt/ros/jazzy /usr/bin/cmake --install /root/ros_ws/build/panda_moveit_cpp
[0.438s] -- Install configuration: ""
[0.438s] -- Up-to-date: /root/ros_ws/install/panda_moveit_cpp/lib/panda_moveit_cpp/moveit_cpp_tutorial
[0.438s] -- Up-to-date: /root/ros_ws/install/panda_moveit_cpp/share/panda_moveit_cpp/launch
[0.438s] -- Up-to-date: /root/ros_ws/install/panda_moveit_cpp/share/panda_moveit_cpp/launch/moveit_cpp_tutorial.launch.py
[0.438s] -- Up-to-date: /root/ros_ws/install/panda_moveit_cpp/share/panda_moveit_cpp/launch/moveit_cpp_tutorial.rviz
[0.438s] -- Up-to-date: /root/ros_ws/install/panda_moveit_cpp/share/panda_moveit_cpp/config
[0.438s] -- Up-to-date: /root/ros_ws/install/panda_moveit_cpp/share/panda_moveit_cpp/config/moveit_cpp.yaml
[0.438s] -- Up-to-date: /root/ros_ws/install/panda_moveit_cpp/share/ament_index/resource_index/package_run_dependencies/panda_moveit_cpp
[0.438s] -- Up-to-date: /root/ros_ws/install/panda_moveit_cpp/share/ament_index/resource_index/parent_prefix_path/panda_moveit_cpp
[0.438s] -- Up-to-date: /root/ros_ws/install/panda_moveit_cpp/share/panda_moveit_cpp/environment/ament_prefix_path.sh
[0.438s] -- Up-to-date: /root/ros_ws/install/panda_moveit_cpp/share/panda_moveit_cpp/environment/ament_prefix_path.dsv
[0.438s] -- Up-to-date: /root/ros_ws/install/panda_moveit_cpp/share/panda_moveit_cpp/environment/path.sh
[0.438s] -- Up-to-date: /root/ros_ws/install/panda_moveit_cpp/share/panda_moveit_cpp/environment/path.dsv
[0.438s] -- Up-to-date: /root/ros_ws/install/panda_moveit_cpp/share/panda_moveit_cpp/local_setup.bash
[0.438s] -- Up-to-date: /root/ros_ws/install/panda_moveit_cpp/share/panda_moveit_cpp/local_setup.sh
[0.438s] -- Up-to-date: /root/ros_ws/install/panda_moveit_cpp/share/panda_moveit_cpp/local_setup.zsh
[0.438s] -- Up-to-date: /root/ros_ws/install/panda_moveit_cpp/share/panda_moveit_cpp/local_setup.dsv
[0.438s] -- Installing: /root/ros_ws/install/panda_moveit_cpp/share/panda_moveit_cpp/package.dsv
[0.438s] -- Up-to-date: /root/ros_ws/install/panda_moveit_cpp/share/ament_index/resource_index/packages/panda_moveit_cpp
[0.438s] -- Up-to-date: /root/ros_ws/install/panda_moveit_cpp/share/panda_moveit_cpp/cmake/panda_moveit_cppConfig.cmake
[0.438s] -- Up-to-date: /root/ros_ws/install/panda_moveit_cpp/share/panda_moveit_cpp/cmake/panda_moveit_cppConfig-version.cmake
[0.438s] -- Up-to-date: /root/ros_ws/install/panda_moveit_cpp/share/panda_moveit_cpp/package.xml
[0.488s] Invoked command in '/root/ros_ws/build/panda_moveit_cpp' returned '0': CMAKE_PREFIX_PATH=${CMAKE_PREFIX_PATH}:/opt/ros/jazzy /usr/bin/cmake --install /root/ros_ws/build/panda_moveit_cpp
