[0.133s] Invoking command in '/root/ros_ws/build/moveit_resources_panda_camera_description': CMAKE_PREFIX_PATH=${CMAKE_PREFIX_PATH}:/root/ros_ws/install/universal_robots_ur10e:/root/ros_ws/install/simple_moveit_app:/root/ros_ws/install/panda_moveit_python:/opt/ros/jazzy DEBUGINFOD_URLS=https://debuginfod.ubuntu.com /usr/bin/cmake --build /root/ros_ws/build/moveit_resources_panda_camera_description -- -j20 -l20
[1.336s] Invoked command in '/root/ros_ws/build/moveit_resources_panda_camera_description' returned '0': CMAKE_PREFIX_PATH=${CMAKE_PREFIX_PATH}:/root/ros_ws/install/universal_robots_ur10e:/root/ros_ws/install/simple_moveit_app:/root/ros_ws/install/panda_moveit_python:/opt/ros/jazzy DEBUGINFOD_URLS=https://debuginfod.ubuntu.com /usr/bin/cmake --build /root/ros_ws/build/moveit_resources_panda_camera_description -- -j20 -l20
[1.337s] Invoking command in '/root/ros_ws/build/moveit_resources_panda_camera_description': CMAKE_PREFIX_PATH=${CMAKE_PREFIX_PATH}:/root/ros_ws/install/universal_robots_ur10e:/root/ros_ws/install/simple_moveit_app:/root/ros_ws/install/panda_moveit_python:/opt/ros/jazzy DEBUGINFOD_URLS=https://debuginfod.ubuntu.com /usr/bin/cmake --install /root/ros_ws/build/moveit_resources_panda_camera_description
[1.487s] -- Install configuration: ""
[1.488s] -- Up-to-date: /root/ros_ws/install/moveit_resources_panda_camera_description/share/ament_index/resource_index/package_run_dependencies/moveit_resources_panda_camera_description
[1.488s] -- Up-to-date: /root/ros_ws/install/moveit_resources_panda_camera_description/share/ament_index/resource_index/parent_prefix_path/moveit_resources_panda_camera_description
[1.488s] -- Up-to-date: /root/ros_ws/install/moveit_resources_panda_camera_description/share/moveit_resources_panda_camera_description/environment/ament_prefix_path.sh
[1.488s] -- Up-to-date: /root/ros_ws/install/moveit_resources_panda_camera_description/share/moveit_resources_panda_camera_description/environment/ament_prefix_path.dsv
[1.488s] -- Up-to-date: /root/ros_ws/install/moveit_resources_panda_camera_description/share/moveit_resources_panda_camera_description/environment/path.sh
[1.488s] -- Up-to-date: /root/ros_ws/install/moveit_resources_panda_camera_description/share/moveit_resources_panda_camera_description/environment/path.dsv
[1.489s] -- Up-to-date: /root/ros_ws/install/moveit_resources_panda_camera_description/share/moveit_resources_panda_camera_description/local_setup.bash
[1.489s] -- Up-to-date: /root/ros_ws/install/moveit_resources_panda_camera_description/share/moveit_resources_panda_camera_description/local_setup.sh
[1.489s] -- Up-to-date: /root/ros_ws/install/moveit_resources_panda_camera_description/share/moveit_resources_panda_camera_description/local_setup.zsh
[1.489s] -- Up-to-date: /root/ros_ws/install/moveit_resources_panda_camera_description/share/moveit_resources_panda_camera_description/local_setup.dsv
[1.489s] -- Up-to-date: /root/ros_ws/install/moveit_resources_panda_camera_description/share/moveit_resources_panda_camera_description/package.dsv
[1.489s] -- Up-to-date: /root/ros_ws/install/moveit_resources_panda_camera_description/share/ament_index/resource_index/packages/moveit_resources_panda_camera_description
[1.490s] -- Up-to-date: /root/ros_ws/install/moveit_resources_panda_camera_description/share/moveit_resources_panda_camera_description/cmake/moveit_resources_panda_camera_descriptionConfig.cmake
[1.490s] -- Up-to-date: /root/ros_ws/install/moveit_resources_panda_camera_description/share/moveit_resources_panda_camera_description/cmake/moveit_resources_panda_camera_descriptionConfig-version.cmake
[1.490s] -- Up-to-date: /root/ros_ws/install/moveit_resources_panda_camera_description/share/moveit_resources_panda_camera_description/package.xml
[1.490s] -- Up-to-date: /root/ros_ws/install/moveit_resources_panda_camera_description/share/moveit_resources_panda_camera_description/meshes
[1.490s] -- Up-to-date: /root/ros_ws/install/moveit_resources_panda_camera_description/share/moveit_resources_panda_camera_description/meshes/visual
[1.490s] -- Up-to-date: /root/ros_ws/install/moveit_resources_panda_camera_description/share/moveit_resources_panda_camera_description/meshes/visual/finger.dae
[1.491s] -- Up-to-date: /root/ros_ws/install/moveit_resources_panda_camera_description/share/moveit_resources_panda_camera_description/meshes/visual/link0.dae
[1.491s] -- Installing: /root/ros_ws/install/moveit_resources_panda_camera_description/share/moveit_resources_panda_camera_description/meshes/visual/camera_with_adapter.dae
[1.491s] -- Up-to-date: /root/ros_ws/install/moveit_resources_panda_camera_description/share/moveit_resources_panda_camera_description/meshes/visual/link3.dae
[1.491s] -- Up-to-date: /root/ros_ws/install/moveit_resources_panda_camera_description/share/moveit_resources_panda_camera_description/meshes/visual/link7.dae
[1.492s] -- Up-to-date: /root/ros_ws/install/moveit_resources_panda_camera_description/share/moveit_resources_panda_camera_description/meshes/visual/link2.dae
[1.492s] -- Up-to-date: /root/ros_ws/install/moveit_resources_panda_camera_description/share/moveit_resources_panda_camera_description/meshes/visual/link1.dae
[1.492s] -- Up-to-date: /root/ros_ws/install/moveit_resources_panda_camera_description/share/moveit_resources_panda_camera_description/meshes/visual/link4.dae
[1.493s] -- Up-to-date: /root/ros_ws/install/moveit_resources_panda_camera_description/share/moveit_resources_panda_camera_description/meshes/visual/hand.dae
[1.499s] -- Up-to-date: /root/ros_ws/install/moveit_resources_panda_camera_description/share/moveit_resources_panda_camera_description/meshes/visual/link6.dae
[1.500s] -- Up-to-date: /root/ros_ws/install/moveit_resources_panda_camera_description/share/moveit_resources_panda_camera_description/meshes/visual/link5.dae
[1.500s] -- Up-to-date: /root/ros_ws/install/moveit_resources_panda_camera_description/share/moveit_resources_panda_camera_description/meshes/collision
[1.501s] -- Up-to-date: /root/ros_ws/install/moveit_resources_panda_camera_description/share/moveit_resources_panda_camera_description/meshes/collision/link0.stl
[1.501s] -- Up-to-date: /root/ros_ws/install/moveit_resources_panda_camera_description/share/moveit_resources_panda_camera_description/meshes/collision/link6.stl
[1.501s] -- Up-to-date: /root/ros_ws/install/moveit_resources_panda_camera_description/share/moveit_resources_panda_camera_description/meshes/collision/link1.stl
[1.502s] -- Installing: /root/ros_ws/install/moveit_resources_panda_camera_description/share/moveit_resources_panda_camera_description/meshes/collision/camera_with_adapter.stl
[1.502s] -- Up-to-date: /root/ros_ws/install/moveit_resources_panda_camera_description/share/moveit_resources_panda_camera_description/meshes/collision/link2.stl
[1.502s] -- Up-to-date: /root/ros_ws/install/moveit_resources_panda_camera_description/share/moveit_resources_panda_camera_description/meshes/collision/link4.stl
[1.503s] -- Up-to-date: /root/ros_ws/install/moveit_resources_panda_camera_description/share/moveit_resources_panda_camera_description/meshes/collision/link3.stl
[1.503s] -- Up-to-date: /root/ros_ws/install/moveit_resources_panda_camera_description/share/moveit_resources_panda_camera_description/meshes/collision/link5.stl
[1.503s] -- Up-to-date: /root/ros_ws/install/moveit_resources_panda_camera_description/share/moveit_resources_panda_camera_description/meshes/collision/finger.stl
[1.503s] -- Up-to-date: /root/ros_ws/install/moveit_resources_panda_camera_description/share/moveit_resources_panda_camera_description/meshes/collision/link7.stl
[1.504s] -- Up-to-date: /root/ros_ws/install/moveit_resources_panda_camera_description/share/moveit_resources_panda_camera_description/meshes/collision/hand.stl
[1.504s] -- Up-to-date: /root/ros_ws/install/moveit_resources_panda_camera_description/share/moveit_resources_panda_camera_description/urdf
[1.513s] -- Installing: /root/ros_ws/install/moveit_resources_panda_camera_description/share/moveit_resources_panda_camera_description/urdf/panda.urdf.xacro
[1.513s] -- Up-to-date: /root/ros_ws/install/moveit_resources_panda_camera_description/share/moveit_resources_panda_camera_description/urdf/panda.urdf
[1.844s] Invoked command in '/root/ros_ws/build/moveit_resources_panda_camera_description' returned '0': CMAKE_PREFIX_PATH=${CMAKE_PREFIX_PATH}:/root/ros_ws/install/universal_robots_ur10e:/root/ros_ws/install/simple_moveit_app:/root/ros_ws/install/panda_moveit_python:/opt/ros/jazzy DEBUGINFOD_URLS=https://debuginfod.ubuntu.com /usr/bin/cmake --install /root/ros_ws/build/moveit_resources_panda_camera_description
