[0.050s] Invoking command in '/root/ros_ws/build/zivid_camera': AMENT_PREFIX_PATH=/root/ros_ws/install/zivid_interfaces:${AMENT_PREFIX_PATH} CMAKE_PREFIX_PATH=/root/ros_ws/install/zivid_interfaces:/opt/ros/jazzy/opt/gz_sim_vendor:/opt/ros/jazzy/opt/gz_sensors_vendor:/opt/ros/jazzy/opt/gz_physics_vendor:/opt/ros/jazzy/opt/sdformat_vendor:/opt/ros/jazzy/opt/gz_gui_vendor:/opt/ros/jazzy/opt/gz_transport_vendor:/opt/ros/jazzy/opt/gz_rendering_vendor:/opt/ros/jazzy/opt/gz_plugin_vendor:/opt/ros/jazzy/opt/gz_fuel_tools_vendor:/opt/ros/jazzy/opt/gz_msgs_vendor:/opt/ros/jazzy/opt/gz_common_vendor:/opt/ros/jazzy/opt/gz_math_vendor:/opt/ros/jazzy/opt/gz_utils_vendor:/opt/ros/jazzy/opt/gz_tools_vendor:/opt/ros/jazzy/opt/gz_ogre_next_vendor:/opt/ros/jazzy/opt/gz_dartsim_vendor:/opt/ros/jazzy/opt/gz_cmake_vendor:/opt/ros/jazzy DEBUGINFOD_URLS=https://debuginfod.ubuntu.com LD_LIBRARY_PATH=/root/ros_ws/install/zivid_interfaces/lib:${LD_LIBRARY_PATH} PYTHONPATH=/root/ros_ws/install/zivid_interfaces/lib/python3.12/site-packages:${PYTHONPATH} /usr/bin/cmake --build /root/ros_ws/build/zivid_camera -- -j20 -l20
[0.136s] [ 11%] Built target gtest
[0.145s] [ 22%] Built target gtest_main
[0.147s] [ 33%] Built target zivid_camera
[0.176s] [ 72%] Built target zivid_camera_component
[0.219s] [100%] Built target zivid_camera_test
[0.242s] Invoked command in '/root/ros_ws/build/zivid_camera' returned '0': AMENT_PREFIX_PATH=/root/ros_ws/install/zivid_interfaces:${AMENT_PREFIX_PATH} CMAKE_PREFIX_PATH=/root/ros_ws/install/zivid_interfaces:/opt/ros/jazzy/opt/gz_sim_vendor:/opt/ros/jazzy/opt/gz_sensors_vendor:/opt/ros/jazzy/opt/gz_physics_vendor:/opt/ros/jazzy/opt/sdformat_vendor:/opt/ros/jazzy/opt/gz_gui_vendor:/opt/ros/jazzy/opt/gz_transport_vendor:/opt/ros/jazzy/opt/gz_rendering_vendor:/opt/ros/jazzy/opt/gz_plugin_vendor:/opt/ros/jazzy/opt/gz_fuel_tools_vendor:/opt/ros/jazzy/opt/gz_msgs_vendor:/opt/ros/jazzy/opt/gz_common_vendor:/opt/ros/jazzy/opt/gz_math_vendor:/opt/ros/jazzy/opt/gz_utils_vendor:/opt/ros/jazzy/opt/gz_tools_vendor:/opt/ros/jazzy/opt/gz_ogre_next_vendor:/opt/ros/jazzy/opt/gz_dartsim_vendor:/opt/ros/jazzy/opt/gz_cmake_vendor:/opt/ros/jazzy DEBUGINFOD_URLS=https://debuginfod.ubuntu.com LD_LIBRARY_PATH=/root/ros_ws/install/zivid_interfaces/lib:${LD_LIBRARY_PATH} PYTHONPATH=/root/ros_ws/install/zivid_interfaces/lib/python3.12/site-packages:${PYTHONPATH} /usr/bin/cmake --build /root/ros_ws/build/zivid_camera -- -j20 -l20
[0.244s] Invoking command in '/root/ros_ws/build/zivid_camera': AMENT_PREFIX_PATH=/root/ros_ws/install/zivid_interfaces:${AMENT_PREFIX_PATH} CMAKE_PREFIX_PATH=/root/ros_ws/install/zivid_interfaces:/opt/ros/jazzy/opt/gz_sim_vendor:/opt/ros/jazzy/opt/gz_sensors_vendor:/opt/ros/jazzy/opt/gz_physics_vendor:/opt/ros/jazzy/opt/sdformat_vendor:/opt/ros/jazzy/opt/gz_gui_vendor:/opt/ros/jazzy/opt/gz_transport_vendor:/opt/ros/jazzy/opt/gz_rendering_vendor:/opt/ros/jazzy/opt/gz_plugin_vendor:/opt/ros/jazzy/opt/gz_fuel_tools_vendor:/opt/ros/jazzy/opt/gz_msgs_vendor:/opt/ros/jazzy/opt/gz_common_vendor:/opt/ros/jazzy/opt/gz_math_vendor:/opt/ros/jazzy/opt/gz_utils_vendor:/opt/ros/jazzy/opt/gz_tools_vendor:/opt/ros/jazzy/opt/gz_ogre_next_vendor:/opt/ros/jazzy/opt/gz_dartsim_vendor:/opt/ros/jazzy/opt/gz_cmake_vendor:/opt/ros/jazzy DEBUGINFOD_URLS=https://debuginfod.ubuntu.com LD_LIBRARY_PATH=/root/ros_ws/install/zivid_interfaces/lib:${LD_LIBRARY_PATH} PYTHONPATH=/root/ros_ws/install/zivid_interfaces/lib/python3.12/site-packages:${PYTHONPATH} /usr/bin/cmake --install /root/ros_ws/build/zivid_camera
[0.269s] -- Install configuration: ""
[0.270s] -- Up-to-date: /root/ros_ws/install/zivid_camera/lib/zivid_camera/zivid_camera
[0.270s] -- Up-to-date: /root/ros_ws/install/zivid_camera/lib/libzivid_camera_component.so
[0.271s] -- Up-to-date: /root/ros_ws/install/zivid_camera/include
[0.271s] -- Up-to-date: /root/ros_ws/install/zivid_camera/include/zivid_camera
[0.271s] -- Up-to-date: /root/ros_ws/install/zivid_camera/include/zivid_camera/visibility.hpp
[0.271s] -- Up-to-date: /root/ros_ws/install/zivid_camera/include/zivid_camera/infield_correction_controller.hpp
[0.271s] -- Up-to-date: /root/ros_ws/install/zivid_camera/include/zivid_camera/utility.hpp
[0.272s] -- Up-to-date: /root/ros_ws/install/zivid_camera/include/zivid_camera/hand_eye_calibration_controller.hpp
[0.272s] -- Up-to-date: /root/ros_ws/install/zivid_camera/include/zivid_camera/zivid_camera.hpp
[0.272s] -- Up-to-date: /root/ros_ws/install/zivid_camera/include/zivid_camera/capture_settings_controller.hpp
[0.272s] -- Up-to-date: /root/ros_ws/install/zivid_camera/include/zivid_camera/detector_controller.hpp
[0.273s] -- Up-to-date: /root/ros_ws/install/zivid_camera/include/zivid_camera/controller_interface.hpp
[0.273s] -- Up-to-date: /root/ros_ws/install/zivid_camera/share/zivid_camera/launch
[0.273s] -- Up-to-date: /root/ros_ws/install/zivid_camera/share/zivid_camera/launch/visualize.launch
[0.273s] -- Up-to-date: /root/ros_ws/install/zivid_camera/share/zivid_camera/config
[0.274s] -- Up-to-date: /root/ros_ws/install/zivid_camera/share/zivid_camera/config/rviz
[0.274s] -- Up-to-date: /root/ros_ws/install/zivid_camera/share/zivid_camera/config/rviz/zivid.rviz
[0.274s] -- Up-to-date: /root/ros_ws/install/zivid_camera/share/zivid_camera/environment/library_path.sh
[0.274s] -- Up-to-date: /root/ros_ws/install/zivid_camera/share/zivid_camera/environment/library_path.dsv
[0.274s] -- Up-to-date: /root/ros_ws/install/zivid_camera/lib/libzivid_camera_component.so
[0.274s] -- Up-to-date: /root/ros_ws/install/zivid_camera/share/ament_index/resource_index/package_run_dependencies/zivid_camera
[0.275s] -- Up-to-date: /root/ros_ws/install/zivid_camera/share/ament_index/resource_index/parent_prefix_path/zivid_camera
[0.276s] -- Up-to-date: /root/ros_ws/install/zivid_camera/share/zivid_camera/environment/ament_prefix_path.sh
[0.276s] -- Up-to-date: /root/ros_ws/install/zivid_camera/share/zivid_camera/environment/ament_prefix_path.dsv
[0.276s] -- Up-to-date: /root/ros_ws/install/zivid_camera/share/zivid_camera/environment/path.sh
[0.276s] -- Up-to-date: /root/ros_ws/install/zivid_camera/share/zivid_camera/environment/path.dsv
[0.277s] -- Up-to-date: /root/ros_ws/install/zivid_camera/share/zivid_camera/local_setup.bash
[0.277s] -- Up-to-date: /root/ros_ws/install/zivid_camera/share/zivid_camera/local_setup.sh
[0.277s] -- Up-to-date: /root/ros_ws/install/zivid_camera/share/zivid_camera/local_setup.zsh
[0.277s] -- Up-to-date: /root/ros_ws/install/zivid_camera/share/zivid_camera/local_setup.dsv
[0.277s] -- Installing: /root/ros_ws/install/zivid_camera/share/zivid_camera/package.dsv
[0.277s] -- Up-to-date: /root/ros_ws/install/zivid_camera/share/ament_index/resource_index/packages/zivid_camera
[0.277s] -- Up-to-date: /root/ros_ws/install/zivid_camera/share/ament_index/resource_index/rclcpp_components/zivid_camera
[0.278s] -- Up-to-date: /root/ros_ws/install/zivid_camera/share/zivid_camera/cmake/zivid_cameraTargetsExport.cmake
[0.278s] -- Up-to-date: /root/ros_ws/install/zivid_camera/share/zivid_camera/cmake/zivid_cameraTargetsExport-noconfig.cmake
[0.278s] -- Up-to-date: /root/ros_ws/install/zivid_camera/share/zivid_camera/cmake/ament_cmake_export_targets-extras.cmake
[0.278s] -- Up-to-date: /root/ros_ws/install/zivid_camera/share/zivid_camera/cmake/ament_cmake_export_dependencies-extras.cmake
[0.278s] -- Up-to-date: /root/ros_ws/install/zivid_camera/share/zivid_camera/cmake/zivid_cameraConfig.cmake
[0.279s] -- Up-to-date: /root/ros_ws/install/zivid_camera/share/zivid_camera/cmake/zivid_cameraConfig-version.cmake
[0.279s] -- Up-to-date: /root/ros_ws/install/zivid_camera/share/zivid_camera/package.xml
[0.298s] Invoked command in '/root/ros_ws/build/zivid_camera' returned '0': AMENT_PREFIX_PATH=/root/ros_ws/install/zivid_interfaces:${AMENT_PREFIX_PATH} CMAKE_PREFIX_PATH=/root/ros_ws/install/zivid_interfaces:/opt/ros/jazzy/opt/gz_sim_vendor:/opt/ros/jazzy/opt/gz_sensors_vendor:/opt/ros/jazzy/opt/gz_physics_vendor:/opt/ros/jazzy/opt/sdformat_vendor:/opt/ros/jazzy/opt/gz_gui_vendor:/opt/ros/jazzy/opt/gz_transport_vendor:/opt/ros/jazzy/opt/gz_rendering_vendor:/opt/ros/jazzy/opt/gz_plugin_vendor:/opt/ros/jazzy/opt/gz_fuel_tools_vendor:/opt/ros/jazzy/opt/gz_msgs_vendor:/opt/ros/jazzy/opt/gz_common_vendor:/opt/ros/jazzy/opt/gz_math_vendor:/opt/ros/jazzy/opt/gz_utils_vendor:/opt/ros/jazzy/opt/gz_tools_vendor:/opt/ros/jazzy/opt/gz_ogre_next_vendor:/opt/ros/jazzy/opt/gz_dartsim_vendor:/opt/ros/jazzy/opt/gz_cmake_vendor:/opt/ros/jazzy DEBUGINFOD_URLS=https://debuginfod.ubuntu.com LD_LIBRARY_PATH=/root/ros_ws/install/zivid_interfaces/lib:${LD_LIBRARY_PATH} PYTHONPATH=/root/ros_ws/install/zivid_interfaces/lib/python3.12/site-packages:${PYTHONPATH} /usr/bin/cmake --install /root/ros_ws/build/zivid_camera
