[0.022s] Invoking command in '/root/ros_ws/build/moveit_task_constructor_visualization': AMENT_PREFIX_PATH=/root/ros_ws/install/moveit_task_constructor_core:/root/ros_ws/install/moveit_resources_fanuc_moveit_config:/root/ros_ws/install/rviz_marker_tools:/root/ros_ws/install/moveit_task_constructor_msgs:/root/ros_ws/install/moveit_resources_fanuc_description:${AMENT_PREFIX_PATH} CMAKE_MODULE_PATH=/root/ros_ws/install/moveit_task_constructor_core/share/moveit_task_constructor_core/cmake CMAKE_PREFIX_PATH=/root/ros_ws/install/moveit_task_constructor_core:/root/ros_ws/install/moveit_resources_fanuc_moveit_config:/root/ros_ws/install/rviz_marker_tools:/root/ros_ws/install/moveit_task_constructor_msgs:/root/ros_ws/install/moveit_resources_fanuc_description:/opt/ros/jazzy/opt/gz_sim_vendor:/opt/ros/jazzy/opt/gz_sensors_vendor:/opt/ros/jazzy/opt/gz_physics_vendor:/opt/ros/jazzy/opt/sdformat_vendor:/opt/ros/jazzy/opt/gz_gui_vendor:/opt/ros/jazzy/opt/gz_transport_vendor:/opt/ros/jazzy/opt/gz_rendering_vendor:/opt/ros/jazzy/opt/gz_plugin_vendor:/opt/ros/jazzy/opt/gz_fuel_tools_vendor:/opt/ros/jazzy/opt/gz_msgs_vendor:/opt/ros/jazzy/opt/gz_common_vendor:/opt/ros/jazzy/opt/gz_math_vendor:/opt/ros/jazzy/opt/gz_utils_vendor:/opt/ros/jazzy/opt/gz_tools_vendor:/opt/ros/jazzy/opt/gz_ogre_next_vendor:/opt/ros/jazzy/opt/gz_dartsim_vendor:/opt/ros/jazzy/opt/gz_cmake_vendor:/opt/ros/jazzy DEBUGINFOD_URLS=https://debuginfod.ubuntu.com LD_LIBRARY_PATH=/root/ros_ws/install/moveit_task_constructor_core/lib:/root/ros_ws/install/rviz_marker_tools/lib:/root/ros_ws/install/moveit_task_constructor_msgs/lib:${LD_LIBRARY_PATH} PYTHONPATH=/root/ros_ws/install/moveit_task_constructor_core/lib/python3.12/site-packages:/root/ros_ws/install/moveit_task_constructor_msgs/lib/python3.12/site-packages:${PYTHONPATH} /usr/bin/cmake --build /root/ros_ws/build/moveit_task_constructor_visualization -- -j20 -l20
[0.123s] [  0%] Built target moveit_task_visualization_tools_autogen_timestamp_deps
[0.127s] [  0%] Built target motion_planning_tasks_utils_autogen_timestamp_deps
[0.128s] [  0%] Built target gtest_autogen_timestamp_deps
[0.128s] [  0%] Built target gmock_main_autogen_timestamp_deps
[0.129s] [  0%] Built target gtest_main_autogen_timestamp_deps
[0.142s] [  0%] Built target motion_planning_tasks_properties_autogen_timestamp_deps
[0.162s] [  0%] Built target gmock_autogen_timestamp_deps
[0.194s] [  1%] Built target moveit_task_visualization_tools_autogen
[0.207s] [  2%] Built target motion_planning_tasks_utils_autogen
[0.209s] [  3%] Built target gmock_main_autogen
[0.210s] [  5%] Built target motion_planning_tasks_properties_autogen
[0.211s] [  6%] Built target gtest_autogen
[0.213s] [  7%] Built target gmock_autogen
[0.214s] [  9%] Built target gtest_main_autogen
[0.243s] [ 14%] Built target gmock_main
[0.248s] [ 22%] Built target motion_planning_tasks_utils
[0.248s] [ 27%] Built target gtest_main
[0.249s] [ 32%] Built target gtest
[0.249s] [ 39%] Built target gmock
[0.253s] [ 46%] Built target motion_planning_tasks_properties
[0.273s] [ 46%] Built target moveit_task_constructor_visualization-test-merge-models_autogen_timestamp_deps
[0.287s] [ 55%] Built target moveit_task_visualization_tools
[0.301s] [ 56%] Built target moveit_task_constructor_visualization-test-merge-models_autogen
[0.317s] [ 56%] Built target motion_planning_tasks_rviz_plugin_autogen_timestamp_deps
[0.328s] [ 61%] Built target moveit_task_constructor_visualization-test-merge-models
[0.355s] [ 63%] Built target motion_planning_tasks_rviz_plugin_autogen
[0.447s] [ 86%] Built target motion_planning_tasks_rviz_plugin
[0.472s] [ 86%] Built target moveit_task_constructor_visualization-test-solution-models_autogen_timestamp_deps
[0.478s] [ 86%] Built target moveit_task_constructor_visualization-test-task_model_autogen_timestamp_deps
[0.495s] [ 88%] Built target moveit_task_constructor_visualization-test-solution-models_autogen
[0.500s] [ 89%] Built target moveit_task_constructor_visualization-test-task_model_autogen
[0.536s] [ 94%] Built target moveit_task_constructor_visualization-test-solution-models
[0.541s] [100%] Built target moveit_task_constructor_visualization-test-task_model
[0.554s] Invoked command in '/root/ros_ws/build/moveit_task_constructor_visualization' returned '0': AMENT_PREFIX_PATH=/root/ros_ws/install/moveit_task_constructor_core:/root/ros_ws/install/moveit_resources_fanuc_moveit_config:/root/ros_ws/install/rviz_marker_tools:/root/ros_ws/install/moveit_task_constructor_msgs:/root/ros_ws/install/moveit_resources_fanuc_description:${AMENT_PREFIX_PATH} CMAKE_MODULE_PATH=/root/ros_ws/install/moveit_task_constructor_core/share/moveit_task_constructor_core/cmake CMAKE_PREFIX_PATH=/root/ros_ws/install/moveit_task_constructor_core:/root/ros_ws/install/moveit_resources_fanuc_moveit_config:/root/ros_ws/install/rviz_marker_tools:/root/ros_ws/install/moveit_task_constructor_msgs:/root/ros_ws/install/moveit_resources_fanuc_description:/opt/ros/jazzy/opt/gz_sim_vendor:/opt/ros/jazzy/opt/gz_sensors_vendor:/opt/ros/jazzy/opt/gz_physics_vendor:/opt/ros/jazzy/opt/sdformat_vendor:/opt/ros/jazzy/opt/gz_gui_vendor:/opt/ros/jazzy/opt/gz_transport_vendor:/opt/ros/jazzy/opt/gz_rendering_vendor:/opt/ros/jazzy/opt/gz_plugin_vendor:/opt/ros/jazzy/opt/gz_fuel_tools_vendor:/opt/ros/jazzy/opt/gz_msgs_vendor:/opt/ros/jazzy/opt/gz_common_vendor:/opt/ros/jazzy/opt/gz_math_vendor:/opt/ros/jazzy/opt/gz_utils_vendor:/opt/ros/jazzy/opt/gz_tools_vendor:/opt/ros/jazzy/opt/gz_ogre_next_vendor:/opt/ros/jazzy/opt/gz_dartsim_vendor:/opt/ros/jazzy/opt/gz_cmake_vendor:/opt/ros/jazzy DEBUGINFOD_URLS=https://debuginfod.ubuntu.com LD_LIBRARY_PATH=/root/ros_ws/install/moveit_task_constructor_core/lib:/root/ros_ws/install/rviz_marker_tools/lib:/root/ros_ws/install/moveit_task_constructor_msgs/lib:${LD_LIBRARY_PATH} PYTHONPATH=/root/ros_ws/install/moveit_task_constructor_core/lib/python3.12/site-packages:/root/ros_ws/install/moveit_task_constructor_msgs/lib/python3.12/site-packages:${PYTHONPATH} /usr/bin/cmake --build /root/ros_ws/build/moveit_task_constructor_visualization -- -j20 -l20
[0.556s] Invoking command in '/root/ros_ws/build/moveit_task_constructor_visualization': AMENT_PREFIX_PATH=/root/ros_ws/install/moveit_task_constructor_core:/root/ros_ws/install/moveit_resources_fanuc_moveit_config:/root/ros_ws/install/rviz_marker_tools:/root/ros_ws/install/moveit_task_constructor_msgs:/root/ros_ws/install/moveit_resources_fanuc_description:${AMENT_PREFIX_PATH} CMAKE_MODULE_PATH=/root/ros_ws/install/moveit_task_constructor_core/share/moveit_task_constructor_core/cmake CMAKE_PREFIX_PATH=/root/ros_ws/install/moveit_task_constructor_core:/root/ros_ws/install/moveit_resources_fanuc_moveit_config:/root/ros_ws/install/rviz_marker_tools:/root/ros_ws/install/moveit_task_constructor_msgs:/root/ros_ws/install/moveit_resources_fanuc_description:/opt/ros/jazzy/opt/gz_sim_vendor:/opt/ros/jazzy/opt/gz_sensors_vendor:/opt/ros/jazzy/opt/gz_physics_vendor:/opt/ros/jazzy/opt/sdformat_vendor:/opt/ros/jazzy/opt/gz_gui_vendor:/opt/ros/jazzy/opt/gz_transport_vendor:/opt/ros/jazzy/opt/gz_rendering_vendor:/opt/ros/jazzy/opt/gz_plugin_vendor:/opt/ros/jazzy/opt/gz_fuel_tools_vendor:/opt/ros/jazzy/opt/gz_msgs_vendor:/opt/ros/jazzy/opt/gz_common_vendor:/opt/ros/jazzy/opt/gz_math_vendor:/opt/ros/jazzy/opt/gz_utils_vendor:/opt/ros/jazzy/opt/gz_tools_vendor:/opt/ros/jazzy/opt/gz_ogre_next_vendor:/opt/ros/jazzy/opt/gz_dartsim_vendor:/opt/ros/jazzy/opt/gz_cmake_vendor:/opt/ros/jazzy DEBUGINFOD_URLS=https://debuginfod.ubuntu.com LD_LIBRARY_PATH=/root/ros_ws/install/moveit_task_constructor_core/lib:/root/ros_ws/install/rviz_marker_tools/lib:/root/ros_ws/install/moveit_task_constructor_msgs/lib:${LD_LIBRARY_PATH} PYTHONPATH=/root/ros_ws/install/moveit_task_constructor_core/lib/python3.12/site-packages:/root/ros_ws/install/moveit_task_constructor_msgs/lib/python3.12/site-packages:${PYTHONPATH} /usr/bin/cmake --install /root/ros_ws/build/moveit_task_constructor_visualization
[0.566s] -- Install configuration: "Release"
[0.566s] -- Up-to-date: /root/ros_ws/install/moveit_task_constructor_visualization/include
[0.566s] -- Up-to-date: /root/ros_ws/install/moveit_task_constructor_visualization/include/moveit
[0.566s] -- Up-to-date: /root/ros_ws/install/moveit_task_constructor_visualization/include/moveit/visualization_tools
[0.566s] -- Up-to-date: /root/ros_ws/install/moveit_task_constructor_visualization/include/moveit/visualization_tools/task_solution_panel.h
[0.566s] -- Up-to-date: /root/ros_ws/install/moveit_task_constructor_visualization/include/moveit/visualization_tools/task_solution_visualization.h
[0.567s] -- Up-to-date: /root/ros_ws/install/moveit_task_constructor_visualization/include/moveit/visualization_tools/marker_visualization.h
[0.567s] -- Up-to-date: /root/ros_ws/install/moveit_task_constructor_visualization/include/moveit/visualization_tools/display_solution.h
[0.567s] -- Up-to-date: /root/ros_ws/install/moveit_task_constructor_visualization/lib/libmoveit_task_visualization_tools.so.0.1.3
[0.567s] -- Up-to-date: /root/ros_ws/install/moveit_task_constructor_visualization/lib/libmoveit_task_visualization_tools.so
[0.568s] -- Up-to-date: /root/ros_ws/install/moveit_task_constructor_visualization/lib/libmotion_planning_tasks_utils.so
[0.569s] -- Up-to-date: /root/ros_ws/install/moveit_task_constructor_visualization/lib/libmotion_planning_tasks_properties.so
[0.570s] -- Up-to-date: /root/ros_ws/install/moveit_task_constructor_visualization/lib/libmotion_planning_tasks_rviz_plugin.so.0.1.3
[0.570s] -- Up-to-date: /root/ros_ws/install/moveit_task_constructor_visualization/lib/libmotion_planning_tasks_rviz_plugin.so
[0.571s] -- Up-to-date: /root/ros_ws/install/moveit_task_constructor_visualization/share/icons
[0.571s] -- Up-to-date: /root/ros_ws/install/moveit_task_constructor_visualization/share/icons/classes
[0.571s] -- Up-to-date: /root/ros_ws/install/moveit_task_constructor_visualization/share/icons/classes/Motion Planning Tasks.svg
[0.571s] -- Up-to-date: /root/ros_ws/install/moveit_task_constructor_visualization/share/moveit_task_constructor_visualization/motion_planning_tasks_rviz_plugin_description.xml
[0.571s] -- Up-to-date: /root/ros_ws/install/moveit_task_constructor_visualization/share/moveit_task_constructor_visualization/environment/library_path.sh
[0.571s] -- Up-to-date: /root/ros_ws/install/moveit_task_constructor_visualization/share/moveit_task_constructor_visualization/environment/library_path.dsv
[0.571s] -- Up-to-date: /root/ros_ws/install/moveit_task_constructor_visualization/share/ament_index/resource_index/package_run_dependencies/moveit_task_constructor_visualization
[0.571s] -- Up-to-date: /root/ros_ws/install/moveit_task_constructor_visualization/share/ament_index/resource_index/parent_prefix_path/moveit_task_constructor_visualization
[0.572s] -- Up-to-date: /root/ros_ws/install/moveit_task_constructor_visualization/share/moveit_task_constructor_visualization/environment/ament_prefix_path.sh
[0.572s] -- Up-to-date: /root/ros_ws/install/moveit_task_constructor_visualization/share/moveit_task_constructor_visualization/environment/ament_prefix_path.dsv
[0.572s] -- Up-to-date: /root/ros_ws/install/moveit_task_constructor_visualization/share/moveit_task_constructor_visualization/environment/path.sh
[0.572s] -- Up-to-date: /root/ros_ws/install/moveit_task_constructor_visualization/share/moveit_task_constructor_visualization/environment/path.dsv
[0.572s] -- Up-to-date: /root/ros_ws/install/moveit_task_constructor_visualization/share/moveit_task_constructor_visualization/local_setup.bash
[0.572s] -- Up-to-date: /root/ros_ws/install/moveit_task_constructor_visualization/share/moveit_task_constructor_visualization/local_setup.sh
[0.572s] -- Up-to-date: /root/ros_ws/install/moveit_task_constructor_visualization/share/moveit_task_constructor_visualization/local_setup.zsh
[0.572s] -- Up-to-date: /root/ros_ws/install/moveit_task_constructor_visualization/share/moveit_task_constructor_visualization/local_setup.dsv
[0.573s] -- Installing: /root/ros_ws/install/moveit_task_constructor_visualization/share/moveit_task_constructor_visualization/package.dsv
[0.573s] -- Up-to-date: /root/ros_ws/install/moveit_task_constructor_visualization/share/ament_index/resource_index/packages/moveit_task_constructor_visualization
[0.573s] -- Up-to-date: /root/ros_ws/install/moveit_task_constructor_visualization/share/ament_index/resource_index/rviz_common__pluginlib__plugin/moveit_task_constructor_visualization
[0.573s] -- Up-to-date: /root/ros_ws/install/moveit_task_constructor_visualization/share/moveit_task_constructor_visualization/cmake/ament_cmake_export_include_directories-extras.cmake
[0.573s] -- Up-to-date: /root/ros_ws/install/moveit_task_constructor_visualization/share/moveit_task_constructor_visualization/cmake/ament_cmake_export_libraries-extras.cmake
[0.573s] -- Up-to-date: /root/ros_ws/install/moveit_task_constructor_visualization/share/moveit_task_constructor_visualization/cmake/ament_cmake_export_dependencies-extras.cmake
[0.573s] -- Up-to-date: /root/ros_ws/install/moveit_task_constructor_visualization/share/moveit_task_constructor_visualization/cmake/moveit_task_constructor_visualizationConfig.cmake
[0.574s] -- Up-to-date: /root/ros_ws/install/moveit_task_constructor_visualization/share/moveit_task_constructor_visualization/cmake/moveit_task_constructor_visualizationConfig-version.cmake
[0.574s] -- Up-to-date: /root/ros_ws/install/moveit_task_constructor_visualization/share/moveit_task_constructor_visualization/package.xml
[0.575s] Invoked command in '/root/ros_ws/build/moveit_task_constructor_visualization' returned '0': AMENT_PREFIX_PATH=/root/ros_ws/install/moveit_task_constructor_core:/root/ros_ws/install/moveit_resources_fanuc_moveit_config:/root/ros_ws/install/rviz_marker_tools:/root/ros_ws/install/moveit_task_constructor_msgs:/root/ros_ws/install/moveit_resources_fanuc_description:${AMENT_PREFIX_PATH} CMAKE_MODULE_PATH=/root/ros_ws/install/moveit_task_constructor_core/share/moveit_task_constructor_core/cmake CMAKE_PREFIX_PATH=/root/ros_ws/install/moveit_task_constructor_core:/root/ros_ws/install/moveit_resources_fanuc_moveit_config:/root/ros_ws/install/rviz_marker_tools:/root/ros_ws/install/moveit_task_constructor_msgs:/root/ros_ws/install/moveit_resources_fanuc_description:/opt/ros/jazzy/opt/gz_sim_vendor:/opt/ros/jazzy/opt/gz_sensors_vendor:/opt/ros/jazzy/opt/gz_physics_vendor:/opt/ros/jazzy/opt/sdformat_vendor:/opt/ros/jazzy/opt/gz_gui_vendor:/opt/ros/jazzy/opt/gz_transport_vendor:/opt/ros/jazzy/opt/gz_rendering_vendor:/opt/ros/jazzy/opt/gz_plugin_vendor:/opt/ros/jazzy/opt/gz_fuel_tools_vendor:/opt/ros/jazzy/opt/gz_msgs_vendor:/opt/ros/jazzy/opt/gz_common_vendor:/opt/ros/jazzy/opt/gz_math_vendor:/opt/ros/jazzy/opt/gz_utils_vendor:/opt/ros/jazzy/opt/gz_tools_vendor:/opt/ros/jazzy/opt/gz_ogre_next_vendor:/opt/ros/jazzy/opt/gz_dartsim_vendor:/opt/ros/jazzy/opt/gz_cmake_vendor:/opt/ros/jazzy DEBUGINFOD_URLS=https://debuginfod.ubuntu.com LD_LIBRARY_PATH=/root/ros_ws/install/moveit_task_constructor_core/lib:/root/ros_ws/install/rviz_marker_tools/lib:/root/ros_ws/install/moveit_task_constructor_msgs/lib:${LD_LIBRARY_PATH} PYTHONPATH=/root/ros_ws/install/moveit_task_constructor_core/lib/python3.12/site-packages:/root/ros_ws/install/moveit_task_constructor_msgs/lib/python3.12/site-packages:${PYTHONPATH} /usr/bin/cmake --install /root/ros_ws/build/moveit_task_constructor_visualization
