[2.618s] Invoking command in '/root/ros_ws/src/panda_moveit_python': DEBUGINFOD_URLS=https://debuginfod.ubuntu.com PYTHONPATH=/root/ros_ws/build/panda_moveit_python/prefix_override:/usr/lib/python3/dist-packages/colcon_core/task/python/colcon_distutils_commands:/root/ros_ws/install/panda_moveit_python/lib/python3.12/site-packages:${PYTHONPATH} /usr/bin/python3 -W ignore:setup.py install is deprecated -W ignore:easy_install command is deprecated setup.py egg_info --egg-base ../../build/panda_moveit_python build --build-base /root/ros_ws/build/panda_moveit_python/build install --record /root/ros_ws/build/panda_moveit_python/install.log --single-version-externally-managed install_data
[3.123s] running egg_info
[3.167s] writing ../../build/panda_moveit_python/panda_moveit_python.egg-info/PKG-INFO
[3.168s] writing dependency_links to ../../build/panda_moveit_python/panda_moveit_python.egg-info/dependency_links.txt
[3.168s] writing entry points to ../../build/panda_moveit_python/panda_moveit_python.egg-info/entry_points.txt
[3.168s] writing requirements to ../../build/panda_moveit_python/panda_moveit_python.egg-info/requires.txt
[3.168s] writing top-level names to ../../build/panda_moveit_python/panda_moveit_python.egg-info/top_level.txt
[3.290s] reading manifest file '../../build/panda_moveit_python/panda_moveit_python.egg-info/SOURCES.txt'
[3.291s] writing manifest file '../../build/panda_moveit_python/panda_moveit_python.egg-info/SOURCES.txt'
[3.292s] running build
[3.292s] running build_py
[3.292s] copying panda_moveit_python/motion_planning_python_api_tutorial.py -> /root/ros_ws/build/panda_moveit_python/build/lib/panda_moveit_python
[3.293s] running install
[3.307s] running install_lib
[3.381s] copying /root/ros_ws/build/panda_moveit_python/build/lib/panda_moveit_python/motion_planning_python_api_tutorial.py -> /root/ros_ws/install/panda_moveit_python/lib/python3.12/site-packages/panda_moveit_python
[3.381s] byte-compiling /root/ros_ws/install/panda_moveit_python/lib/python3.12/site-packages/panda_moveit_python/motion_planning_python_api_tutorial.py to motion_planning_python_api_tutorial.cpython-312.pyc
[3.382s]   File "/root/ros_ws/install/panda_moveit_python/lib/python3.12/site-packages/panda_moveit_python/motion_planning_python_api_tutorial.py", line 190
[3.382s]     plan_and_execute(node=node, panda, panda_arm, logger, sleep_time=3.0)
[3.383s]                                                                         ^
[3.383s] SyntaxError: positional argument follows keyword argument
[3.383s] 
[3.383s] running install_data
[3.384s] running install_egg_info
[3.433s] removing '/root/ros_ws/install/panda_moveit_python/lib/python3.12/site-packages/panda_moveit_python-0.0.0-py3.12.egg-info' (and everything under it)
[3.433s] Copying ../../build/panda_moveit_python/panda_moveit_python.egg-info to /root/ros_ws/install/panda_moveit_python/lib/python3.12/site-packages/panda_moveit_python-0.0.0-py3.12.egg-info
[3.435s] running install_scripts
[3.723s] Installing motion_planning_python_api_tutorial script to /root/ros_ws/install/panda_moveit_python/lib/panda_moveit_python
[3.723s] writing list of installed files to '/root/ros_ws/build/panda_moveit_python/install.log'
[3.764s] Invoked command in '/root/ros_ws/src/panda_moveit_python' returned '0': DEBUGINFOD_URLS=https://debuginfod.ubuntu.com PYTHONPATH=/root/ros_ws/build/panda_moveit_python/prefix_override:/usr/lib/python3/dist-packages/colcon_core/task/python/colcon_distutils_commands:/root/ros_ws/install/panda_moveit_python/lib/python3.12/site-packages:${PYTHONPATH} /usr/bin/python3 -W ignore:setup.py install is deprecated -W ignore:easy_install command is deprecated setup.py egg_info --egg-base ../../build/panda_moveit_python build --build-base /root/ros_ws/build/panda_moveit_python/build install --record /root/ros_ws/build/panda_moveit_python/install.log --single-version-externally-managed install_data
