[0.022s] Invoking command in '/root/ros_ws/build/moveit2_tutorials': AMENT_PREFIX_PATH=/root/ros_ws/install/moveit_task_constructor_core:/root/ros_ws/install/moveit_resources_panda_moveit_config:/root/ros_ws/install/moveit_resources_fanuc_moveit_config:/root/ros_ws/install/rviz_marker_tools:/root/ros_ws/install/moveit_task_constructor_msgs:/root/ros_ws/install/moveit_resources_panda_description:/root/ros_ws/install/moveit_resources_fanuc_description:${AMENT_PREFIX_PATH} CMAKE_MODULE_PATH=/root/ros_ws/install/moveit_task_constructor_core/share/moveit_task_constructor_core/cmake CMAKE_PREFIX_PATH=/root/ros_ws/install/moveit_task_constructor_core:/root/ros_ws/install/moveit_resources_panda_moveit_config:/root/ros_ws/install/moveit_resources_fanuc_moveit_config:/root/ros_ws/install/rviz_marker_tools:/root/ros_ws/install/moveit_task_constructor_msgs:/root/ros_ws/install/moveit_resources_panda_description:/root/ros_ws/install/moveit_resources_fanuc_description:/opt/ros/jazzy/opt/gz_sim_vendor:/opt/ros/jazzy/opt/gz_sensors_vendor:/opt/ros/jazzy/opt/gz_physics_vendor:/opt/ros/jazzy/opt/sdformat_vendor:/opt/ros/jazzy/opt/gz_gui_vendor:/opt/ros/jazzy/opt/gz_transport_vendor:/opt/ros/jazzy/opt/gz_rendering_vendor:/opt/ros/jazzy/opt/gz_plugin_vendor:/opt/ros/jazzy/opt/gz_fuel_tools_vendor:/opt/ros/jazzy/opt/gz_msgs_vendor:/opt/ros/jazzy/opt/gz_common_vendor:/opt/ros/jazzy/opt/gz_math_vendor:/opt/ros/jazzy/opt/gz_utils_vendor:/opt/ros/jazzy/opt/gz_tools_vendor:/opt/ros/jazzy/opt/gz_ogre_next_vendor:/opt/ros/jazzy/opt/gz_dartsim_vendor:/opt/ros/jazzy/opt/gz_cmake_vendor:/opt/ros/jazzy DEBUGINFOD_URLS=https://debuginfod.ubuntu.com LD_LIBRARY_PATH=/root/ros_ws/install/moveit_task_constructor_core/lib:/root/ros_ws/install/rviz_marker_tools/lib:/root/ros_ws/install/moveit_task_constructor_msgs/lib:${LD_LIBRARY_PATH} PYTHONPATH=/root/ros_ws/install/moveit_task_constructor_core/lib/python3.12/site-packages:/root/ros_ws/install/moveit_task_constructor_msgs/lib/python3.12/site-packages:${PYTHONPATH} /usr/bin/cmake --build /root/ros_ws/build/moveit2_tutorials -- -j20 -l20
[0.127s] [  4%] Built target gtest_main
[0.188s] [  9%] Built target robot_model_and_robot_state_tutorial
[0.188s] [ 14%] Built target planning_scene_ros_api_tutorial
[0.190s] [ 19%] Built target collision_scene_example
[0.191s] [ 28%] Built target motion_planning_api_tutorial
[0.191s] [ 28%] Built target motion_planning_pipeline_tutorial
[0.191s] [ 33%] Built target planning_scene_tutorial
[0.192s] [ 38%] Built target move_group_interface_tutorial
[0.193s] [ 42%] Built target moveit_cpp_tutorial
[0.200s] [ 47%] Built target pose_tracking_tutorial
[0.200s] [ 52%] Built target parallel_planning_example
[0.201s] [ 64%] Built target ompl_constrained_planning
[0.202s] [ 64%] Built target trajectory_cache_demo
[0.202s] [ 69%] Built target pilz_mtc
[0.206s] [ 78%] Built target gtest
[0.206s] [ 78%] Built target mtc_tutorial
[0.209s] [ 80%] Built target kinematics_cost_function_tutorial
[0.210s] [ 85%] Built target pilz_move_group
[0.210s] [ 90%] Built target pilz_sequence
[0.212s] [ 95%] Built target minimal_mtc_tutorial
[0.257s] [100%] Built target bringup_test
[0.274s] Invoked command in '/root/ros_ws/build/moveit2_tutorials' returned '0': AMENT_PREFIX_PATH=/root/ros_ws/install/moveit_task_constructor_core:/root/ros_ws/install/moveit_resources_panda_moveit_config:/root/ros_ws/install/moveit_resources_fanuc_moveit_config:/root/ros_ws/install/rviz_marker_tools:/root/ros_ws/install/moveit_task_constructor_msgs:/root/ros_ws/install/moveit_resources_panda_description:/root/ros_ws/install/moveit_resources_fanuc_description:${AMENT_PREFIX_PATH} CMAKE_MODULE_PATH=/root/ros_ws/install/moveit_task_constructor_core/share/moveit_task_constructor_core/cmake CMAKE_PREFIX_PATH=/root/ros_ws/install/moveit_task_constructor_core:/root/ros_ws/install/moveit_resources_panda_moveit_config:/root/ros_ws/install/moveit_resources_fanuc_moveit_config:/root/ros_ws/install/rviz_marker_tools:/root/ros_ws/install/moveit_task_constructor_msgs:/root/ros_ws/install/moveit_resources_panda_description:/root/ros_ws/install/moveit_resources_fanuc_description:/opt/ros/jazzy/opt/gz_sim_vendor:/opt/ros/jazzy/opt/gz_sensors_vendor:/opt/ros/jazzy/opt/gz_physics_vendor:/opt/ros/jazzy/opt/sdformat_vendor:/opt/ros/jazzy/opt/gz_gui_vendor:/opt/ros/jazzy/opt/gz_transport_vendor:/opt/ros/jazzy/opt/gz_rendering_vendor:/opt/ros/jazzy/opt/gz_plugin_vendor:/opt/ros/jazzy/opt/gz_fuel_tools_vendor:/opt/ros/jazzy/opt/gz_msgs_vendor:/opt/ros/jazzy/opt/gz_common_vendor:/opt/ros/jazzy/opt/gz_math_vendor:/opt/ros/jazzy/opt/gz_utils_vendor:/opt/ros/jazzy/opt/gz_tools_vendor:/opt/ros/jazzy/opt/gz_ogre_next_vendor:/opt/ros/jazzy/opt/gz_dartsim_vendor:/opt/ros/jazzy/opt/gz_cmake_vendor:/opt/ros/jazzy DEBUGINFOD_URLS=https://debuginfod.ubuntu.com LD_LIBRARY_PATH=/root/ros_ws/install/moveit_task_constructor_core/lib:/root/ros_ws/install/rviz_marker_tools/lib:/root/ros_ws/install/moveit_task_constructor_msgs/lib:${LD_LIBRARY_PATH} PYTHONPATH=/root/ros_ws/install/moveit_task_constructor_core/lib/python3.12/site-packages:/root/ros_ws/install/moveit_task_constructor_msgs/lib/python3.12/site-packages:${PYTHONPATH} /usr/bin/cmake --build /root/ros_ws/build/moveit2_tutorials -- -j20 -l20
[0.275s] Invoking command in '/root/ros_ws/build/moveit2_tutorials': AMENT_PREFIX_PATH=/root/ros_ws/install/moveit_task_constructor_core:/root/ros_ws/install/moveit_resources_panda_moveit_config:/root/ros_ws/install/moveit_resources_fanuc_moveit_config:/root/ros_ws/install/rviz_marker_tools:/root/ros_ws/install/moveit_task_constructor_msgs:/root/ros_ws/install/moveit_resources_panda_description:/root/ros_ws/install/moveit_resources_fanuc_description:${AMENT_PREFIX_PATH} CMAKE_MODULE_PATH=/root/ros_ws/install/moveit_task_constructor_core/share/moveit_task_constructor_core/cmake CMAKE_PREFIX_PATH=/root/ros_ws/install/moveit_task_constructor_core:/root/ros_ws/install/moveit_resources_panda_moveit_config:/root/ros_ws/install/moveit_resources_fanuc_moveit_config:/root/ros_ws/install/rviz_marker_tools:/root/ros_ws/install/moveit_task_constructor_msgs:/root/ros_ws/install/moveit_resources_panda_description:/root/ros_ws/install/moveit_resources_fanuc_description:/opt/ros/jazzy/opt/gz_sim_vendor:/opt/ros/jazzy/opt/gz_sensors_vendor:/opt/ros/jazzy/opt/gz_physics_vendor:/opt/ros/jazzy/opt/sdformat_vendor:/opt/ros/jazzy/opt/gz_gui_vendor:/opt/ros/jazzy/opt/gz_transport_vendor:/opt/ros/jazzy/opt/gz_rendering_vendor:/opt/ros/jazzy/opt/gz_plugin_vendor:/opt/ros/jazzy/opt/gz_fuel_tools_vendor:/opt/ros/jazzy/opt/gz_msgs_vendor:/opt/ros/jazzy/opt/gz_common_vendor:/opt/ros/jazzy/opt/gz_math_vendor:/opt/ros/jazzy/opt/gz_utils_vendor:/opt/ros/jazzy/opt/gz_tools_vendor:/opt/ros/jazzy/opt/gz_ogre_next_vendor:/opt/ros/jazzy/opt/gz_dartsim_vendor:/opt/ros/jazzy/opt/gz_cmake_vendor:/opt/ros/jazzy DEBUGINFOD_URLS=https://debuginfod.ubuntu.com LD_LIBRARY_PATH=/root/ros_ws/install/moveit_task_constructor_core/lib:/root/ros_ws/install/rviz_marker_tools/lib:/root/ros_ws/install/moveit_task_constructor_msgs/lib:${LD_LIBRARY_PATH} PYTHONPATH=/root/ros_ws/install/moveit_task_constructor_core/lib/python3.12/site-packages:/root/ros_ws/install/moveit_task_constructor_msgs/lib/python3.12/site-packages:${PYTHONPATH} /usr/bin/cmake --install /root/ros_ws/build/moveit2_tutorials
[0.282s] -- Install configuration: "Release"
[0.283s] -- Up-to-date: /root/ros_ws/install/moveit2_tutorials/lib/moveit2_tutorials/collision_scene_example
[0.284s] -- Up-to-date: /root/ros_ws/install/moveit2_tutorials/share/moveit2_tutorials/urdf
[0.284s] -- Up-to-date: /root/ros_ws/install/moveit2_tutorials/share/moveit2_tutorials/urdf/realsense_d435
[0.284s] -- Up-to-date: /root/ros_ws/install/moveit2_tutorials/share/moveit2_tutorials/urdf/realsense_d435/camera.urdf.xacro
[0.284s] -- Up-to-date: /root/ros_ws/install/moveit2_tutorials/share/moveit2_tutorials/urdf/realsense_d435/macros.xacro
[0.285s] -- Up-to-date: /root/ros_ws/install/moveit2_tutorials/share/moveit2_tutorials/launch
[0.285s] -- Up-to-date: /root/ros_ws/install/moveit2_tutorials/share/moveit2_tutorials/launch/depth_camera_environment.launch.py
[0.285s] -- Up-to-date: /root/ros_ws/install/moveit2_tutorials/share/moveit2_tutorials/launch/perception_pipeline_demo.launch.py
[0.285s] -- Up-to-date: /root/ros_ws/install/moveit2_tutorials/share/moveit2_tutorials/meshes
[0.286s] -- Up-to-date: /root/ros_ws/install/moveit2_tutorials/share/moveit2_tutorials/meshes/d435.dae
[0.286s] -- Up-to-date: /root/ros_ws/install/moveit2_tutorials/share/moveit2_tutorials/config
[0.286s] -- Up-to-date: /root/ros_ws/install/moveit2_tutorials/share/moveit2_tutorials/config/sensors_3d.yaml
[0.286s] -- Up-to-date: /root/ros_ws/install/moveit2_tutorials/share/moveit2_tutorials/worlds
[0.286s] -- Up-to-date: /root/ros_ws/install/moveit2_tutorials/share/moveit2_tutorials/worlds/perception_pipeline_demo.world
[0.287s] -- Up-to-date: /root/ros_ws/install/moveit2_tutorials/share/moveit2_tutorials/rviz2
[0.287s] -- Up-to-date: /root/ros_ws/install/moveit2_tutorials/share/moveit2_tutorials/rviz2/depth_camera_environment.rviz
[0.287s] -- Up-to-date: /root/ros_ws/install/moveit2_tutorials/share/moveit2_tutorials/config
[0.287s] -- Up-to-date: /root/ros_ws/install/moveit2_tutorials/share/moveit2_tutorials/config/jupyter_notebook_prototyping.rviz
[0.288s] -- Up-to-date: /root/ros_ws/install/moveit2_tutorials/share/moveit2_tutorials/config/jupyter_notebook_prototyping.yaml
[0.288s] -- Up-to-date: /root/ros_ws/install/moveit2_tutorials/share/moveit2_tutorials/launch
[0.288s] -- Up-to-date: /root/ros_ws/install/moveit2_tutorials/share/moveit2_tutorials/launch/jupyter_notebook_prototyping.launch.py
[0.288s] -- Up-to-date: /root/ros_ws/install/moveit2_tutorials/share/moveit2_tutorials/src
[0.288s] -- Up-to-date: /root/ros_ws/install/moveit2_tutorials/share/moveit2_tutorials/src/moveit_notebook_tutorial.ipynb
[0.289s] -- Up-to-date: /root/ros_ws/install/moveit2_tutorials/lib/moveit2_tutorials/motion_planning_api_tutorial
[0.289s] -- Up-to-date: /root/ros_ws/install/moveit2_tutorials/share/moveit2_tutorials/launch
[0.289s] -- Up-to-date: /root/ros_ws/install/moveit2_tutorials/share/moveit2_tutorials/launch/motion_planning_api_tutorial.launch.py
[0.289s] -- Up-to-date: /root/ros_ws/install/moveit2_tutorials/lib/moveit2_tutorials/motion_planning_pipeline_tutorial
[0.290s] -- Up-to-date: /root/ros_ws/install/moveit2_tutorials/share/moveit2_tutorials/launch
[0.290s] -- Up-to-date: /root/ros_ws/install/moveit2_tutorials/share/moveit2_tutorials/launch/motion_planning_pipeline_tutorial.launch.py
[0.290s] -- Up-to-date: /root/ros_ws/install/moveit2_tutorials/lib/moveit2_tutorials/motion_planning_python_api_tutorial.py
[0.290s] -- Up-to-date: /root/ros_ws/install/moveit2_tutorials/lib/moveit2_tutorials/motion_planning_python_api_planning_scene.py
[0.290s] -- Up-to-date: /root/ros_ws/install/moveit2_tutorials/share/moveit2_tutorials/config
[0.291s] -- Up-to-date: /root/ros_ws/install/moveit2_tutorials/share/moveit2_tutorials/config/motion_planning_python_api_tutorial.yaml
[0.291s] -- Up-to-date: /root/ros_ws/install/moveit2_tutorials/share/moveit2_tutorials/config/motion_planning_python_api_tutorial.rviz
[0.291s] -- Up-to-date: /root/ros_ws/install/moveit2_tutorials/share/moveit2_tutorials/launch
[0.291s] -- Up-to-date: /root/ros_ws/install/moveit2_tutorials/share/moveit2_tutorials/launch/motion_planning_python_api_tutorial.launch.py
[0.292s] -- Up-to-date: /root/ros_ws/install/moveit2_tutorials/lib/moveit2_tutorials/move_group_interface_tutorial
[0.292s] -- Up-to-date: /root/ros_ws/install/moveit2_tutorials/share/moveit2_tutorials/launch
[0.292s] -- Up-to-date: /root/ros_ws/install/moveit2_tutorials/share/moveit2_tutorials/launch/move_group.launch.py
[0.292s] -- Up-to-date: /root/ros_ws/install/moveit2_tutorials/share/moveit2_tutorials/launch/move_group.rviz
[0.292s] -- Up-to-date: /root/ros_ws/install/moveit2_tutorials/share/moveit2_tutorials/launch/move_group_interface_tutorial.launch.py
[0.293s] -- Up-to-date: /root/ros_ws/install/moveit2_tutorials/lib/moveit2_tutorials/moveit_cpp_tutorial
[0.293s] -- Up-to-date: /root/ros_ws/install/moveit2_tutorials/share/moveit2_tutorials/launch
[0.293s] -- Up-to-date: /root/ros_ws/install/moveit2_tutorials/share/moveit2_tutorials/launch/moveit_cpp_tutorial.launch.py
[0.294s] -- Up-to-date: /root/ros_ws/install/moveit2_tutorials/share/moveit2_tutorials/launch/moveit_cpp_tutorial.rviz
[0.294s] -- Up-to-date: /root/ros_ws/install/moveit2_tutorials/share/moveit2_tutorials/config
[0.294s] -- Up-to-date: /root/ros_ws/install/moveit2_tutorials/share/moveit2_tutorials/config/moveit_cpp.yaml
[0.294s] -- Up-to-date: /root/ros_ws/install/moveit2_tutorials/lib/moveit2_tutorials/planning_scene_tutorial
[0.295s] -- Up-to-date: /root/ros_ws/install/moveit2_tutorials/share/moveit2_tutorials/launch
[0.295s] -- Up-to-date: /root/ros_ws/install/moveit2_tutorials/share/moveit2_tutorials/launch/planning_scene_tutorial.launch.py
[0.295s] -- Up-to-date: /root/ros_ws/install/moveit2_tutorials/lib/moveit2_tutorials/planning_scene_ros_api_tutorial
[0.295s] -- Up-to-date: /root/ros_ws/install/moveit2_tutorials/share/moveit2_tutorials/launch
[0.295s] -- Up-to-date: /root/ros_ws/install/moveit2_tutorials/share/moveit2_tutorials/launch/planning_scene_ros_api_tutorial.launch.py
[0.296s] -- Up-to-date: /root/ros_ws/install/moveit2_tutorials/lib/moveit2_tutorials/pose_tracking_tutorial
[0.296s] -- Up-to-date: /root/ros_ws/install/moveit2_tutorials/share/moveit2_tutorials/launch
[0.296s] -- Up-to-date: /root/ros_ws/install/moveit2_tutorials/share/moveit2_tutorials/launch/pose_tracking_tutorial.launch.py
[0.296s] -- Up-to-date: /root/ros_ws/install/moveit2_tutorials/share/moveit2_tutorials/config
[0.297s] -- Up-to-date: /root/ros_ws/install/moveit2_tutorials/share/moveit2_tutorials/config/panda_simulated_config.yaml
[0.297s] -- Up-to-date: /root/ros_ws/install/moveit2_tutorials/share/moveit2_tutorials/config/demo_rviz_config.rviz
[0.297s] -- Up-to-date: /root/ros_ws/install/moveit2_tutorials/lib/moveit2_tutorials/robot_model_and_robot_state_tutorial
[0.297s] -- Up-to-date: /root/ros_ws/install/moveit2_tutorials/share/moveit2_tutorials/launch
[0.297s] -- Up-to-date: /root/ros_ws/install/moveit2_tutorials/share/moveit2_tutorials/launch/robot_model_and_robot_state_tutorial.launch.py
[0.298s] -- Up-to-date: /root/ros_ws/install/moveit2_tutorials/share/moveit2_tutorials/launch
[0.298s] -- Up-to-date: /root/ros_ws/install/moveit2_tutorials/share/moveit2_tutorials/launch/run_benchmarks.launch.py
[0.298s] -- Up-to-date: /root/ros_ws/install/moveit2_tutorials/share/moveit2_tutorials/config
[0.298s] -- Up-to-date: /root/ros_ws/install/moveit2_tutorials/share/moveit2_tutorials/config/benchmarks.yaml
[0.299s] -- Up-to-date: /root/ros_ws/install/moveit2_tutorials/share/moveit2_tutorials/config/benchmarking_moveit_cpp.yaml
[0.299s] -- Up-to-date: /root/ros_ws/install/moveit2_tutorials/share/moveit2_tutorials/launch
[0.299s] -- Up-to-date: /root/ros_ws/install/moveit2_tutorials/share/moveit2_tutorials/launch/isaac_moveit.py
[0.299s] -- Up-to-date: /root/ros_ws/install/moveit2_tutorials/share/moveit2_tutorials/launch/python.sh
[0.300s] -- Up-to-date: /root/ros_ws/install/moveit2_tutorials/share/moveit2_tutorials/launch/isaac_demo.launch.py
[0.300s] -- Up-to-date: /root/ros_ws/install/moveit2_tutorials/share/moveit2_tutorials/config
[0.300s] -- Up-to-date: /root/ros_ws/install/moveit2_tutorials/share/moveit2_tutorials/config/panda_moveit_config.rviz
[0.300s] -- Up-to-date: /root/ros_ws/install/moveit2_tutorials/lib/moveit2_tutorials/kinematics_cost_function_tutorial
[0.300s] -- Up-to-date: /root/ros_ws/install/moveit2_tutorials/share/moveit2_tutorials/launch
[0.301s] -- Up-to-date: /root/ros_ws/install/moveit2_tutorials/share/moveit2_tutorials/launch/kinematics_cost_function_tutorial.launch.py
[0.301s] -- Up-to-date: /root/ros_ws/install/moveit2_tutorials/lib/moveit2_tutorials/parallel_planning_example
[0.301s] -- Up-to-date: /root/ros_ws/install/moveit2_tutorials/share/moveit2_tutorials/launch
[0.301s] -- Up-to-date: /root/ros_ws/install/moveit2_tutorials/share/moveit2_tutorials/launch/parallel_planning_example.launch.py
[0.301s] -- Up-to-date: /root/ros_ws/install/moveit2_tutorials/share/moveit2_tutorials/config
[0.302s] -- Up-to-date: /root/ros_ws/install/moveit2_tutorials/share/moveit2_tutorials/config/panda_test_db.sqlite
[0.302s] -- Up-to-date: /root/ros_ws/install/moveit2_tutorials/share/moveit2_tutorials/config/parallel_planning_moveit_cpp.yaml
[0.302s] -- Up-to-date: /root/ros_ws/install/moveit2_tutorials/share/moveit2_tutorials/config/parallel_planning_config.rviz
[0.302s] -- Up-to-date: /root/ros_ws/install/moveit2_tutorials/share/moveit2_tutorials/launch
[0.303s] -- Up-to-date: /root/ros_ws/install/moveit2_tutorials/share/moveit2_tutorials/launch/chomp_demo.launch.py
[0.303s] -- Up-to-date: /root/ros_ws/install/moveit2_tutorials/share/moveit2_tutorials/config
[0.303s] -- Up-to-date: /root/ros_ws/install/moveit2_tutorials/share/moveit2_tutorials/config/moveit_chomp.rviz
[0.304s] -- Up-to-date: /root/ros_ws/install/moveit2_tutorials/share/moveit2_tutorials/launch
[0.304s] -- Up-to-date: /root/ros_ws/install/moveit2_tutorials/share/moveit2_tutorials/launch/persistent_scenes_demo.launch.py
[0.304s] -- Up-to-date: /root/ros_ws/install/moveit2_tutorials/lib/moveit2_tutorials/pilz_move_group
[0.304s] -- Up-to-date: /root/ros_ws/install/moveit2_tutorials/lib/moveit2_tutorials/pilz_mtc
[0.304s] -- Up-to-date: /root/ros_ws/install/moveit2_tutorials/lib/moveit2_tutorials/pilz_sequence
[0.305s] -- Up-to-date: /root/ros_ws/install/moveit2_tutorials/share/moveit2_tutorials/launch
[0.305s] -- Up-to-date: /root/ros_ws/install/moveit2_tutorials/share/moveit2_tutorials/launch/pilz_mtc.launch.py
[0.305s] -- Up-to-date: /root/ros_ws/install/moveit2_tutorials/share/moveit2_tutorials/launch/pilz_moveit.launch.py
[0.305s] -- Up-to-date: /root/ros_ws/install/moveit2_tutorials/lib/moveit2_tutorials/trajectory_cache_demo
[0.305s] -- Up-to-date: /root/ros_ws/install/moveit2_tutorials/share/moveit2_tutorials/launch
[0.306s] -- Up-to-date: /root/ros_ws/install/moveit2_tutorials/share/moveit2_tutorials/launch/trajectory_cache.rviz
[0.306s] -- Up-to-date: /root/ros_ws/install/moveit2_tutorials/share/moveit2_tutorials/launch/trajectory_cache_move_group.launch.py
[0.306s] -- Up-to-date: /root/ros_ws/install/moveit2_tutorials/share/moveit2_tutorials/launch/trajectory_cache_demo.launch.py
[0.306s] -- Up-to-date: /root/ros_ws/install/moveit2_tutorials/share/moveit2_tutorials/config
[0.307s] -- Up-to-date: /root/ros_ws/install/moveit2_tutorials/share/moveit2_tutorials/config/trajectory_cache_joint_limits.yaml
[0.307s] -- Up-to-date: /root/ros_ws/install/moveit2_tutorials/lib/moveit2_tutorials/ompl_constrained_planning
[0.308s] -- Up-to-date: /root/ros_ws/install/moveit2_tutorials/share/moveit2_tutorials/launch
[0.308s] -- Up-to-date: /root/ros_ws/install/moveit2_tutorials/share/moveit2_tutorials/launch/ompl_constrained_planning.rviz
[0.308s] -- Up-to-date: /root/ros_ws/install/moveit2_tutorials/share/moveit2_tutorials/launch/ompl_constrained_planning.launch.py
[0.308s] -- Up-to-date: /root/ros_ws/install/moveit2_tutorials/lib/moveit2_tutorials/mtc_tutorial
[0.308s] -- Up-to-date: /root/ros_ws/install/moveit2_tutorials/lib/moveit2_tutorials/minimal_mtc_tutorial
[0.309s] -- Up-to-date: /root/ros_ws/install/moveit2_tutorials/share/moveit2_tutorials/launch
[0.309s] -- Up-to-date: /root/ros_ws/install/moveit2_tutorials/share/moveit2_tutorials/launch/mtc_demo.launch.py
[0.309s] -- Up-to-date: /root/ros_ws/install/moveit2_tutorials/share/moveit2_tutorials/launch/mtc_demo_minimal.launch.py
[0.309s] -- Up-to-date: /root/ros_ws/install/moveit2_tutorials/share/moveit2_tutorials/launch/mtc.rviz
[0.310s] -- Up-to-date: /root/ros_ws/install/moveit2_tutorials/share/moveit2_tutorials/launch/pick_place_demo.launch.py
[0.310s] -- Up-to-date: /root/ros_ws/install/moveit2_tutorials/share/moveit2_tutorials/launch
[0.311s] -- Up-to-date: /root/ros_ws/install/moveit2_tutorials/share/moveit2_tutorials/launch/kinova_moveit_config_demo_empty.rviz
[0.311s] -- Up-to-date: /root/ros_ws/install/moveit2_tutorials/share/moveit2_tutorials/launch/demo.launch.py
[0.312s] -- Up-to-date: /root/ros_ws/install/moveit2_tutorials/share/moveit2_tutorials/launch/kinova_moveit_config_demo.rviz
[0.312s] -- Up-to-date: /root/ros_ws/install/moveit2_tutorials/share/moveit2_tutorials/launch/kinova_hello_moveit.rviz
[0.313s] -- Up-to-date: /root/ros_ws/install/moveit2_tutorials/share/moveit2_tutorials/launch
[0.313s] -- Up-to-date: /root/ros_ws/install/moveit2_tutorials/share/moveit2_tutorials/launch/demo_pick_ik.launch.py
[0.313s] -- Up-to-date: /root/ros_ws/install/moveit2_tutorials/share/moveit2_tutorials/config
[0.313s] -- Up-to-date: /root/ros_ws/install/moveit2_tutorials/share/moveit2_tutorials/config/kinematics_pick_ik.yaml
[0.314s] -- Up-to-date: /root/ros_ws/install/moveit2_tutorials/share/ament_index/resource_index/package_run_dependencies/moveit2_tutorials
[0.314s] -- Up-to-date: /root/ros_ws/install/moveit2_tutorials/share/ament_index/resource_index/parent_prefix_path/moveit2_tutorials
[0.315s] -- Up-to-date: /root/ros_ws/install/moveit2_tutorials/share/moveit2_tutorials/environment/ament_prefix_path.sh
[0.315s] -- Up-to-date: /root/ros_ws/install/moveit2_tutorials/share/moveit2_tutorials/environment/ament_prefix_path.dsv
[0.315s] -- Up-to-date: /root/ros_ws/install/moveit2_tutorials/share/moveit2_tutorials/environment/path.sh
[0.316s] -- Up-to-date: /root/ros_ws/install/moveit2_tutorials/share/moveit2_tutorials/environment/path.dsv
[0.316s] -- Up-to-date: /root/ros_ws/install/moveit2_tutorials/share/moveit2_tutorials/local_setup.bash
[0.316s] -- Up-to-date: /root/ros_ws/install/moveit2_tutorials/share/moveit2_tutorials/local_setup.sh
[0.316s] -- Up-to-date: /root/ros_ws/install/moveit2_tutorials/share/moveit2_tutorials/local_setup.zsh
[0.317s] -- Up-to-date: /root/ros_ws/install/moveit2_tutorials/share/moveit2_tutorials/local_setup.dsv
[0.317s] -- Installing: /root/ros_ws/install/moveit2_tutorials/share/moveit2_tutorials/package.dsv
[0.317s] -- Up-to-date: /root/ros_ws/install/moveit2_tutorials/share/ament_index/resource_index/packages/moveit2_tutorials
[0.317s] -- Up-to-date: /root/ros_ws/install/moveit2_tutorials/share/moveit2_tutorials/cmake/ament_cmake_export_dependencies-extras.cmake
[0.318s] -- Up-to-date: /root/ros_ws/install/moveit2_tutorials/share/moveit2_tutorials/cmake/ament_cmake_export_include_directories-extras.cmake
[0.318s] -- Up-to-date: /root/ros_ws/install/moveit2_tutorials/share/moveit2_tutorials/cmake/moveit2_tutorialsConfig.cmake
[0.318s] -- Up-to-date: /root/ros_ws/install/moveit2_tutorials/share/moveit2_tutorials/cmake/moveit2_tutorialsConfig-version.cmake
[0.318s] -- Up-to-date: /root/ros_ws/install/moveit2_tutorials/share/moveit2_tutorials/package.xml
[0.320s] Invoked command in '/root/ros_ws/build/moveit2_tutorials' returned '0': AMENT_PREFIX_PATH=/root/ros_ws/install/moveit_task_constructor_core:/root/ros_ws/install/moveit_resources_panda_moveit_config:/root/ros_ws/install/moveit_resources_fanuc_moveit_config:/root/ros_ws/install/rviz_marker_tools:/root/ros_ws/install/moveit_task_constructor_msgs:/root/ros_ws/install/moveit_resources_panda_description:/root/ros_ws/install/moveit_resources_fanuc_description:${AMENT_PREFIX_PATH} CMAKE_MODULE_PATH=/root/ros_ws/install/moveit_task_constructor_core/share/moveit_task_constructor_core/cmake CMAKE_PREFIX_PATH=/root/ros_ws/install/moveit_task_constructor_core:/root/ros_ws/install/moveit_resources_panda_moveit_config:/root/ros_ws/install/moveit_resources_fanuc_moveit_config:/root/ros_ws/install/rviz_marker_tools:/root/ros_ws/install/moveit_task_constructor_msgs:/root/ros_ws/install/moveit_resources_panda_description:/root/ros_ws/install/moveit_resources_fanuc_description:/opt/ros/jazzy/opt/gz_sim_vendor:/opt/ros/jazzy/opt/gz_sensors_vendor:/opt/ros/jazzy/opt/gz_physics_vendor:/opt/ros/jazzy/opt/sdformat_vendor:/opt/ros/jazzy/opt/gz_gui_vendor:/opt/ros/jazzy/opt/gz_transport_vendor:/opt/ros/jazzy/opt/gz_rendering_vendor:/opt/ros/jazzy/opt/gz_plugin_vendor:/opt/ros/jazzy/opt/gz_fuel_tools_vendor:/opt/ros/jazzy/opt/gz_msgs_vendor:/opt/ros/jazzy/opt/gz_common_vendor:/opt/ros/jazzy/opt/gz_math_vendor:/opt/ros/jazzy/opt/gz_utils_vendor:/opt/ros/jazzy/opt/gz_tools_vendor:/opt/ros/jazzy/opt/gz_ogre_next_vendor:/opt/ros/jazzy/opt/gz_dartsim_vendor:/opt/ros/jazzy/opt/gz_cmake_vendor:/opt/ros/jazzy DEBUGINFOD_URLS=https://debuginfod.ubuntu.com LD_LIBRARY_PATH=/root/ros_ws/install/moveit_task_constructor_core/lib:/root/ros_ws/install/rviz_marker_tools/lib:/root/ros_ws/install/moveit_task_constructor_msgs/lib:${LD_LIBRARY_PATH} PYTHONPATH=/root/ros_ws/install/moveit_task_constructor_core/lib/python3.12/site-packages:/root/ros_ws/install/moveit_task_constructor_msgs/lib/python3.12/site-packages:${PYTHONPATH} /usr/bin/cmake --install /root/ros_ws/build/moveit2_tutorials
