[0.005s] Invoking command in '/root/ros_ws/build/robotiq_driver': AMENT_PREFIX_PATH=/root/ros_ws/install/serial:${AMENT_PREFIX_PATH} CMAKE_PREFIX_PATH=/root/ros_ws/install/serial:/opt/ros/jazzy/opt/gz_sim_vendor:/opt/ros/jazzy/opt/gz_sensors_vendor:/opt/ros/jazzy/opt/gz_physics_vendor:/opt/ros/jazzy/opt/sdformat_vendor:/opt/ros/jazzy/opt/gz_gui_vendor:/opt/ros/jazzy/opt/gz_transport_vendor:/opt/ros/jazzy/opt/gz_rendering_vendor:/opt/ros/jazzy/opt/gz_plugin_vendor:/opt/ros/jazzy/opt/gz_fuel_tools_vendor:/opt/ros/jazzy/opt/gz_msgs_vendor:/opt/ros/jazzy/opt/gz_common_vendor:/opt/ros/jazzy/opt/gz_math_vendor:/opt/ros/jazzy/opt/gz_utils_vendor:/opt/ros/jazzy/opt/gz_tools_vendor:/opt/ros/jazzy/opt/gz_ogre_next_vendor:/opt/ros/jazzy/opt/gz_dartsim_vendor:/opt/ros/jazzy/opt/gz_cmake_vendor:/opt/ros/jazzy LD_LIBRARY_PATH=/root/ros_ws/install/serial/lib:${LD_LIBRARY_PATH} /usr/bin/cmake /root/ros_ws/src/ros2_robotiq_gripper/robotiq_driver -DCMAKE_INSTALL_PREFIX=/root/ros_ws/install/robotiq_driver
[0.047s] -- The CXX compiler identification is GNU 13.3.0
[0.059s] -- Detecting CXX compiler ABI info
[0.130s] -- Detecting CXX compiler ABI info - done
[0.139s] -- Check for working CXX compiler: /usr/bin/c++ - skipped
[0.139s] -- Detecting CXX compile features
[0.140s] -- Detecting CXX compile features - done
[0.148s] -- Found ament_cmake: 2.5.4 (/opt/ros/jazzy/share/ament_cmake/cmake)
[0.249s] -- Found Python3: /usr/bin/python3 (found version "3.12.3") found components: Interpreter 
[0.323s] -- Found hardware_interface: 4.29.0 (/opt/ros/jazzy/share/hardware_interface/cmake)
[0.360s] -- Found rosidl_generator_c: 4.6.5 (/opt/ros/jazzy/share/rosidl_generator_c/cmake)
[0.371s] -- Found rosidl_generator_cpp: 4.6.5 (/opt/ros/jazzy/share/rosidl_generator_cpp/cmake)
[0.383s] -- Using all available rosidl_typesupport_c: rosidl_typesupport_fastrtps_c;rosidl_typesupport_introspection_c
[0.397s] -- Using all available rosidl_typesupport_cpp: rosidl_typesupport_fastrtps_cpp;rosidl_typesupport_introspection_cpp
[0.538s] -- Found TinyXML2 via Config file: /usr/lib/x86_64-linux-gnu/cmake/tinyxml2
[0.571s] -- Found rmw_implementation_cmake: 7.3.2 (/opt/ros/jazzy/share/rmw_implementation_cmake/cmake)
[0.574s] -- Found rmw_fastrtps_cpp: 8.4.2 (/opt/ros/jazzy/share/rmw_fastrtps_cpp/cmake)
[0.591s] -- Found TinyXML2 via Config file: /usr/lib/x86_64-linux-gnu/cmake/tinyxml2
[0.633s] -- Found OpenSSL: /usr/lib/x86_64-linux-gnu/libcrypto.so (found version "3.0.13")  
[0.636s] -- Found TinyXML2 via Config file: /usr/lib/x86_64-linux-gnu/cmake/tinyxml2
[0.650s] -- Found FastRTPS: /opt/ros/jazzy/include (Required is at least version "2.13") 
[0.653s] -- Found TinyXML2 via Config file: /usr/lib/x86_64-linux-gnu/cmake/tinyxml2
[0.660s] -- Found TinyXML2 via Config file: /usr/lib/x86_64-linux-gnu/cmake/tinyxml2
[0.669s] -- Using RMW implementation 'rmw_fastrtps_cpp' as default
[0.844s] -- Found serial: 1.2.1 (/root/ros_ws/install/serial/share/serial/cmake)
[0.853s] -- Found ament_cmake_gtest: 2.5.4 (/opt/ros/jazzy/share/ament_cmake_gtest/cmake)
[0.856s] -- Found ament_cmake_gmock: 2.5.4 (/opt/ros/jazzy/share/ament_cmake_gmock/cmake)
[0.858s] -- Found ament_lint_auto: 0.17.2 (/opt/ros/jazzy/share/ament_lint_auto/cmake)
[0.942s] -- Found gmock sources under '/opt/ros/jazzy/src/gmock_vendor': C++ tests using 'Google Mock' will be built
[0.969s] -- The C compiler identification is GNU 13.3.0
[0.977s] -- Detecting C compiler ABI info
[1.035s] -- Detecting C compiler ABI info - done
[1.040s] -- Check for working C compiler: /usr/bin/cc - skipped
[1.040s] -- Detecting C compile features
[1.040s] -- Detecting C compile features - done
[1.043s] -- Found gtest sources under '/opt/ros/jazzy/src/gtest_vendor': C++ tests using 'Google Test' will be built
[1.119s] -- Configuring done (1.1s)
[1.164s] -- Generating done (0.0s)
[1.175s] -- Build files have been written to: /root/ros_ws/build/robotiq_driver
[1.182s] Invoked command in '/root/ros_ws/build/robotiq_driver' returned '0': AMENT_PREFIX_PATH=/root/ros_ws/install/serial:${AMENT_PREFIX_PATH} CMAKE_PREFIX_PATH=/root/ros_ws/install/serial:/opt/ros/jazzy/opt/gz_sim_vendor:/opt/ros/jazzy/opt/gz_sensors_vendor:/opt/ros/jazzy/opt/gz_physics_vendor:/opt/ros/jazzy/opt/sdformat_vendor:/opt/ros/jazzy/opt/gz_gui_vendor:/opt/ros/jazzy/opt/gz_transport_vendor:/opt/ros/jazzy/opt/gz_rendering_vendor:/opt/ros/jazzy/opt/gz_plugin_vendor:/opt/ros/jazzy/opt/gz_fuel_tools_vendor:/opt/ros/jazzy/opt/gz_msgs_vendor:/opt/ros/jazzy/opt/gz_common_vendor:/opt/ros/jazzy/opt/gz_math_vendor:/opt/ros/jazzy/opt/gz_utils_vendor:/opt/ros/jazzy/opt/gz_tools_vendor:/opt/ros/jazzy/opt/gz_ogre_next_vendor:/opt/ros/jazzy/opt/gz_dartsim_vendor:/opt/ros/jazzy/opt/gz_cmake_vendor:/opt/ros/jazzy LD_LIBRARY_PATH=/root/ros_ws/install/serial/lib:${LD_LIBRARY_PATH} /usr/bin/cmake /root/ros_ws/src/ros2_robotiq_gripper/robotiq_driver -DCMAKE_INSTALL_PREFIX=/root/ros_ws/install/robotiq_driver
[1.183s] Invoking command in '/root/ros_ws/build/robotiq_driver': AMENT_PREFIX_PATH=/root/ros_ws/install/serial:${AMENT_PREFIX_PATH} CMAKE_PREFIX_PATH=/root/ros_ws/install/serial:/opt/ros/jazzy/opt/gz_sim_vendor:/opt/ros/jazzy/opt/gz_sensors_vendor:/opt/ros/jazzy/opt/gz_physics_vendor:/opt/ros/jazzy/opt/sdformat_vendor:/opt/ros/jazzy/opt/gz_gui_vendor:/opt/ros/jazzy/opt/gz_transport_vendor:/opt/ros/jazzy/opt/gz_rendering_vendor:/opt/ros/jazzy/opt/gz_plugin_vendor:/opt/ros/jazzy/opt/gz_fuel_tools_vendor:/opt/ros/jazzy/opt/gz_msgs_vendor:/opt/ros/jazzy/opt/gz_common_vendor:/opt/ros/jazzy/opt/gz_math_vendor:/opt/ros/jazzy/opt/gz_utils_vendor:/opt/ros/jazzy/opt/gz_tools_vendor:/opt/ros/jazzy/opt/gz_ogre_next_vendor:/opt/ros/jazzy/opt/gz_dartsim_vendor:/opt/ros/jazzy/opt/gz_cmake_vendor:/opt/ros/jazzy LD_LIBRARY_PATH=/root/ros_ws/install/serial/lib:${LD_LIBRARY_PATH} /usr/bin/cmake --build /root/ros_ws/build/robotiq_driver -- -j28 -l28
[1.222s] [  4%] [32mBuilding CXX object gmock/CMakeFiles/gmock.dir/src/gmock-all.cc.o[0m
[1.225s] [  8%] [32mBuilding CXX object gmock/CMakeFiles/gmock.dir/opt/ros/jazzy/src/gtest_vendor/src/gtest-all.cc.o[0m
[1.225s] [ 12%] [32mBuilding CXX object gmock/CMakeFiles/gmock_main.dir/src/gmock_main.cc.o[0m
[1.226s] [ 20%] [32mBuilding CXX object CMakeFiles/robotiq_driver.dir/src/fake/fake_driver.cpp.o[0m
[1.226s] [ 20%] [32mBuilding CXX object CMakeFiles/robotiq_driver.dir/src/default_driver_factory.cpp.o[0m
[1.226s] [ 25%] [32mBuilding CXX object CMakeFiles/robotiq_driver.dir/src/default_serial_factory.cpp.o[0m
[1.226s] [ 29%] [32mBuilding CXX object CMakeFiles/robotiq_driver.dir/src/default_serial.cpp.o[0m
[1.227s] [ 33%] [32mBuilding CXX object CMakeFiles/robotiq_driver.dir/src/data_utils.cpp.o[0m
[1.228s] [ 41%] [32mBuilding CXX object CMakeFiles/robotiq_driver.dir/src/crc_utils.cpp.o[0m
[1.228s] [ 41%] [32mBuilding CXX object CMakeFiles/robotiq_driver.dir/src/hardware_interface.cpp.o[0m
[1.228s] [ 45%] [32mBuilding CXX object CMakeFiles/robotiq_driver.dir/src/default_driver.cpp.o[0m
[1.739s] [ 50%] [32m[1mLinking CXX static library libgmock_main.a[0m
[1.785s] [ 50%] Built target gmock_main
[3.330s] [ 54%] [32m[1mLinking CXX static library libgmock.a[0m
[3.387s] [ 54%] Built target gmock
[3.862s] [ 58%] [32m[1mLinking CXX shared library librobotiq_driver.so[0m
[4.068s] [ 58%] Built target robotiq_driver
[4.103s] [ 62%] [32mBuilding CXX object tests/CMakeFiles/test_default_serial_factory.dir/test_default_serial_factory.cpp.o[0m
[4.103s] [ 66%] [32mBuilding CXX object tests/CMakeFiles/test_data_utils.dir/test_data_utils.cpp.o[0m
[4.131s] [ 70%] [32mBuilding CXX object tests/CMakeFiles/test_default_driver_factory.dir/test_default_driver_factory.cpp.o[0m
[4.131s] [ 75%] [32mBuilding CXX object tests/CMakeFiles/test_crc_utils.dir/test_crc_utils.cpp.o[0m
[4.133s] [ 79%] [32mBuilding CXX object tests/CMakeFiles/test_robotiq_gripper_hardware_interface.dir/test_robotiq_gripper_hardware_interface.cpp.o[0m
[5.149s] [ 83%] [32m[1mLinking CXX executable test_crc_utils[0m
[5.248s] [ 87%] [32m[1mLinking CXX executable test_data_utils[0m
[5.302s] [ 87%] Built target test_crc_utils
[5.388s] [ 87%] Built target test_data_utils
[6.601s] [ 91%] [32m[1mLinking CXX executable test_default_serial_factory[0m
[7.031s] [ 91%] Built target test_default_serial_factory
[7.197s] [ 95%] [32m[1mLinking CXX executable test_robotiq_gripper_hardware_interface[0m
[7.536s] [ 95%] Built target test_robotiq_gripper_hardware_interface
[8.198s] [100%] [32m[1mLinking CXX executable test_default_driver_factory[0m
[8.347s] [100%] Built target test_default_driver_factory
[8.355s] Invoked command in '/root/ros_ws/build/robotiq_driver' returned '0': AMENT_PREFIX_PATH=/root/ros_ws/install/serial:${AMENT_PREFIX_PATH} CMAKE_PREFIX_PATH=/root/ros_ws/install/serial:/opt/ros/jazzy/opt/gz_sim_vendor:/opt/ros/jazzy/opt/gz_sensors_vendor:/opt/ros/jazzy/opt/gz_physics_vendor:/opt/ros/jazzy/opt/sdformat_vendor:/opt/ros/jazzy/opt/gz_gui_vendor:/opt/ros/jazzy/opt/gz_transport_vendor:/opt/ros/jazzy/opt/gz_rendering_vendor:/opt/ros/jazzy/opt/gz_plugin_vendor:/opt/ros/jazzy/opt/gz_fuel_tools_vendor:/opt/ros/jazzy/opt/gz_msgs_vendor:/opt/ros/jazzy/opt/gz_common_vendor:/opt/ros/jazzy/opt/gz_math_vendor:/opt/ros/jazzy/opt/gz_utils_vendor:/opt/ros/jazzy/opt/gz_tools_vendor:/opt/ros/jazzy/opt/gz_ogre_next_vendor:/opt/ros/jazzy/opt/gz_dartsim_vendor:/opt/ros/jazzy/opt/gz_cmake_vendor:/opt/ros/jazzy LD_LIBRARY_PATH=/root/ros_ws/install/serial/lib:${LD_LIBRARY_PATH} /usr/bin/cmake --build /root/ros_ws/build/robotiq_driver -- -j28 -l28
[8.356s] Invoking command in '/root/ros_ws/build/robotiq_driver': AMENT_PREFIX_PATH=/root/ros_ws/install/serial:${AMENT_PREFIX_PATH} CMAKE_PREFIX_PATH=/root/ros_ws/install/serial:/opt/ros/jazzy/opt/gz_sim_vendor:/opt/ros/jazzy/opt/gz_sensors_vendor:/opt/ros/jazzy/opt/gz_physics_vendor:/opt/ros/jazzy/opt/sdformat_vendor:/opt/ros/jazzy/opt/gz_gui_vendor:/opt/ros/jazzy/opt/gz_transport_vendor:/opt/ros/jazzy/opt/gz_rendering_vendor:/opt/ros/jazzy/opt/gz_plugin_vendor:/opt/ros/jazzy/opt/gz_fuel_tools_vendor:/opt/ros/jazzy/opt/gz_msgs_vendor:/opt/ros/jazzy/opt/gz_common_vendor:/opt/ros/jazzy/opt/gz_math_vendor:/opt/ros/jazzy/opt/gz_utils_vendor:/opt/ros/jazzy/opt/gz_tools_vendor:/opt/ros/jazzy/opt/gz_ogre_next_vendor:/opt/ros/jazzy/opt/gz_dartsim_vendor:/opt/ros/jazzy/opt/gz_cmake_vendor:/opt/ros/jazzy LD_LIBRARY_PATH=/root/ros_ws/install/serial/lib:${LD_LIBRARY_PATH} /usr/bin/cmake --install /root/ros_ws/build/robotiq_driver
[8.363s] -- Install configuration: ""
[8.363s] -- Installing: /root/ros_ws/install/robotiq_driver/share/robotiq_driver/hardware_interface_plugin.xml
[8.363s] -- Installing: /root/ros_ws/install/robotiq_driver/share/robotiq_driver/environment/library_path.sh
[8.363s] -- Installing: /root/ros_ws/install/robotiq_driver/share/robotiq_driver/environment/library_path.dsv
[8.364s] -- Installing: /root/ros_ws/install/robotiq_driver/include
[8.364s] -- Installing: /root/ros_ws/install/robotiq_driver/include/robotiq_driver
[8.364s] -- Installing: /root/ros_ws/install/robotiq_driver/include/robotiq_driver/driver_exception.hpp
[8.364s] -- Installing: /root/ros_ws/install/robotiq_driver/include/robotiq_driver/data_utils.hpp
[8.364s] -- Installing: /root/ros_ws/install/robotiq_driver/include/robotiq_driver/crc_utils.hpp
[8.364s] -- Installing: /root/ros_ws/install/robotiq_driver/include/robotiq_driver/visibility_control.hpp
[8.364s] -- Installing: /root/ros_ws/install/robotiq_driver/include/robotiq_driver/serial.hpp
[8.364s] -- Installing: /root/ros_ws/install/robotiq_driver/include/robotiq_driver/default_serial.hpp
[8.364s] -- Installing: /root/ros_ws/install/robotiq_driver/include/robotiq_driver/default_serial_factory.hpp
[8.365s] -- Installing: /root/ros_ws/install/robotiq_driver/include/robotiq_driver/fake
[8.365s] -- Installing: /root/ros_ws/install/robotiq_driver/include/robotiq_driver/fake/fake_driver.hpp
[8.365s] -- Installing: /root/ros_ws/install/robotiq_driver/include/robotiq_driver/default_driver.hpp
[8.365s] -- Installing: /root/ros_ws/install/robotiq_driver/include/robotiq_driver/default_driver_factory.hpp
[8.365s] -- Installing: /root/ros_ws/install/robotiq_driver/include/robotiq_driver/driver.hpp
[8.365s] -- Installing: /root/ros_ws/install/robotiq_driver/include/robotiq_driver/driver_factory.hpp
[8.365s] -- Installing: /root/ros_ws/install/robotiq_driver/include/robotiq_driver/serial_factory.hpp
[8.365s] -- Installing: /root/ros_ws/install/robotiq_driver/include/robotiq_driver/hardware_interface.hpp
[8.365s] -- Installing: /root/ros_ws/install/robotiq_driver/lib/librobotiq_driver.so
[8.365s] -- Set non-toolchain portion of runtime path of "/root/ros_ws/install/robotiq_driver/lib/librobotiq_driver.so" to ""
[8.366s] -- Installing: /root/ros_ws/install/robotiq_driver/share/ament_index/resource_index/package_run_dependencies/robotiq_driver
[8.366s] -- Installing: /root/ros_ws/install/robotiq_driver/share/ament_index/resource_index/parent_prefix_path/robotiq_driver
[8.366s] -- Installing: /root/ros_ws/install/robotiq_driver/share/robotiq_driver/environment/ament_prefix_path.sh
[8.366s] -- Installing: /root/ros_ws/install/robotiq_driver/share/robotiq_driver/environment/ament_prefix_path.dsv
[8.366s] -- Installing: /root/ros_ws/install/robotiq_driver/share/robotiq_driver/environment/path.sh
[8.366s] -- Installing: /root/ros_ws/install/robotiq_driver/share/robotiq_driver/environment/path.dsv
[8.366s] -- Installing: /root/ros_ws/install/robotiq_driver/share/robotiq_driver/local_setup.bash
[8.366s] -- Installing: /root/ros_ws/install/robotiq_driver/share/robotiq_driver/local_setup.sh
[8.366s] -- Installing: /root/ros_ws/install/robotiq_driver/share/robotiq_driver/local_setup.zsh
[8.366s] -- Installing: /root/ros_ws/install/robotiq_driver/share/robotiq_driver/local_setup.dsv
[8.366s] -- Installing: /root/ros_ws/install/robotiq_driver/share/robotiq_driver/package.dsv
[8.366s] -- Installing: /root/ros_ws/install/robotiq_driver/share/ament_index/resource_index/packages/robotiq_driver
[8.367s] -- Installing: /root/ros_ws/install/robotiq_driver/share/ament_index/resource_index/hardware_interface__pluginlib__plugin/robotiq_driver
[8.367s] -- Installing: /root/ros_ws/install/robotiq_driver/share/robotiq_driver/cmake/robotiq_driver_targetsExport.cmake
[8.367s] -- Installing: /root/ros_ws/install/robotiq_driver/share/robotiq_driver/cmake/robotiq_driver_targetsExport-noconfig.cmake
[8.367s] -- Installing: /root/ros_ws/install/robotiq_driver/share/robotiq_driver/cmake/ament_cmake_export_targets-extras.cmake
[8.367s] -- Installing: /root/ros_ws/install/robotiq_driver/share/robotiq_driver/cmake/ament_cmake_export_dependencies-extras.cmake
[8.367s] -- Installing: /root/ros_ws/install/robotiq_driver/share/robotiq_driver/cmake/ament_cmake_export_include_directories-extras.cmake
[8.367s] -- Installing: /root/ros_ws/install/robotiq_driver/share/robotiq_driver/cmake/ament_cmake_export_libraries-extras.cmake
[8.367s] -- Installing: /root/ros_ws/install/robotiq_driver/share/robotiq_driver/cmake/robotiq_driverConfig.cmake
[8.367s] -- Installing: /root/ros_ws/install/robotiq_driver/share/robotiq_driver/cmake/robotiq_driverConfig-version.cmake
[8.367s] -- Installing: /root/ros_ws/install/robotiq_driver/share/robotiq_driver/package.xml
[8.368s] Invoked command in '/root/ros_ws/build/robotiq_driver' returned '0': AMENT_PREFIX_PATH=/root/ros_ws/install/serial:${AMENT_PREFIX_PATH} CMAKE_PREFIX_PATH=/root/ros_ws/install/serial:/opt/ros/jazzy/opt/gz_sim_vendor:/opt/ros/jazzy/opt/gz_sensors_vendor:/opt/ros/jazzy/opt/gz_physics_vendor:/opt/ros/jazzy/opt/sdformat_vendor:/opt/ros/jazzy/opt/gz_gui_vendor:/opt/ros/jazzy/opt/gz_transport_vendor:/opt/ros/jazzy/opt/gz_rendering_vendor:/opt/ros/jazzy/opt/gz_plugin_vendor:/opt/ros/jazzy/opt/gz_fuel_tools_vendor:/opt/ros/jazzy/opt/gz_msgs_vendor:/opt/ros/jazzy/opt/gz_common_vendor:/opt/ros/jazzy/opt/gz_math_vendor:/opt/ros/jazzy/opt/gz_utils_vendor:/opt/ros/jazzy/opt/gz_tools_vendor:/opt/ros/jazzy/opt/gz_ogre_next_vendor:/opt/ros/jazzy/opt/gz_dartsim_vendor:/opt/ros/jazzy/opt/gz_cmake_vendor:/opt/ros/jazzy LD_LIBRARY_PATH=/root/ros_ws/install/serial/lib:${LD_LIBRARY_PATH} /usr/bin/cmake --install /root/ros_ws/build/robotiq_driver
