[0.127s] Invoking command in '/root/ros_ws/build/zivid_interfaces': CMAKE_PREFIX_PATH=${CMAKE_PREFIX_PATH}:/root/ros_ws/install/universal_robots_ur10e:/root/ros_ws/install/simple_moveit_app:/root/ros_ws/install/panda_moveit_python:/opt/ros/jazzy DEBUGINFOD_URLS=https://debuginfod.ubuntu.com /usr/bin/cmake --build /root/ros_ws/build/zivid_interfaces -- -j20 -l20
[1.303s] [  0%] Built target zivid_interfaces__rosidl_generator_type_description
[1.303s] [  0%] Built target ament_cmake_python_copy_zivid_interfaces
[1.303s] [  0%] Built target zivid_interfaces__cpp
[1.303s] [ 28%] Built target zivid_interfaces__rosidl_generator_c
[1.303s] [ 38%] Built target zivid_interfaces__rosidl_typesupport_c
[1.303s] [ 48%] Built target zivid_interfaces__rosidl_typesupport_introspection_c
[1.303s] [ 64%] Built target zivid_interfaces__rosidl_typesupport_fastrtps_c
[1.303s] [ 68%] Built target zivid_interfaces__rosidl_typesupport_cpp
[1.303s] [ 77%] Built target zivid_interfaces__rosidl_typesupport_fastrtps_cpp
[1.304s] [ 87%] Built target zivid_interfaces__rosidl_typesupport_introspection_cpp
[1.304s] [ 87%] Built target zivid_interfaces
[1.304s] [ 87%] Built target zivid_interfaces__py
[1.304s] [ 97%] Built target zivid_interfaces__rosidl_generator_py
[1.304s] [100%] Built target zivid_interfaces_s__rosidl_typesupport_c
[1.304s] [100%] Built target zivid_interfaces_s__rosidl_typesupport_introspection_c
[1.304s] [100%] Built target zivid_interfaces_s__rosidl_typesupport_fastrtps_c
[1.304s] running egg_info
[1.304s] writing zivid_interfaces.egg-info/PKG-INFO
[1.305s] writing dependency_links to zivid_interfaces.egg-info/dependency_links.txt
[1.305s] writing top-level names to zivid_interfaces.egg-info/top_level.txt
[1.305s] reading manifest file 'zivid_interfaces.egg-info/SOURCES.txt'
[1.305s] writing manifest file 'zivid_interfaces.egg-info/SOURCES.txt'
[1.305s] [100%] Built target ament_cmake_python_build_zivid_interfaces_egg
[1.318s] Invoked command in '/root/ros_ws/build/zivid_interfaces' returned '0': CMAKE_PREFIX_PATH=${CMAKE_PREFIX_PATH}:/root/ros_ws/install/universal_robots_ur10e:/root/ros_ws/install/simple_moveit_app:/root/ros_ws/install/panda_moveit_python:/opt/ros/jazzy DEBUGINFOD_URLS=https://debuginfod.ubuntu.com /usr/bin/cmake --build /root/ros_ws/build/zivid_interfaces -- -j20 -l20
[1.319s] Invoking command in '/root/ros_ws/build/zivid_interfaces': CMAKE_PREFIX_PATH=${CMAKE_PREFIX_PATH}:/root/ros_ws/install/universal_robots_ur10e:/root/ros_ws/install/simple_moveit_app:/root/ros_ws/install/panda_moveit_python:/opt/ros/jazzy DEBUGINFOD_URLS=https://debuginfod.ubuntu.com /usr/bin/cmake --install /root/ros_ws/build/zivid_interfaces
[1.430s] -- Install configuration: ""
[1.430s] -- Up-to-date: /root/ros_ws/install/zivid_interfaces/share/ament_index/resource_index/rosidl_interfaces/zivid_interfaces
[1.431s] -- Up-to-date: /root/ros_ws/install/zivid_interfaces/share/zivid_interfaces/msg/DetectionResultCalibrationBoard.json
[1.431s] -- Up-to-date: /root/ros_ws/install/zivid_interfaces/share/zivid_interfaces/msg/DetectionResultFiducialMarkers.json
[1.431s] -- Up-to-date: /root/ros_ws/install/zivid_interfaces/share/zivid_interfaces/msg/FixedPlacementOfCalibrationBoard.json
[1.431s] -- Up-to-date: /root/ros_ws/install/zivid_interfaces/share/zivid_interfaces/msg/FixedPlacementOfCalibrationObjects.json
[1.432s] -- Up-to-date: /root/ros_ws/install/zivid_interfaces/share/zivid_interfaces/msg/FixedPlacementOfFiducialMarker.json
[1.432s] -- Up-to-date: /root/ros_ws/install/zivid_interfaces/share/zivid_interfaces/msg/HandEyeCalibrationObjects.json
[1.432s] -- Up-to-date: /root/ros_ws/install/zivid_interfaces/share/zivid_interfaces/msg/HandEyeCalibrationResidual.json
[1.432s] -- Up-to-date: /root/ros_ws/install/zivid_interfaces/share/zivid_interfaces/msg/MarkerShape.json
[1.434s] -- Up-to-date: /root/ros_ws/install/zivid_interfaces/share/zivid_interfaces/srv/CaptureAndDetectCalibrationBoard.json
[1.434s] -- Up-to-date: /root/ros_ws/install/zivid_interfaces/share/zivid_interfaces/srv/CaptureAndDetectMarkers.json
[1.434s] -- Up-to-date: /root/ros_ws/install/zivid_interfaces/share/zivid_interfaces/srv/CaptureAndSave.json
[1.435s] -- Up-to-date: /root/ros_ws/install/zivid_interfaces/share/zivid_interfaces/srv/CaptureAssistantSuggestSettings.json
[1.435s] -- Up-to-date: /root/ros_ws/install/zivid_interfaces/share/zivid_interfaces/srv/CameraInfoModelName.json
[1.435s] -- Up-to-date: /root/ros_ws/install/zivid_interfaces/share/zivid_interfaces/srv/CameraInfoSerialNumber.json
[1.436s] -- Up-to-date: /root/ros_ws/install/zivid_interfaces/share/zivid_interfaces/srv/HandEyeCalibrationCalibrate.json
[1.436s] -- Up-to-date: /root/ros_ws/install/zivid_interfaces/share/zivid_interfaces/srv/HandEyeCalibrationCapture.json
[1.436s] -- Up-to-date: /root/ros_ws/install/zivid_interfaces/share/zivid_interfaces/srv/HandEyeCalibrationLoad.json
[1.437s] -- Up-to-date: /root/ros_ws/install/zivid_interfaces/share/zivid_interfaces/srv/HandEyeCalibrationStart.json
[1.437s] -- Up-to-date: /root/ros_ws/install/zivid_interfaces/share/zivid_interfaces/srv/InfieldCorrectionCapture.json
[1.437s] -- Up-to-date: /root/ros_ws/install/zivid_interfaces/share/zivid_interfaces/srv/InfieldCorrectionCompute.json
[1.437s] -- Up-to-date: /root/ros_ws/install/zivid_interfaces/share/zivid_interfaces/srv/InfieldCorrectionRead.json
[1.437s] -- Up-to-date: /root/ros_ws/install/zivid_interfaces/share/zivid_interfaces/srv/IsConnected.json
[1.438s] -- Up-to-date: /root/ros_ws/install/zivid_interfaces/include/zivid_interfaces/zivid_interfaces
[1.438s] -- Up-to-date: /root/ros_ws/install/zivid_interfaces/include/zivid_interfaces/zivid_interfaces/msg
[1.438s] -- Up-to-date: /root/ros_ws/install/zivid_interfaces/include/zivid_interfaces/zivid_interfaces/msg/marker_shape.h
[1.438s] -- Up-to-date: /root/ros_ws/install/zivid_interfaces/include/zivid_interfaces/zivid_interfaces/msg/fixed_placement_of_calibration_board.h
[1.438s] -- Up-to-date: /root/ros_ws/install/zivid_interfaces/include/zivid_interfaces/zivid_interfaces/msg/fixed_placement_of_fiducial_marker.h
[1.438s] -- Up-to-date: /root/ros_ws/install/zivid_interfaces/include/zivid_interfaces/zivid_interfaces/msg/hand_eye_calibration_objects.h
[1.439s] -- Up-to-date: /root/ros_ws/install/zivid_interfaces/include/zivid_interfaces/zivid_interfaces/msg/hand_eye_calibration_residual.h
[1.439s] -- Up-to-date: /root/ros_ws/install/zivid_interfaces/include/zivid_interfaces/zivid_interfaces/msg/detection_result_calibration_board.h
[1.439s] -- Up-to-date: /root/ros_ws/install/zivid_interfaces/include/zivid_interfaces/zivid_interfaces/msg/detection_result_fiducial_markers.h
[1.439s] -- Up-to-date: /root/ros_ws/install/zivid_interfaces/include/zivid_interfaces/zivid_interfaces/msg/rosidl_generator_c__visibility_control.h
[1.439s] -- Up-to-date: /root/ros_ws/install/zivid_interfaces/include/zivid_interfaces/zivid_interfaces/msg/detail
[1.440s] -- Up-to-date: /root/ros_ws/install/zivid_interfaces/include/zivid_interfaces/zivid_interfaces/msg/detail/hand_eye_calibration_objects__functions.h
[1.441s] -- Up-to-date: /root/ros_ws/install/zivid_interfaces/include/zivid_interfaces/zivid_interfaces/msg/detail/fixed_placement_of_calibration_board__functions.c
[1.441s] -- Up-to-date: /root/ros_ws/install/zivid_interfaces/include/zivid_interfaces/zivid_interfaces/msg/detail/detection_result_fiducial_markers__struct.h
[1.441s] -- Up-to-date: /root/ros_ws/install/zivid_interfaces/include/zivid_interfaces/zivid_interfaces/msg/detail/fixed_placement_of_calibration_objects__functions.h
[1.442s] -- Up-to-date: /root/ros_ws/install/zivid_interfaces/include/zivid_interfaces/zivid_interfaces/msg/detail/hand_eye_calibration_residual__type_support.h
[1.442s] -- Up-to-date: /root/ros_ws/install/zivid_interfaces/include/zivid_interfaces/zivid_interfaces/msg/detail/marker_shape__functions.c
[1.442s] -- Up-to-date: /root/ros_ws/install/zivid_interfaces/include/zivid_interfaces/zivid_interfaces/msg/detail/detection_result_fiducial_markers__type_support.h
[1.442s] -- Up-to-date: /root/ros_ws/install/zivid_interfaces/include/zivid_interfaces/zivid_interfaces/msg/detail/hand_eye_calibration_objects__description.c
[1.443s] -- Installing: /root/ros_ws/install/zivid_interfaces/include/zivid_interfaces/zivid_interfaces/msg/detail/detection_result_calibration_board__type_support.c
[1.443s] -- Up-to-date: /root/ros_ws/install/zivid_interfaces/include/zivid_interfaces/zivid_interfaces/msg/detail/fixed_placement_of_calibration_objects__functions.c
[1.443s] -- Installing: /root/ros_ws/install/zivid_interfaces/include/zivid_interfaces/zivid_interfaces/msg/detail/fixed_placement_of_fiducial_marker__type_support.c
[1.443s] -- Up-to-date: /root/ros_ws/install/zivid_interfaces/include/zivid_interfaces/zivid_interfaces/msg/detail/detection_result_calibration_board__functions.c
[1.444s] -- Up-to-date: /root/ros_ws/install/zivid_interfaces/include/zivid_interfaces/zivid_interfaces/msg/detail/fixed_placement_of_calibration_board__type_support.h
[1.444s] -- Installing: /root/ros_ws/install/zivid_interfaces/include/zivid_interfaces/zivid_interfaces/msg/detail/marker_shape__type_support.c
[1.444s] -- Up-to-date: /root/ros_ws/install/zivid_interfaces/include/zivid_interfaces/zivid_interfaces/msg/detail/hand_eye_calibration_objects__functions.c
[1.445s] -- Up-to-date: /root/ros_ws/install/zivid_interfaces/include/zivid_interfaces/zivid_interfaces/msg/detail/fixed_placement_of_fiducial_marker__functions.h
[1.445s] -- Up-to-date: /root/ros_ws/install/zivid_interfaces/include/zivid_interfaces/zivid_interfaces/msg/detail/hand_eye_calibration_residual__functions.h
[1.445s] -- Installing: /root/ros_ws/install/zivid_interfaces/include/zivid_interfaces/zivid_interfaces/msg/detail/hand_eye_calibration_objects__type_support.c
[1.446s] -- Up-to-date: /root/ros_ws/install/zivid_interfaces/include/zivid_interfaces/zivid_interfaces/msg/detail/fixed_placement_of_calibration_objects__type_support.h
[1.446s] -- Up-to-date: /root/ros_ws/install/zivid_interfaces/include/zivid_interfaces/zivid_interfaces/msg/detail/fixed_placement_of_calibration_objects__struct.h
[1.447s] -- Up-to-date: /root/ros_ws/install/zivid_interfaces/include/zivid_interfaces/zivid_interfaces/msg/detail/hand_eye_calibration_objects__type_support.h
[1.447s] -- Up-to-date: /root/ros_ws/install/zivid_interfaces/include/zivid_interfaces/zivid_interfaces/msg/detail/detection_result_fiducial_markers__description.c
[1.448s] -- Up-to-date: /root/ros_ws/install/zivid_interfaces/include/zivid_interfaces/zivid_interfaces/msg/detail/fixed_placement_of_fiducial_marker__type_support.h
[1.448s] -- Up-to-date: /root/ros_ws/install/zivid_interfaces/include/zivid_interfaces/zivid_interfaces/msg/detail/detection_result_calibration_board__struct.h
[1.449s] -- Installing: /root/ros_ws/install/zivid_interfaces/include/zivid_interfaces/zivid_interfaces/msg/detail/fixed_placement_of_calibration_board__type_support.c
[1.449s] -- Up-to-date: /root/ros_ws/install/zivid_interfaces/include/zivid_interfaces/zivid_interfaces/msg/detail/fixed_placement_of_calibration_board__description.c
[1.450s] -- Up-to-date: /root/ros_ws/install/zivid_interfaces/include/zivid_interfaces/zivid_interfaces/msg/detail/marker_shape__description.c
[1.454s] -- Up-to-date: /root/ros_ws/install/zivid_interfaces/include/zivid_interfaces/zivid_interfaces/msg/detail/hand_eye_calibration_residual__struct.h
[1.454s] -- Installing: /root/ros_ws/install/zivid_interfaces/include/zivid_interfaces/zivid_interfaces/msg/detail/detection_result_fiducial_markers__type_support.c
[1.455s] -- Up-to-date: /root/ros_ws/install/zivid_interfaces/include/zivid_interfaces/zivid_interfaces/msg/detail/detection_result_calibration_board__functions.h
[1.455s] -- Installing: /root/ros_ws/install/zivid_interfaces/include/zivid_interfaces/zivid_interfaces/msg/detail/hand_eye_calibration_residual__type_support.c
[1.456s] -- Up-to-date: /root/ros_ws/install/zivid_interfaces/include/zivid_interfaces/zivid_interfaces/msg/detail/marker_shape__functions.h
[1.457s] -- Up-to-date: /root/ros_ws/install/zivid_interfaces/include/zivid_interfaces/zivid_interfaces/msg/detail/hand_eye_calibration_residual__description.c
[1.457s] -- Up-to-date: /root/ros_ws/install/zivid_interfaces/include/zivid_interfaces/zivid_interfaces/msg/detail/marker_shape__struct.h
[1.458s] -- Up-to-date: /root/ros_ws/install/zivid_interfaces/include/zivid_interfaces/zivid_interfaces/msg/detail/hand_eye_calibration_residual__functions.c
[1.458s] -- Up-to-date: /root/ros_ws/install/zivid_interfaces/include/zivid_interfaces/zivid_interfaces/msg/detail/detection_result_fiducial_markers__functions.c
[1.458s] -- Up-to-date: /root/ros_ws/install/zivid_interfaces/include/zivid_interfaces/zivid_interfaces/msg/detail/fixed_placement_of_fiducial_marker__functions.c
[1.459s] -- Up-to-date: /root/ros_ws/install/zivid_interfaces/include/zivid_interfaces/zivid_interfaces/msg/detail/fixed_placement_of_calibration_board__functions.h
[1.459s] -- Installing: /root/ros_ws/install/zivid_interfaces/include/zivid_interfaces/zivid_interfaces/msg/detail/fixed_placement_of_calibration_objects__type_support.c
[1.459s] -- Up-to-date: /root/ros_ws/install/zivid_interfaces/include/zivid_interfaces/zivid_interfaces/msg/detail/fixed_placement_of_calibration_objects__description.c
[1.460s] -- Up-to-date: /root/ros_ws/install/zivid_interfaces/include/zivid_interfaces/zivid_interfaces/msg/detail/detection_result_calibration_board__description.c
[1.460s] -- Up-to-date: /root/ros_ws/install/zivid_interfaces/include/zivid_interfaces/zivid_interfaces/msg/detail/fixed_placement_of_calibration_board__struct.h
[1.460s] -- Up-to-date: /root/ros_ws/install/zivid_interfaces/include/zivid_interfaces/zivid_interfaces/msg/detail/marker_shape__type_support.h
[1.460s] -- Up-to-date: /root/ros_ws/install/zivid_interfaces/include/zivid_interfaces/zivid_interfaces/msg/detail/detection_result_fiducial_markers__functions.h
[1.460s] -- Up-to-date: /root/ros_ws/install/zivid_interfaces/include/zivid_interfaces/zivid_interfaces/msg/detail/detection_result_calibration_board__type_support.h
[1.461s] -- Up-to-date: /root/ros_ws/install/zivid_interfaces/include/zivid_interfaces/zivid_interfaces/msg/detail/hand_eye_calibration_objects__struct.h
[1.461s] -- Up-to-date: /root/ros_ws/install/zivid_interfaces/include/zivid_interfaces/zivid_interfaces/msg/detail/fixed_placement_of_fiducial_marker__description.c
[1.461s] -- Up-to-date: /root/ros_ws/install/zivid_interfaces/include/zivid_interfaces/zivid_interfaces/msg/detail/fixed_placement_of_fiducial_marker__struct.h
[1.461s] -- Up-to-date: /root/ros_ws/install/zivid_interfaces/include/zivid_interfaces/zivid_interfaces/msg/fixed_placement_of_calibration_objects.h
[1.461s] -- Up-to-date: /root/ros_ws/install/zivid_interfaces/include/zivid_interfaces/zivid_interfaces/srv
[1.461s] -- Up-to-date: /root/ros_ws/install/zivid_interfaces/include/zivid_interfaces/zivid_interfaces/srv/hand_eye_calibration_start.h
[1.462s] -- Up-to-date: /root/ros_ws/install/zivid_interfaces/include/zivid_interfaces/zivid_interfaces/srv/camera_info_model_name.h
[1.462s] -- Up-to-date: /root/ros_ws/install/zivid_interfaces/include/zivid_interfaces/zivid_interfaces/srv/camera_info_serial_number.h
[1.463s] -- Up-to-date: /root/ros_ws/install/zivid_interfaces/include/zivid_interfaces/zivid_interfaces/srv/hand_eye_calibration_capture.h
[1.463s] -- Up-to-date: /root/ros_ws/install/zivid_interfaces/include/zivid_interfaces/zivid_interfaces/srv/hand_eye_calibration_load.h
[1.475s] -- Up-to-date: /root/ros_ws/install/zivid_interfaces/include/zivid_interfaces/zivid_interfaces/srv/infield_correction_compute.h
[1.476s] -- Up-to-date: /root/ros_ws/install/zivid_interfaces/include/zivid_interfaces/zivid_interfaces/srv/capture_assistant_suggest_settings.h
[1.476s] -- Up-to-date: /root/ros_ws/install/zivid_interfaces/include/zivid_interfaces/zivid_interfaces/srv/capture_and_detect_calibration_board.h
[1.476s] -- Up-to-date: /root/ros_ws/install/zivid_interfaces/include/zivid_interfaces/zivid_interfaces/srv/capture_and_detect_markers.h
[1.476s] -- Up-to-date: /root/ros_ws/install/zivid_interfaces/include/zivid_interfaces/zivid_interfaces/srv/infield_correction_read.h
[1.476s] -- Up-to-date: /root/ros_ws/install/zivid_interfaces/include/zivid_interfaces/zivid_interfaces/srv/hand_eye_calibration_calibrate.h
[1.477s] -- Up-to-date: /root/ros_ws/install/zivid_interfaces/include/zivid_interfaces/zivid_interfaces/srv/infield_correction_capture.h
[1.477s] -- Up-to-date: /root/ros_ws/install/zivid_interfaces/include/zivid_interfaces/zivid_interfaces/srv/detail
[1.477s] -- Up-to-date: /root/ros_ws/install/zivid_interfaces/include/zivid_interfaces/zivid_interfaces/srv/detail/hand_eye_calibration_start__functions.c
[1.477s] -- Up-to-date: /root/ros_ws/install/zivid_interfaces/include/zivid_interfaces/zivid_interfaces/srv/detail/hand_eye_calibration_capture__description.c
[1.477s] -- Up-to-date: /root/ros_ws/install/zivid_interfaces/include/zivid_interfaces/zivid_interfaces/srv/detail/camera_info_model_name__description.c
[1.477s] -- Up-to-date: /root/ros_ws/install/zivid_interfaces/include/zivid_interfaces/zivid_interfaces/srv/detail/hand_eye_calibration_start__type_support.h
[1.477s] -- Up-to-date: /root/ros_ws/install/zivid_interfaces/include/zivid_interfaces/zivid_interfaces/srv/detail/infield_correction_read__struct.h
[1.479s] -- Installing: /root/ros_ws/install/zivid_interfaces/include/zivid_interfaces/zivid_interfaces/srv/detail/infield_correction_read__type_support.c
[1.493s] -- Up-to-date: /root/ros_ws/install/zivid_interfaces/include/zivid_interfaces/zivid_interfaces/srv/detail/camera_info_model_name__functions.c
[1.494s] -- Up-to-date: /root/ros_ws/install/zivid_interfaces/include/zivid_interfaces/zivid_interfaces/srv/detail/is_connected__description.c
[1.494s] -- Up-to-date: /root/ros_ws/install/zivid_interfaces/include/zivid_interfaces/zivid_interfaces/srv/detail/hand_eye_calibration_capture__functions.c
[1.495s] -- Installing: /root/ros_ws/install/zivid_interfaces/include/zivid_interfaces/zivid_interfaces/srv/detail/capture_assistant_suggest_settings__type_support.c
[1.507s] -- Up-to-date: /root/ros_ws/install/zivid_interfaces/include/zivid_interfaces/zivid_interfaces/srv/detail/is_connected__functions.h
[1.507s] -- Up-to-date: /root/ros_ws/install/zivid_interfaces/include/zivid_interfaces/zivid_interfaces/srv/detail/hand_eye_calibration_calibrate__struct.h
[1.507s] -- Installing: /root/ros_ws/install/zivid_interfaces/include/zivid_interfaces/zivid_interfaces/srv/detail/camera_info_model_name__type_support.c
[1.516s] -- Up-to-date: /root/ros_ws/install/zivid_interfaces/include/zivid_interfaces/zivid_interfaces/srv/detail/infield_correction_read__functions.c
[1.516s] -- Up-to-date: /root/ros_ws/install/zivid_interfaces/include/zivid_interfaces/zivid_interfaces/srv/detail/camera_info_serial_number__type_support.h
[1.517s] -- Installing: /root/ros_ws/install/zivid_interfaces/include/zivid_interfaces/zivid_interfaces/srv/detail/is_connected__type_support.c
[1.525s] -- Installing: /root/ros_ws/install/zivid_interfaces/include/zivid_interfaces/zivid_interfaces/srv/detail/capture_and_detect_calibration_board__type_support.c
[1.558s] -- Up-to-date: /root/ros_ws/install/zivid_interfaces/include/zivid_interfaces/zivid_interfaces/srv/detail/infield_correction_capture__functions.h
[1.560s] -- Installing: /root/ros_ws/install/zivid_interfaces/include/zivid_interfaces/zivid_interfaces/srv/detail/infield_correction_compute__type_support.c
[1.561s] -- Up-to-date: /root/ros_ws/install/zivid_interfaces/include/zivid_interfaces/zivid_interfaces/srv/detail/infield_correction_read__type_support.h
[1.562s] -- Up-to-date: /root/ros_ws/install/zivid_interfaces/include/zivid_interfaces/zivid_interfaces/srv/detail/capture_assistant_suggest_settings__type_support.h
[1.563s] -- Up-to-date: /root/ros_ws/install/zivid_interfaces/include/zivid_interfaces/zivid_interfaces/srv/detail/capture_and_detect_markers__struct.h
[1.564s] -- Up-to-date: /root/ros_ws/install/zivid_interfaces/include/zivid_interfaces/zivid_interfaces/srv/detail/is_connected__functions.c
[1.564s] -- Up-to-date: /root/ros_ws/install/zivid_interfaces/include/zivid_interfaces/zivid_interfaces/srv/detail/hand_eye_calibration_load__functions.h
[1.564s] -- Up-to-date: /root/ros_ws/install/zivid_interfaces/include/zivid_interfaces/zivid_interfaces/srv/detail/is_connected__struct.h
[1.564s] -- Up-to-date: /root/ros_ws/install/zivid_interfaces/include/zivid_interfaces/zivid_interfaces/srv/detail/capture_and_save__struct.h
[1.565s] -- Up-to-date: /root/ros_ws/install/zivid_interfaces/include/zivid_interfaces/zivid_interfaces/srv/detail/infield_correction_capture__struct.h
[1.566s] -- Installing: /root/ros_ws/install/zivid_interfaces/include/zivid_interfaces/zivid_interfaces/srv/detail/hand_eye_calibration_calibrate__type_support.c
[1.566s] -- Up-to-date: /root/ros_ws/install/zivid_interfaces/include/zivid_interfaces/zivid_interfaces/srv/detail/hand_eye_calibration_start__functions.h
[1.566s] -- Up-to-date: /root/ros_ws/install/zivid_interfaces/include/zivid_interfaces/zivid_interfaces/srv/detail/hand_eye_calibration_calibrate__functions.c
[1.566s] -- Up-to-date: /root/ros_ws/install/zivid_interfaces/include/zivid_interfaces/zivid_interfaces/srv/detail/capture_and_detect_calibration_board__functions.h
[1.568s] -- Up-to-date: /root/ros_ws/install/zivid_interfaces/include/zivid_interfaces/zivid_interfaces/srv/detail/hand_eye_calibration_capture__struct.h
[1.569s] -- Up-to-date: /root/ros_ws/install/zivid_interfaces/include/zivid_interfaces/zivid_interfaces/srv/detail/hand_eye_calibration_load__type_support.h
[1.569s] -- Up-to-date: /root/ros_ws/install/zivid_interfaces/include/zivid_interfaces/zivid_interfaces/srv/detail/camera_info_model_name__type_support.h
[1.569s] -- Up-to-date: /root/ros_ws/install/zivid_interfaces/include/zivid_interfaces/zivid_interfaces/srv/detail/hand_eye_calibration_capture__type_support.h
[1.569s] -- Up-to-date: /root/ros_ws/install/zivid_interfaces/include/zivid_interfaces/zivid_interfaces/srv/detail/hand_eye_calibration_calibrate__description.c
[1.569s] -- Up-to-date: /root/ros_ws/install/zivid_interfaces/include/zivid_interfaces/zivid_interfaces/srv/detail/hand_eye_calibration_load__functions.c
[1.570s] -- Up-to-date: /root/ros_ws/install/zivid_interfaces/include/zivid_interfaces/zivid_interfaces/srv/detail/camera_info_serial_number__functions.h
[1.570s] -- Up-to-date: /root/ros_ws/install/zivid_interfaces/include/zivid_interfaces/zivid_interfaces/srv/detail/camera_info_model_name__struct.h
[1.570s] -- Installing: /root/ros_ws/install/zivid_interfaces/include/zivid_interfaces/zivid_interfaces/srv/detail/capture_and_save__type_support.c
[1.582s] -- Up-to-date: /root/ros_ws/install/zivid_interfaces/include/zivid_interfaces/zivid_interfaces/srv/detail/camera_info_model_name__functions.h
[1.582s] -- Up-to-date: /root/ros_ws/install/zivid_interfaces/include/zivid_interfaces/zivid_interfaces/srv/detail/infield_correction_capture__functions.c
[1.582s] -- Up-to-date: /root/ros_ws/install/zivid_interfaces/include/zivid_interfaces/zivid_interfaces/srv/detail/capture_and_detect_calibration_board__struct.h
[1.582s] -- Up-to-date: /root/ros_ws/install/zivid_interfaces/include/zivid_interfaces/zivid_interfaces/srv/detail/infield_correction_read__description.c
[1.583s] -- Up-to-date: /root/ros_ws/install/zivid_interfaces/include/zivid_interfaces/zivid_interfaces/srv/detail/capture_and_save__functions.h
[1.600s] -- Up-to-date: /root/ros_ws/install/zivid_interfaces/include/zivid_interfaces/zivid_interfaces/srv/detail/capture_assistant_suggest_settings__functions.h
[1.603s] -- Up-to-date: /root/ros_ws/install/zivid_interfaces/include/zivid_interfaces/zivid_interfaces/srv/detail/hand_eye_calibration_capture__functions.h
[1.603s] -- Up-to-date: /root/ros_ws/install/zivid_interfaces/include/zivid_interfaces/zivid_interfaces/srv/detail/capture_and_detect_calibration_board__functions.c
[1.604s] -- Up-to-date: /root/ros_ws/install/zivid_interfaces/include/zivid_interfaces/zivid_interfaces/srv/detail/hand_eye_calibration_start__struct.h
[1.604s] -- Up-to-date: /root/ros_ws/install/zivid_interfaces/include/zivid_interfaces/zivid_interfaces/srv/detail/infield_correction_capture__description.c
[1.604s] -- Installing: /root/ros_ws/install/zivid_interfaces/include/zivid_interfaces/zivid_interfaces/srv/detail/hand_eye_calibration_start__type_support.c
[1.604s] -- Up-to-date: /root/ros_ws/install/zivid_interfaces/include/zivid_interfaces/zivid_interfaces/srv/detail/capture_and_detect_markers__description.c
[1.604s] -- Up-to-date: /root/ros_ws/install/zivid_interfaces/include/zivid_interfaces/zivid_interfaces/srv/detail/hand_eye_calibration_start__description.c
[1.604s] -- Up-to-date: /root/ros_ws/install/zivid_interfaces/include/zivid_interfaces/zivid_interfaces/srv/detail/capture_assistant_suggest_settings__description.c
[1.605s] -- Up-to-date: /root/ros_ws/install/zivid_interfaces/include/zivid_interfaces/zivid_interfaces/srv/detail/hand_eye_calibration_calibrate__functions.h
[1.605s] -- Up-to-date: /root/ros_ws/install/zivid_interfaces/include/zivid_interfaces/zivid_interfaces/srv/detail/capture_and_save__functions.c
[1.605s] -- Up-to-date: /root/ros_ws/install/zivid_interfaces/include/zivid_interfaces/zivid_interfaces/srv/detail/hand_eye_calibration_calibrate__type_support.h
[1.605s] -- Up-to-date: /root/ros_ws/install/zivid_interfaces/include/zivid_interfaces/zivid_interfaces/srv/detail/capture_and_save__description.c
[1.605s] -- Installing: /root/ros_ws/install/zivid_interfaces/include/zivid_interfaces/zivid_interfaces/srv/detail/hand_eye_calibration_capture__type_support.c
[1.606s] -- Up-to-date: /root/ros_ws/install/zivid_interfaces/include/zivid_interfaces/zivid_interfaces/srv/detail/camera_info_serial_number__struct.h
[1.606s] -- Up-to-date: /root/ros_ws/install/zivid_interfaces/include/zivid_interfaces/zivid_interfaces/srv/detail/hand_eye_calibration_load__struct.h
[1.612s] -- Up-to-date: /root/ros_ws/install/zivid_interfaces/include/zivid_interfaces/zivid_interfaces/srv/detail/infield_correction_compute__type_support.h
[1.612s] -- Up-to-date: /root/ros_ws/install/zivid_interfaces/include/zivid_interfaces/zivid_interfaces/srv/detail/camera_info_serial_number__description.c
[1.613s] -- Installing: /root/ros_ws/install/zivid_interfaces/include/zivid_interfaces/zivid_interfaces/srv/detail/hand_eye_calibration_load__type_support.c
[1.617s] -- Installing: /root/ros_ws/install/zivid_interfaces/include/zivid_interfaces/zivid_interfaces/srv/detail/camera_info_serial_number__type_support.c
[1.623s] -- Up-to-date: /root/ros_ws/install/zivid_interfaces/include/zivid_interfaces/zivid_interfaces/srv/detail/infield_correction_compute__functions.c
[1.623s] -- Up-to-date: /root/ros_ws/install/zivid_interfaces/include/zivid_interfaces/zivid_interfaces/srv/detail/hand_eye_calibration_load__description.c
[1.624s] -- Up-to-date: /root/ros_ws/install/zivid_interfaces/include/zivid_interfaces/zivid_interfaces/srv/detail/capture_assistant_suggest_settings__struct.h
[1.628s] -- Up-to-date: /root/ros_ws/install/zivid_interfaces/include/zivid_interfaces/zivid_interfaces/srv/detail/camera_info_serial_number__functions.c
[1.628s] -- Installing: /root/ros_ws/install/zivid_interfaces/include/zivid_interfaces/zivid_interfaces/srv/detail/capture_and_detect_markers__type_support.c
[1.652s] -- Up-to-date: /root/ros_ws/install/zivid_interfaces/include/zivid_interfaces/zivid_interfaces/srv/detail/is_connected__type_support.h
[1.652s] -- Installing: /root/ros_ws/install/zivid_interfaces/include/zivid_interfaces/zivid_interfaces/srv/detail/infield_correction_capture__type_support.c
[1.653s] -- Up-to-date: /root/ros_ws/install/zivid_interfaces/include/zivid_interfaces/zivid_interfaces/srv/detail/capture_assistant_suggest_settings__functions.c
[1.653s] -- Up-to-date: /root/ros_ws/install/zivid_interfaces/include/zivid_interfaces/zivid_interfaces/srv/detail/infield_correction_compute__description.c
[1.653s] -- Up-to-date: /root/ros_ws/install/zivid_interfaces/include/zivid_interfaces/zivid_interfaces/srv/detail/capture_and_detect_calibration_board__type_support.h
[1.654s] -- Up-to-date: /root/ros_ws/install/zivid_interfaces/include/zivid_interfaces/zivid_interfaces/srv/detail/capture_and_detect_markers__functions.c
[1.654s] -- Up-to-date: /root/ros_ws/install/zivid_interfaces/include/zivid_interfaces/zivid_interfaces/srv/detail/infield_correction_capture__type_support.h
[1.659s] -- Up-to-date: /root/ros_ws/install/zivid_interfaces/include/zivid_interfaces/zivid_interfaces/srv/detail/infield_correction_read__functions.h
[1.661s] -- Up-to-date: /root/ros_ws/install/zivid_interfaces/include/zivid_interfaces/zivid_interfaces/srv/detail/capture_and_save__type_support.h
[1.661s] -- Up-to-date: /root/ros_ws/install/zivid_interfaces/include/zivid_interfaces/zivid_interfaces/srv/detail/infield_correction_compute__functions.h
[1.661s] -- Up-to-date: /root/ros_ws/install/zivid_interfaces/include/zivid_interfaces/zivid_interfaces/srv/detail/capture_and_detect_markers__functions.h
[1.662s] -- Up-to-date: /root/ros_ws/install/zivid_interfaces/include/zivid_interfaces/zivid_interfaces/srv/detail/infield_correction_compute__struct.h
[1.662s] -- Up-to-date: /root/ros_ws/install/zivid_interfaces/include/zivid_interfaces/zivid_interfaces/srv/detail/capture_and_detect_markers__type_support.h
[1.662s] -- Up-to-date: /root/ros_ws/install/zivid_interfaces/include/zivid_interfaces/zivid_interfaces/srv/detail/capture_and_detect_calibration_board__description.c
[1.663s] -- Up-to-date: /root/ros_ws/install/zivid_interfaces/include/zivid_interfaces/zivid_interfaces/srv/capture_and_save.h
[1.663s] -- Up-to-date: /root/ros_ws/install/zivid_interfaces/include/zivid_interfaces/zivid_interfaces/srv/is_connected.h
[1.664s] -- Up-to-date: /root/ros_ws/install/zivid_interfaces/share/zivid_interfaces/environment/library_path.sh
[1.665s] -- Up-to-date: /root/ros_ws/install/zivid_interfaces/share/zivid_interfaces/environment/library_path.dsv
[1.674s] -- Up-to-date: /root/ros_ws/install/zivid_interfaces/lib/libzivid_interfaces__rosidl_generator_c.so
[1.676s] -- Up-to-date: /root/ros_ws/install/zivid_interfaces/include/zivid_interfaces/zivid_interfaces
[1.676s] -- Up-to-date: /root/ros_ws/install/zivid_interfaces/include/zivid_interfaces/zivid_interfaces/msg
[1.677s] -- Up-to-date: /root/ros_ws/install/zivid_interfaces/include/zivid_interfaces/zivid_interfaces/msg/rosidl_typesupport_fastrtps_c__visibility_control.h
[1.677s] -- Up-to-date: /root/ros_ws/install/zivid_interfaces/include/zivid_interfaces/zivid_interfaces/msg/detail
[1.679s] -- Up-to-date: /root/ros_ws/install/zivid_interfaces/include/zivid_interfaces/zivid_interfaces/msg/detail/fixed_placement_of_calibration_objects__rosidl_typesupport_fastrtps_c.h
[1.679s] -- Up-to-date: /root/ros_ws/install/zivid_interfaces/include/zivid_interfaces/zivid_interfaces/msg/detail/fixed_placement_of_calibration_board__rosidl_typesupport_fastrtps_c.h
[1.679s] -- Up-to-date: /root/ros_ws/install/zivid_interfaces/include/zivid_interfaces/zivid_interfaces/msg/detail/detection_result_calibration_board__rosidl_typesupport_fastrtps_c.h
[1.679s] -- Up-to-date: /root/ros_ws/install/zivid_interfaces/include/zivid_interfaces/zivid_interfaces/msg/detail/hand_eye_calibration_residual__rosidl_typesupport_fastrtps_c.h
[1.680s] -- Up-to-date: /root/ros_ws/install/zivid_interfaces/include/zivid_interfaces/zivid_interfaces/msg/detail/marker_shape__rosidl_typesupport_fastrtps_c.h
[1.680s] -- Up-to-date: /root/ros_ws/install/zivid_interfaces/include/zivid_interfaces/zivid_interfaces/msg/detail/hand_eye_calibration_objects__rosidl_typesupport_fastrtps_c.h
[1.680s] -- Up-to-date: /root/ros_ws/install/zivid_interfaces/include/zivid_interfaces/zivid_interfaces/msg/detail/fixed_placement_of_fiducial_marker__rosidl_typesupport_fastrtps_c.h
[1.680s] -- Up-to-date: /root/ros_ws/install/zivid_interfaces/include/zivid_interfaces/zivid_interfaces/msg/detail/detection_result_fiducial_markers__rosidl_typesupport_fastrtps_c.h
[1.680s] -- Up-to-date: /root/ros_ws/install/zivid_interfaces/include/zivid_interfaces/zivid_interfaces/srv
[1.681s] -- Up-to-date: /root/ros_ws/install/zivid_interfaces/include/zivid_interfaces/zivid_interfaces/srv/detail
[1.681s] -- Up-to-date: /root/ros_ws/install/zivid_interfaces/include/zivid_interfaces/zivid_interfaces/srv/detail/camera_info_serial_number__rosidl_typesupport_fastrtps_c.h
[1.681s] -- Up-to-date: /root/ros_ws/install/zivid_interfaces/include/zivid_interfaces/zivid_interfaces/srv/detail/capture_and_detect_markers__rosidl_typesupport_fastrtps_c.h
[1.681s] -- Up-to-date: /root/ros_ws/install/zivid_interfaces/include/zivid_interfaces/zivid_interfaces/srv/detail/hand_eye_calibration_calibrate__rosidl_typesupport_fastrtps_c.h
[1.682s] -- Up-to-date: /root/ros_ws/install/zivid_interfaces/include/zivid_interfaces/zivid_interfaces/srv/detail/hand_eye_calibration_load__rosidl_typesupport_fastrtps_c.h
[1.683s] -- Up-to-date: /root/ros_ws/install/zivid_interfaces/include/zivid_interfaces/zivid_interfaces/srv/detail/capture_assistant_suggest_settings__rosidl_typesupport_fastrtps_c.h
[1.683s] -- Up-to-date: /root/ros_ws/install/zivid_interfaces/include/zivid_interfaces/zivid_interfaces/srv/detail/hand_eye_calibration_start__rosidl_typesupport_fastrtps_c.h
[1.683s] -- Up-to-date: /root/ros_ws/install/zivid_interfaces/include/zivid_interfaces/zivid_interfaces/srv/detail/infield_correction_compute__rosidl_typesupport_fastrtps_c.h
[1.683s] -- Up-to-date: /root/ros_ws/install/zivid_interfaces/include/zivid_interfaces/zivid_interfaces/srv/detail/hand_eye_calibration_capture__rosidl_typesupport_fastrtps_c.h
[1.683s] -- Up-to-date: /root/ros_ws/install/zivid_interfaces/include/zivid_interfaces/zivid_interfaces/srv/detail/is_connected__rosidl_typesupport_fastrtps_c.h
[1.684s] -- Up-to-date: /root/ros_ws/install/zivid_interfaces/include/zivid_interfaces/zivid_interfaces/srv/detail/capture_and_save__rosidl_typesupport_fastrtps_c.h
[1.684s] -- Up-to-date: /root/ros_ws/install/zivid_interfaces/include/zivid_interfaces/zivid_interfaces/srv/detail/infield_correction_capture__rosidl_typesupport_fastrtps_c.h
[1.684s] -- Up-to-date: /root/ros_ws/install/zivid_interfaces/include/zivid_interfaces/zivid_interfaces/srv/detail/capture_and_detect_calibration_board__rosidl_typesupport_fastrtps_c.h
[1.684s] -- Up-to-date: /root/ros_ws/install/zivid_interfaces/include/zivid_interfaces/zivid_interfaces/srv/detail/infield_correction_read__rosidl_typesupport_fastrtps_c.h
[1.684s] -- Up-to-date: /root/ros_ws/install/zivid_interfaces/include/zivid_interfaces/zivid_interfaces/srv/detail/camera_info_model_name__rosidl_typesupport_fastrtps_c.h
[1.687s] -- Up-to-date: /root/ros_ws/install/zivid_interfaces/lib/libzivid_interfaces__rosidl_typesupport_fastrtps_c.so
[1.689s] -- Up-to-date: /root/ros_ws/install/zivid_interfaces/include/zivid_interfaces/zivid_interfaces
[1.689s] -- Up-to-date: /root/ros_ws/install/zivid_interfaces/include/zivid_interfaces/zivid_interfaces/msg
[1.690s] -- Up-to-date: /root/ros_ws/install/zivid_interfaces/include/zivid_interfaces/zivid_interfaces/msg/detection_result_calibration_board.hpp
[1.690s] -- Up-to-date: /root/ros_ws/install/zivid_interfaces/include/zivid_interfaces/zivid_interfaces/msg/detection_result_fiducial_markers.hpp
[1.691s] -- Up-to-date: /root/ros_ws/install/zivid_interfaces/include/zivid_interfaces/zivid_interfaces/msg/fixed_placement_of_calibration_board.hpp
[1.691s] -- Up-to-date: /root/ros_ws/install/zivid_interfaces/include/zivid_interfaces/zivid_interfaces/msg/rosidl_generator_cpp__visibility_control.hpp
[1.692s] -- Up-to-date: /root/ros_ws/install/zivid_interfaces/include/zivid_interfaces/zivid_interfaces/msg/marker_shape.hpp
[1.693s] -- Up-to-date: /root/ros_ws/install/zivid_interfaces/include/zivid_interfaces/zivid_interfaces/msg/fixed_placement_of_calibration_objects.hpp
[1.693s] -- Up-to-date: /root/ros_ws/install/zivid_interfaces/include/zivid_interfaces/zivid_interfaces/msg/fixed_placement_of_fiducial_marker.hpp
[1.693s] -- Up-to-date: /root/ros_ws/install/zivid_interfaces/include/zivid_interfaces/zivid_interfaces/msg/hand_eye_calibration_objects.hpp
[1.693s] -- Up-to-date: /root/ros_ws/install/zivid_interfaces/include/zivid_interfaces/zivid_interfaces/msg/detail
[1.694s] -- Up-to-date: /root/ros_ws/install/zivid_interfaces/include/zivid_interfaces/zivid_interfaces/msg/detail/fixed_placement_of_fiducial_marker__struct.hpp
[1.695s] -- Up-to-date: /root/ros_ws/install/zivid_interfaces/include/zivid_interfaces/zivid_interfaces/msg/detail/fixed_placement_of_calibration_board__struct.hpp
[1.695s] -- Up-to-date: /root/ros_ws/install/zivid_interfaces/include/zivid_interfaces/zivid_interfaces/msg/detail/fixed_placement_of_calibration_board__traits.hpp
[1.695s] -- Up-to-date: /root/ros_ws/install/zivid_interfaces/include/zivid_interfaces/zivid_interfaces/msg/detail/fixed_placement_of_fiducial_marker__builder.hpp
[1.696s] -- Up-to-date: /root/ros_ws/install/zivid_interfaces/include/zivid_interfaces/zivid_interfaces/msg/detail/hand_eye_calibration_objects__traits.hpp
[1.696s] -- Up-to-date: /root/ros_ws/install/zivid_interfaces/include/zivid_interfaces/zivid_interfaces/msg/detail/marker_shape__type_support.hpp
[1.696s] -- Up-to-date: /root/ros_ws/install/zivid_interfaces/include/zivid_interfaces/zivid_interfaces/msg/detail/detection_result_fiducial_markers__type_support.hpp
[1.697s] -- Up-to-date: /root/ros_ws/install/zivid_interfaces/include/zivid_interfaces/zivid_interfaces/msg/detail/fixed_placement_of_calibration_objects__builder.hpp
[1.697s] -- Up-to-date: /root/ros_ws/install/zivid_interfaces/include/zivid_interfaces/zivid_interfaces/msg/detail/fixed_placement_of_calibration_objects__struct.hpp
[1.697s] -- Up-to-date: /root/ros_ws/install/zivid_interfaces/include/zivid_interfaces/zivid_interfaces/msg/detail/fixed_placement_of_calibration_board__type_support.hpp
[1.698s] -- Up-to-date: /root/ros_ws/install/zivid_interfaces/include/zivid_interfaces/zivid_interfaces/msg/detail/marker_shape__traits.hpp
[1.698s] -- Up-to-date: /root/ros_ws/install/zivid_interfaces/include/zivid_interfaces/zivid_interfaces/msg/detail/hand_eye_calibration_objects__type_support.hpp
[1.698s] -- Up-to-date: /root/ros_ws/install/zivid_interfaces/include/zivid_interfaces/zivid_interfaces/msg/detail/hand_eye_calibration_objects__builder.hpp
[1.699s] -- Up-to-date: /root/ros_ws/install/zivid_interfaces/include/zivid_interfaces/zivid_interfaces/msg/detail/hand_eye_calibration_residual__struct.hpp
[1.699s] -- Up-to-date: /root/ros_ws/install/zivid_interfaces/include/zivid_interfaces/zivid_interfaces/msg/detail/detection_result_calibration_board__traits.hpp
[1.699s] -- Up-to-date: /root/ros_ws/install/zivid_interfaces/include/zivid_interfaces/zivid_interfaces/msg/detail/hand_eye_calibration_objects__struct.hpp
[1.700s] -- Up-to-date: /root/ros_ws/install/zivid_interfaces/include/zivid_interfaces/zivid_interfaces/msg/detail/marker_shape__builder.hpp
[1.700s] -- Up-to-date: /root/ros_ws/install/zivid_interfaces/include/zivid_interfaces/zivid_interfaces/msg/detail/fixed_placement_of_fiducial_marker__type_support.hpp
[1.700s] -- Up-to-date: /root/ros_ws/install/zivid_interfaces/include/zivid_interfaces/zivid_interfaces/msg/detail/hand_eye_calibration_residual__traits.hpp
[1.700s] -- Up-to-date: /root/ros_ws/install/zivid_interfaces/include/zivid_interfaces/zivid_interfaces/msg/detail/fixed_placement_of_calibration_objects__type_support.hpp
[1.701s] -- Up-to-date: /root/ros_ws/install/zivid_interfaces/include/zivid_interfaces/zivid_interfaces/msg/detail/fixed_placement_of_calibration_objects__traits.hpp
[1.701s] -- Up-to-date: /root/ros_ws/install/zivid_interfaces/include/zivid_interfaces/zivid_interfaces/msg/detail/detection_result_fiducial_markers__struct.hpp
[1.701s] -- Up-to-date: /root/ros_ws/install/zivid_interfaces/include/zivid_interfaces/zivid_interfaces/msg/detail/detection_result_fiducial_markers__traits.hpp
[1.701s] -- Up-to-date: /root/ros_ws/install/zivid_interfaces/include/zivid_interfaces/zivid_interfaces/msg/detail/marker_shape__struct.hpp
[1.701s] -- Up-to-date: /root/ros_ws/install/zivid_interfaces/include/zivid_interfaces/zivid_interfaces/msg/detail/hand_eye_calibration_residual__builder.hpp
[1.702s] -- Up-to-date: /root/ros_ws/install/zivid_interfaces/include/zivid_interfaces/zivid_interfaces/msg/detail/fixed_placement_of_calibration_board__builder.hpp
[1.702s] -- Up-to-date: /root/ros_ws/install/zivid_interfaces/include/zivid_interfaces/zivid_interfaces/msg/detail/detection_result_calibration_board__type_support.hpp
[1.702s] -- Up-to-date: /root/ros_ws/install/zivid_interfaces/include/zivid_interfaces/zivid_interfaces/msg/detail/hand_eye_calibration_residual__type_support.hpp
[1.702s] -- Up-to-date: /root/ros_ws/install/zivid_interfaces/include/zivid_interfaces/zivid_interfaces/msg/detail/detection_result_fiducial_markers__builder.hpp
[1.702s] -- Up-to-date: /root/ros_ws/install/zivid_interfaces/include/zivid_interfaces/zivid_interfaces/msg/detail/detection_result_calibration_board__struct.hpp
[1.702s] -- Up-to-date: /root/ros_ws/install/zivid_interfaces/include/zivid_interfaces/zivid_interfaces/msg/detail/fixed_placement_of_fiducial_marker__traits.hpp
[1.703s] -- Up-to-date: /root/ros_ws/install/zivid_interfaces/include/zivid_interfaces/zivid_interfaces/msg/detail/detection_result_calibration_board__builder.hpp
[1.703s] -- Up-to-date: /root/ros_ws/install/zivid_interfaces/include/zivid_interfaces/zivid_interfaces/msg/hand_eye_calibration_residual.hpp
[1.703s] -- Up-to-date: /root/ros_ws/install/zivid_interfaces/include/zivid_interfaces/zivid_interfaces/srv
[1.705s] -- Up-to-date: /root/ros_ws/install/zivid_interfaces/include/zivid_interfaces/zivid_interfaces/srv/capture_and_save.hpp
[1.706s] -- Up-to-date: /root/ros_ws/install/zivid_interfaces/include/zivid_interfaces/zivid_interfaces/srv/capture_assistant_suggest_settings.hpp
[1.706s] -- Up-to-date: /root/ros_ws/install/zivid_interfaces/include/zivid_interfaces/zivid_interfaces/srv/infield_correction_read.hpp
[1.707s] -- Up-to-date: /root/ros_ws/install/zivid_interfaces/include/zivid_interfaces/zivid_interfaces/srv/hand_eye_calibration_load.hpp
[1.709s] -- Up-to-date: /root/ros_ws/install/zivid_interfaces/include/zivid_interfaces/zivid_interfaces/srv/camera_info_serial_number.hpp
[1.709s] -- Up-to-date: /root/ros_ws/install/zivid_interfaces/include/zivid_interfaces/zivid_interfaces/srv/capture_and_detect_markers.hpp
[1.709s] -- Up-to-date: /root/ros_ws/install/zivid_interfaces/include/zivid_interfaces/zivid_interfaces/srv/hand_eye_calibration_start.hpp
[1.710s] -- Up-to-date: /root/ros_ws/install/zivid_interfaces/include/zivid_interfaces/zivid_interfaces/srv/camera_info_model_name.hpp
[1.710s] -- Up-to-date: /root/ros_ws/install/zivid_interfaces/include/zivid_interfaces/zivid_interfaces/srv/infield_correction_compute.hpp
[1.710s] -- Up-to-date: /root/ros_ws/install/zivid_interfaces/include/zivid_interfaces/zivid_interfaces/srv/capture_and_detect_calibration_board.hpp
[1.711s] -- Up-to-date: /root/ros_ws/install/zivid_interfaces/include/zivid_interfaces/zivid_interfaces/srv/infield_correction_capture.hpp
[1.712s] -- Up-to-date: /root/ros_ws/install/zivid_interfaces/include/zivid_interfaces/zivid_interfaces/srv/hand_eye_calibration_calibrate.hpp
[1.712s] -- Up-to-date: /root/ros_ws/install/zivid_interfaces/include/zivid_interfaces/zivid_interfaces/srv/hand_eye_calibration_capture.hpp
[1.712s] -- Up-to-date: /root/ros_ws/install/zivid_interfaces/include/zivid_interfaces/zivid_interfaces/srv/detail
[1.712s] -- Up-to-date: /root/ros_ws/install/zivid_interfaces/include/zivid_interfaces/zivid_interfaces/srv/detail/hand_eye_calibration_start__type_support.hpp
[1.713s] -- Up-to-date: /root/ros_ws/install/zivid_interfaces/include/zivid_interfaces/zivid_interfaces/srv/detail/capture_assistant_suggest_settings__struct.hpp
[1.713s] -- Up-to-date: /root/ros_ws/install/zivid_interfaces/include/zivid_interfaces/zivid_interfaces/srv/detail/infield_correction_compute__type_support.hpp
[1.713s] -- Up-to-date: /root/ros_ws/install/zivid_interfaces/include/zivid_interfaces/zivid_interfaces/srv/detail/capture_and_detect_markers__builder.hpp
[1.714s] -- Up-to-date: /root/ros_ws/install/zivid_interfaces/include/zivid_interfaces/zivid_interfaces/srv/detail/is_connected__traits.hpp
[1.714s] -- Up-to-date: /root/ros_ws/install/zivid_interfaces/include/zivid_interfaces/zivid_interfaces/srv/detail/infield_correction_compute__builder.hpp
[1.718s] -- Up-to-date: /root/ros_ws/install/zivid_interfaces/include/zivid_interfaces/zivid_interfaces/srv/detail/hand_eye_calibration_calibrate__type_support.hpp
[1.718s] -- Up-to-date: /root/ros_ws/install/zivid_interfaces/include/zivid_interfaces/zivid_interfaces/srv/detail/infield_correction_read__type_support.hpp
[1.718s] -- Up-to-date: /root/ros_ws/install/zivid_interfaces/include/zivid_interfaces/zivid_interfaces/srv/detail/hand_eye_calibration_start__builder.hpp
[1.722s] -- Up-to-date: /root/ros_ws/install/zivid_interfaces/include/zivid_interfaces/zivid_interfaces/srv/detail/infield_correction_capture__type_support.hpp
[1.723s] -- Up-to-date: /root/ros_ws/install/zivid_interfaces/include/zivid_interfaces/zivid_interfaces/srv/detail/infield_correction_read__builder.hpp
[1.723s] -- Up-to-date: /root/ros_ws/install/zivid_interfaces/include/zivid_interfaces/zivid_interfaces/srv/detail/camera_info_serial_number__struct.hpp
[1.723s] -- Up-to-date: /root/ros_ws/install/zivid_interfaces/include/zivid_interfaces/zivid_interfaces/srv/detail/capture_assistant_suggest_settings__traits.hpp
[1.724s] -- Up-to-date: /root/ros_ws/install/zivid_interfaces/include/zivid_interfaces/zivid_interfaces/srv/detail/capture_and_save__type_support.hpp
[1.724s] -- Up-to-date: /root/ros_ws/install/zivid_interfaces/include/zivid_interfaces/zivid_interfaces/srv/detail/hand_eye_calibration_calibrate__struct.hpp
[1.724s] -- Up-to-date: /root/ros_ws/install/zivid_interfaces/include/zivid_interfaces/zivid_interfaces/srv/detail/capture_and_detect_calibration_board__struct.hpp
[1.725s] -- Up-to-date: /root/ros_ws/install/zivid_interfaces/include/zivid_interfaces/zivid_interfaces/srv/detail/capture_and_save__struct.hpp
[1.725s] -- Up-to-date: /root/ros_ws/install/zivid_interfaces/include/zivid_interfaces/zivid_interfaces/srv/detail/hand_eye_calibration_load__traits.hpp
[1.725s] -- Up-to-date: /root/ros_ws/install/zivid_interfaces/include/zivid_interfaces/zivid_interfaces/srv/detail/infield_correction_compute__struct.hpp
[1.725s] -- Up-to-date: /root/ros_ws/install/zivid_interfaces/include/zivid_interfaces/zivid_interfaces/srv/detail/camera_info_serial_number__builder.hpp
[1.725s] -- Up-to-date: /root/ros_ws/install/zivid_interfaces/include/zivid_interfaces/zivid_interfaces/srv/detail/capture_and_save__traits.hpp
[1.726s] -- Up-to-date: /root/ros_ws/install/zivid_interfaces/include/zivid_interfaces/zivid_interfaces/srv/detail/hand_eye_calibration_load__type_support.hpp
[1.729s] -- Up-to-date: /root/ros_ws/install/zivid_interfaces/include/zivid_interfaces/zivid_interfaces/srv/detail/capture_and_detect_markers__struct.hpp
[1.730s] -- Up-to-date: /root/ros_ws/install/zivid_interfaces/include/zivid_interfaces/zivid_interfaces/srv/detail/capture_and_detect_calibration_board__traits.hpp
[1.730s] -- Up-to-date: /root/ros_ws/install/zivid_interfaces/include/zivid_interfaces/zivid_interfaces/srv/detail/hand_eye_calibration_load__builder.hpp
[1.730s] -- Up-to-date: /root/ros_ws/install/zivid_interfaces/include/zivid_interfaces/zivid_interfaces/srv/detail/hand_eye_calibration_start__traits.hpp
[1.730s] -- Up-to-date: /root/ros_ws/install/zivid_interfaces/include/zivid_interfaces/zivid_interfaces/srv/detail/infield_correction_read__traits.hpp
[1.730s] -- Up-to-date: /root/ros_ws/install/zivid_interfaces/include/zivid_interfaces/zivid_interfaces/srv/detail/camera_info_serial_number__type_support.hpp
[1.731s] -- Up-to-date: /root/ros_ws/install/zivid_interfaces/include/zivid_interfaces/zivid_interfaces/srv/detail/camera_info_model_name__builder.hpp
[1.731s] -- Up-to-date: /root/ros_ws/install/zivid_interfaces/include/zivid_interfaces/zivid_interfaces/srv/detail/infield_correction_capture__struct.hpp
[1.731s] -- Up-to-date: /root/ros_ws/install/zivid_interfaces/include/zivid_interfaces/zivid_interfaces/srv/detail/hand_eye_calibration_capture__struct.hpp
[1.731s] -- Up-to-date: /root/ros_ws/install/zivid_interfaces/include/zivid_interfaces/zivid_interfaces/srv/detail/infield_correction_compute__traits.hpp
[1.731s] -- Up-to-date: /root/ros_ws/install/zivid_interfaces/include/zivid_interfaces/zivid_interfaces/srv/detail/capture_and_detect_markers__type_support.hpp
[1.732s] -- Up-to-date: /root/ros_ws/install/zivid_interfaces/include/zivid_interfaces/zivid_interfaces/srv/detail/hand_eye_calibration_load__struct.hpp
[1.732s] -- Up-to-date: /root/ros_ws/install/zivid_interfaces/include/zivid_interfaces/zivid_interfaces/srv/detail/infield_correction_capture__traits.hpp
[1.733s] -- Up-to-date: /root/ros_ws/install/zivid_interfaces/include/zivid_interfaces/zivid_interfaces/srv/detail/is_connected__type_support.hpp
[1.733s] -- Up-to-date: /root/ros_ws/install/zivid_interfaces/include/zivid_interfaces/zivid_interfaces/srv/detail/capture_assistant_suggest_settings__builder.hpp
[1.733s] -- Up-to-date: /root/ros_ws/install/zivid_interfaces/include/zivid_interfaces/zivid_interfaces/srv/detail/capture_assistant_suggest_settings__type_support.hpp
[1.734s] -- Up-to-date: /root/ros_ws/install/zivid_interfaces/include/zivid_interfaces/zivid_interfaces/srv/detail/capture_and_save__builder.hpp
[1.734s] -- Up-to-date: /root/ros_ws/install/zivid_interfaces/include/zivid_interfaces/zivid_interfaces/srv/detail/camera_info_model_name__type_support.hpp
[1.734s] -- Up-to-date: /root/ros_ws/install/zivid_interfaces/include/zivid_interfaces/zivid_interfaces/srv/detail/hand_eye_calibration_calibrate__builder.hpp
[1.735s] -- Up-to-date: /root/ros_ws/install/zivid_interfaces/include/zivid_interfaces/zivid_interfaces/srv/detail/camera_info_model_name__struct.hpp
[1.735s] -- Up-to-date: /root/ros_ws/install/zivid_interfaces/include/zivid_interfaces/zivid_interfaces/srv/detail/camera_info_model_name__traits.hpp
[1.735s] -- Up-to-date: /root/ros_ws/install/zivid_interfaces/include/zivid_interfaces/zivid_interfaces/srv/detail/is_connected__builder.hpp
[1.736s] -- Up-to-date: /root/ros_ws/install/zivid_interfaces/include/zivid_interfaces/zivid_interfaces/srv/detail/infield_correction_capture__builder.hpp
[1.737s] -- Up-to-date: /root/ros_ws/install/zivid_interfaces/include/zivid_interfaces/zivid_interfaces/srv/detail/hand_eye_calibration_capture__builder.hpp
[1.737s] -- Up-to-date: /root/ros_ws/install/zivid_interfaces/include/zivid_interfaces/zivid_interfaces/srv/detail/hand_eye_calibration_capture__traits.hpp
[1.738s] -- Up-to-date: /root/ros_ws/install/zivid_interfaces/include/zivid_interfaces/zivid_interfaces/srv/detail/camera_info_serial_number__traits.hpp
[1.738s] -- Up-to-date: /root/ros_ws/install/zivid_interfaces/include/zivid_interfaces/zivid_interfaces/srv/detail/is_connected__struct.hpp
[1.739s] -- Up-to-date: /root/ros_ws/install/zivid_interfaces/include/zivid_interfaces/zivid_interfaces/srv/detail/hand_eye_calibration_calibrate__traits.hpp
[1.739s] -- Up-to-date: /root/ros_ws/install/zivid_interfaces/include/zivid_interfaces/zivid_interfaces/srv/detail/capture_and_detect_markers__traits.hpp
[1.739s] -- Up-to-date: /root/ros_ws/install/zivid_interfaces/include/zivid_interfaces/zivid_interfaces/srv/detail/infield_correction_read__struct.hpp
[1.740s] -- Up-to-date: /root/ros_ws/install/zivid_interfaces/include/zivid_interfaces/zivid_interfaces/srv/detail/hand_eye_calibration_capture__type_support.hpp
[1.740s] -- Up-to-date: /root/ros_ws/install/zivid_interfaces/include/zivid_interfaces/zivid_interfaces/srv/detail/capture_and_detect_calibration_board__builder.hpp
[1.740s] -- Up-to-date: /root/ros_ws/install/zivid_interfaces/include/zivid_interfaces/zivid_interfaces/srv/detail/hand_eye_calibration_start__struct.hpp
[1.741s] -- Up-to-date: /root/ros_ws/install/zivid_interfaces/include/zivid_interfaces/zivid_interfaces/srv/detail/capture_and_detect_calibration_board__type_support.hpp
[1.741s] -- Up-to-date: /root/ros_ws/install/zivid_interfaces/include/zivid_interfaces/zivid_interfaces/srv/is_connected.hpp
[1.741s] -- Up-to-date: /root/ros_ws/install/zivid_interfaces/include/zivid_interfaces/zivid_interfaces
[1.742s] -- Up-to-date: /root/ros_ws/install/zivid_interfaces/include/zivid_interfaces/zivid_interfaces/msg
[1.742s] -- Up-to-date: /root/ros_ws/install/zivid_interfaces/include/zivid_interfaces/zivid_interfaces/msg/rosidl_typesupport_fastrtps_cpp__visibility_control.h
[1.742s] -- Up-to-date: /root/ros_ws/install/zivid_interfaces/include/zivid_interfaces/zivid_interfaces/msg/detail
[1.743s] -- Up-to-date: /root/ros_ws/install/zivid_interfaces/include/zivid_interfaces/zivid_interfaces/msg/detail/fixed_placement_of_fiducial_marker__rosidl_typesupport_fastrtps_cpp.hpp
[1.744s] -- Up-to-date: /root/ros_ws/install/zivid_interfaces/include/zivid_interfaces/zivid_interfaces/msg/detail/fixed_placement_of_calibration_objects__rosidl_typesupport_fastrtps_cpp.hpp
[1.744s] -- Up-to-date: /root/ros_ws/install/zivid_interfaces/include/zivid_interfaces/zivid_interfaces/msg/detail/fixed_placement_of_calibration_board__rosidl_typesupport_fastrtps_cpp.hpp
[1.744s] -- Up-to-date: /root/ros_ws/install/zivid_interfaces/include/zivid_interfaces/zivid_interfaces/msg/detail/detection_result_fiducial_markers__rosidl_typesupport_fastrtps_cpp.hpp
[1.744s] -- Up-to-date: /root/ros_ws/install/zivid_interfaces/include/zivid_interfaces/zivid_interfaces/msg/detail/dds_fastrtps
[1.745s] -- Up-to-date: /root/ros_ws/install/zivid_interfaces/include/zivid_interfaces/zivid_interfaces/msg/detail/hand_eye_calibration_objects__rosidl_typesupport_fastrtps_cpp.hpp
[1.745s] -- Up-to-date: /root/ros_ws/install/zivid_interfaces/include/zivid_interfaces/zivid_interfaces/msg/detail/hand_eye_calibration_residual__rosidl_typesupport_fastrtps_cpp.hpp
[1.745s] -- Up-to-date: /root/ros_ws/install/zivid_interfaces/include/zivid_interfaces/zivid_interfaces/msg/detail/marker_shape__rosidl_typesupport_fastrtps_cpp.hpp
[1.745s] -- Up-to-date: /root/ros_ws/install/zivid_interfaces/include/zivid_interfaces/zivid_interfaces/msg/detail/detection_result_calibration_board__rosidl_typesupport_fastrtps_cpp.hpp
[1.746s] -- Up-to-date: /root/ros_ws/install/zivid_interfaces/include/zivid_interfaces/zivid_interfaces/srv
[1.746s] -- Up-to-date: /root/ros_ws/install/zivid_interfaces/include/zivid_interfaces/zivid_interfaces/srv/detail
[1.746s] -- Up-to-date: /root/ros_ws/install/zivid_interfaces/include/zivid_interfaces/zivid_interfaces/srv/detail/capture_and_detect_markers__rosidl_typesupport_fastrtps_cpp.hpp
[1.746s] -- Up-to-date: /root/ros_ws/install/zivid_interfaces/include/zivid_interfaces/zivid_interfaces/srv/detail/hand_eye_calibration_load__rosidl_typesupport_fastrtps_cpp.hpp
[1.747s] -- Up-to-date: /root/ros_ws/install/zivid_interfaces/include/zivid_interfaces/zivid_interfaces/srv/detail/infield_correction_compute__rosidl_typesupport_fastrtps_cpp.hpp
[1.747s] -- Up-to-date: /root/ros_ws/install/zivid_interfaces/include/zivid_interfaces/zivid_interfaces/srv/detail/camera_info_model_name__rosidl_typesupport_fastrtps_cpp.hpp
[1.747s] -- Up-to-date: /root/ros_ws/install/zivid_interfaces/include/zivid_interfaces/zivid_interfaces/srv/detail/is_connected__rosidl_typesupport_fastrtps_cpp.hpp
[1.747s] -- Up-to-date: /root/ros_ws/install/zivid_interfaces/include/zivid_interfaces/zivid_interfaces/srv/detail/capture_and_detect_calibration_board__rosidl_typesupport_fastrtps_cpp.hpp
[1.747s] -- Up-to-date: /root/ros_ws/install/zivid_interfaces/include/zivid_interfaces/zivid_interfaces/srv/detail/dds_fastrtps
[1.748s] -- Up-to-date: /root/ros_ws/install/zivid_interfaces/include/zivid_interfaces/zivid_interfaces/srv/detail/capture_and_save__rosidl_typesupport_fastrtps_cpp.hpp
[1.748s] -- Up-to-date: /root/ros_ws/install/zivid_interfaces/include/zivid_interfaces/zivid_interfaces/srv/detail/capture_assistant_suggest_settings__rosidl_typesupport_fastrtps_cpp.hpp
[1.749s] -- Up-to-date: /root/ros_ws/install/zivid_interfaces/include/zivid_interfaces/zivid_interfaces/srv/detail/infield_correction_capture__rosidl_typesupport_fastrtps_cpp.hpp
[1.749s] -- Up-to-date: /root/ros_ws/install/zivid_interfaces/include/zivid_interfaces/zivid_interfaces/srv/detail/hand_eye_calibration_capture__rosidl_typesupport_fastrtps_cpp.hpp
[1.749s] -- Up-to-date: /root/ros_ws/install/zivid_interfaces/include/zivid_interfaces/zivid_interfaces/srv/detail/hand_eye_calibration_calibrate__rosidl_typesupport_fastrtps_cpp.hpp
[1.750s] -- Up-to-date: /root/ros_ws/install/zivid_interfaces/include/zivid_interfaces/zivid_interfaces/srv/detail/infield_correction_read__rosidl_typesupport_fastrtps_cpp.hpp
[1.750s] -- Up-to-date: /root/ros_ws/install/zivid_interfaces/include/zivid_interfaces/zivid_interfaces/srv/detail/camera_info_serial_number__rosidl_typesupport_fastrtps_cpp.hpp
[1.750s] -- Up-to-date: /root/ros_ws/install/zivid_interfaces/include/zivid_interfaces/zivid_interfaces/srv/detail/hand_eye_calibration_start__rosidl_typesupport_fastrtps_cpp.hpp
[1.750s] -- Up-to-date: /root/ros_ws/install/zivid_interfaces/lib/libzivid_interfaces__rosidl_typesupport_fastrtps_cpp.so
[1.751s] -- Up-to-date: /root/ros_ws/install/zivid_interfaces/include/zivid_interfaces/zivid_interfaces
[1.751s] -- Up-to-date: /root/ros_ws/install/zivid_interfaces/include/zivid_interfaces/zivid_interfaces/msg
[1.751s] -- Up-to-date: /root/ros_ws/install/zivid_interfaces/include/zivid_interfaces/zivid_interfaces/msg/rosidl_typesupport_introspection_c__visibility_control.h
[1.752s] -- Up-to-date: /root/ros_ws/install/zivid_interfaces/include/zivid_interfaces/zivid_interfaces/msg/detail
[1.752s] -- Up-to-date: /root/ros_ws/install/zivid_interfaces/include/zivid_interfaces/zivid_interfaces/msg/detail/detection_result_calibration_board__rosidl_typesupport_introspection_c.h
[1.753s] -- Installing: /root/ros_ws/install/zivid_interfaces/include/zivid_interfaces/zivid_interfaces/msg/detail/detection_result_calibration_board__type_support.c
[1.753s] -- Installing: /root/ros_ws/install/zivid_interfaces/include/zivid_interfaces/zivid_interfaces/msg/detail/fixed_placement_of_fiducial_marker__type_support.c
[1.753s] -- Up-to-date: /root/ros_ws/install/zivid_interfaces/include/zivid_interfaces/zivid_interfaces/msg/detail/fixed_placement_of_calibration_objects__rosidl_typesupport_introspection_c.h
[1.754s] -- Installing: /root/ros_ws/install/zivid_interfaces/include/zivid_interfaces/zivid_interfaces/msg/detail/marker_shape__type_support.c
[1.754s] -- Installing: /root/ros_ws/install/zivid_interfaces/include/zivid_interfaces/zivid_interfaces/msg/detail/hand_eye_calibration_objects__type_support.c
[1.755s] -- Up-to-date: /root/ros_ws/install/zivid_interfaces/include/zivid_interfaces/zivid_interfaces/msg/detail/hand_eye_calibration_residual__rosidl_typesupport_introspection_c.h
[1.755s] -- Installing: /root/ros_ws/install/zivid_interfaces/include/zivid_interfaces/zivid_interfaces/msg/detail/fixed_placement_of_calibration_board__type_support.c
[1.756s] -- Up-to-date: /root/ros_ws/install/zivid_interfaces/include/zivid_interfaces/zivid_interfaces/msg/detail/marker_shape__rosidl_typesupport_introspection_c.h
[1.756s] -- Installing: /root/ros_ws/install/zivid_interfaces/include/zivid_interfaces/zivid_interfaces/msg/detail/detection_result_fiducial_markers__type_support.c
[1.757s] -- Installing: /root/ros_ws/install/zivid_interfaces/include/zivid_interfaces/zivid_interfaces/msg/detail/hand_eye_calibration_residual__type_support.c
[1.757s] -- Installing: /root/ros_ws/install/zivid_interfaces/include/zivid_interfaces/zivid_interfaces/msg/detail/fixed_placement_of_calibration_objects__type_support.c
[1.758s] -- Up-to-date: /root/ros_ws/install/zivid_interfaces/include/zivid_interfaces/zivid_interfaces/msg/detail/fixed_placement_of_calibration_board__rosidl_typesupport_introspection_c.h
[1.758s] -- Up-to-date: /root/ros_ws/install/zivid_interfaces/include/zivid_interfaces/zivid_interfaces/msg/detail/fixed_placement_of_fiducial_marker__rosidl_typesupport_introspection_c.h
[1.759s] -- Up-to-date: /root/ros_ws/install/zivid_interfaces/include/zivid_interfaces/zivid_interfaces/msg/detail/detection_result_fiducial_markers__rosidl_typesupport_introspection_c.h
[1.759s] -- Up-to-date: /root/ros_ws/install/zivid_interfaces/include/zivid_interfaces/zivid_interfaces/msg/detail/hand_eye_calibration_objects__rosidl_typesupport_introspection_c.h
[1.759s] -- Up-to-date: /root/ros_ws/install/zivid_interfaces/include/zivid_interfaces/zivid_interfaces/srv
[1.760s] -- Up-to-date: /root/ros_ws/install/zivid_interfaces/include/zivid_interfaces/zivid_interfaces/srv/detail
[1.760s] -- Up-to-date: /root/ros_ws/install/zivid_interfaces/include/zivid_interfaces/zivid_interfaces/srv/detail/hand_eye_calibration_start__rosidl_typesupport_introspection_c.h
[1.760s] -- Installing: /root/ros_ws/install/zivid_interfaces/include/zivid_interfaces/zivid_interfaces/srv/detail/infield_correction_read__type_support.c
[1.761s] -- Up-to-date: /root/ros_ws/install/zivid_interfaces/include/zivid_interfaces/zivid_interfaces/srv/detail/hand_eye_calibration_capture__rosidl_typesupport_introspection_c.h
[1.761s] -- Installing: /root/ros_ws/install/zivid_interfaces/include/zivid_interfaces/zivid_interfaces/srv/detail/capture_assistant_suggest_settings__type_support.c
[1.761s] -- Installing: /root/ros_ws/install/zivid_interfaces/include/zivid_interfaces/zivid_interfaces/srv/detail/camera_info_model_name__type_support.c
[1.762s] -- Installing: /root/ros_ws/install/zivid_interfaces/include/zivid_interfaces/zivid_interfaces/srv/detail/is_connected__type_support.c
[1.762s] -- Installing: /root/ros_ws/install/zivid_interfaces/include/zivid_interfaces/zivid_interfaces/srv/detail/capture_and_detect_calibration_board__type_support.c
[1.762s] -- Up-to-date: /root/ros_ws/install/zivid_interfaces/include/zivid_interfaces/zivid_interfaces/srv/detail/hand_eye_calibration_calibrate__rosidl_typesupport_introspection_c.h
[1.763s] -- Installing: /root/ros_ws/install/zivid_interfaces/include/zivid_interfaces/zivid_interfaces/srv/detail/infield_correction_compute__type_support.c
[1.763s] -- Up-to-date: /root/ros_ws/install/zivid_interfaces/include/zivid_interfaces/zivid_interfaces/srv/detail/infield_correction_read__rosidl_typesupport_introspection_c.h
[1.763s] -- Installing: /root/ros_ws/install/zivid_interfaces/include/zivid_interfaces/zivid_interfaces/srv/detail/hand_eye_calibration_calibrate__type_support.c
[1.764s] -- Up-to-date: /root/ros_ws/install/zivid_interfaces/include/zivid_interfaces/zivid_interfaces/srv/detail/camera_info_model_name__rosidl_typesupport_introspection_c.h
[1.764s] -- Up-to-date: /root/ros_ws/install/zivid_interfaces/include/zivid_interfaces/zivid_interfaces/srv/detail/infield_correction_compute__rosidl_typesupport_introspection_c.h
[1.764s] -- Installing: /root/ros_ws/install/zivid_interfaces/include/zivid_interfaces/zivid_interfaces/srv/detail/capture_and_save__type_support.c
[1.764s] -- Up-to-date: /root/ros_ws/install/zivid_interfaces/include/zivid_interfaces/zivid_interfaces/srv/detail/hand_eye_calibration_load__rosidl_typesupport_introspection_c.h
[1.765s] -- Installing: /root/ros_ws/install/zivid_interfaces/include/zivid_interfaces/zivid_interfaces/srv/detail/hand_eye_calibration_start__type_support.c
[1.766s] -- Up-to-date: /root/ros_ws/install/zivid_interfaces/include/zivid_interfaces/zivid_interfaces/srv/detail/capture_and_save__rosidl_typesupport_introspection_c.h
[1.766s] -- Installing: /root/ros_ws/install/zivid_interfaces/include/zivid_interfaces/zivid_interfaces/srv/detail/hand_eye_calibration_capture__type_support.c
[1.766s] -- Up-to-date: /root/ros_ws/install/zivid_interfaces/include/zivid_interfaces/zivid_interfaces/srv/detail/capture_and_detect_calibration_board__rosidl_typesupport_introspection_c.h
[1.766s] -- Up-to-date: /root/ros_ws/install/zivid_interfaces/include/zivid_interfaces/zivid_interfaces/srv/detail/capture_assistant_suggest_settings__rosidl_typesupport_introspection_c.h
[1.767s] -- Installing: /root/ros_ws/install/zivid_interfaces/include/zivid_interfaces/zivid_interfaces/srv/detail/hand_eye_calibration_load__type_support.c
[1.767s] -- Installing: /root/ros_ws/install/zivid_interfaces/include/zivid_interfaces/zivid_interfaces/srv/detail/camera_info_serial_number__type_support.c
[1.767s] -- Up-to-date: /root/ros_ws/install/zivid_interfaces/include/zivid_interfaces/zivid_interfaces/srv/detail/capture_and_detect_markers__rosidl_typesupport_introspection_c.h
[1.767s] -- Installing: /root/ros_ws/install/zivid_interfaces/include/zivid_interfaces/zivid_interfaces/srv/detail/capture_and_detect_markers__type_support.c
[1.768s] -- Installing: /root/ros_ws/install/zivid_interfaces/include/zivid_interfaces/zivid_interfaces/srv/detail/infield_correction_capture__type_support.c
[1.768s] -- Up-to-date: /root/ros_ws/install/zivid_interfaces/include/zivid_interfaces/zivid_interfaces/srv/detail/camera_info_serial_number__rosidl_typesupport_introspection_c.h
[1.768s] -- Up-to-date: /root/ros_ws/install/zivid_interfaces/include/zivid_interfaces/zivid_interfaces/srv/detail/is_connected__rosidl_typesupport_introspection_c.h
[1.768s] -- Up-to-date: /root/ros_ws/install/zivid_interfaces/include/zivid_interfaces/zivid_interfaces/srv/detail/infield_correction_capture__rosidl_typesupport_introspection_c.h
[1.769s] -- Up-to-date: /root/ros_ws/install/zivid_interfaces/lib/libzivid_interfaces__rosidl_typesupport_introspection_c.so
[1.769s] -- Up-to-date: /root/ros_ws/install/zivid_interfaces/lib/libzivid_interfaces__rosidl_typesupport_c.so
[1.769s] -- Up-to-date: /root/ros_ws/install/zivid_interfaces/include/zivid_interfaces/zivid_interfaces
[1.769s] -- Up-to-date: /root/ros_ws/install/zivid_interfaces/include/zivid_interfaces/zivid_interfaces/msg
[1.770s] -- Up-to-date: /root/ros_ws/install/zivid_interfaces/include/zivid_interfaces/zivid_interfaces/msg/detail
[1.770s] -- Up-to-date: /root/ros_ws/install/zivid_interfaces/include/zivid_interfaces/zivid_interfaces/msg/detail/detection_result_fiducial_markers__rosidl_typesupport_introspection_cpp.hpp
[1.771s] -- Up-to-date: /root/ros_ws/install/zivid_interfaces/include/zivid_interfaces/zivid_interfaces/msg/detail/fixed_placement_of_calibration_objects__type_support.cpp
[1.771s] -- Up-to-date: /root/ros_ws/install/zivid_interfaces/include/zivid_interfaces/zivid_interfaces/msg/detail/fixed_placement_of_calibration_board__rosidl_typesupport_introspection_cpp.hpp
[1.771s] -- Up-to-date: /root/ros_ws/install/zivid_interfaces/include/zivid_interfaces/zivid_interfaces/msg/detail/fixed_placement_of_calibration_board__type_support.cpp
[1.772s] -- Up-to-date: /root/ros_ws/install/zivid_interfaces/include/zivid_interfaces/zivid_interfaces/msg/detail/fixed_placement_of_fiducial_marker__type_support.cpp
[1.772s] -- Up-to-date: /root/ros_ws/install/zivid_interfaces/include/zivid_interfaces/zivid_interfaces/msg/detail/fixed_placement_of_fiducial_marker__rosidl_typesupport_introspection_cpp.hpp
[1.772s] -- Up-to-date: /root/ros_ws/install/zivid_interfaces/include/zivid_interfaces/zivid_interfaces/msg/detail/detection_result_calibration_board__type_support.cpp
[1.773s] -- Up-to-date: /root/ros_ws/install/zivid_interfaces/include/zivid_interfaces/zivid_interfaces/msg/detail/hand_eye_calibration_objects__type_support.cpp
[1.773s] -- Up-to-date: /root/ros_ws/install/zivid_interfaces/include/zivid_interfaces/zivid_interfaces/msg/detail/fixed_placement_of_calibration_objects__rosidl_typesupport_introspection_cpp.hpp
[1.773s] -- Up-to-date: /root/ros_ws/install/zivid_interfaces/include/zivid_interfaces/zivid_interfaces/msg/detail/detection_result_calibration_board__rosidl_typesupport_introspection_cpp.hpp
[1.774s] -- Up-to-date: /root/ros_ws/install/zivid_interfaces/include/zivid_interfaces/zivid_interfaces/msg/detail/hand_eye_calibration_residual__rosidl_typesupport_introspection_cpp.hpp
[1.774s] -- Up-to-date: /root/ros_ws/install/zivid_interfaces/include/zivid_interfaces/zivid_interfaces/msg/detail/hand_eye_calibration_objects__rosidl_typesupport_introspection_cpp.hpp
[1.775s] -- Up-to-date: /root/ros_ws/install/zivid_interfaces/include/zivid_interfaces/zivid_interfaces/msg/detail/marker_shape__rosidl_typesupport_introspection_cpp.hpp
[1.775s] -- Up-to-date: /root/ros_ws/install/zivid_interfaces/include/zivid_interfaces/zivid_interfaces/msg/detail/detection_result_fiducial_markers__type_support.cpp
[1.775s] -- Up-to-date: /root/ros_ws/install/zivid_interfaces/include/zivid_interfaces/zivid_interfaces/msg/detail/marker_shape__type_support.cpp
[1.776s] -- Up-to-date: /root/ros_ws/install/zivid_interfaces/include/zivid_interfaces/zivid_interfaces/msg/detail/hand_eye_calibration_residual__type_support.cpp
[1.776s] -- Up-to-date: /root/ros_ws/install/zivid_interfaces/include/zivid_interfaces/zivid_interfaces/srv
[1.776s] -- Up-to-date: /root/ros_ws/install/zivid_interfaces/include/zivid_interfaces/zivid_interfaces/srv/detail
[1.776s] -- Up-to-date: /root/ros_ws/install/zivid_interfaces/include/zivid_interfaces/zivid_interfaces/srv/detail/camera_info_serial_number__rosidl_typesupport_introspection_cpp.hpp
[1.777s] -- Up-to-date: /root/ros_ws/install/zivid_interfaces/include/zivid_interfaces/zivid_interfaces/srv/detail/capture_and_detect_calibration_board__type_support.cpp
[1.777s] -- Up-to-date: /root/ros_ws/install/zivid_interfaces/include/zivid_interfaces/zivid_interfaces/srv/detail/hand_eye_calibration_start__rosidl_typesupport_introspection_cpp.hpp
[1.777s] -- Up-to-date: /root/ros_ws/install/zivid_interfaces/include/zivid_interfaces/zivid_interfaces/srv/detail/hand_eye_calibration_capture__rosidl_typesupport_introspection_cpp.hpp
[1.778s] -- Up-to-date: /root/ros_ws/install/zivid_interfaces/include/zivid_interfaces/zivid_interfaces/srv/detail/capture_and_save__type_support.cpp
[1.778s] -- Up-to-date: /root/ros_ws/install/zivid_interfaces/include/zivid_interfaces/zivid_interfaces/srv/detail/hand_eye_calibration_load__rosidl_typesupport_introspection_cpp.hpp
[1.779s] -- Up-to-date: /root/ros_ws/install/zivid_interfaces/include/zivid_interfaces/zivid_interfaces/srv/detail/hand_eye_calibration_start__type_support.cpp
[1.779s] -- Up-to-date: /root/ros_ws/install/zivid_interfaces/include/zivid_interfaces/zivid_interfaces/srv/detail/infield_correction_compute__rosidl_typesupport_introspection_cpp.hpp
[1.780s] -- Up-to-date: /root/ros_ws/install/zivid_interfaces/include/zivid_interfaces/zivid_interfaces/srv/detail/capture_assistant_suggest_settings__rosidl_typesupport_introspection_cpp.hpp
[1.780s] -- Up-to-date: /root/ros_ws/install/zivid_interfaces/include/zivid_interfaces/zivid_interfaces/srv/detail/capture_and_detect_markers__type_support.cpp
[1.780s] -- Up-to-date: /root/ros_ws/install/zivid_interfaces/include/zivid_interfaces/zivid_interfaces/srv/detail/capture_assistant_suggest_settings__type_support.cpp
[1.781s] -- Up-to-date: /root/ros_ws/install/zivid_interfaces/include/zivid_interfaces/zivid_interfaces/srv/detail/infield_correction_capture__rosidl_typesupport_introspection_cpp.hpp
[1.781s] -- Up-to-date: /root/ros_ws/install/zivid_interfaces/include/zivid_interfaces/zivid_interfaces/srv/detail/is_connected__rosidl_typesupport_introspection_cpp.hpp
[1.781s] -- Up-to-date: /root/ros_ws/install/zivid_interfaces/include/zivid_interfaces/zivid_interfaces/srv/detail/hand_eye_calibration_calibrate__rosidl_typesupport_introspection_cpp.hpp
[1.782s] -- Up-to-date: /root/ros_ws/install/zivid_interfaces/include/zivid_interfaces/zivid_interfaces/srv/detail/hand_eye_calibration_load__type_support.cpp
[1.782s] -- Up-to-date: /root/ros_ws/install/zivid_interfaces/include/zivid_interfaces/zivid_interfaces/srv/detail/camera_info_model_name__type_support.cpp
[1.782s] -- Up-to-date: /root/ros_ws/install/zivid_interfaces/include/zivid_interfaces/zivid_interfaces/srv/detail/camera_info_serial_number__type_support.cpp
[1.783s] -- Up-to-date: /root/ros_ws/install/zivid_interfaces/include/zivid_interfaces/zivid_interfaces/srv/detail/infield_correction_read__type_support.cpp
[1.783s] -- Up-to-date: /root/ros_ws/install/zivid_interfaces/include/zivid_interfaces/zivid_interfaces/srv/detail/infield_correction_capture__type_support.cpp
[1.783s] -- Up-to-date: /root/ros_ws/install/zivid_interfaces/include/zivid_interfaces/zivid_interfaces/srv/detail/camera_info_model_name__rosidl_typesupport_introspection_cpp.hpp
[1.783s] -- Up-to-date: /root/ros_ws/install/zivid_interfaces/include/zivid_interfaces/zivid_interfaces/srv/detail/is_connected__type_support.cpp
[1.784s] -- Up-to-date: /root/ros_ws/install/zivid_interfaces/include/zivid_interfaces/zivid_interfaces/srv/detail/hand_eye_calibration_capture__type_support.cpp
[1.784s] -- Up-to-date: /root/ros_ws/install/zivid_interfaces/include/zivid_interfaces/zivid_interfaces/srv/detail/infield_correction_compute__type_support.cpp
[1.784s] -- Up-to-date: /root/ros_ws/install/zivid_interfaces/include/zivid_interfaces/zivid_interfaces/srv/detail/capture_and_detect_calibration_board__rosidl_typesupport_introspection_cpp.hpp
[1.784s] -- Up-to-date: /root/ros_ws/install/zivid_interfaces/include/zivid_interfaces/zivid_interfaces/srv/detail/capture_and_detect_markers__rosidl_typesupport_introspection_cpp.hpp
[1.785s] -- Up-to-date: /root/ros_ws/install/zivid_interfaces/include/zivid_interfaces/zivid_interfaces/srv/detail/hand_eye_calibration_calibrate__type_support.cpp
[1.785s] -- Up-to-date: /root/ros_ws/install/zivid_interfaces/include/zivid_interfaces/zivid_interfaces/srv/detail/infield_correction_read__rosidl_typesupport_introspection_cpp.hpp
[1.786s] -- Up-to-date: /root/ros_ws/install/zivid_interfaces/include/zivid_interfaces/zivid_interfaces/srv/detail/capture_and_save__rosidl_typesupport_introspection_cpp.hpp
[1.786s] -- Up-to-date: /root/ros_ws/install/zivid_interfaces/lib/libzivid_interfaces__rosidl_typesupport_introspection_cpp.so
[1.786s] -- Up-to-date: /root/ros_ws/install/zivid_interfaces/lib/libzivid_interfaces__rosidl_typesupport_cpp.so
[1.786s] -- Up-to-date: /root/ros_ws/install/zivid_interfaces/share/zivid_interfaces/environment/pythonpath.sh
[1.786s] -- Up-to-date: /root/ros_ws/install/zivid_interfaces/share/zivid_interfaces/environment/pythonpath.dsv
[1.787s] -- Up-to-date: /root/ros_ws/install/zivid_interfaces/lib/python3.12/site-packages/zivid_interfaces-3.1.0-py3.12.egg-info
[1.787s] -- Installing: /root/ros_ws/install/zivid_interfaces/lib/python3.12/site-packages/zivid_interfaces-3.1.0-py3.12.egg-info/SOURCES.txt
[1.787s] -- Installing: /root/ros_ws/install/zivid_interfaces/lib/python3.12/site-packages/zivid_interfaces-3.1.0-py3.12.egg-info/PKG-INFO
[1.787s] -- Installing: /root/ros_ws/install/zivid_interfaces/lib/python3.12/site-packages/zivid_interfaces-3.1.0-py3.12.egg-info/top_level.txt
[1.788s] -- Installing: /root/ros_ws/install/zivid_interfaces/lib/python3.12/site-packages/zivid_interfaces-3.1.0-py3.12.egg-info/dependency_links.txt
[1.788s] -- Up-to-date: /root/ros_ws/install/zivid_interfaces/lib/python3.12/site-packages/zivid_interfaces
[1.788s] -- Up-to-date: /root/ros_ws/install/zivid_interfaces/lib/python3.12/site-packages/zivid_interfaces/msg
[1.788s] -- Up-to-date: /root/ros_ws/install/zivid_interfaces/lib/python3.12/site-packages/zivid_interfaces/msg/_fixed_placement_of_fiducial_marker_s.c
[1.788s] -- Up-to-date: /root/ros_ws/install/zivid_interfaces/lib/python3.12/site-packages/zivid_interfaces/msg/_fixed_placement_of_fiducial_marker.py
[1.789s] -- Up-to-date: /root/ros_ws/install/zivid_interfaces/lib/python3.12/site-packages/zivid_interfaces/msg/_hand_eye_calibration_objects_s.c
[1.789s] -- Up-to-date: /root/ros_ws/install/zivid_interfaces/lib/python3.12/site-packages/zivid_interfaces/msg/_fixed_placement_of_calibration_board.py
[1.789s] -- Up-to-date: /root/ros_ws/install/zivid_interfaces/lib/python3.12/site-packages/zivid_interfaces/msg/_marker_shape.py
[1.790s] -- Up-to-date: /root/ros_ws/install/zivid_interfaces/lib/python3.12/site-packages/zivid_interfaces/msg/__init__.py
[1.790s] -- Up-to-date: /root/ros_ws/install/zivid_interfaces/lib/python3.12/site-packages/zivid_interfaces/msg/_hand_eye_calibration_residual_s.c
[1.790s] -- Up-to-date: /root/ros_ws/install/zivid_interfaces/lib/python3.12/site-packages/zivid_interfaces/msg/_fixed_placement_of_calibration_objects_s.c
[1.790s] -- Up-to-date: /root/ros_ws/install/zivid_interfaces/lib/python3.12/site-packages/zivid_interfaces/msg/_fixed_placement_of_calibration_board_s.c
[1.790s] -- Up-to-date: /root/ros_ws/install/zivid_interfaces/lib/python3.12/site-packages/zivid_interfaces/msg/_detection_result_fiducial_markers_s.c
[1.791s] -- Up-to-date: /root/ros_ws/install/zivid_interfaces/lib/python3.12/site-packages/zivid_interfaces/msg/_hand_eye_calibration_residual.py
[1.791s] -- Up-to-date: /root/ros_ws/install/zivid_interfaces/lib/python3.12/site-packages/zivid_interfaces/msg/_detection_result_fiducial_markers.py
[1.791s] -- Up-to-date: /root/ros_ws/install/zivid_interfaces/lib/python3.12/site-packages/zivid_interfaces/msg/_hand_eye_calibration_objects.py
[1.792s] -- Up-to-date: /root/ros_ws/install/zivid_interfaces/lib/python3.12/site-packages/zivid_interfaces/msg/_marker_shape_s.c
[1.792s] -- Up-to-date: /root/ros_ws/install/zivid_interfaces/lib/python3.12/site-packages/zivid_interfaces/msg/_detection_result_calibration_board.py
[1.792s] -- Up-to-date: /root/ros_ws/install/zivid_interfaces/lib/python3.12/site-packages/zivid_interfaces/msg/_detection_result_calibration_board_s.c
[1.793s] -- Up-to-date: /root/ros_ws/install/zivid_interfaces/lib/python3.12/site-packages/zivid_interfaces/msg/_fixed_placement_of_calibration_objects.py
[1.793s] -- Up-to-date: /root/ros_ws/install/zivid_interfaces/lib/python3.12/site-packages/zivid_interfaces/zivid_interfaces_s__rosidl_typesupport_fastrtps_c.so
[1.794s] -- Up-to-date: /root/ros_ws/install/zivid_interfaces/lib/python3.12/site-packages/zivid_interfaces/__init__.py
[1.794s] -- Up-to-date: /root/ros_ws/install/zivid_interfaces/lib/python3.12/site-packages/zivid_interfaces/srv
[1.795s] -- Up-to-date: /root/ros_ws/install/zivid_interfaces/lib/python3.12/site-packages/zivid_interfaces/srv/_hand_eye_calibration_capture.py
[1.795s] -- Up-to-date: /root/ros_ws/install/zivid_interfaces/lib/python3.12/site-packages/zivid_interfaces/srv/_capture_assistant_suggest_settings.py
[1.796s] -- Up-to-date: /root/ros_ws/install/zivid_interfaces/lib/python3.12/site-packages/zivid_interfaces/srv/_camera_info_model_name_s.c
[1.796s] -- Up-to-date: /root/ros_ws/install/zivid_interfaces/lib/python3.12/site-packages/zivid_interfaces/srv/_is_connected.py
[1.796s] -- Up-to-date: /root/ros_ws/install/zivid_interfaces/lib/python3.12/site-packages/zivid_interfaces/srv/_capture_and_save.py
[1.797s] -- Up-to-date: /root/ros_ws/install/zivid_interfaces/lib/python3.12/site-packages/zivid_interfaces/srv/__init__.py
[1.797s] -- Up-to-date: /root/ros_ws/install/zivid_interfaces/lib/python3.12/site-packages/zivid_interfaces/srv/_infield_correction_capture_s.c
[1.797s] -- Up-to-date: /root/ros_ws/install/zivid_interfaces/lib/python3.12/site-packages/zivid_interfaces/srv/_infield_correction_compute_s.c
[1.798s] -- Up-to-date: /root/ros_ws/install/zivid_interfaces/lib/python3.12/site-packages/zivid_interfaces/srv/_infield_correction_read_s.c
[1.798s] -- Up-to-date: /root/ros_ws/install/zivid_interfaces/lib/python3.12/site-packages/zivid_interfaces/srv/_infield_correction_capture.py
[1.798s] -- Up-to-date: /root/ros_ws/install/zivid_interfaces/lib/python3.12/site-packages/zivid_interfaces/srv/_infield_correction_compute.py
[1.799s] -- Up-to-date: /root/ros_ws/install/zivid_interfaces/lib/python3.12/site-packages/zivid_interfaces/srv/_infield_correction_read.py
[1.799s] -- Up-to-date: /root/ros_ws/install/zivid_interfaces/lib/python3.12/site-packages/zivid_interfaces/srv/_capture_and_save_s.c
[1.800s] -- Up-to-date: /root/ros_ws/install/zivid_interfaces/lib/python3.12/site-packages/zivid_interfaces/srv/_is_connected_s.c
[1.800s] -- Up-to-date: /root/ros_ws/install/zivid_interfaces/lib/python3.12/site-packages/zivid_interfaces/srv/_capture_and_detect_calibration_board.py
[1.800s] -- Up-to-date: /root/ros_ws/install/zivid_interfaces/lib/python3.12/site-packages/zivid_interfaces/srv/_camera_info_model_name.py
[1.800s] -- Up-to-date: /root/ros_ws/install/zivid_interfaces/lib/python3.12/site-packages/zivid_interfaces/srv/_hand_eye_calibration_load_s.c
[1.800s] -- Up-to-date: /root/ros_ws/install/zivid_interfaces/lib/python3.12/site-packages/zivid_interfaces/srv/_camera_info_serial_number.py
[1.801s] -- Up-to-date: /root/ros_ws/install/zivid_interfaces/lib/python3.12/site-packages/zivid_interfaces/srv/_hand_eye_calibration_calibrate_s.c
[1.801s] -- Up-to-date: /root/ros_ws/install/zivid_interfaces/lib/python3.12/site-packages/zivid_interfaces/srv/_capture_and_detect_markers_s.c
[1.801s] -- Up-to-date: /root/ros_ws/install/zivid_interfaces/lib/python3.12/site-packages/zivid_interfaces/srv/_capture_and_detect_markers.py
[1.801s] -- Up-to-date: /root/ros_ws/install/zivid_interfaces/lib/python3.12/site-packages/zivid_interfaces/srv/_hand_eye_calibration_start_s.c
[1.801s] -- Up-to-date: /root/ros_ws/install/zivid_interfaces/lib/python3.12/site-packages/zivid_interfaces/srv/_camera_info_serial_number_s.c
[1.802s] -- Up-to-date: /root/ros_ws/install/zivid_interfaces/lib/python3.12/site-packages/zivid_interfaces/srv/_capture_assistant_suggest_settings_s.c
[1.802s] -- Up-to-date: /root/ros_ws/install/zivid_interfaces/lib/python3.12/site-packages/zivid_interfaces/srv/_hand_eye_calibration_load.py
[1.802s] -- Up-to-date: /root/ros_ws/install/zivid_interfaces/lib/python3.12/site-packages/zivid_interfaces/srv/_hand_eye_calibration_start.py
[1.803s] -- Up-to-date: /root/ros_ws/install/zivid_interfaces/lib/python3.12/site-packages/zivid_interfaces/srv/_hand_eye_calibration_calibrate.py
[1.803s] -- Up-to-date: /root/ros_ws/install/zivid_interfaces/lib/python3.12/site-packages/zivid_interfaces/srv/_capture_and_detect_calibration_board_s.c
[1.803s] -- Up-to-date: /root/ros_ws/install/zivid_interfaces/lib/python3.12/site-packages/zivid_interfaces/srv/_hand_eye_calibration_capture_s.c
[1.803s] -- Up-to-date: /root/ros_ws/install/zivid_interfaces/lib/python3.12/site-packages/zivid_interfaces/zivid_interfaces_s__rosidl_typesupport_c.so
[1.804s] -- Up-to-date: /root/ros_ws/install/zivid_interfaces/lib/python3.12/site-packages/zivid_interfaces/_zivid_interfaces_s.ep.rosidl_typesupport_fastrtps_c.c
[1.804s] -- Up-to-date: /root/ros_ws/install/zivid_interfaces/lib/python3.12/site-packages/zivid_interfaces/_zivid_interfaces_s.ep.rosidl_typesupport_c.c
[1.804s] -- Up-to-date: /root/ros_ws/install/zivid_interfaces/lib/python3.12/site-packages/zivid_interfaces/_zivid_interfaces_s.ep.rosidl_typesupport_introspection_c.c
[1.804s] -- Up-to-date: /root/ros_ws/install/zivid_interfaces/lib/python3.12/site-packages/zivid_interfaces/zivid_interfaces_s__rosidl_typesupport_introspection_c.so
[1.838s] Listing '/root/ros_ws/install/zivid_interfaces/lib/python3.12/site-packages/zivid_interfaces'...
[1.838s] Listing '/root/ros_ws/install/zivid_interfaces/lib/python3.12/site-packages/zivid_interfaces/msg'...
[1.838s] Listing '/root/ros_ws/install/zivid_interfaces/lib/python3.12/site-packages/zivid_interfaces/srv'...
[1.839s] -- Up-to-date: /root/ros_ws/install/zivid_interfaces/lib/python3.12/site-packages/zivid_interfaces/zivid_interfaces_s__rosidl_typesupport_fastrtps_c.so
[1.839s] -- Up-to-date: /root/ros_ws/install/zivid_interfaces/lib/python3.12/site-packages/zivid_interfaces/zivid_interfaces_s__rosidl_typesupport_introspection_c.so
[1.839s] -- Up-to-date: /root/ros_ws/install/zivid_interfaces/lib/python3.12/site-packages/zivid_interfaces/zivid_interfaces_s__rosidl_typesupport_c.so
[1.840s] -- Up-to-date: /root/ros_ws/install/zivid_interfaces/lib/libzivid_interfaces__rosidl_generator_py.so
[1.840s] -- Up-to-date: /root/ros_ws/install/zivid_interfaces/share/zivid_interfaces/msg/DetectionResultCalibrationBoard.idl
[1.840s] -- Up-to-date: /root/ros_ws/install/zivid_interfaces/share/zivid_interfaces/msg/DetectionResultFiducialMarkers.idl
[1.840s] -- Up-to-date: /root/ros_ws/install/zivid_interfaces/share/zivid_interfaces/msg/FixedPlacementOfCalibrationBoard.idl
[1.841s] -- Up-to-date: /root/ros_ws/install/zivid_interfaces/share/zivid_interfaces/msg/FixedPlacementOfCalibrationObjects.idl
[1.841s] -- Up-to-date: /root/ros_ws/install/zivid_interfaces/share/zivid_interfaces/msg/FixedPlacementOfFiducialMarker.idl
[1.841s] -- Up-to-date: /root/ros_ws/install/zivid_interfaces/share/zivid_interfaces/msg/HandEyeCalibrationObjects.idl
[1.842s] -- Up-to-date: /root/ros_ws/install/zivid_interfaces/share/zivid_interfaces/msg/HandEyeCalibrationResidual.idl
[1.842s] -- Up-to-date: /root/ros_ws/install/zivid_interfaces/share/zivid_interfaces/msg/MarkerShape.idl
[1.842s] -- Up-to-date: /root/ros_ws/install/zivid_interfaces/share/zivid_interfaces/srv/CaptureAndDetectCalibrationBoard.idl
[1.842s] -- Up-to-date: /root/ros_ws/install/zivid_interfaces/share/zivid_interfaces/srv/CaptureAndDetectMarkers.idl
[1.842s] -- Up-to-date: /root/ros_ws/install/zivid_interfaces/share/zivid_interfaces/srv/CaptureAndSave.idl
[1.843s] -- Up-to-date: /root/ros_ws/install/zivid_interfaces/share/zivid_interfaces/srv/CaptureAssistantSuggestSettings.idl
[1.843s] -- Up-to-date: /root/ros_ws/install/zivid_interfaces/share/zivid_interfaces/srv/CameraInfoModelName.idl
[1.843s] -- Up-to-date: /root/ros_ws/install/zivid_interfaces/share/zivid_interfaces/srv/CameraInfoSerialNumber.idl
[1.843s] -- Up-to-date: /root/ros_ws/install/zivid_interfaces/share/zivid_interfaces/srv/HandEyeCalibrationCalibrate.idl
[1.843s] -- Up-to-date: /root/ros_ws/install/zivid_interfaces/share/zivid_interfaces/srv/HandEyeCalibrationCapture.idl
[1.844s] -- Up-to-date: /root/ros_ws/install/zivid_interfaces/share/zivid_interfaces/srv/HandEyeCalibrationLoad.idl
[1.844s] -- Up-to-date: /root/ros_ws/install/zivid_interfaces/share/zivid_interfaces/srv/HandEyeCalibrationStart.idl
[1.844s] -- Up-to-date: /root/ros_ws/install/zivid_interfaces/share/zivid_interfaces/srv/InfieldCorrectionCapture.idl
[1.844s] -- Up-to-date: /root/ros_ws/install/zivid_interfaces/share/zivid_interfaces/srv/InfieldCorrectionCompute.idl
[1.844s] -- Up-to-date: /root/ros_ws/install/zivid_interfaces/share/zivid_interfaces/srv/InfieldCorrectionRead.idl
[1.844s] -- Up-to-date: /root/ros_ws/install/zivid_interfaces/share/zivid_interfaces/srv/IsConnected.idl
[1.844s] -- Up-to-date: /root/ros_ws/install/zivid_interfaces/share/zivid_interfaces/msg/DetectionResultCalibrationBoard.msg
[1.845s] -- Up-to-date: /root/ros_ws/install/zivid_interfaces/share/zivid_interfaces/msg/DetectionResultFiducialMarkers.msg
[1.845s] -- Up-to-date: /root/ros_ws/install/zivid_interfaces/share/zivid_interfaces/msg/FixedPlacementOfCalibrationBoard.msg
[1.845s] -- Up-to-date: /root/ros_ws/install/zivid_interfaces/share/zivid_interfaces/msg/FixedPlacementOfCalibrationObjects.msg
[1.845s] -- Up-to-date: /root/ros_ws/install/zivid_interfaces/share/zivid_interfaces/msg/FixedPlacementOfFiducialMarker.msg
[1.845s] -- Up-to-date: /root/ros_ws/install/zivid_interfaces/share/zivid_interfaces/msg/HandEyeCalibrationObjects.msg
[1.845s] -- Up-to-date: /root/ros_ws/install/zivid_interfaces/share/zivid_interfaces/msg/HandEyeCalibrationResidual.msg
[1.845s] -- Up-to-date: /root/ros_ws/install/zivid_interfaces/share/zivid_interfaces/msg/MarkerShape.msg
[1.846s] -- Up-to-date: /root/ros_ws/install/zivid_interfaces/share/zivid_interfaces/srv/CaptureAndDetectCalibrationBoard.srv
[1.846s] -- Up-to-date: /root/ros_ws/install/zivid_interfaces/share/zivid_interfaces/srv/CaptureAndDetectMarkers.srv
[1.846s] -- Up-to-date: /root/ros_ws/install/zivid_interfaces/share/zivid_interfaces/srv/CaptureAndSave.srv
[1.846s] -- Up-to-date: /root/ros_ws/install/zivid_interfaces/share/zivid_interfaces/srv/CaptureAssistantSuggestSettings.srv
[1.846s] -- Up-to-date: /root/ros_ws/install/zivid_interfaces/share/zivid_interfaces/srv/CameraInfoModelName.srv
[1.846s] -- Up-to-date: /root/ros_ws/install/zivid_interfaces/share/zivid_interfaces/srv/CameraInfoSerialNumber.srv
[1.846s] -- Up-to-date: /root/ros_ws/install/zivid_interfaces/share/zivid_interfaces/srv/HandEyeCalibrationCalibrate.srv
[1.847s] -- Up-to-date: /root/ros_ws/install/zivid_interfaces/share/zivid_interfaces/srv/HandEyeCalibrationCapture.srv
[1.847s] -- Up-to-date: /root/ros_ws/install/zivid_interfaces/share/zivid_interfaces/srv/HandEyeCalibrationLoad.srv
[1.847s] -- Up-to-date: /root/ros_ws/install/zivid_interfaces/share/zivid_interfaces/srv/HandEyeCalibrationStart.srv
[1.847s] -- Up-to-date: /root/ros_ws/install/zivid_interfaces/share/zivid_interfaces/srv/InfieldCorrectionCapture.srv
[1.847s] -- Up-to-date: /root/ros_ws/install/zivid_interfaces/share/zivid_interfaces/srv/InfieldCorrectionCompute.srv
[1.847s] -- Up-to-date: /root/ros_ws/install/zivid_interfaces/share/zivid_interfaces/srv/InfieldCorrectionRead.srv
[1.847s] -- Up-to-date: /root/ros_ws/install/zivid_interfaces/share/zivid_interfaces/srv/IsConnected.srv
[1.848s] -- Up-to-date: /root/ros_ws/install/zivid_interfaces/share/ament_index/resource_index/package_run_dependencies/zivid_interfaces
[1.848s] -- Up-to-date: /root/ros_ws/install/zivid_interfaces/share/ament_index/resource_index/parent_prefix_path/zivid_interfaces
[1.848s] -- Up-to-date: /root/ros_ws/install/zivid_interfaces/share/zivid_interfaces/environment/ament_prefix_path.sh
[1.848s] -- Up-to-date: /root/ros_ws/install/zivid_interfaces/share/zivid_interfaces/environment/ament_prefix_path.dsv
[1.848s] -- Up-to-date: /root/ros_ws/install/zivid_interfaces/share/zivid_interfaces/environment/path.sh
[1.848s] -- Up-to-date: /root/ros_ws/install/zivid_interfaces/share/zivid_interfaces/environment/path.dsv
[1.848s] -- Up-to-date: /root/ros_ws/install/zivid_interfaces/share/zivid_interfaces/local_setup.bash
[1.849s] -- Up-to-date: /root/ros_ws/install/zivid_interfaces/share/zivid_interfaces/local_setup.sh
[1.849s] -- Up-to-date: /root/ros_ws/install/zivid_interfaces/share/zivid_interfaces/local_setup.zsh
[1.849s] -- Up-to-date: /root/ros_ws/install/zivid_interfaces/share/zivid_interfaces/local_setup.dsv
[1.849s] -- Installing: /root/ros_ws/install/zivid_interfaces/share/zivid_interfaces/package.dsv
[1.849s] -- Up-to-date: /root/ros_ws/install/zivid_interfaces/share/ament_index/resource_index/packages/zivid_interfaces
[1.850s] -- Up-to-date: /root/ros_ws/install/zivid_interfaces/share/zivid_interfaces/cmake/export_zivid_interfaces__rosidl_generator_cExport.cmake
[1.850s] -- Up-to-date: /root/ros_ws/install/zivid_interfaces/share/zivid_interfaces/cmake/export_zivid_interfaces__rosidl_generator_cExport-noconfig.cmake
[1.850s] -- Up-to-date: /root/ros_ws/install/zivid_interfaces/share/zivid_interfaces/cmake/export_zivid_interfaces__rosidl_typesupport_fastrtps_cExport.cmake
[1.851s] -- Up-to-date: /root/ros_ws/install/zivid_interfaces/share/zivid_interfaces/cmake/export_zivid_interfaces__rosidl_typesupport_fastrtps_cExport-noconfig.cmake
[1.851s] -- Up-to-date: /root/ros_ws/install/zivid_interfaces/share/zivid_interfaces/cmake/export_zivid_interfaces__rosidl_generator_cppExport.cmake
[1.851s] -- Up-to-date: /root/ros_ws/install/zivid_interfaces/share/zivid_interfaces/cmake/export_zivid_interfaces__rosidl_typesupport_fastrtps_cppExport.cmake
[1.852s] -- Up-to-date: /root/ros_ws/install/zivid_interfaces/share/zivid_interfaces/cmake/export_zivid_interfaces__rosidl_typesupport_fastrtps_cppExport-noconfig.cmake
[1.852s] -- Up-to-date: /root/ros_ws/install/zivid_interfaces/share/zivid_interfaces/cmake/zivid_interfaces__rosidl_typesupport_introspection_cExport.cmake
[1.853s] -- Up-to-date: /root/ros_ws/install/zivid_interfaces/share/zivid_interfaces/cmake/zivid_interfaces__rosidl_typesupport_introspection_cExport-noconfig.cmake
[1.853s] -- Up-to-date: /root/ros_ws/install/zivid_interfaces/share/zivid_interfaces/cmake/zivid_interfaces__rosidl_typesupport_cExport.cmake
[1.854s] -- Up-to-date: /root/ros_ws/install/zivid_interfaces/share/zivid_interfaces/cmake/zivid_interfaces__rosidl_typesupport_cExport-noconfig.cmake
[1.854s] -- Up-to-date: /root/ros_ws/install/zivid_interfaces/share/zivid_interfaces/cmake/zivid_interfaces__rosidl_typesupport_introspection_cppExport.cmake
[1.855s] -- Up-to-date: /root/ros_ws/install/zivid_interfaces/share/zivid_interfaces/cmake/zivid_interfaces__rosidl_typesupport_introspection_cppExport-noconfig.cmake
[1.855s] -- Up-to-date: /root/ros_ws/install/zivid_interfaces/share/zivid_interfaces/cmake/zivid_interfaces__rosidl_typesupport_cppExport.cmake
[1.856s] -- Up-to-date: /root/ros_ws/install/zivid_interfaces/share/zivid_interfaces/cmake/zivid_interfaces__rosidl_typesupport_cppExport-noconfig.cmake
[1.856s] -- Up-to-date: /root/ros_ws/install/zivid_interfaces/share/zivid_interfaces/cmake/export_zivid_interfaces__rosidl_generator_pyExport.cmake
[1.856s] -- Up-to-date: /root/ros_ws/install/zivid_interfaces/share/zivid_interfaces/cmake/export_zivid_interfaces__rosidl_generator_pyExport-noconfig.cmake
[1.857s] -- Up-to-date: /root/ros_ws/install/zivid_interfaces/share/zivid_interfaces/cmake/rosidl_cmake-extras.cmake
[1.857s] -- Up-to-date: /root/ros_ws/install/zivid_interfaces/share/zivid_interfaces/cmake/ament_cmake_export_dependencies-extras.cmake
[1.857s] -- Up-to-date: /root/ros_ws/install/zivid_interfaces/share/zivid_interfaces/cmake/ament_cmake_export_include_directories-extras.cmake
[1.858s] -- Up-to-date: /root/ros_ws/install/zivid_interfaces/share/zivid_interfaces/cmake/ament_cmake_export_libraries-extras.cmake
[1.858s] -- Up-to-date: /root/ros_ws/install/zivid_interfaces/share/zivid_interfaces/cmake/ament_cmake_export_targets-extras.cmake
[1.858s] -- Up-to-date: /root/ros_ws/install/zivid_interfaces/share/zivid_interfaces/cmake/rosidl_cmake_export_typesupport_targets-extras.cmake
[1.859s] -- Up-to-date: /root/ros_ws/install/zivid_interfaces/share/zivid_interfaces/cmake/rosidl_cmake_export_typesupport_libraries-extras.cmake
[1.859s] -- Up-to-date: /root/ros_ws/install/zivid_interfaces/share/zivid_interfaces/cmake/zivid_interfacesConfig.cmake
[1.859s] -- Up-to-date: /root/ros_ws/install/zivid_interfaces/share/zivid_interfaces/cmake/zivid_interfacesConfig-version.cmake
[1.860s] -- Up-to-date: /root/ros_ws/install/zivid_interfaces/share/zivid_interfaces/package.xml
[1.927s] Invoked command in '/root/ros_ws/build/zivid_interfaces' returned '0': CMAKE_PREFIX_PATH=${CMAKE_PREFIX_PATH}:/root/ros_ws/install/universal_robots_ur10e:/root/ros_ws/install/simple_moveit_app:/root/ros_ws/install/panda_moveit_python:/opt/ros/jazzy DEBUGINFOD_URLS=https://debuginfod.ubuntu.com /usr/bin/cmake --install /root/ros_ws/build/zivid_interfaces
