[0.074s] Invoking command in '/root/ros_ws/build/serial': CMAKE_PREFIX_PATH=${CMAKE_PREFIX_PATH}:/opt/ros/jazzy DEBUGINFOD_URLS=https://debuginfod.ubuntu.com /usr/bin/cmake --build /root/ros_ws/build/serial -- -j20 -l20
[1.289s] [100%] Built target serial
[1.304s] Invoked command in '/root/ros_ws/build/serial' returned '0': CMAKE_PREFIX_PATH=${CMAKE_PREFIX_PATH}:/opt/ros/jazzy DEBUGINFOD_URLS=https://debuginfod.ubuntu.com /usr/bin/cmake --build /root/ros_ws/build/serial -- -j20 -l20
[1.305s] Invoking command in '/root/ros_ws/build/serial': CMAKE_PREFIX_PATH=${CMAKE_PREFIX_PATH}:/opt/ros/jazzy DEBUGINFOD_URLS=https://debuginfod.ubuntu.com /usr/bin/cmake --install /root/ros_ws/build/serial
[1.459s] -- Install configuration: ""
[1.460s] -- Up-to-date: /root/ros_ws/install/serial/lib/libserial.a
[1.460s] -- Up-to-date: /root/ros_ws/install/serial/include
[1.460s] -- Up-to-date: /root/ros_ws/install/serial/include/serial
[1.461s] -- Up-to-date: /root/ros_ws/install/serial/include/serial/impl
[1.461s] -- Up-to-date: /root/ros_ws/install/serial/include/serial/impl/unix.h
[1.461s] -- Up-to-date: /root/ros_ws/install/serial/include/serial/impl/win.h
[1.462s] -- Up-to-date: /root/ros_ws/install/serial/include/serial/serial.h
[1.462s] -- Up-to-date: /root/ros_ws/install/serial/include/serial/v8stdint.h
[1.462s] -- Up-to-date: /root/ros_ws/install/serial/share/serial/environment/library_path.sh
[1.462s] -- Up-to-date: /root/ros_ws/install/serial/share/serial/environment/library_path.dsv
[1.462s] -- Up-to-date: /root/ros_ws/install/serial/share/ament_index/resource_index/package_run_dependencies/serial
[1.463s] -- Up-to-date: /root/ros_ws/install/serial/share/ament_index/resource_index/parent_prefix_path/serial
[1.463s] -- Up-to-date: /root/ros_ws/install/serial/share/serial/environment/ament_prefix_path.sh
[1.463s] -- Up-to-date: /root/ros_ws/install/serial/share/serial/environment/ament_prefix_path.dsv
[1.464s] -- Up-to-date: /root/ros_ws/install/serial/share/serial/environment/path.sh
[1.464s] -- Up-to-date: /root/ros_ws/install/serial/share/serial/environment/path.dsv
[1.465s] -- Up-to-date: /root/ros_ws/install/serial/share/serial/local_setup.bash
[1.465s] -- Up-to-date: /root/ros_ws/install/serial/share/serial/local_setup.sh
[1.466s] -- Up-to-date: /root/ros_ws/install/serial/share/serial/local_setup.zsh
[1.466s] -- Up-to-date: /root/ros_ws/install/serial/share/serial/local_setup.dsv
[1.466s] -- Installing: /root/ros_ws/install/serial/share/serial/package.dsv
[1.466s] -- Up-to-date: /root/ros_ws/install/serial/share/ament_index/resource_index/packages/serial
[1.467s] -- Up-to-date: /root/ros_ws/install/serial/share/serial/cmake/export_serialExport.cmake
[1.467s] -- Up-to-date: /root/ros_ws/install/serial/share/serial/cmake/export_serialExport-noconfig.cmake
[1.467s] -- Up-to-date: /root/ros_ws/install/serial/share/serial/cmake/ament_cmake_export_include_directories-extras.cmake
[1.467s] -- Up-to-date: /root/ros_ws/install/serial/share/serial/cmake/ament_cmake_export_libraries-extras.cmake
[1.467s] -- Up-to-date: /root/ros_ws/install/serial/share/serial/cmake/ament_cmake_export_targets-extras.cmake
[1.467s] -- Up-to-date: /root/ros_ws/install/serial/share/serial/cmake/serialConfig.cmake
[1.467s] -- Up-to-date: /root/ros_ws/install/serial/share/serial/cmake/serialConfig-version.cmake
[1.468s] -- Up-to-date: /root/ros_ws/install/serial/share/serial/package.xml
[1.841s] Invoked command in '/root/ros_ws/build/serial' returned '0': CMAKE_PREFIX_PATH=${CMAKE_PREFIX_PATH}:/opt/ros/jazzy DEBUGINFOD_URLS=https://debuginfod.ubuntu.com /usr/bin/cmake --install /root/ros_ws/build/serial
