[0.016s] Invoking command in '/root/ros_ws/build/moveit_resources_panda_camera_description': CMAKE_PREFIX_PATH=${CMAKE_PREFIX_PATH}:/root/ros_ws/install/universal_robots_ur10e:/root/ros_ws/install/simple_moveit_app:/root/ros_ws/install/panda_moveit_python:/opt/ros/jazzy DEBUGINFOD_URLS=https://debuginfod.ubuntu.com /usr/bin/cmake --build /root/ros_ws/build/moveit_resources_panda_camera_description -- -j20 -l20
[0.064s] Invoked command in '/root/ros_ws/build/moveit_resources_panda_camera_description' returned '0': CMAKE_PREFIX_PATH=${CMAKE_PREFIX_PATH}:/root/ros_ws/install/universal_robots_ur10e:/root/ros_ws/install/simple_moveit_app:/root/ros_ws/install/panda_moveit_python:/opt/ros/jazzy DEBUGINFOD_URLS=https://debuginfod.ubuntu.com /usr/bin/cmake --build /root/ros_ws/build/moveit_resources_panda_camera_description -- -j20 -l20
[0.081s] Invoking command in '/root/ros_ws/build/moveit_resources_panda_camera_description': CMAKE_PREFIX_PATH=${CMAKE_PREFIX_PATH}:/root/ros_ws/install/universal_robots_ur10e:/root/ros_ws/install/simple_moveit_app:/root/ros_ws/install/panda_moveit_python:/opt/ros/jazzy DEBUGINFOD_URLS=https://debuginfod.ubuntu.com /usr/bin/cmake --install /root/ros_ws/build/moveit_resources_panda_camera_description
[0.097s] -- Install configuration: ""
[0.097s] -- Up-to-date: /root/ros_ws/install/moveit_resources_panda_camera_description/share/ament_index/resource_index/package_run_dependencies/moveit_resources_panda_camera_description
[0.098s] -- Up-to-date: /root/ros_ws/install/moveit_resources_panda_camera_description/share/ament_index/resource_index/parent_prefix_path/moveit_resources_panda_camera_description
[0.098s] -- Up-to-date: /root/ros_ws/install/moveit_resources_panda_camera_description/share/moveit_resources_panda_camera_description/environment/ament_prefix_path.sh
[0.099s] -- Up-to-date: /root/ros_ws/install/moveit_resources_panda_camera_description/share/moveit_resources_panda_camera_description/environment/ament_prefix_path.dsv
[0.099s] -- Up-to-date: /root/ros_ws/install/moveit_resources_panda_camera_description/share/moveit_resources_panda_camera_description/environment/path.sh
[0.100s] -- Up-to-date: /root/ros_ws/install/moveit_resources_panda_camera_description/share/moveit_resources_panda_camera_description/environment/path.dsv
[0.100s] -- Up-to-date: /root/ros_ws/install/moveit_resources_panda_camera_description/share/moveit_resources_panda_camera_description/local_setup.bash
[0.100s] -- Up-to-date: /root/ros_ws/install/moveit_resources_panda_camera_description/share/moveit_resources_panda_camera_description/local_setup.sh
[0.100s] -- Up-to-date: /root/ros_ws/install/moveit_resources_panda_camera_description/share/moveit_resources_panda_camera_description/local_setup.zsh
[0.100s] -- Up-to-date: /root/ros_ws/install/moveit_resources_panda_camera_description/share/moveit_resources_panda_camera_description/local_setup.dsv
[0.100s] -- Installing: /root/ros_ws/install/moveit_resources_panda_camera_description/share/moveit_resources_panda_camera_description/package.dsv
[0.100s] -- Up-to-date: /root/ros_ws/install/moveit_resources_panda_camera_description/share/ament_index/resource_index/packages/moveit_resources_panda_camera_description
[0.101s] -- Up-to-date: /root/ros_ws/install/moveit_resources_panda_camera_description/share/moveit_resources_panda_camera_description/cmake/moveit_resources_panda_camera_descriptionConfig.cmake
[0.101s] -- Up-to-date: /root/ros_ws/install/moveit_resources_panda_camera_description/share/moveit_resources_panda_camera_description/cmake/moveit_resources_panda_camera_descriptionConfig-version.cmake
[0.101s] -- Up-to-date: /root/ros_ws/install/moveit_resources_panda_camera_description/share/moveit_resources_panda_camera_description/package.xml
[0.101s] -- Up-to-date: /root/ros_ws/install/moveit_resources_panda_camera_description/share/moveit_resources_panda_camera_description/meshes
[0.102s] -- Up-to-date: /root/ros_ws/install/moveit_resources_panda_camera_description/share/moveit_resources_panda_camera_description/meshes/visual
[0.102s] -- Up-to-date: /root/ros_ws/install/moveit_resources_panda_camera_description/share/moveit_resources_panda_camera_description/meshes/visual/finger.dae
[0.102s] -- Up-to-date: /root/ros_ws/install/moveit_resources_panda_camera_description/share/moveit_resources_panda_camera_description/meshes/visual/link0.dae
[0.102s] -- Up-to-date: /root/ros_ws/install/moveit_resources_panda_camera_description/share/moveit_resources_panda_camera_description/meshes/visual/camera_with_adapter.dae
[0.103s] -- Up-to-date: /root/ros_ws/install/moveit_resources_panda_camera_description/share/moveit_resources_panda_camera_description/meshes/visual/link3.dae
[0.103s] -- Up-to-date: /root/ros_ws/install/moveit_resources_panda_camera_description/share/moveit_resources_panda_camera_description/meshes/visual/link7.dae
[0.103s] -- Up-to-date: /root/ros_ws/install/moveit_resources_panda_camera_description/share/moveit_resources_panda_camera_description/meshes/visual/link2.dae
[0.103s] -- Up-to-date: /root/ros_ws/install/moveit_resources_panda_camera_description/share/moveit_resources_panda_camera_description/meshes/visual/link1.dae
[0.103s] -- Up-to-date: /root/ros_ws/install/moveit_resources_panda_camera_description/share/moveit_resources_panda_camera_description/meshes/visual/link4.dae
[0.104s] -- Up-to-date: /root/ros_ws/install/moveit_resources_panda_camera_description/share/moveit_resources_panda_camera_description/meshes/visual/hand.dae
[0.104s] -- Up-to-date: /root/ros_ws/install/moveit_resources_panda_camera_description/share/moveit_resources_panda_camera_description/meshes/visual/link6.dae
[0.104s] -- Up-to-date: /root/ros_ws/install/moveit_resources_panda_camera_description/share/moveit_resources_panda_camera_description/meshes/visual/link5.dae
[0.104s] -- Up-to-date: /root/ros_ws/install/moveit_resources_panda_camera_description/share/moveit_resources_panda_camera_description/meshes/collision
[0.105s] -- Up-to-date: /root/ros_ws/install/moveit_resources_panda_camera_description/share/moveit_resources_panda_camera_description/meshes/collision/link0.stl
[0.105s] -- Up-to-date: /root/ros_ws/install/moveit_resources_panda_camera_description/share/moveit_resources_panda_camera_description/meshes/collision/link6.stl
[0.105s] -- Up-to-date: /root/ros_ws/install/moveit_resources_panda_camera_description/share/moveit_resources_panda_camera_description/meshes/collision/link1.stl
[0.105s] -- Up-to-date: /root/ros_ws/install/moveit_resources_panda_camera_description/share/moveit_resources_panda_camera_description/meshes/collision/camera_with_adapter.stl
[0.106s] -- Up-to-date: /root/ros_ws/install/moveit_resources_panda_camera_description/share/moveit_resources_panda_camera_description/meshes/collision/link2.stl
[0.106s] -- Up-to-date: /root/ros_ws/install/moveit_resources_panda_camera_description/share/moveit_resources_panda_camera_description/meshes/collision/link4.stl
[0.106s] -- Up-to-date: /root/ros_ws/install/moveit_resources_panda_camera_description/share/moveit_resources_panda_camera_description/meshes/collision/link3.stl
[0.106s] -- Up-to-date: /root/ros_ws/install/moveit_resources_panda_camera_description/share/moveit_resources_panda_camera_description/meshes/collision/link5.stl
[0.107s] -- Up-to-date: /root/ros_ws/install/moveit_resources_panda_camera_description/share/moveit_resources_panda_camera_description/meshes/collision/finger.stl
[0.107s] -- Up-to-date: /root/ros_ws/install/moveit_resources_panda_camera_description/share/moveit_resources_panda_camera_description/meshes/collision/link7.stl
[0.107s] -- Up-to-date: /root/ros_ws/install/moveit_resources_panda_camera_description/share/moveit_resources_panda_camera_description/meshes/collision/hand.stl
[0.108s] -- Up-to-date: /root/ros_ws/install/moveit_resources_panda_camera_description/share/moveit_resources_panda_camera_description/urdf
[0.108s] -- Up-to-date: /root/ros_ws/install/moveit_resources_panda_camera_description/share/moveit_resources_panda_camera_description/urdf/panda.urdf.xacro
[0.109s] -- Up-to-date: /root/ros_ws/install/moveit_resources_panda_camera_description/share/moveit_resources_panda_camera_description/urdf/panda.urdf
[0.109s] Invoked command in '/root/ros_ws/build/moveit_resources_panda_camera_description' returned '0': CMAKE_PREFIX_PATH=${CMAKE_PREFIX_PATH}:/root/ros_ws/install/universal_robots_ur10e:/root/ros_ws/install/simple_moveit_app:/root/ros_ws/install/panda_moveit_python:/opt/ros/jazzy DEBUGINFOD_URLS=https://debuginfod.ubuntu.com /usr/bin/cmake --install /root/ros_ws/build/moveit_resources_panda_camera_description
