[0.009s] Invoking command in '/root/ros_ws/build/moveit_task_constructor_core': AMENT_PREFIX_PATH=/root/ros_ws/install/moveit_resources_fanuc_moveit_config:/root/ros_ws/install/rviz_marker_tools:/root/ros_ws/install/moveit_task_constructor_msgs:/root/ros_ws/install/moveit_resources_fanuc_description:${AMENT_PREFIX_PATH} CMAKE_PREFIX_PATH=/root/ros_ws/install/moveit_resources_fanuc_moveit_config:/root/ros_ws/install/rviz_marker_tools:/root/ros_ws/install/moveit_task_constructor_msgs:/root/ros_ws/install/moveit_resources_fanuc_description:/opt/ros/jazzy/opt/gz_sim_vendor:/opt/ros/jazzy/opt/gz_sensors_vendor:/opt/ros/jazzy/opt/gz_physics_vendor:/opt/ros/jazzy/opt/sdformat_vendor:/opt/ros/jazzy/opt/gz_gui_vendor:/opt/ros/jazzy/opt/gz_transport_vendor:/opt/ros/jazzy/opt/gz_rendering_vendor:/opt/ros/jazzy/opt/gz_plugin_vendor:/opt/ros/jazzy/opt/gz_fuel_tools_vendor:/opt/ros/jazzy/opt/gz_msgs_vendor:/opt/ros/jazzy/opt/gz_common_vendor:/opt/ros/jazzy/opt/gz_math_vendor:/opt/ros/jazzy/opt/gz_utils_vendor:/opt/ros/jazzy/opt/gz_tools_vendor:/opt/ros/jazzy/opt/gz_ogre_next_vendor:/opt/ros/jazzy/opt/gz_dartsim_vendor:/opt/ros/jazzy/opt/gz_cmake_vendor:/opt/ros/jazzy LD_LIBRARY_PATH=/root/ros_ws/install/rviz_marker_tools/lib:/root/ros_ws/install/moveit_task_constructor_msgs/lib:${LD_LIBRARY_PATH} PYTHONPATH=/root/ros_ws/install/moveit_task_constructor_msgs/lib/python3.12/site-packages:${PYTHONPATH} /usr/bin/cmake /root/ros_ws/src/moveit_task_constructor/core -DCMAKE_INSTALL_PREFIX=/root/ros_ws/install/moveit_task_constructor_core
[0.047s] -- The C compiler identification is GNU 13.3.0
[0.085s] -- The CXX compiler identification is GNU 13.3.0
[0.098s] -- Detecting C compiler ABI info
[0.163s] -- Detecting C compiler ABI info - done
[0.167s] -- Check for working C compiler: /usr/bin/cc - skipped
[0.167s] -- Detecting C compile features
[0.167s] -- Detecting C compile features - done
[0.174s] -- Detecting CXX compiler ABI info
[0.237s] -- Detecting CXX compiler ABI info - done
[0.242s] -- Check for working CXX compiler: /usr/bin/c++ - skipped
[0.242s] -- Detecting CXX compile features
[0.242s] -- Detecting CXX compile features - done
[0.245s] -- Found ament_cmake: 2.5.4 (/opt/ros/jazzy/share/ament_cmake/cmake)
[0.347s] -- Found Python3: /usr/bin/python3 (found version "3.12.3") found components: Interpreter 
[0.428s] -- Found Boost: /usr/lib/x86_64-linux-gnu/cmake/Boost-1.83.0/BoostConfig.cmake (found version "1.83.0")  
[0.433s] -- Found geometry_msgs: 5.3.6 (/opt/ros/jazzy/share/geometry_msgs/cmake)
[0.468s] -- Found rosidl_generator_c: 4.6.5 (/opt/ros/jazzy/share/rosidl_generator_c/cmake)
[0.479s] -- Found rosidl_generator_cpp: 4.6.5 (/opt/ros/jazzy/share/rosidl_generator_cpp/cmake)
[0.492s] -- Using all available rosidl_typesupport_c: rosidl_typesupport_fastrtps_c;rosidl_typesupport_introspection_c
[0.505s] -- Using all available rosidl_typesupport_cpp: rosidl_typesupport_fastrtps_cpp;rosidl_typesupport_introspection_cpp
[0.534s] -- Found moveit_common: 2.12.3 (/opt/ros/jazzy/share/moveit_common/cmake)
[0.583s] [0mmoveit_task_constructor_core: You did not request a specific build type: Choosing 'Release' for maximum performance[0m
[0.585s] -- Found moveit_core: 2.12.3 (/opt/ros/jazzy/share/moveit_core/cmake)
[0.696s] -- Found Boost: /usr/lib/x86_64-linux-gnu/cmake/Boost-1.83.0/BoostConfig.cmake (found version "1.83.0") found components: chrono date_time filesystem iostreams program_options regex serialization system thread 
[0.749s] -- Found parameter_traits: 0.4.0 (/opt/ros/jazzy/share/parameter_traits/cmake)
[0.796s] -- Found rmw_implementation_cmake: 7.3.2 (/opt/ros/jazzy/share/rmw_implementation_cmake/cmake)
[0.798s] -- Found rmw_fastrtps_cpp: 8.4.2 (/opt/ros/jazzy/share/rmw_fastrtps_cpp/cmake)
[0.860s] -- Found OpenSSL: /usr/lib/x86_64-linux-gnu/libcrypto.so (found version "3.0.13")  
[0.873s] -- Found FastRTPS: /opt/ros/jazzy/include (Required is at least version "2.13") 
[0.887s] -- Using RMW implementation 'rmw_fastrtps_cpp' as default
[0.942s] -- Found rclcpp_lifecycle: 28.1.9 (/opt/ros/jazzy/share/rclcpp_lifecycle/cmake)
[0.966s] -- Found Boost: /usr/lib/x86_64-linux-gnu/cmake/Boost-1.83.0/BoostConfig.cmake (found version "1.83.0") found components: filesystem 
[1.037s] -- Found Eigen3: TRUE (found version "3.4.0") 
[1.037s] -- Ensuring Eigen3 include directory is part of orocos-kdl CMake target
[1.253s] -- Found moveit_ros_planning: 2.12.3 (/opt/ros/jazzy/share/moveit_ros_planning/cmake)
[1.256s] -- Found Boost: /usr/lib/x86_64-linux-gnu/cmake/Boost-1.83.0/BoostConfig.cmake (found version "1.83.0") found components: system filesystem date_time program_options thread chrono 
[1.282s] -- Found moveit_ros_planning_interface: 2.12.3 (/opt/ros/jazzy/share/moveit_ros_planning_interface/cmake)
[1.284s] -- Found Boost: /usr/lib/x86_64-linux-gnu/cmake/Boost-1.83.0/BoostConfig.cmake (found version "1.83.0") found components: date_time filesystem program_options system thread 
[1.295s] -- Found Boost: /usr/lib/x86_64-linux-gnu/cmake/Boost-1.83.0/BoostConfig.cmake (found version "1.83.0") found components: thread system filesystem regex date_time program_options 
[1.313s] -- Found Boost: /usr/lib/x86_64-linux-gnu/cmake/Boost-1.83.0/BoostConfig.cmake (found version "1.83.0") found components: system filesystem date_time program_options thread 
[1.335s] -- Found moveit_task_constructor_msgs: 0.1.3 (/root/ros_ws/install/moveit_task_constructor_msgs/share/moveit_task_constructor_msgs/cmake)
[1.359s] -- Found py_binding_tools: 2.0.1 (/opt/ros/jazzy/share/py_binding_tools/cmake)
[1.360s] -- Found rviz_marker_tools: 0.1.3 (/root/ros_ws/install/rviz_marker_tools/share/rviz_marker_tools/cmake)
[1.526s] -- Found Python3: /usr/bin/python3 (found version "3.12.3") found components: Interpreter Development Development.Module Development.Embed 
[1.530s] -- pybind11 v2.13.0 dev1
[1.542s] -- Found PythonInterp: /usr/bin/python3 (found suitable version "3.12.3", minimum required is "3.6") 
[1.557s] -- Found PythonLibs: /usr/lib/x86_64-linux-gnu/libpython3.12.so
[1.558s] -- Performing Test HAS_FLTO
[1.655s] -- Performing Test HAS_FLTO - Success
[1.661s] -- Found ament_cmake_pytest: 2.5.4 (/opt/ros/jazzy/share/ament_cmake_pytest/cmake)
[1.663s] -- Found launch_testing_ament_cmake: 3.4.4 (/opt/ros/jazzy/share/launch_testing_ament_cmake/cmake)
[1.665s] -- Found python_cmake_module: 0.11.1 (/opt/ros/jazzy/share/python_cmake_module/cmake)
[1.686s] -- Found Python3: /usr/bin/python3 (found version "3.12.3") found components: Interpreter 
[1.687s] -- Found PythonExtra: /usr/bin/python3  
[1.922s] -- Found ament_cmake_gtest: 2.5.4 (/opt/ros/jazzy/share/ament_cmake_gtest/cmake)
[1.924s] -- Found ament_cmake_gmock: 2.5.4 (/opt/ros/jazzy/share/ament_cmake_gmock/cmake)
[1.924s] -- Found launch_testing_ament_cmake: 3.4.4 (/opt/ros/jazzy/share/launch_testing_ament_cmake/cmake)
[1.925s] -- Found python_cmake_module: 0.11.1 (/opt/ros/jazzy/share/python_cmake_module/cmake)
[1.949s] -- Found gmock sources under '/opt/ros/jazzy/src/gmock_vendor': C++ tests using 'Google Mock' will be built
[1.953s] -- Found gtest sources under '/opt/ros/jazzy/src/gtest_vendor': C++ tests using 'Google Test' will be built
[1.955s] -- Found Threads: TRUE  
[1.967s] -- Configuring done (2.0s)
[2.135s] -- Generating done (0.1s)
[2.173s] -- Build files have been written to: /root/ros_ws/build/moveit_task_constructor_core
[2.185s] Invoked command in '/root/ros_ws/build/moveit_task_constructor_core' returned '0': AMENT_PREFIX_PATH=/root/ros_ws/install/moveit_resources_fanuc_moveit_config:/root/ros_ws/install/rviz_marker_tools:/root/ros_ws/install/moveit_task_constructor_msgs:/root/ros_ws/install/moveit_resources_fanuc_description:${AMENT_PREFIX_PATH} CMAKE_PREFIX_PATH=/root/ros_ws/install/moveit_resources_fanuc_moveit_config:/root/ros_ws/install/rviz_marker_tools:/root/ros_ws/install/moveit_task_constructor_msgs:/root/ros_ws/install/moveit_resources_fanuc_description:/opt/ros/jazzy/opt/gz_sim_vendor:/opt/ros/jazzy/opt/gz_sensors_vendor:/opt/ros/jazzy/opt/gz_physics_vendor:/opt/ros/jazzy/opt/sdformat_vendor:/opt/ros/jazzy/opt/gz_gui_vendor:/opt/ros/jazzy/opt/gz_transport_vendor:/opt/ros/jazzy/opt/gz_rendering_vendor:/opt/ros/jazzy/opt/gz_plugin_vendor:/opt/ros/jazzy/opt/gz_fuel_tools_vendor:/opt/ros/jazzy/opt/gz_msgs_vendor:/opt/ros/jazzy/opt/gz_common_vendor:/opt/ros/jazzy/opt/gz_math_vendor:/opt/ros/jazzy/opt/gz_utils_vendor:/opt/ros/jazzy/opt/gz_tools_vendor:/opt/ros/jazzy/opt/gz_ogre_next_vendor:/opt/ros/jazzy/opt/gz_dartsim_vendor:/opt/ros/jazzy/opt/gz_cmake_vendor:/opt/ros/jazzy LD_LIBRARY_PATH=/root/ros_ws/install/rviz_marker_tools/lib:/root/ros_ws/install/moveit_task_constructor_msgs/lib:${LD_LIBRARY_PATH} PYTHONPATH=/root/ros_ws/install/moveit_task_constructor_msgs/lib/python3.12/site-packages:${PYTHONPATH} /usr/bin/cmake /root/ros_ws/src/moveit_task_constructor/core -DCMAKE_INSTALL_PREFIX=/root/ros_ws/install/moveit_task_constructor_core
[2.186s] Invoking command in '/root/ros_ws/build/moveit_task_constructor_core': AMENT_PREFIX_PATH=/root/ros_ws/install/moveit_resources_fanuc_moveit_config:/root/ros_ws/install/rviz_marker_tools:/root/ros_ws/install/moveit_task_constructor_msgs:/root/ros_ws/install/moveit_resources_fanuc_description:${AMENT_PREFIX_PATH} CMAKE_PREFIX_PATH=/root/ros_ws/install/moveit_resources_fanuc_moveit_config:/root/ros_ws/install/rviz_marker_tools:/root/ros_ws/install/moveit_task_constructor_msgs:/root/ros_ws/install/moveit_resources_fanuc_description:/opt/ros/jazzy/opt/gz_sim_vendor:/opt/ros/jazzy/opt/gz_sensors_vendor:/opt/ros/jazzy/opt/gz_physics_vendor:/opt/ros/jazzy/opt/sdformat_vendor:/opt/ros/jazzy/opt/gz_gui_vendor:/opt/ros/jazzy/opt/gz_transport_vendor:/opt/ros/jazzy/opt/gz_rendering_vendor:/opt/ros/jazzy/opt/gz_plugin_vendor:/opt/ros/jazzy/opt/gz_fuel_tools_vendor:/opt/ros/jazzy/opt/gz_msgs_vendor:/opt/ros/jazzy/opt/gz_common_vendor:/opt/ros/jazzy/opt/gz_math_vendor:/opt/ros/jazzy/opt/gz_utils_vendor:/opt/ros/jazzy/opt/gz_tools_vendor:/opt/ros/jazzy/opt/gz_ogre_next_vendor:/opt/ros/jazzy/opt/gz_dartsim_vendor:/opt/ros/jazzy/opt/gz_cmake_vendor:/opt/ros/jazzy LD_LIBRARY_PATH=/root/ros_ws/install/rviz_marker_tools/lib:/root/ros_ws/install/moveit_task_constructor_msgs/lib:${LD_LIBRARY_PATH} PYTHONPATH=/root/ros_ws/install/moveit_task_constructor_msgs/lib/python3.12/site-packages:${PYTHONPATH} /usr/bin/cmake --build /root/ros_ws/build/moveit_task_constructor_core -- -j28 -l28
[2.221s] [  1%] [32mBuilding CXX object gmock/CMakeFiles/gmock_main.dir/src/gmock_main.cc.o[0m
[2.222s] [  2%] [32mBuilding CXX object gtest/CMakeFiles/gtest.dir/src/gtest-all.cc.o[0m
[2.229s] [  3%] [32mBuilding CXX object gmock/CMakeFiles/gmock.dir/src/gmock-all.cc.o[0m
[2.238s] [  4%] [32mBuilding CXX object gmock/CMakeFiles/gmock.dir/opt/ros/jazzy/src/gtest_vendor/src/gtest-all.cc.o[0m
[2.246s] [  5%] [32mBuilding CXX object src/CMakeFiles/moveit_task_constructor_core.dir/cost_terms.cpp.o[0m
[2.249s] [  6%] [32mBuilding CXX object src/CMakeFiles/moveit_task_constructor_core.dir/solvers/planner_interface.cpp.o[0m
[2.249s] [  8%] [32mBuilding CXX object src/CMakeFiles/moveit_task_constructor_core.dir/utils.cpp.o[0m
[2.250s] [ 10%] [32mBuilding CXX object src/CMakeFiles/moveit_task_constructor_core.dir/marker_tools.cpp.o[0m
[2.250s] [ 10%] [32mBuilding CXX object src/CMakeFiles/moveit_task_constructor_core.dir/merge.cpp.o[0m
[2.250s] [ 11%] [32mBuilding CXX object src/CMakeFiles/moveit_task_constructor_core.dir/introspection.cpp.o[0m
[2.250s] [ 12%] [32mBuilding CXX object src/CMakeFiles/moveit_task_constructor_core.dir/properties.cpp.o[0m
[2.251s] [ 14%] [32mBuilding CXX object src/CMakeFiles/moveit_task_constructor_core.dir/solvers/multi_planner.cpp.o[0m
[2.251s] [ 14%] [32mBuilding CXX object src/CMakeFiles/moveit_task_constructor_core.dir/stage.cpp.o[0m
[2.252s] [ 16%] [32mBuilding CXX object gtest/CMakeFiles/gtest_main.dir/src/gtest_main.cc.o[0m
[2.253s] [ 17%] [32mBuilding CXX object src/CMakeFiles/moveit_task_constructor_core.dir/task.cpp.o[0m
[2.254s] [ 18%] [32mBuilding CXX object src/CMakeFiles/moveit_task_constructor_core.dir/solvers/cartesian_path.cpp.o[0m
[2.254s] [ 19%] [32mBuilding CXX object src/CMakeFiles/moveit_task_constructor_core.dir/solvers/joint_interpolation.cpp.o[0m
[2.254s] [ 20%] [32mBuilding CXX object src/CMakeFiles/moveit_task_constructor_core.dir/storage.cpp.o[0m
[2.256s] [ 21%] [32mBuilding CXX object src/CMakeFiles/moveit_task_constructor_core.dir/container.cpp.o[0m
[2.258s] [ 22%] [32mBuilding CXX object src/CMakeFiles/moveit_task_constructor_core.dir/solvers/pipeline_planner.cpp.o[0m
[2.263s] [ 22%] Built target ament_cmake_python_copy_moveit
[2.527s] running egg_info
[2.527s] creating moveit.egg-info
[2.557s] writing moveit.egg-info/PKG-INFO
[2.557s] writing dependency_links to moveit.egg-info/dependency_links.txt
[2.557s] writing top-level names to moveit.egg-info/top_level.txt
[2.558s] writing manifest file 'moveit.egg-info/SOURCES.txt'
[2.641s] reading manifest file 'moveit.egg-info/SOURCES.txt'
[2.642s] writing manifest file 'moveit.egg-info/SOURCES.txt'
[2.664s] [ 22%] Built target ament_cmake_python_build_moveit_egg
[3.052s] [ 24%] [32m[1mLinking CXX static library libgtest_main.a[0m
[3.095s] [ 24%] Built target gtest_main
[3.222s] [ 25%] [32m[1mLinking CXX static library libgmock_main.a[0m
[3.280s] [ 25%] Built target gmock_main
[6.968s] [ 26%] [32m[1mLinking CXX static library libgmock.a[0m
[7.020s] [ 26%] Built target gmock
[7.294s] [ 27%] [32m[1mLinking CXX static library libgtest.a[0m
[7.317s] [01m[K/root/ros_ws/src/moveit_task_constructor/core/src/solvers/cartesian_path.cpp:[m[K In member function ‘[01m[Kvirtual moveit::task_constructor::solvers::PlannerInterface::Result moveit::task_constructor::solvers::CartesianPath::[01;32m[Kplan[m[K(const planning_scene::PlanningSceneConstPtr&, const moveit::core::LinkModel&, const Eigen::Isometry3d&, const Eigen::Isometry3d&, const moveit::core::JointModelGroup*, double, robot_trajectory::RobotTrajectoryPtr&, const moveit_msgs::msg::Constraints&)[m[K’:
[7.317s] [01m[K/root/ros_ws/src/moveit_task_constructor/core/src/solvers/cartesian_path.cpp:123:76:[m[K [01;35m[Kwarning: [m[K‘[01m[Kmoveit::core::JumpThreshold::[01;32m[KJumpThreshold[m[K(double)[m[K’ is deprecated: Use JumpThreshold::relative() instead. [[01;35m[K-Wdeprecated-declarations[m[K]
[7.317s]   123 |             moveit::core::JumpThreshold(props.get<double>("jump_threshold")[01;35m[K)[m[K, is_valid,
[7.317s]       |                                                                            [01;35m[K^[m[K
[7.317s] In file included from [01m[K/root/ros_ws/src/moveit_task_constructor/core/src/solvers/cartesian_path.cpp:44[m[K:
[7.317s] [01m[K/opt/ros/jazzy/include/moveit_core/moveit/robot_state/cartesian_interpolator.hpp:82:60:[m[K [01;36m[Knote: [m[Kdeclared here
[7.317s]    82 |   [[deprecated("Use JumpThreshold::relative() instead.")]] [01;36m[KJumpThreshold[m[K(double relative_factor);
[7.317s]       |                                                            [01;36m[K^~~~~~~~~~~~~[m[K
[7.318s] [01m[K/root/ros_ws/src/moveit_task_constructor/core/src/solvers/cartesian_path.cpp:120:93:[m[K [01;35m[Kwarning: [m[K‘[01m[Kstatic moveit::core::CartesianInterpolator::Percentage moveit::core::CartesianInterpolator::[01;32m[KcomputeCartesianPath[m[K(moveit::core::RobotState*, const moveit::core::JointModelGroup*, std::vector<std::shared_ptr<moveit::core::RobotState> >&, const moveit::core::LinkModel*, const Eigen::Isometry3d&, bool, const moveit::core::MaxEEFStep&, const moveit::core::JumpThreshold&, const moveit::core::GroupStateValidityCallbackFn&, const kinematics::KinematicsQueryOptions&, const kinematics::KinematicsBase::IKCostFn&, const Eigen::Isometry3d&)[m[K’ is deprecated: Replace JumpThreshold with CartesianPrecision [[01;35m[K-Wdeprecated-declarations[m[K]
[7.318s]   120 |         double achieved_fraction = [01;35m[Kmoveit::core::CartesianInterpolator::computeCartesianPath([m[K
[7.318s]       |                                    [01;35m[K~~~~~~~~~~~~~~~~~~~~~~~~~~~~~~~~~~~~~~~~~~~~~~~~~~~~~~~~~^[m[K
[7.318s]   121 | [01;35m[K            &(sandbox_scene->getCurrentStateNonConst()), jmg, trajectory, &link, target, true,[m[K
[7.318s]       |             [01;35m[K~~~~~~~~~~~~~~~~~~~~~~~~~~~~~~~~~~~~~~~~~~~~~~~~~~~~~~~~~~~~~~~~~~~~~~~~~~~~~~~~~~[m[K
[7.318s]   122 | [01;35m[K            moveit::core::MaxEEFStep(props.get<double>("step_size")),[m[K
[7.318s]       |             [01;35m[K~~~~~~~~~~~~~~~~~~~~~~~~~~~~~~~~~~~~~~~~~~~~~~~~~~~~~~~~~[m[K                        
[7.318s]   123 | [01;35m[K            moveit::core::JumpThreshold(props.get<double>("jump_threshold")), is_valid,[m[K
[7.318s]       |             [01;35m[K~~~~~~~~~~~~~~~~~~~~~~~~~~~~~~~~~~~~~~~~~~~~~~~~~~~~~~~~~~~~~~~~~~~~~~~~~~~[m[K      
[7.318s]   124 | [01;35m[K            props.get<kinematics::KinematicsQueryOptions>("kinematics_options"),[m[K
[7.318s]       |             [01;35m[K~~~~~~~~~~~~~~~~~~~~~~~~~~~~~~~~~~~~~~~~~~~~~~~~~~~~~~~~~~~~~~~~~~~~[m[K             
[7.318s]   125 | [01;35m[K            props.get<kinematics::KinematicsBase::IKCostFn>("kinematics_cost_fn"), offset)[m[K;
[7.318s]       |             [01;35m[K~~~~~~~~~~~~~~~~~~~~~~~~~~~~~~~~~~~~~~~~~~~~~~~~~~~~~~~~~~~~~~~~~~~~~~~~~~~~~~[m[K   
[7.319s] [01m[K/opt/ros/jazzy/include/moveit_core/moveit/robot_state/cartesian_interpolator.hpp:284:85:[m[K [01;36m[Knote: [m[Kdeclared here
[7.319s]   284 |   [[deprecated("Replace JumpThreshold with CartesianPrecision")]] static Percentage [01;36m[KcomputeCartesianPath[m[K(
[7.319s]       |                                                                                     [01;36m[K^~~~~~~~~~~~~~~~~~~~[m[K
[7.342s] [ 27%] Built target gtest
[12.712s] [ 28%] [32m[1mLinking CXX shared library libmoveit_task_constructor_core.so[0m
[12.879s] [ 28%] Built target moveit_task_constructor_core
[12.900s] [ 29%] [32mBuilding CXX object src/stages/CMakeFiles/moveit_task_constructor_core_stages.dir/current_state.cpp.o[0m
[12.900s] [ 31%] [32mBuilding CXX object src/stages/CMakeFiles/moveit_task_constructor_core_stages.dir/fixed_state.cpp.o[0m
[12.901s] [ 32%] [32mBuilding CXX object src/stages/CMakeFiles/moveit_task_constructor_core_stages.dir/generate_place_pose.cpp.o[0m
[12.901s] [ 33%] [32mBuilding CXX object src/stages/CMakeFiles/moveit_task_constructor_core_stages.dir/generate_random_pose.cpp.o[0m
[12.902s] [ 34%] [32mBuilding CXX object src/stages/CMakeFiles/moveit_task_constructor_core_stages.dir/predicate_filter.cpp.o[0m
[12.902s] [ 35%] [32mBuilding CXX object src/stages/CMakeFiles/moveit_task_constructor_core_stages.dir/move_relative.cpp.o[0m
[12.902s] [ 36%] [32mBuilding CXX object src/stages/CMakeFiles/moveit_task_constructor_core_stages.dir/move_to.cpp.o[0m
[12.903s] [ 37%] [32mBuilding CXX object src/stages/CMakeFiles/moveit_task_constructor_core_stages.dir/generate_pose.cpp.o[0m
[12.905s] [ 39%] [32mBuilding CXX object test/CMakeFiles/gtest_utils.dir/gtest_value_printers.cpp.o[0m
[12.905s] [ 40%] [32mBuilding CXX object test/CMakeFiles/gtest_utils.dir/models.cpp.o[0m
[12.905s] [ 41%] [32mBuilding CXX object test/CMakeFiles/gtest_utils.dir/stage_mockups.cpp.o[0m
[12.906s] [ 43%] [32mBuilding CXX object src/stages/CMakeFiles/moveit_task_constructor_core_stages.dir/fix_collision_objects.cpp.o[0m
[12.906s] [ 43%] [32mBuilding CXX object src/stages/CMakeFiles/moveit_task_constructor_core_stages.dir/modify_planning_scene.cpp.o[0m
[12.907s] [ 44%] [32mBuilding CXX object src/stages/CMakeFiles/moveit_task_constructor_core_stages.dir/generate_grasp_pose.cpp.o[0m
[12.908s] [ 45%] [32mBuilding CXX object src/stages/CMakeFiles/moveit_task_constructor_core_stages.dir/fixed_cartesian_poses.cpp.o[0m
[12.908s] [ 48%] [32mBuilding CXX object src/stages/CMakeFiles/moveit_task_constructor_core_stages.dir/passthrough.cpp.o[0m
[12.908s] [ 48%] [32mBuilding CXX object src/stages/CMakeFiles/moveit_task_constructor_core_stages.dir/pick.cpp.o[0m
[12.908s] [ 49%] [32mBuilding CXX object src/stages/CMakeFiles/moveit_task_constructor_core_stages.dir/compute_ik.cpp.o[0m
[12.908s] [ 50%] [32mBuilding CXX object src/stages/CMakeFiles/moveit_task_constructor_core_stages.dir/connect.cpp.o[0m
[12.908s] [ 51%] [32mBuilding CXX object src/stages/CMakeFiles/moveit_task_constructor_core_stages.dir/simple_grasp.cpp.o[0m
[20.450s] [ 52%] [32m[1mLinking CXX shared library libgtest_utils.so[0m
[20.562s] [ 52%] Built target gtest_utils
[22.064s] [ 54%] [32m[1mLinking CXX shared library libmoveit_task_constructor_core_stages.so[0m
[22.207s] [ 54%] Built target moveit_task_constructor_core_stages
[22.224s] [ 56%] [32mBuilding CXX object test/CMakeFiles/moveit_task_constructor_core-test-interface-state.dir/test_interface_state.cpp.o[0m
[22.224s] [ 56%] [32mBuilding CXX object test/CMakeFiles/moveit_task_constructor_core-test-properties.dir/test_properties.cpp.o[0m
[22.224s] [ 57%] [32mBuilding CXX object test/CMakeFiles/moveit_task_constructor_core-test-cost-queue.dir/test_cost_queue.cpp.o[0m
[22.225s] [ 58%] [32mBuilding CXX object test/CMakeFiles/pick_pa10.dir/pick_pa10.cpp.o[0m
[22.225s] [ 59%] [32mBuilding CXX object test/CMakeFiles/moveit_task_constructor_core-test-cost-terms.dir/test_cost_terms.cpp.o[0m
[22.226s] [ 60%] [32mBuilding CXX object test/CMakeFiles/pick_pr2.dir/pick_pr2.cpp.o[0m
[22.226s] [ 63%] [32mBuilding CXX object test/CMakeFiles/pick_ur5.dir/pick_ur5.cpp.o[0m
[22.226s] [ 63%] [32mBuilding CXX object test/CMakeFiles/moveit_task_constructor_core-test-move-to.dir/test_move_to.cpp.o[0m
[22.232s] [ 65%] [32mBuilding CXX object python/bindings/CMakeFiles/pymoveit_mtc.dir/src/properties.cpp.o[0m
[22.232s] [ 67%] [32mBuilding CXX object test/CMakeFiles/moveit_task_constructor_core-test-mockups.dir/test_mockups.cpp.o[0m
[22.232s] [ 68%] [32mBuilding CXX object test/CMakeFiles/moveit_task_constructor_core-test-pruning.dir/test_pruning.cpp.o[0m
[22.232s] [ 68%] [32mBuilding CXX object test/CMakeFiles/moveit_task_constructor_core-test-serial.dir/test_serial.cpp.o[0m
[22.232s] [ 68%] [32mBuilding CXX object test/CMakeFiles/moveit_task_constructor_core-test-move-relative.dir/test_move_relative.cpp.o[0m
[22.233s] [ 70%] [32mBuilding CXX object src/stages/CMakeFiles/moveit_task_constructor_core_stage_plugins.dir/plugins.cpp.o[0m
[22.233s] [ 71%] [32mBuilding CXX object test/CMakeFiles/moveit_task_constructor_core-test-stage.dir/test_stage.cpp.o[0m
[22.236s] [ 72%] [32mBuilding CXX object python/bindings/CMakeFiles/pymoveit_mtc.dir/src/solvers.cpp.o[0m
[22.236s] [ 73%] [32mBuilding CXX object test/CMakeFiles/moveit_task_constructor_core-test-container.dir/test_container.cpp.o[0m
[22.237s] [ 74%] [32mBuilding CXX object test/CMakeFiles/moveit_task_constructor_core-test-fallback.dir/test_fallback.cpp.o[0m
[22.237s] [ 75%] [32mBuilding CXX object test/CMakeFiles/moveit_task_constructor_core-test-pipeline-planner.dir/test_pipeline_planner.cpp.o[0m
[22.238s] [ 77%] [32mBuilding CXX object python/bindings/CMakeFiles/pymoveit_mtc.dir/src/module.cpp.o[0m
[22.239s] [ 78%] [32mBuilding CXX object python/bindings/CMakeFiles/pymoveit_mtc.dir/src/core.cpp.o[0m
[22.240s] [ 79%] [32mBuilding CXX object python/bindings/CMakeFiles/pymoveit_mtc.dir/src/stages.cpp.o[0m
[23.553s] [ 80%] [32m[1mLinking CXX shared library libmoveit_task_constructor_core_stage_plugins.so[0m
[23.651s] [ 80%] Built target moveit_task_constructor_core_stage_plugins
[23.808s] [ 81%] [32m[1mLinking CXX executable moveit_task_constructor_core-test-properties[0m
[24.003s] [ 81%] Built target moveit_task_constructor_core-test-properties
[26.965s] [ 82%] [32m[1mLinking CXX executable moveit_task_constructor_core-test-cost-queue[0m
[27.162s] [ 82%] Built target moveit_task_constructor_core-test-cost-queue
[27.896s] [ 83%] [32m[1mLinking CXX executable moveit_task_constructor_core-test-pruning[0m
[27.940s] [ 85%] [32m[1mLinking CXX executable moveit_task_constructor_core-test-stage[0m
[28.090s] [ 85%] Built target moveit_task_constructor_core-test-pruning
[28.139s] [ 86%] [32m[1mLinking CXX executable moveit_task_constructor_core-test-interface-state[0m
[28.209s] [ 86%] Built target moveit_task_constructor_core-test-stage
[28.361s] [ 86%] Built target moveit_task_constructor_core-test-interface-state
[28.442s] [ 87%] [32m[1mLinking CXX executable pick_pa10[0m
[28.545s] [ 88%] [32m[1mLinking CXX executable pick_ur5[0m
[28.657s] [ 88%] Built target pick_pa10
[28.747s] [ 88%] Built target pick_ur5
[29.586s] [ 89%] [32m[1mLinking CXX executable moveit_task_constructor_core-test-move-relative[0m
[29.846s] [ 89%] Built target moveit_task_constructor_core-test-move-relative
[30.434s] [ 90%] [32m[1mLinking CXX executable moveit_task_constructor_core-test-mockups[0m
[30.531s] [ 91%] [32m[1mLinking CXX executable moveit_task_constructor_core-test-fallback[0m
[30.674s] [ 93%] [32m[1mLinking CXX executable moveit_task_constructor_core-test-serial[0m
[30.743s] [ 93%] Built target moveit_task_constructor_core-test-mockups
[30.777s] [ 93%] Built target moveit_task_constructor_core-test-fallback
[30.898s] [ 93%] Built target moveit_task_constructor_core-test-serial
[31.427s] [ 94%] [32m[1mLinking CXX executable moveit_task_constructor_core-test-cost-terms[0m
[31.435s] [ 95%] [32m[1mLinking CXX executable moveit_task_constructor_core-test-pipeline-planner[0m
[31.482s] [ 96%] [32m[1mLinking CXX executable moveit_task_constructor_core-test-move-to[0m
[31.659s] [ 96%] Built target moveit_task_constructor_core-test-pipeline-planner
[31.689s] [ 96%] Built target moveit_task_constructor_core-test-move-to
[31.708s] [ 96%] Built target moveit_task_constructor_core-test-cost-terms
[31.806s] [ 97%] [32m[1mLinking CXX executable pick_pr2[0m
[31.987s] [ 97%] Built target pick_pr2
[32.203s] [ 98%] [32m[1mLinking CXX executable moveit_task_constructor_core-test-container[0m
[32.385s] [ 98%] Built target moveit_task_constructor_core-test-container
[32.621s] [100%] [32m[1mLinking CXX shared module pymoveit_mtc.cpython-312-x86_64-linux-gnu.so[0m
[33.485s] [01m[Klto-wrapper:[m[K [01;35m[Kwarning: [m[Kusing serial compilation of 12 LTRANS jobs
[33.485s] [01m[Klto-wrapper:[m[K [01;36m[Knote: [m[Ksee the ‘[01m[K-flto[m[K’ option documentation for more information
[39.834s] [100%] Built target pymoveit_mtc
