[0.094s] Invoking command in '/root/ros_ws/build/moveit_resources_fanuc_description': CMAKE_PREFIX_PATH=${CMAKE_PREFIX_PATH}:/opt/ros/jazzy DEBUGINFOD_URLS=https://debuginfod.ubuntu.com /usr/bin/cmake --build /root/ros_ws/build/moveit_resources_fanuc_description -- -j20 -l20
[1.307s] Invoked command in '/root/ros_ws/build/moveit_resources_fanuc_description' returned '0': CMAKE_PREFIX_PATH=${CMAKE_PREFIX_PATH}:/opt/ros/jazzy DEBUGINFOD_URLS=https://debuginfod.ubuntu.com /usr/bin/cmake --build /root/ros_ws/build/moveit_resources_fanuc_description -- -j20 -l20
[1.310s] Invoking command in '/root/ros_ws/build/moveit_resources_fanuc_description': CMAKE_PREFIX_PATH=${CMAKE_PREFIX_PATH}:/opt/ros/jazzy DEBUGINFOD_URLS=https://debuginfod.ubuntu.com /usr/bin/cmake --install /root/ros_ws/build/moveit_resources_fanuc_description
[1.358s] -- Install configuration: ""
[1.359s] -- Up-to-date: /root/ros_ws/install/moveit_resources_fanuc_description/share/ament_index/resource_index/package_run_dependencies/moveit_resources_fanuc_description
[1.359s] -- Up-to-date: /root/ros_ws/install/moveit_resources_fanuc_description/share/ament_index/resource_index/parent_prefix_path/moveit_resources_fanuc_description
[1.359s] -- Up-to-date: /root/ros_ws/install/moveit_resources_fanuc_description/share/moveit_resources_fanuc_description/environment/ament_prefix_path.sh
[1.360s] -- Up-to-date: /root/ros_ws/install/moveit_resources_fanuc_description/share/moveit_resources_fanuc_description/environment/ament_prefix_path.dsv
[1.360s] -- Up-to-date: /root/ros_ws/install/moveit_resources_fanuc_description/share/moveit_resources_fanuc_description/environment/path.sh
[1.361s] -- Up-to-date: /root/ros_ws/install/moveit_resources_fanuc_description/share/moveit_resources_fanuc_description/environment/path.dsv
[1.361s] -- Up-to-date: /root/ros_ws/install/moveit_resources_fanuc_description/share/moveit_resources_fanuc_description/local_setup.bash
[1.361s] -- Up-to-date: /root/ros_ws/install/moveit_resources_fanuc_description/share/moveit_resources_fanuc_description/local_setup.sh
[1.362s] -- Up-to-date: /root/ros_ws/install/moveit_resources_fanuc_description/share/moveit_resources_fanuc_description/local_setup.zsh
[1.362s] -- Up-to-date: /root/ros_ws/install/moveit_resources_fanuc_description/share/moveit_resources_fanuc_description/local_setup.dsv
[1.362s] -- Installing: /root/ros_ws/install/moveit_resources_fanuc_description/share/moveit_resources_fanuc_description/package.dsv
[1.362s] -- Up-to-date: /root/ros_ws/install/moveit_resources_fanuc_description/share/ament_index/resource_index/packages/moveit_resources_fanuc_description
[1.362s] -- Up-to-date: /root/ros_ws/install/moveit_resources_fanuc_description/share/moveit_resources_fanuc_description/cmake/moveit_resources_fanuc_descriptionConfig.cmake
[1.363s] -- Up-to-date: /root/ros_ws/install/moveit_resources_fanuc_description/share/moveit_resources_fanuc_description/cmake/moveit_resources_fanuc_descriptionConfig-version.cmake
[1.363s] -- Up-to-date: /root/ros_ws/install/moveit_resources_fanuc_description/share/moveit_resources_fanuc_description/package.xml
[1.363s] -- Up-to-date: /root/ros_ws/install/moveit_resources_fanuc_description/share/moveit_resources_fanuc_description/meshes
[1.363s] -- Up-to-date: /root/ros_ws/install/moveit_resources_fanuc_description/share/moveit_resources_fanuc_description/meshes/visual
[1.363s] -- Up-to-date: /root/ros_ws/install/moveit_resources_fanuc_description/share/moveit_resources_fanuc_description/meshes/visual/link_3.stl
[1.364s] -- Up-to-date: /root/ros_ws/install/moveit_resources_fanuc_description/share/moveit_resources_fanuc_description/meshes/visual/link_1.stl
[1.364s] -- Up-to-date: /root/ros_ws/install/moveit_resources_fanuc_description/share/moveit_resources_fanuc_description/meshes/visual/base_link.stl
[1.364s] -- Up-to-date: /root/ros_ws/install/moveit_resources_fanuc_description/share/moveit_resources_fanuc_description/meshes/visual/link_5.stl
[1.364s] -- Up-to-date: /root/ros_ws/install/moveit_resources_fanuc_description/share/moveit_resources_fanuc_description/meshes/visual/link_6.stl
[1.364s] -- Up-to-date: /root/ros_ws/install/moveit_resources_fanuc_description/share/moveit_resources_fanuc_description/meshes/visual/link_2.stl
[1.364s] -- Up-to-date: /root/ros_ws/install/moveit_resources_fanuc_description/share/moveit_resources_fanuc_description/meshes/visual/link_4.stl
[1.365s] -- Up-to-date: /root/ros_ws/install/moveit_resources_fanuc_description/share/moveit_resources_fanuc_description/meshes/collision
[1.365s] -- Up-to-date: /root/ros_ws/install/moveit_resources_fanuc_description/share/moveit_resources_fanuc_description/meshes/collision/link_3.stl
[1.365s] -- Up-to-date: /root/ros_ws/install/moveit_resources_fanuc_description/share/moveit_resources_fanuc_description/meshes/collision/link_1.stl
[1.365s] -- Up-to-date: /root/ros_ws/install/moveit_resources_fanuc_description/share/moveit_resources_fanuc_description/meshes/collision/base_link.stl
[1.365s] -- Up-to-date: /root/ros_ws/install/moveit_resources_fanuc_description/share/moveit_resources_fanuc_description/meshes/collision/link_5.stl
[1.365s] -- Up-to-date: /root/ros_ws/install/moveit_resources_fanuc_description/share/moveit_resources_fanuc_description/meshes/collision/link_6.stl
[1.366s] -- Up-to-date: /root/ros_ws/install/moveit_resources_fanuc_description/share/moveit_resources_fanuc_description/meshes/collision/link_2.stl
[1.366s] -- Up-to-date: /root/ros_ws/install/moveit_resources_fanuc_description/share/moveit_resources_fanuc_description/meshes/collision/link_4.stl
[1.366s] -- Up-to-date: /root/ros_ws/install/moveit_resources_fanuc_description/share/moveit_resources_fanuc_description/urdf
[1.366s] -- Up-to-date: /root/ros_ws/install/moveit_resources_fanuc_description/share/moveit_resources_fanuc_description/urdf/fanuc.urdf
[1.627s] Invoked command in '/root/ros_ws/build/moveit_resources_fanuc_description' returned '0': CMAKE_PREFIX_PATH=${CMAKE_PREFIX_PATH}:/opt/ros/jazzy DEBUGINFOD_URLS=https://debuginfod.ubuntu.com /usr/bin/cmake --install /root/ros_ws/build/moveit_resources_fanuc_description
