[0.087s] Invoking command in '/root/ros_ws/build/moveit_resources_panda_description': CMAKE_PREFIX_PATH=${CMAKE_PREFIX_PATH}:/root/ros_ws/install/universal_robots_ur10e:/root/ros_ws/install/simple_moveit_app:/root/ros_ws/install/panda_moveit_python:/opt/ros/jazzy DEBUGINFOD_URLS=https://debuginfod.ubuntu.com /usr/bin/cmake --build /root/ros_ws/build/moveit_resources_panda_description -- -j28 -l28
[0.609s] Invoked command in '/root/ros_ws/build/moveit_resources_panda_description' returned '0': CMAKE_PREFIX_PATH=${CMAKE_PREFIX_PATH}:/root/ros_ws/install/universal_robots_ur10e:/root/ros_ws/install/simple_moveit_app:/root/ros_ws/install/panda_moveit_python:/opt/ros/jazzy DEBUGINFOD_URLS=https://debuginfod.ubuntu.com /usr/bin/cmake --build /root/ros_ws/build/moveit_resources_panda_description -- -j28 -l28
[0.609s] Invoking command in '/root/ros_ws/build/moveit_resources_panda_description': CMAKE_PREFIX_PATH=${CMAKE_PREFIX_PATH}:/root/ros_ws/install/universal_robots_ur10e:/root/ros_ws/install/simple_moveit_app:/root/ros_ws/install/panda_moveit_python:/opt/ros/jazzy DEBUGINFOD_URLS=https://debuginfod.ubuntu.com /usr/bin/cmake --install /root/ros_ws/build/moveit_resources_panda_description
[0.616s] -- Install configuration: ""
[0.617s] -- Up-to-date: /root/ros_ws/install/moveit_resources_panda_description/share/ament_index/resource_index/package_run_dependencies/moveit_resources_panda_description
[0.658s] -- Up-to-date: /root/ros_ws/install/moveit_resources_panda_description/share/ament_index/resource_index/parent_prefix_path/moveit_resources_panda_description
[0.670s] -- Up-to-date: /root/ros_ws/install/moveit_resources_panda_description/share/moveit_resources_panda_description/environment/ament_prefix_path.sh
[0.696s] -- Up-to-date: /root/ros_ws/install/moveit_resources_panda_description/share/moveit_resources_panda_description/environment/ament_prefix_path.dsv
[0.697s] -- Up-to-date: /root/ros_ws/install/moveit_resources_panda_description/share/moveit_resources_panda_description/environment/path.sh
[0.699s] -- Up-to-date: /root/ros_ws/install/moveit_resources_panda_description/share/moveit_resources_panda_description/environment/path.dsv
[0.701s] -- Up-to-date: /root/ros_ws/install/moveit_resources_panda_description/share/moveit_resources_panda_description/local_setup.bash
[0.702s] -- Up-to-date: /root/ros_ws/install/moveit_resources_panda_description/share/moveit_resources_panda_description/local_setup.sh
[0.703s] -- Up-to-date: /root/ros_ws/install/moveit_resources_panda_description/share/moveit_resources_panda_description/local_setup.zsh
[0.705s] -- Up-to-date: /root/ros_ws/install/moveit_resources_panda_description/share/moveit_resources_panda_description/local_setup.dsv
[0.706s] -- Installing: /root/ros_ws/install/moveit_resources_panda_description/share/moveit_resources_panda_description/package.dsv
[0.744s] -- Up-to-date: /root/ros_ws/install/moveit_resources_panda_description/share/ament_index/resource_index/packages/moveit_resources_panda_description
[0.756s] -- Up-to-date: /root/ros_ws/install/moveit_resources_panda_description/share/moveit_resources_panda_description/cmake/moveit_resources_panda_descriptionConfig.cmake
[0.769s] -- Up-to-date: /root/ros_ws/install/moveit_resources_panda_description/share/moveit_resources_panda_description/cmake/moveit_resources_panda_descriptionConfig-version.cmake
[0.770s] -- Up-to-date: /root/ros_ws/install/moveit_resources_panda_description/share/moveit_resources_panda_description/package.xml
[0.771s] -- Up-to-date: /root/ros_ws/install/moveit_resources_panda_description/share/moveit_resources_panda_description/meshes
[0.781s] -- Up-to-date: /root/ros_ws/install/moveit_resources_panda_description/share/moveit_resources_panda_description/meshes/visual
[0.788s] -- Up-to-date: /root/ros_ws/install/moveit_resources_panda_description/share/moveit_resources_panda_description/meshes/visual/link6.dae
[0.790s] -- Up-to-date: /root/ros_ws/install/moveit_resources_panda_description/share/moveit_resources_panda_description/meshes/visual/link4.dae
[0.793s] -- Up-to-date: /root/ros_ws/install/moveit_resources_panda_description/share/moveit_resources_panda_description/meshes/visual/link0.dae
[0.795s] -- Up-to-date: /root/ros_ws/install/moveit_resources_panda_description/share/moveit_resources_panda_description/meshes/visual/link3.dae
[0.798s] -- Up-to-date: /root/ros_ws/install/moveit_resources_panda_description/share/moveit_resources_panda_description/meshes/visual/link1.dae
[0.801s] -- Up-to-date: /root/ros_ws/install/moveit_resources_panda_description/share/moveit_resources_panda_description/meshes/visual/hand.dae
[0.802s] -- Up-to-date: /root/ros_ws/install/moveit_resources_panda_description/share/moveit_resources_panda_description/meshes/visual/finger.dae
[0.803s] -- Up-to-date: /root/ros_ws/install/moveit_resources_panda_description/share/moveit_resources_panda_description/meshes/visual/link2.dae
[0.806s] -- Up-to-date: /root/ros_ws/install/moveit_resources_panda_description/share/moveit_resources_panda_description/meshes/visual/link7.dae
[0.808s] -- Up-to-date: /root/ros_ws/install/moveit_resources_panda_description/share/moveit_resources_panda_description/meshes/visual/link5.dae
[0.811s] -- Up-to-date: /root/ros_ws/install/moveit_resources_panda_description/share/moveit_resources_panda_description/meshes/collision
[0.817s] -- Up-to-date: /root/ros_ws/install/moveit_resources_panda_description/share/moveit_resources_panda_description/meshes/collision/link0.stl
[0.819s] -- Up-to-date: /root/ros_ws/install/moveit_resources_panda_description/share/moveit_resources_panda_description/meshes/collision/link1.stl
[0.820s] -- Up-to-date: /root/ros_ws/install/moveit_resources_panda_description/share/moveit_resources_panda_description/meshes/collision/link4.stl
[0.821s] -- Up-to-date: /root/ros_ws/install/moveit_resources_panda_description/share/moveit_resources_panda_description/meshes/collision/finger.stl
[0.823s] -- Up-to-date: /root/ros_ws/install/moveit_resources_panda_description/share/moveit_resources_panda_description/meshes/collision/link2.stl
[0.824s] -- Up-to-date: /root/ros_ws/install/moveit_resources_panda_description/share/moveit_resources_panda_description/meshes/collision/link6.stl
[0.826s] -- Up-to-date: /root/ros_ws/install/moveit_resources_panda_description/share/moveit_resources_panda_description/meshes/collision/link7.stl
[0.828s] -- Up-to-date: /root/ros_ws/install/moveit_resources_panda_description/share/moveit_resources_panda_description/meshes/collision/link3.stl
[0.829s] -- Up-to-date: /root/ros_ws/install/moveit_resources_panda_description/share/moveit_resources_panda_description/meshes/collision/hand.stl
[0.831s] -- Up-to-date: /root/ros_ws/install/moveit_resources_panda_description/share/moveit_resources_panda_description/meshes/collision/link5.stl
[0.833s] -- Up-to-date: /root/ros_ws/install/moveit_resources_panda_description/share/moveit_resources_panda_description/urdf
[0.838s] -- Up-to-date: /root/ros_ws/install/moveit_resources_panda_description/share/moveit_resources_panda_description/urdf/panda.urdf
[0.839s] -- Up-to-date: /root/ros_ws/install/moveit_resources_panda_description/share/moveit_resources_panda_description/urdf/panda.urdf.xacro
[0.984s] Invoked command in '/root/ros_ws/build/moveit_resources_panda_description' returned '0': CMAKE_PREFIX_PATH=${CMAKE_PREFIX_PATH}:/root/ros_ws/install/universal_robots_ur10e:/root/ros_ws/install/simple_moveit_app:/root/ros_ws/install/panda_moveit_python:/opt/ros/jazzy DEBUGINFOD_URLS=https://debuginfod.ubuntu.com /usr/bin/cmake --install /root/ros_ws/build/moveit_resources_panda_description
