[0.434s] Invoking command in '/root/ros_ws/build/ur_moveit_cpp': CMAKE_PREFIX_PATH=${CMAKE_PREFIX_PATH}:/root/ros_ws/install/universal_robots_ur10e:/root/ros_ws/install/simple_moveit_app:/root/ros_ws/install/panda_moveit_python:/opt/ros/jazzy DEBUGINFOD_URLS=https://debuginfod.ubuntu.com /usr/bin/cmake --build /root/ros_ws/build/ur_moveit_cpp -- -j28 -l28
[0.573s] [100%] Built target moveit_cpp_tutorial
[0.672s] Invoked command in '/root/ros_ws/build/ur_moveit_cpp' returned '0': CMAKE_PREFIX_PATH=${CMAKE_PREFIX_PATH}:/root/ros_ws/install/universal_robots_ur10e:/root/ros_ws/install/simple_moveit_app:/root/ros_ws/install/panda_moveit_python:/opt/ros/jazzy DEBUGINFOD_URLS=https://debuginfod.ubuntu.com /usr/bin/cmake --build /root/ros_ws/build/ur_moveit_cpp -- -j28 -l28
[0.673s] Invoking command in '/root/ros_ws/build/ur_moveit_cpp': CMAKE_PREFIX_PATH=${CMAKE_PREFIX_PATH}:/root/ros_ws/install/universal_robots_ur10e:/root/ros_ws/install/simple_moveit_app:/root/ros_ws/install/panda_moveit_python:/opt/ros/jazzy DEBUGINFOD_URLS=https://debuginfod.ubuntu.com /usr/bin/cmake --install /root/ros_ws/build/ur_moveit_cpp
[0.707s] -- Install configuration: ""
[0.707s] -- Up-to-date: /root/ros_ws/install/ur_moveit_cpp/lib/ur_moveit_cpp/moveit_cpp_tutorial
[0.707s] -- Up-to-date: /root/ros_ws/install/ur_moveit_cpp/share/ur_moveit_cpp/launch
[0.707s] -- Up-to-date: /root/ros_ws/install/ur_moveit_cpp/share/ur_moveit_cpp/launch/moveit_cpp_tutorial.launch.py
[0.707s] -- Up-to-date: /root/ros_ws/install/ur_moveit_cpp/share/ur_moveit_cpp/launch/moveit_cpp_tutorial.rviz
[0.707s] -- Up-to-date: /root/ros_ws/install/ur_moveit_cpp/share/ur_moveit_cpp/config
[0.707s] -- Up-to-date: /root/ros_ws/install/ur_moveit_cpp/share/ur_moveit_cpp/config/moveit_cpp.yaml
[0.707s] -- Up-to-date: /root/ros_ws/install/ur_moveit_cpp/share/ament_index/resource_index/package_run_dependencies/ur_moveit_cpp
[0.708s] -- Up-to-date: /root/ros_ws/install/ur_moveit_cpp/share/ament_index/resource_index/parent_prefix_path/ur_moveit_cpp
[0.708s] -- Up-to-date: /root/ros_ws/install/ur_moveit_cpp/share/ur_moveit_cpp/environment/ament_prefix_path.sh
[0.708s] -- Up-to-date: /root/ros_ws/install/ur_moveit_cpp/share/ur_moveit_cpp/environment/ament_prefix_path.dsv
[0.708s] -- Up-to-date: /root/ros_ws/install/ur_moveit_cpp/share/ur_moveit_cpp/environment/path.sh
[0.708s] -- Up-to-date: /root/ros_ws/install/ur_moveit_cpp/share/ur_moveit_cpp/environment/path.dsv
[0.708s] -- Up-to-date: /root/ros_ws/install/ur_moveit_cpp/share/ur_moveit_cpp/local_setup.bash
[0.708s] -- Up-to-date: /root/ros_ws/install/ur_moveit_cpp/share/ur_moveit_cpp/local_setup.sh
[0.708s] -- Up-to-date: /root/ros_ws/install/ur_moveit_cpp/share/ur_moveit_cpp/local_setup.zsh
[0.708s] -- Up-to-date: /root/ros_ws/install/ur_moveit_cpp/share/ur_moveit_cpp/local_setup.dsv
[0.708s] -- Installing: /root/ros_ws/install/ur_moveit_cpp/share/ur_moveit_cpp/package.dsv
[0.708s] -- Up-to-date: /root/ros_ws/install/ur_moveit_cpp/share/ament_index/resource_index/packages/ur_moveit_cpp
[0.708s] -- Up-to-date: /root/ros_ws/install/ur_moveit_cpp/share/ur_moveit_cpp/cmake/ur_moveit_cppConfig.cmake
[0.708s] -- Up-to-date: /root/ros_ws/install/ur_moveit_cpp/share/ur_moveit_cpp/cmake/ur_moveit_cppConfig-version.cmake
[0.708s] -- Up-to-date: /root/ros_ws/install/ur_moveit_cpp/share/ur_moveit_cpp/package.xml
[0.714s] Invoked command in '/root/ros_ws/build/ur_moveit_cpp' returned '0': CMAKE_PREFIX_PATH=${CMAKE_PREFIX_PATH}:/root/ros_ws/install/universal_robots_ur10e:/root/ros_ws/install/simple_moveit_app:/root/ros_ws/install/panda_moveit_python:/opt/ros/jazzy DEBUGINFOD_URLS=https://debuginfod.ubuntu.com /usr/bin/cmake --install /root/ros_ws/build/ur_moveit_cpp
