[0.104s] Invoking command in '/root/ros_ws/build/moveit_resources_panda_camera_description': CMAKE_PREFIX_PATH=${CMAKE_PREFIX_PATH}:/root/ros_ws/install/universal_robots_ur10e:/root/ros_ws/install/simple_moveit_app:/root/ros_ws/install/panda_moveit_python:/opt/ros/jazzy DEBUGINFOD_URLS=https://debuginfod.ubuntu.com /usr/bin/cmake --build /root/ros_ws/build/moveit_resources_panda_camera_description -- -j20 -l20
[1.413s] Invoked command in '/root/ros_ws/build/moveit_resources_panda_camera_description' returned '0': CMAKE_PREFIX_PATH=${CMAKE_PREFIX_PATH}:/root/ros_ws/install/universal_robots_ur10e:/root/ros_ws/install/simple_moveit_app:/root/ros_ws/install/panda_moveit_python:/opt/ros/jazzy DEBUGINFOD_URLS=https://debuginfod.ubuntu.com /usr/bin/cmake --build /root/ros_ws/build/moveit_resources_panda_camera_description -- -j20 -l20
[1.414s] Invoking command in '/root/ros_ws/build/moveit_resources_panda_camera_description': CMAKE_PREFIX_PATH=${CMAKE_PREFIX_PATH}:/root/ros_ws/install/universal_robots_ur10e:/root/ros_ws/install/simple_moveit_app:/root/ros_ws/install/panda_moveit_python:/opt/ros/jazzy DEBUGINFOD_URLS=https://debuginfod.ubuntu.com /usr/bin/cmake --install /root/ros_ws/build/moveit_resources_panda_camera_description
[1.620s] -- Install configuration: ""
[1.620s] -- Up-to-date: /root/ros_ws/install/moveit_resources_panda_camera_description/share/ament_index/resource_index/package_run_dependencies/moveit_resources_panda_camera_description
[1.620s] -- Up-to-date: /root/ros_ws/install/moveit_resources_panda_camera_description/share/ament_index/resource_index/parent_prefix_path/moveit_resources_panda_camera_description
[1.620s] -- Up-to-date: /root/ros_ws/install/moveit_resources_panda_camera_description/share/moveit_resources_panda_camera_description/environment/ament_prefix_path.sh
[1.620s] -- Up-to-date: /root/ros_ws/install/moveit_resources_panda_camera_description/share/moveit_resources_panda_camera_description/environment/ament_prefix_path.dsv
[1.621s] -- Up-to-date: /root/ros_ws/install/moveit_resources_panda_camera_description/share/moveit_resources_panda_camera_description/environment/path.sh
[1.621s] -- Up-to-date: /root/ros_ws/install/moveit_resources_panda_camera_description/share/moveit_resources_panda_camera_description/environment/path.dsv
[1.621s] -- Up-to-date: /root/ros_ws/install/moveit_resources_panda_camera_description/share/moveit_resources_panda_camera_description/local_setup.bash
[1.621s] -- Up-to-date: /root/ros_ws/install/moveit_resources_panda_camera_description/share/moveit_resources_panda_camera_description/local_setup.sh
[1.621s] -- Up-to-date: /root/ros_ws/install/moveit_resources_panda_camera_description/share/moveit_resources_panda_camera_description/local_setup.zsh
[1.621s] -- Up-to-date: /root/ros_ws/install/moveit_resources_panda_camera_description/share/moveit_resources_panda_camera_description/local_setup.dsv
[1.621s] -- Installing: /root/ros_ws/install/moveit_resources_panda_camera_description/share/moveit_resources_panda_camera_description/package.dsv
[1.622s] -- Up-to-date: /root/ros_ws/install/moveit_resources_panda_camera_description/share/ament_index/resource_index/packages/moveit_resources_panda_camera_description
[1.622s] -- Up-to-date: /root/ros_ws/install/moveit_resources_panda_camera_description/share/moveit_resources_panda_camera_description/cmake/moveit_resources_panda_camera_descriptionConfig.cmake
[1.622s] -- Up-to-date: /root/ros_ws/install/moveit_resources_panda_camera_description/share/moveit_resources_panda_camera_description/cmake/moveit_resources_panda_camera_descriptionConfig-version.cmake
[1.622s] -- Up-to-date: /root/ros_ws/install/moveit_resources_panda_camera_description/share/moveit_resources_panda_camera_description/package.xml
[1.622s] -- Up-to-date: /root/ros_ws/install/moveit_resources_panda_camera_description/share/moveit_resources_panda_camera_description/meshes
[1.622s] -- Up-to-date: /root/ros_ws/install/moveit_resources_panda_camera_description/share/moveit_resources_panda_camera_description/meshes/visual
[1.623s] -- Up-to-date: /root/ros_ws/install/moveit_resources_panda_camera_description/share/moveit_resources_panda_camera_description/meshes/visual/finger.dae
[1.623s] -- Up-to-date: /root/ros_ws/install/moveit_resources_panda_camera_description/share/moveit_resources_panda_camera_description/meshes/visual/link0.dae
[1.623s] -- Up-to-date: /root/ros_ws/install/moveit_resources_panda_camera_description/share/moveit_resources_panda_camera_description/meshes/visual/camera_with_adapter.dae
[1.623s] -- Up-to-date: /root/ros_ws/install/moveit_resources_panda_camera_description/share/moveit_resources_panda_camera_description/meshes/visual/link3.dae
[1.624s] -- Up-to-date: /root/ros_ws/install/moveit_resources_panda_camera_description/share/moveit_resources_panda_camera_description/meshes/visual/link7.dae
[1.624s] -- Up-to-date: /root/ros_ws/install/moveit_resources_panda_camera_description/share/moveit_resources_panda_camera_description/meshes/visual/link2.dae
[1.624s] -- Up-to-date: /root/ros_ws/install/moveit_resources_panda_camera_description/share/moveit_resources_panda_camera_description/meshes/visual/link1.dae
[1.625s] -- Up-to-date: /root/ros_ws/install/moveit_resources_panda_camera_description/share/moveit_resources_panda_camera_description/meshes/visual/link4.dae
[1.625s] -- Up-to-date: /root/ros_ws/install/moveit_resources_panda_camera_description/share/moveit_resources_panda_camera_description/meshes/visual/hand.dae
[1.625s] -- Up-to-date: /root/ros_ws/install/moveit_resources_panda_camera_description/share/moveit_resources_panda_camera_description/meshes/visual/link6.dae
[1.626s] -- Up-to-date: /root/ros_ws/install/moveit_resources_panda_camera_description/share/moveit_resources_panda_camera_description/meshes/visual/link5.dae
[1.626s] -- Up-to-date: /root/ros_ws/install/moveit_resources_panda_camera_description/share/moveit_resources_panda_camera_description/meshes/collision
[1.627s] -- Up-to-date: /root/ros_ws/install/moveit_resources_panda_camera_description/share/moveit_resources_panda_camera_description/meshes/collision/link0.stl
[1.627s] -- Up-to-date: /root/ros_ws/install/moveit_resources_panda_camera_description/share/moveit_resources_panda_camera_description/meshes/collision/link6.stl
[1.627s] -- Up-to-date: /root/ros_ws/install/moveit_resources_panda_camera_description/share/moveit_resources_panda_camera_description/meshes/collision/link1.stl
[1.627s] -- Up-to-date: /root/ros_ws/install/moveit_resources_panda_camera_description/share/moveit_resources_panda_camera_description/meshes/collision/camera_with_adapter.stl
[1.627s] -- Up-to-date: /root/ros_ws/install/moveit_resources_panda_camera_description/share/moveit_resources_panda_camera_description/meshes/collision/link2.stl
[1.627s] -- Up-to-date: /root/ros_ws/install/moveit_resources_panda_camera_description/share/moveit_resources_panda_camera_description/meshes/collision/link4.stl
[1.628s] -- Up-to-date: /root/ros_ws/install/moveit_resources_panda_camera_description/share/moveit_resources_panda_camera_description/meshes/collision/link3.stl
[1.628s] -- Up-to-date: /root/ros_ws/install/moveit_resources_panda_camera_description/share/moveit_resources_panda_camera_description/meshes/collision/link5.stl
[1.628s] -- Up-to-date: /root/ros_ws/install/moveit_resources_panda_camera_description/share/moveit_resources_panda_camera_description/meshes/collision/finger.stl
[1.628s] -- Up-to-date: /root/ros_ws/install/moveit_resources_panda_camera_description/share/moveit_resources_panda_camera_description/meshes/collision/link7.stl
[1.628s] -- Up-to-date: /root/ros_ws/install/moveit_resources_panda_camera_description/share/moveit_resources_panda_camera_description/meshes/collision/hand.stl
[1.628s] -- Up-to-date: /root/ros_ws/install/moveit_resources_panda_camera_description/share/moveit_resources_panda_camera_description/urdf
[1.628s] -- Up-to-date: /root/ros_ws/install/moveit_resources_panda_camera_description/share/moveit_resources_panda_camera_description/urdf/panda.urdf.xacro
[1.629s] -- Up-to-date: /root/ros_ws/install/moveit_resources_panda_camera_description/share/moveit_resources_panda_camera_description/urdf/panda.urdf
[1.629s] -- Up-to-date: /root/ros_ws/install/moveit_resources_panda_camera_description/share/moveit_resources_panda_camera_description/urdf/simple_camera.urdf.xacro
[1.903s] Invoked command in '/root/ros_ws/build/moveit_resources_panda_camera_description' returned '0': CMAKE_PREFIX_PATH=${CMAKE_PREFIX_PATH}:/root/ros_ws/install/universal_robots_ur10e:/root/ros_ws/install/simple_moveit_app:/root/ros_ws/install/panda_moveit_python:/opt/ros/jazzy DEBUGINFOD_URLS=https://debuginfod.ubuntu.com /usr/bin/cmake --install /root/ros_ws/build/moveit_resources_panda_camera_description
