[0.146s] Invoking command in '/root/ros_ws/build/robotiq_driver': CMAKE_PREFIX_PATH=/root/ros_ws/install/serial:/root/ros_ws/install/moveit_resources_panda_camera_moveit_config:/root/ros_ws/install/moveit_resources_panda_camera_description:/root/ros_ws/install/zivid_samples:/root/ros_ws/install/zivid_rviz_plugin:/root/ros_ws/install/zivid_camera:/root/ros_ws/install/zivid_interfaces:/root/ros_ws/install/ur_moveit_cpp:/root/ros_ws/install/robotiq_hardware_tests:/root/ros_ws/install/robotiq_driver:/root/ros_ws/install/moveit_task_constructor_visualization:/root/ros_ws/install/moveit_task_constructor_demo:/root/ros_ws/install/moveit_task_constructor_capabilities:/root/ros_ws/install/moveit2_tutorials:/root/ros_ws/install/moveit_task_constructor_core:/root/ros_ws/install/rviz_marker_tools:/root/ros_ws/install/robotiq_description:/root/ros_ws/install/robotiq_controllers:/root/ros_ws/install/panda_moveit_cpp:/root/ros_ws/install/moveit_task_constructor_msgs:/root/ros_ws/install/moveit_resources:/root/ros_ws/install/moveit_resources_pr2_description:/root/ros_ws/install/moveit_resources_panda_moveit_config:/root/ros_ws/install/dual_arm_panda_moveit_config:/root/ros_ws/install/moveit_resources_panda_description:/root/ros_ws/install/moveit_resources_fanuc_moveit_config:/root/ros_ws/install/moveit_resources_fanuc_description:/root/ros_ws/install/cable_detection_picking:/opt/ros/jazzy/opt/gz_sim_vendor:/opt/ros/jazzy/opt/gz_sensors_vendor:/opt/ros/jazzy/opt/gz_physics_vendor:/opt/ros/jazzy/opt/sdformat_vendor:/opt/ros/jazzy/opt/gz_gui_vendor:/opt/ros/jazzy/opt/gz_transport_vendor:/opt/ros/jazzy/opt/gz_rendering_vendor:/opt/ros/jazzy/opt/gz_plugin_vendor:/opt/ros/jazzy/opt/gz_fuel_tools_vendor:/opt/ros/jazzy/opt/gz_msgs_vendor:/opt/ros/jazzy/opt/gz_common_vendor:/opt/ros/jazzy/opt/gz_math_vendor:/opt/ros/jazzy/opt/gz_utils_vendor:/opt/ros/jazzy/opt/gz_tools_vendor:/opt/ros/jazzy/opt/gz_ogre_next_vendor:/opt/ros/jazzy/opt/gz_dartsim_vendor:/opt/ros/jazzy/opt/gz_cmake_vendor:/root/ros_ws/install/universal_robots_ur10e:/root/ros_ws/install/simple_moveit_app:/root/ros_ws/install/panda_moveit_python:/opt/ros/jazzy DEBUGINFOD_URLS=https://debuginfod.ubuntu.com /usr/bin/cmake --build /root/ros_ws/build/robotiq_driver -- -j20 -l20
[0.268s] [  8%] Built target gmock_main
[0.276s] [ 20%] Built target gmock
[0.281s] [ 58%] Built target robotiq_driver
[0.331s] [ 75%] Built target test_crc_utils
[0.331s] [ 75%] Built target test_data_utils
[0.333s] [ 83%] Built target test_default_driver_factory
[0.336s] [ 91%] Built target test_robotiq_gripper_hardware_interface
[0.340s] [100%] Built target test_default_serial_factory
[0.368s] Invoked command in '/root/ros_ws/build/robotiq_driver' returned '0': CMAKE_PREFIX_PATH=/root/ros_ws/install/serial:/root/ros_ws/install/moveit_resources_panda_camera_moveit_config:/root/ros_ws/install/moveit_resources_panda_camera_description:/root/ros_ws/install/zivid_samples:/root/ros_ws/install/zivid_rviz_plugin:/root/ros_ws/install/zivid_camera:/root/ros_ws/install/zivid_interfaces:/root/ros_ws/install/ur_moveit_cpp:/root/ros_ws/install/robotiq_hardware_tests:/root/ros_ws/install/robotiq_driver:/root/ros_ws/install/moveit_task_constructor_visualization:/root/ros_ws/install/moveit_task_constructor_demo:/root/ros_ws/install/moveit_task_constructor_capabilities:/root/ros_ws/install/moveit2_tutorials:/root/ros_ws/install/moveit_task_constructor_core:/root/ros_ws/install/rviz_marker_tools:/root/ros_ws/install/robotiq_description:/root/ros_ws/install/robotiq_controllers:/root/ros_ws/install/panda_moveit_cpp:/root/ros_ws/install/moveit_task_constructor_msgs:/root/ros_ws/install/moveit_resources:/root/ros_ws/install/moveit_resources_pr2_description:/root/ros_ws/install/moveit_resources_panda_moveit_config:/root/ros_ws/install/dual_arm_panda_moveit_config:/root/ros_ws/install/moveit_resources_panda_description:/root/ros_ws/install/moveit_resources_fanuc_moveit_config:/root/ros_ws/install/moveit_resources_fanuc_description:/root/ros_ws/install/cable_detection_picking:/opt/ros/jazzy/opt/gz_sim_vendor:/opt/ros/jazzy/opt/gz_sensors_vendor:/opt/ros/jazzy/opt/gz_physics_vendor:/opt/ros/jazzy/opt/sdformat_vendor:/opt/ros/jazzy/opt/gz_gui_vendor:/opt/ros/jazzy/opt/gz_transport_vendor:/opt/ros/jazzy/opt/gz_rendering_vendor:/opt/ros/jazzy/opt/gz_plugin_vendor:/opt/ros/jazzy/opt/gz_fuel_tools_vendor:/opt/ros/jazzy/opt/gz_msgs_vendor:/opt/ros/jazzy/opt/gz_common_vendor:/opt/ros/jazzy/opt/gz_math_vendor:/opt/ros/jazzy/opt/gz_utils_vendor:/opt/ros/jazzy/opt/gz_tools_vendor:/opt/ros/jazzy/opt/gz_ogre_next_vendor:/opt/ros/jazzy/opt/gz_dartsim_vendor:/opt/ros/jazzy/opt/gz_cmake_vendor:/root/ros_ws/install/universal_robots_ur10e:/root/ros_ws/install/simple_moveit_app:/root/ros_ws/install/panda_moveit_python:/opt/ros/jazzy DEBUGINFOD_URLS=https://debuginfod.ubuntu.com /usr/bin/cmake --build /root/ros_ws/build/robotiq_driver -- -j20 -l20
[0.370s] Invoking command in '/root/ros_ws/build/robotiq_driver': CMAKE_PREFIX_PATH=/root/ros_ws/install/serial:/root/ros_ws/install/moveit_resources_panda_camera_moveit_config:/root/ros_ws/install/moveit_resources_panda_camera_description:/root/ros_ws/install/zivid_samples:/root/ros_ws/install/zivid_rviz_plugin:/root/ros_ws/install/zivid_camera:/root/ros_ws/install/zivid_interfaces:/root/ros_ws/install/ur_moveit_cpp:/root/ros_ws/install/robotiq_hardware_tests:/root/ros_ws/install/robotiq_driver:/root/ros_ws/install/moveit_task_constructor_visualization:/root/ros_ws/install/moveit_task_constructor_demo:/root/ros_ws/install/moveit_task_constructor_capabilities:/root/ros_ws/install/moveit2_tutorials:/root/ros_ws/install/moveit_task_constructor_core:/root/ros_ws/install/rviz_marker_tools:/root/ros_ws/install/robotiq_description:/root/ros_ws/install/robotiq_controllers:/root/ros_ws/install/panda_moveit_cpp:/root/ros_ws/install/moveit_task_constructor_msgs:/root/ros_ws/install/moveit_resources:/root/ros_ws/install/moveit_resources_pr2_description:/root/ros_ws/install/moveit_resources_panda_moveit_config:/root/ros_ws/install/dual_arm_panda_moveit_config:/root/ros_ws/install/moveit_resources_panda_description:/root/ros_ws/install/moveit_resources_fanuc_moveit_config:/root/ros_ws/install/moveit_resources_fanuc_description:/root/ros_ws/install/cable_detection_picking:/opt/ros/jazzy/opt/gz_sim_vendor:/opt/ros/jazzy/opt/gz_sensors_vendor:/opt/ros/jazzy/opt/gz_physics_vendor:/opt/ros/jazzy/opt/sdformat_vendor:/opt/ros/jazzy/opt/gz_gui_vendor:/opt/ros/jazzy/opt/gz_transport_vendor:/opt/ros/jazzy/opt/gz_rendering_vendor:/opt/ros/jazzy/opt/gz_plugin_vendor:/opt/ros/jazzy/opt/gz_fuel_tools_vendor:/opt/ros/jazzy/opt/gz_msgs_vendor:/opt/ros/jazzy/opt/gz_common_vendor:/opt/ros/jazzy/opt/gz_math_vendor:/opt/ros/jazzy/opt/gz_utils_vendor:/opt/ros/jazzy/opt/gz_tools_vendor:/opt/ros/jazzy/opt/gz_ogre_next_vendor:/opt/ros/jazzy/opt/gz_dartsim_vendor:/opt/ros/jazzy/opt/gz_cmake_vendor:/root/ros_ws/install/universal_robots_ur10e:/root/ros_ws/install/simple_moveit_app:/root/ros_ws/install/panda_moveit_python:/opt/ros/jazzy DEBUGINFOD_URLS=https://debuginfod.ubuntu.com /usr/bin/cmake --install /root/ros_ws/build/robotiq_driver
[0.385s] -- Install configuration: ""
[0.386s] -- Up-to-date: /root/ros_ws/install/robotiq_driver/share/robotiq_driver/hardware_interface_plugin.xml
[0.387s] -- Up-to-date: /root/ros_ws/install/robotiq_driver/share/robotiq_driver/environment/library_path.sh
[0.388s] -- Up-to-date: /root/ros_ws/install/robotiq_driver/share/robotiq_driver/environment/library_path.dsv
[0.388s] -- Up-to-date: /root/ros_ws/install/robotiq_driver/include
[0.388s] -- Up-to-date: /root/ros_ws/install/robotiq_driver/include/robotiq_driver
[0.388s] -- Up-to-date: /root/ros_ws/install/robotiq_driver/include/robotiq_driver/driver.hpp
[0.389s] -- Up-to-date: /root/ros_ws/install/robotiq_driver/include/robotiq_driver/default_driver_factory.hpp
[0.389s] -- Up-to-date: /root/ros_ws/install/robotiq_driver/include/robotiq_driver/crc_utils.hpp
[0.389s] -- Up-to-date: /root/ros_ws/install/robotiq_driver/include/robotiq_driver/default_driver.hpp
[0.389s] -- Up-to-date: /root/ros_ws/install/robotiq_driver/include/robotiq_driver/hardware_interface.hpp
[0.389s] -- Up-to-date: /root/ros_ws/install/robotiq_driver/include/robotiq_driver/visibility_control.hpp
[0.390s] -- Up-to-date: /root/ros_ws/install/robotiq_driver/include/robotiq_driver/driver_factory.hpp
[0.390s] -- Up-to-date: /root/ros_ws/install/robotiq_driver/include/robotiq_driver/fake
[0.391s] -- Up-to-date: /root/ros_ws/install/robotiq_driver/include/robotiq_driver/fake/fake_driver.hpp
[0.391s] -- Up-to-date: /root/ros_ws/install/robotiq_driver/include/robotiq_driver/serial.hpp
[0.392s] -- Up-to-date: /root/ros_ws/install/robotiq_driver/include/robotiq_driver/data_utils.hpp
[0.392s] -- Up-to-date: /root/ros_ws/install/robotiq_driver/include/robotiq_driver/driver_exception.hpp
[0.393s] -- Up-to-date: /root/ros_ws/install/robotiq_driver/include/robotiq_driver/default_serial_factory.hpp
[0.393s] -- Up-to-date: /root/ros_ws/install/robotiq_driver/include/robotiq_driver/default_serial.hpp
[0.393s] -- Up-to-date: /root/ros_ws/install/robotiq_driver/include/robotiq_driver/serial_factory.hpp
[0.394s] -- Up-to-date: /root/ros_ws/install/robotiq_driver/lib/librobotiq_driver.so
[0.394s] -- Up-to-date: /root/ros_ws/install/robotiq_driver/share/ament_index/resource_index/package_run_dependencies/robotiq_driver
[0.394s] -- Up-to-date: /root/ros_ws/install/robotiq_driver/share/ament_index/resource_index/parent_prefix_path/robotiq_driver
[0.397s] -- Up-to-date: /root/ros_ws/install/robotiq_driver/share/robotiq_driver/environment/ament_prefix_path.sh
[0.397s] -- Up-to-date: /root/ros_ws/install/robotiq_driver/share/robotiq_driver/environment/ament_prefix_path.dsv
[0.398s] -- Up-to-date: /root/ros_ws/install/robotiq_driver/share/robotiq_driver/environment/path.sh
[0.398s] -- Up-to-date: /root/ros_ws/install/robotiq_driver/share/robotiq_driver/environment/path.dsv
[0.399s] -- Up-to-date: /root/ros_ws/install/robotiq_driver/share/robotiq_driver/local_setup.bash
[0.400s] -- Up-to-date: /root/ros_ws/install/robotiq_driver/share/robotiq_driver/local_setup.sh
[0.400s] -- Up-to-date: /root/ros_ws/install/robotiq_driver/share/robotiq_driver/local_setup.zsh
[0.401s] -- Up-to-date: /root/ros_ws/install/robotiq_driver/share/robotiq_driver/local_setup.dsv
[0.401s] -- Installing: /root/ros_ws/install/robotiq_driver/share/robotiq_driver/package.dsv
[0.402s] -- Up-to-date: /root/ros_ws/install/robotiq_driver/share/ament_index/resource_index/packages/robotiq_driver
[0.403s] -- Up-to-date: /root/ros_ws/install/robotiq_driver/share/ament_index/resource_index/hardware_interface__pluginlib__plugin/robotiq_driver
[0.403s] -- Up-to-date: /root/ros_ws/install/robotiq_driver/share/robotiq_driver/cmake/robotiq_driver_targetsExport.cmake
[0.403s] -- Up-to-date: /root/ros_ws/install/robotiq_driver/share/robotiq_driver/cmake/robotiq_driver_targetsExport-noconfig.cmake
[0.404s] -- Up-to-date: /root/ros_ws/install/robotiq_driver/share/robotiq_driver/cmake/ament_cmake_export_targets-extras.cmake
[0.405s] -- Up-to-date: /root/ros_ws/install/robotiq_driver/share/robotiq_driver/cmake/ament_cmake_export_dependencies-extras.cmake
[0.405s] -- Up-to-date: /root/ros_ws/install/robotiq_driver/share/robotiq_driver/cmake/ament_cmake_export_include_directories-extras.cmake
[0.405s] -- Up-to-date: /root/ros_ws/install/robotiq_driver/share/robotiq_driver/cmake/ament_cmake_export_libraries-extras.cmake
[0.405s] -- Up-to-date: /root/ros_ws/install/robotiq_driver/share/robotiq_driver/cmake/robotiq_driverConfig.cmake
[0.406s] -- Up-to-date: /root/ros_ws/install/robotiq_driver/share/robotiq_driver/cmake/robotiq_driverConfig-version.cmake
[0.406s] -- Up-to-date: /root/ros_ws/install/robotiq_driver/share/robotiq_driver/package.xml
[0.416s] Invoked command in '/root/ros_ws/build/robotiq_driver' returned '0': CMAKE_PREFIX_PATH=/root/ros_ws/install/serial:/root/ros_ws/install/moveit_resources_panda_camera_moveit_config:/root/ros_ws/install/moveit_resources_panda_camera_description:/root/ros_ws/install/zivid_samples:/root/ros_ws/install/zivid_rviz_plugin:/root/ros_ws/install/zivid_camera:/root/ros_ws/install/zivid_interfaces:/root/ros_ws/install/ur_moveit_cpp:/root/ros_ws/install/robotiq_hardware_tests:/root/ros_ws/install/robotiq_driver:/root/ros_ws/install/moveit_task_constructor_visualization:/root/ros_ws/install/moveit_task_constructor_demo:/root/ros_ws/install/moveit_task_constructor_capabilities:/root/ros_ws/install/moveit2_tutorials:/root/ros_ws/install/moveit_task_constructor_core:/root/ros_ws/install/rviz_marker_tools:/root/ros_ws/install/robotiq_description:/root/ros_ws/install/robotiq_controllers:/root/ros_ws/install/panda_moveit_cpp:/root/ros_ws/install/moveit_task_constructor_msgs:/root/ros_ws/install/moveit_resources:/root/ros_ws/install/moveit_resources_pr2_description:/root/ros_ws/install/moveit_resources_panda_moveit_config:/root/ros_ws/install/dual_arm_panda_moveit_config:/root/ros_ws/install/moveit_resources_panda_description:/root/ros_ws/install/moveit_resources_fanuc_moveit_config:/root/ros_ws/install/moveit_resources_fanuc_description:/root/ros_ws/install/cable_detection_picking:/opt/ros/jazzy/opt/gz_sim_vendor:/opt/ros/jazzy/opt/gz_sensors_vendor:/opt/ros/jazzy/opt/gz_physics_vendor:/opt/ros/jazzy/opt/sdformat_vendor:/opt/ros/jazzy/opt/gz_gui_vendor:/opt/ros/jazzy/opt/gz_transport_vendor:/opt/ros/jazzy/opt/gz_rendering_vendor:/opt/ros/jazzy/opt/gz_plugin_vendor:/opt/ros/jazzy/opt/gz_fuel_tools_vendor:/opt/ros/jazzy/opt/gz_msgs_vendor:/opt/ros/jazzy/opt/gz_common_vendor:/opt/ros/jazzy/opt/gz_math_vendor:/opt/ros/jazzy/opt/gz_utils_vendor:/opt/ros/jazzy/opt/gz_tools_vendor:/opt/ros/jazzy/opt/gz_ogre_next_vendor:/opt/ros/jazzy/opt/gz_dartsim_vendor:/opt/ros/jazzy/opt/gz_cmake_vendor:/root/ros_ws/install/universal_robots_ur10e:/root/ros_ws/install/simple_moveit_app:/root/ros_ws/install/panda_moveit_python:/opt/ros/jazzy DEBUGINFOD_URLS=https://debuginfod.ubuntu.com /usr/bin/cmake --install /root/ros_ws/build/robotiq_driver
