[0.035s] Invoking command in '/root/ros_ws/build/moveit_resources_panda_camera_moveit_config': CMAKE_PREFIX_PATH=/root/ros_ws/install/moveit_resources_panda_description:/root/ros_ws/install/zivid_samples:/root/ros_ws/install/zivid_rviz_plugin:/root/ros_ws/install/zivid_camera:/root/ros_ws/install/zivid_interfaces:/root/ros_ws/install/ur_moveit_cpp:/root/ros_ws/install/robotiq_hardware_tests:/root/ros_ws/install/robotiq_driver:/root/ros_ws/install/serial:/root/ros_ws/install/moveit_task_constructor_visualization:/root/ros_ws/install/moveit_task_constructor_demo:/root/ros_ws/install/moveit_task_constructor_capabilities:/root/ros_ws/install/moveit2_tutorials:/root/ros_ws/install/moveit_task_constructor_core:/root/ros_ws/install/rviz_marker_tools:/root/ros_ws/install/robotiq_description:/root/ros_ws/install/robotiq_controllers:/root/ros_ws/install/panda_moveit_cpp:/root/ros_ws/install/moveit_task_constructor_msgs:/root/ros_ws/install/moveit_resources:/root/ros_ws/install/moveit_resources_pr2_description:/root/ros_ws/install/moveit_resources_panda_moveit_config:/root/ros_ws/install/dual_arm_panda_moveit_config:/root/ros_ws/install/moveit_resources_fanuc_moveit_config:/root/ros_ws/install/moveit_resources_fanuc_description:/root/ros_ws/install/cable_detection_picking:/opt/ros/jazzy/opt/gz_sim_vendor:/opt/ros/jazzy/opt/gz_sensors_vendor:/opt/ros/jazzy/opt/gz_physics_vendor:/opt/ros/jazzy/opt/sdformat_vendor:/opt/ros/jazzy/opt/gz_gui_vendor:/opt/ros/jazzy/opt/gz_transport_vendor:/opt/ros/jazzy/opt/gz_rendering_vendor:/opt/ros/jazzy/opt/gz_plugin_vendor:/opt/ros/jazzy/opt/gz_fuel_tools_vendor:/opt/ros/jazzy/opt/gz_msgs_vendor:/opt/ros/jazzy/opt/gz_common_vendor:/opt/ros/jazzy/opt/gz_math_vendor:/opt/ros/jazzy/opt/gz_utils_vendor:/opt/ros/jazzy/opt/gz_tools_vendor:/opt/ros/jazzy/opt/gz_ogre_next_vendor:/opt/ros/jazzy/opt/gz_dartsim_vendor:/opt/ros/jazzy/opt/gz_cmake_vendor:/root/ros_ws/install/universal_robots_ur10e:/root/ros_ws/install/simple_moveit_app:/root/ros_ws/install/panda_moveit_python:/opt/ros/jazzy DEBUGINFOD_URLS=https://debuginfod.ubuntu.com /usr/bin/cmake /root/ros_ws/src/moveit_resources/panda_camera_moveit_config  -DCMAKE_INSTALL_PREFIX=/root/ros_ws/install/moveit_resources_panda_camera_moveit_config
[0.159s] -- The C compiler identification is GNU 13.3.0
[0.269s] -- The CXX compiler identification is GNU 13.3.0
[0.294s] -- Detecting C compiler ABI info
[0.405s] -- Detecting C compiler ABI info - done
[0.420s] -- Check for working C compiler: /usr/bin/cc - skipped
[0.421s] -- Detecting C compile features
[0.422s] -- Detecting C compile features - done
[0.434s] -- Detecting CXX compiler ABI info
[0.561s] -- Detecting CXX compiler ABI info - done
[0.579s] -- Check for working CXX compiler: /usr/bin/c++ - skipped
[0.579s] -- Detecting CXX compile features
[0.580s] -- Detecting CXX compile features - done
[0.597s] -- Found ament_cmake: 2.5.4 (/opt/ros/jazzy/share/ament_cmake/cmake)
[0.855s] -- Found Python3: /usr/bin/python3 (found version "3.12.3") found components: Interpreter 
[1.241s] [31mCMake Error at /opt/ros/jazzy/share/ament_cmake_core/cmake/core/ament_package_xml.cmake:53 (message):
[1.241s]   ament_package_xml() package name
[1.242s]   'moveit_resources_panda_camera_moveit_config' in '/package.xml' does not
[1.242s]   match current PROJECT_NAME 'moveit_resources_panda_moveit_config'.  You
[1.242s]   must call project() with the same package name before.
[1.242s] Call Stack (most recent call first):
[1.242s]   /opt/ros/jazzy/share/ament_cmake_core/cmake/core/ament_package.cmake:63 (ament_package_xml)
[1.242s]   CMakeLists.txt:5 (ament_package)
[1.242s] 
[1.242s] [0m
[1.243s] -- Configuring incomplete, errors occurred!
[1.260s] Invoked command in '/root/ros_ws/build/moveit_resources_panda_camera_moveit_config' returned '1': CMAKE_PREFIX_PATH=/root/ros_ws/install/moveit_resources_panda_description:/root/ros_ws/install/zivid_samples:/root/ros_ws/install/zivid_rviz_plugin:/root/ros_ws/install/zivid_camera:/root/ros_ws/install/zivid_interfaces:/root/ros_ws/install/ur_moveit_cpp:/root/ros_ws/install/robotiq_hardware_tests:/root/ros_ws/install/robotiq_driver:/root/ros_ws/install/serial:/root/ros_ws/install/moveit_task_constructor_visualization:/root/ros_ws/install/moveit_task_constructor_demo:/root/ros_ws/install/moveit_task_constructor_capabilities:/root/ros_ws/install/moveit2_tutorials:/root/ros_ws/install/moveit_task_constructor_core:/root/ros_ws/install/rviz_marker_tools:/root/ros_ws/install/robotiq_description:/root/ros_ws/install/robotiq_controllers:/root/ros_ws/install/panda_moveit_cpp:/root/ros_ws/install/moveit_task_constructor_msgs:/root/ros_ws/install/moveit_resources:/root/ros_ws/install/moveit_resources_pr2_description:/root/ros_ws/install/moveit_resources_panda_moveit_config:/root/ros_ws/install/dual_arm_panda_moveit_config:/root/ros_ws/install/moveit_resources_fanuc_moveit_config:/root/ros_ws/install/moveit_resources_fanuc_description:/root/ros_ws/install/cable_detection_picking:/opt/ros/jazzy/opt/gz_sim_vendor:/opt/ros/jazzy/opt/gz_sensors_vendor:/opt/ros/jazzy/opt/gz_physics_vendor:/opt/ros/jazzy/opt/sdformat_vendor:/opt/ros/jazzy/opt/gz_gui_vendor:/opt/ros/jazzy/opt/gz_transport_vendor:/opt/ros/jazzy/opt/gz_rendering_vendor:/opt/ros/jazzy/opt/gz_plugin_vendor:/opt/ros/jazzy/opt/gz_fuel_tools_vendor:/opt/ros/jazzy/opt/gz_msgs_vendor:/opt/ros/jazzy/opt/gz_common_vendor:/opt/ros/jazzy/opt/gz_math_vendor:/opt/ros/jazzy/opt/gz_utils_vendor:/opt/ros/jazzy/opt/gz_tools_vendor:/opt/ros/jazzy/opt/gz_ogre_next_vendor:/opt/ros/jazzy/opt/gz_dartsim_vendor:/opt/ros/jazzy/opt/gz_cmake_vendor:/root/ros_ws/install/universal_robots_ur10e:/root/ros_ws/install/simple_moveit_app:/root/ros_ws/install/panda_moveit_python:/opt/ros/jazzy DEBUGINFOD_URLS=https://debuginfod.ubuntu.com /usr/bin/cmake /root/ros_ws/src/moveit_resources/panda_camera_moveit_config  -DCMAKE_INSTALL_PREFIX=/root/ros_ws/install/moveit_resources_panda_camera_moveit_config
