[0.830s] Invoking command in '/root/ros_ws/build/ridgeback_description': DEBUGINFOD_URLS=https://debuginfod.ubuntu.com /usr/bin/cmake /root/ros_ws/rtb_env/lib/python3.12/site-packages/rtbdata/xacro/ridgeback_description -DCATKIN_INSTALL_INTO_PREFIX_ROOT=0 -DCMAKE_INSTALL_PREFIX=/root/ros_ws/install/ridgeback_description
[1.604s] -- The C compiler identification is GNU 13.3.0
[1.604s] -- The CXX compiler identification is GNU 13.3.0
[1.604s] -- Detecting C compiler ABI info
[1.604s] -- Detecting C compiler ABI info - done
[1.605s] -- Check for working C compiler: /usr/bin/cc - skipped
[1.605s] -- Detecting C compile features
[1.606s] -- Detecting C compile features - done
[1.606s] -- Detecting CXX compiler ABI info
[1.606s] -- Detecting CXX compiler ABI info - done
[1.607s] -- Check for working CXX compiler: /usr/bin/c++ - skipped
[1.607s] -- Detecting CXX compile features
[1.608s] -- Detecting CXX compile features - done
[1.608s] -- Configuring incomplete, errors occurred!
[1.608s] [0mCMake Deprecation Warning at CMakeLists.txt:1 (cmake_minimum_required):
[1.609s]   Compatibility with CMake < 3.5 will be removed from a future version of
[1.609s]   CMake.
[1.609s] 
[1.610s]   Update the VERSION argument <min> value or use a ...<max> suffix to tell
[1.610s]   CMake that the project does not need compatibility with older versions.
[1.611s] 
[1.611s] [0m
[1.611s] [31mCMake Error at CMakeLists.txt:4 (find_package):
[1.612s]   By not providing "Findcatkin.cmake" in CMAKE_MODULE_PATH this project has
[1.612s]   asked CMake to find a package configuration file provided by "catkin", but
[1.613s]   CMake did not find one.
[1.613s] 
[1.613s]   Could not find a package configuration file provided by "catkin" with any
[1.613s]   of the following names:
[1.614s] 
[1.614s]     catkinConfig.cmake
[1.614s]     catkin-config.cmake
[1.615s] 
[1.615s]   Add the installation prefix of "catkin" to CMAKE_PREFIX_PATH or set
[1.616s]   "catkin_DIR" to a directory containing one of the above files.  If "catkin"
[1.617s]   provides a separate development package or SDK, be sure it has been
[1.617s]   installed.
[1.617s] 
[1.618s] [0m
[1.633s] Invoked command in '/root/ros_ws/build/ridgeback_description' returned '1': DEBUGINFOD_URLS=https://debuginfod.ubuntu.com /usr/bin/cmake /root/ros_ws/rtb_env/lib/python3.12/site-packages/rtbdata/xacro/ridgeback_description -DCATKIN_INSTALL_INTO_PREFIX_ROOT=0 -DCMAKE_INSTALL_PREFIX=/root/ros_ws/install/ridgeback_description
