running egg_info
creating ../../build/universal_robots_ur10e/universal_robots_ur10e.egg-info
writing ../../build/universal_robots_ur10e/universal_robots_ur10e.egg-info/PKG-INFO
writing dependency_links to ../../build/universal_robots_ur10e/universal_robots_ur10e.egg-info/dependency_links.txt
writing entry points to ../../build/universal_robots_ur10e/universal_robots_ur10e.egg-info/entry_points.txt
writing requirements to ../../build/universal_robots_ur10e/universal_robots_ur10e.egg-info/requires.txt
writing top-level names to ../../build/universal_robots_ur10e/universal_robots_ur10e.egg-info/top_level.txt
writing manifest file '../../build/universal_robots_ur10e/universal_robots_ur10e.egg-info/SOURCES.txt'
reading manifest file '../../build/universal_robots_ur10e/universal_robots_ur10e.egg-info/SOURCES.txt'
writing manifest file '../../build/universal_robots_ur10e/universal_robots_ur10e.egg-info/SOURCES.txt'
running build
running build_py
creating /root/ros_ws/build/universal_robots_ur10e/build
creating /root/ros_ws/build/universal_robots_ur10e/build/lib
creating /root/ros_ws/build/universal_robots_ur10e/build/lib/universal_robots_ur10e
copying universal_robots_ur10e/__init__.py -> /root/ros_ws/build/universal_robots_ur10e/build/lib/universal_robots_ur10e
running install
running install_lib
creating /root/ros_ws/install/universal_robots_ur10e/lib/python3.12/site-packages/universal_robots_ur10e
copying /root/ros_ws/build/universal_robots_ur10e/build/lib/universal_robots_ur10e/__init__.py -> /root/ros_ws/install/universal_robots_ur10e/lib/python3.12/site-packages/universal_robots_ur10e
byte-compiling /root/ros_ws/install/universal_robots_ur10e/lib/python3.12/site-packages/universal_robots_ur10e/__init__.py to __init__.cpython-312.pyc
running install_data
copying package.xml -> /root/ros_ws/install/universal_robots_ur10e/share/universal_robots_ur10e
creating /root/ros_ws/install/universal_robots_ur10e/share/universal_robots_ur10e/launch
copying launch/ur_moveit.launch.py -> /root/ros_ws/install/universal_robots_ur10e/share/universal_robots_ur10e/launch
creating /root/ros_ws/install/universal_robots_ur10e/share/universal_robots_ur10e/config
copying config/kinematics.yaml -> /root/ros_ws/install/universal_robots_ur10e/share/universal_robots_ur10e/config
copying config/ur_controllers.yaml -> /root/ros_ws/install/universal_robots_ur10e/share/universal_robots_ur10e/config
copying config/initial_positions.yaml -> /root/ros_ws/install/universal_robots_ur10e/share/universal_robots_ur10e/config
copying config/moveit_controllers.yaml -> /root/ros_ws/install/universal_robots_ur10e/share/universal_robots_ur10e/config
copying config/pilz_cartesian_limits.yaml -> /root/ros_ws/install/universal_robots_ur10e/share/universal_robots_ur10e/config
copying config/ompl_planning.yaml -> /root/ros_ws/install/universal_robots_ur10e/share/universal_robots_ur10e/config
copying config/joint_limits.yaml -> /root/ros_ws/install/universal_robots_ur10e/share/universal_robots_ur10e/config
copying config/ur_moveit.rviz -> /root/ros_ws/install/universal_robots_ur10e/share/universal_robots_ur10e/config
copying config/ur.urdf.xacro -> /root/ros_ws/install/universal_robots_ur10e/share/universal_robots_ur10e/config
copying config/ur.srdf.xacro -> /root/ros_ws/install/universal_robots_ur10e/share/universal_robots_ur10e/config
copying config/ur_macro.srdf.xacro -> /root/ros_ws/install/universal_robots_ur10e/share/universal_robots_ur10e/config
copying config/ur_macro.xacro -> /root/ros_ws/install/universal_robots_ur10e/share/universal_robots_ur10e/config
creating /root/ros_ws/install/universal_robots_ur10e/share/universal_robots_ur10e/config/ur10e
copying config/ur10e/default_kinematics.yaml -> /root/ros_ws/install/universal_robots_ur10e/share/universal_robots_ur10e/config/ur10e
copying config/ur10e/physical_parameters.yaml -> /root/ros_ws/install/universal_robots_ur10e/share/universal_robots_ur10e/config/ur10e
copying config/ur10e/visual_parameters.yaml -> /root/ros_ws/install/universal_robots_ur10e/share/universal_robots_ur10e/config/ur10e
copying config/ur10e/joint_limits.yaml -> /root/ros_ws/install/universal_robots_ur10e/share/universal_robots_ur10e/config/ur10e
creating /root/ros_ws/install/universal_robots_ur10e/share/universal_robots_ur10e/srdf
creating /root/ros_ws/install/universal_robots_ur10e/share/universal_robots_ur10e/urdf
creating /root/ros_ws/install/universal_robots_ur10e/share/universal_robots_ur10e/urdf/inc
creating /root/ros_ws/install/universal_robots_ur10e/share/ament_index
creating /root/ros_ws/install/universal_robots_ur10e/share/ament_index/resource_index
creating /root/ros_ws/install/universal_robots_ur10e/share/ament_index/resource_index/packages
copying resource/universal_robots_ur10e -> /root/ros_ws/install/universal_robots_ur10e/share/ament_index/resource_index/packages
running install_egg_info
Copying ../../build/universal_robots_ur10e/universal_robots_ur10e.egg-info to /root/ros_ws/install/universal_robots_ur10e/lib/python3.12/site-packages/universal_robots_ur10e-0.1.0-py3.12.egg-info
running install_scripts
Installing scene_subscriber script to /root/ros_ws/install/universal_robots_ur10e/lib/universal_robots_ur10e
writing list of installed files to '/root/ros_ws/build/universal_robots_ur10e/install.log'
