[0.086s] Invoking command in '/root/ros_ws/build/serial': CMAKE_PREFIX_PATH=${CMAKE_PREFIX_PATH}:/opt/ros/jazzy DEBUGINFOD_URLS=https://debuginfod.ubuntu.com /usr/bin/cmake --build /root/ros_ws/build/serial -- -j20 -l20
[1.631s] [100%] Built target serial
[1.661s] Invoked command in '/root/ros_ws/build/serial' returned '0': CMAKE_PREFIX_PATH=${CMAKE_PREFIX_PATH}:/opt/ros/jazzy DEBUGINFOD_URLS=https://debuginfod.ubuntu.com /usr/bin/cmake --build /root/ros_ws/build/serial -- -j20 -l20
[1.661s] Invoking command in '/root/ros_ws/build/serial': CMAKE_PREFIX_PATH=${CMAKE_PREFIX_PATH}:/opt/ros/jazzy DEBUGINFOD_URLS=https://debuginfod.ubuntu.com /usr/bin/cmake --install /root/ros_ws/build/serial
[1.794s] -- Install configuration: ""
[1.794s] -- Up-to-date: /root/ros_ws/install/serial/lib/libserial.a
[1.795s] -- Up-to-date: /root/ros_ws/install/serial/include
[1.795s] -- Up-to-date: /root/ros_ws/install/serial/include/serial
[1.795s] -- Up-to-date: /root/ros_ws/install/serial/include/serial/impl
[1.795s] -- Up-to-date: /root/ros_ws/install/serial/include/serial/impl/unix.h
[1.795s] -- Up-to-date: /root/ros_ws/install/serial/include/serial/impl/win.h
[1.795s] -- Up-to-date: /root/ros_ws/install/serial/include/serial/serial.h
[1.795s] -- Up-to-date: /root/ros_ws/install/serial/include/serial/v8stdint.h
[1.796s] -- Up-to-date: /root/ros_ws/install/serial/share/serial/environment/library_path.sh
[1.796s] -- Up-to-date: /root/ros_ws/install/serial/share/serial/environment/library_path.dsv
[1.796s] -- Up-to-date: /root/ros_ws/install/serial/share/ament_index/resource_index/package_run_dependencies/serial
[1.797s] -- Up-to-date: /root/ros_ws/install/serial/share/ament_index/resource_index/parent_prefix_path/serial
[1.797s] -- Up-to-date: /root/ros_ws/install/serial/share/serial/environment/ament_prefix_path.sh
[1.797s] -- Up-to-date: /root/ros_ws/install/serial/share/serial/environment/ament_prefix_path.dsv
[1.797s] -- Up-to-date: /root/ros_ws/install/serial/share/serial/environment/path.sh
[1.798s] -- Up-to-date: /root/ros_ws/install/serial/share/serial/environment/path.dsv
[1.798s] -- Up-to-date: /root/ros_ws/install/serial/share/serial/local_setup.bash
[1.798s] -- Up-to-date: /root/ros_ws/install/serial/share/serial/local_setup.sh
[1.799s] -- Up-to-date: /root/ros_ws/install/serial/share/serial/local_setup.zsh
[1.799s] -- Up-to-date: /root/ros_ws/install/serial/share/serial/local_setup.dsv
[1.800s] -- Installing: /root/ros_ws/install/serial/share/serial/package.dsv
[1.800s] -- Up-to-date: /root/ros_ws/install/serial/share/ament_index/resource_index/packages/serial
[1.801s] -- Up-to-date: /root/ros_ws/install/serial/share/serial/cmake/export_serialExport.cmake
[1.801s] -- Up-to-date: /root/ros_ws/install/serial/share/serial/cmake/export_serialExport-noconfig.cmake
[1.801s] -- Up-to-date: /root/ros_ws/install/serial/share/serial/cmake/ament_cmake_export_include_directories-extras.cmake
[1.802s] -- Up-to-date: /root/ros_ws/install/serial/share/serial/cmake/ament_cmake_export_libraries-extras.cmake
[1.802s] -- Up-to-date: /root/ros_ws/install/serial/share/serial/cmake/ament_cmake_export_targets-extras.cmake
[1.802s] -- Up-to-date: /root/ros_ws/install/serial/share/serial/cmake/serialConfig.cmake
[1.803s] -- Up-to-date: /root/ros_ws/install/serial/share/serial/cmake/serialConfig-version.cmake
[1.803s] -- Up-to-date: /root/ros_ws/install/serial/share/serial/package.xml
[2.130s] Invoked command in '/root/ros_ws/build/serial' returned '0': CMAKE_PREFIX_PATH=${CMAKE_PREFIX_PATH}:/opt/ros/jazzy DEBUGINFOD_URLS=https://debuginfod.ubuntu.com /usr/bin/cmake --install /root/ros_ws/build/serial
