[0.085s] Invoking command in '/root/ros_ws/build/moveit_resources_pr2_description': CMAKE_PREFIX_PATH=${CMAKE_PREFIX_PATH}:/opt/ros/jazzy DEBUGINFOD_URLS=https://debuginfod.ubuntu.com /usr/bin/cmake --build /root/ros_ws/build/moveit_resources_pr2_description -- -j20 -l20
[1.657s] Invoked command in '/root/ros_ws/build/moveit_resources_pr2_description' returned '0': CMAKE_PREFIX_PATH=${CMAKE_PREFIX_PATH}:/opt/ros/jazzy DEBUGINFOD_URLS=https://debuginfod.ubuntu.com /usr/bin/cmake --build /root/ros_ws/build/moveit_resources_pr2_description -- -j20 -l20
[1.657s] Invoking command in '/root/ros_ws/build/moveit_resources_pr2_description': CMAKE_PREFIX_PATH=${CMAKE_PREFIX_PATH}:/opt/ros/jazzy DEBUGINFOD_URLS=https://debuginfod.ubuntu.com /usr/bin/cmake --install /root/ros_ws/build/moveit_resources_pr2_description
[1.830s] -- Install configuration: ""
[1.831s] -- Up-to-date: /root/ros_ws/install/moveit_resources_pr2_description/share/ament_index/resource_index/package_run_dependencies/moveit_resources_pr2_description
[1.831s] -- Up-to-date: /root/ros_ws/install/moveit_resources_pr2_description/share/ament_index/resource_index/parent_prefix_path/moveit_resources_pr2_description
[1.831s] -- Up-to-date: /root/ros_ws/install/moveit_resources_pr2_description/share/moveit_resources_pr2_description/environment/ament_prefix_path.sh
[1.832s] -- Up-to-date: /root/ros_ws/install/moveit_resources_pr2_description/share/moveit_resources_pr2_description/environment/ament_prefix_path.dsv
[1.833s] -- Up-to-date: /root/ros_ws/install/moveit_resources_pr2_description/share/moveit_resources_pr2_description/environment/path.sh
[1.833s] -- Up-to-date: /root/ros_ws/install/moveit_resources_pr2_description/share/moveit_resources_pr2_description/environment/path.dsv
[1.834s] -- Up-to-date: /root/ros_ws/install/moveit_resources_pr2_description/share/moveit_resources_pr2_description/local_setup.bash
[1.834s] -- Up-to-date: /root/ros_ws/install/moveit_resources_pr2_description/share/moveit_resources_pr2_description/local_setup.sh
[1.834s] -- Up-to-date: /root/ros_ws/install/moveit_resources_pr2_description/share/moveit_resources_pr2_description/local_setup.zsh
[1.835s] -- Up-to-date: /root/ros_ws/install/moveit_resources_pr2_description/share/moveit_resources_pr2_description/local_setup.dsv
[1.835s] -- Installing: /root/ros_ws/install/moveit_resources_pr2_description/share/moveit_resources_pr2_description/package.dsv
[1.836s] -- Up-to-date: /root/ros_ws/install/moveit_resources_pr2_description/share/ament_index/resource_index/packages/moveit_resources_pr2_description
[1.836s] -- Up-to-date: /root/ros_ws/install/moveit_resources_pr2_description/share/moveit_resources_pr2_description/cmake/moveit_resources_pr2_descriptionConfig.cmake
[1.837s] -- Up-to-date: /root/ros_ws/install/moveit_resources_pr2_description/share/moveit_resources_pr2_description/cmake/moveit_resources_pr2_descriptionConfig-version.cmake
[1.837s] -- Up-to-date: /root/ros_ws/install/moveit_resources_pr2_description/share/moveit_resources_pr2_description/package.xml
[1.837s] -- Up-to-date: /root/ros_ws/install/moveit_resources_pr2_description/share/moveit_resources_pr2_description/srdf
[1.837s] -- Up-to-date: /root/ros_ws/install/moveit_resources_pr2_description/share/moveit_resources_pr2_description/srdf/robot.xml
[1.838s] -- Up-to-date: /root/ros_ws/install/moveit_resources_pr2_description/share/moveit_resources_pr2_description/urdf
[1.838s] -- Up-to-date: /root/ros_ws/install/moveit_resources_pr2_description/share/moveit_resources_pr2_description/urdf/meshes
[1.838s] -- Up-to-date: /root/ros_ws/install/moveit_resources_pr2_description/share/moveit_resources_pr2_description/urdf/meshes/sensors
[1.839s] -- Up-to-date: /root/ros_ws/install/moveit_resources_pr2_description/share/moveit_resources_pr2_description/urdf/meshes/sensors/kinect_prosilica_v0
[1.839s] -- Up-to-date: /root/ros_ws/install/moveit_resources_pr2_description/share/moveit_resources_pr2_description/urdf/meshes/sensors/kinect_prosilica_v0/115x100_swept_fwd--coarse.STL
[1.839s] -- Up-to-date: /root/ros_ws/install/moveit_resources_pr2_description/share/moveit_resources_pr2_description/urdf/meshes/sensors/kinect_prosilica_v0/115x100_swept_back_no_sensors--coarse.STL
[1.839s] -- Up-to-date: /root/ros_ws/install/moveit_resources_pr2_description/share/moveit_resources_pr2_description/urdf/meshes/sensors/kinect_prosilica_v0/68-04546_Kinect_Sensor--coarse.STL
[1.839s] -- Up-to-date: /root/ros_ws/install/moveit_resources_pr2_description/share/moveit_resources_pr2_description/urdf/meshes/sensors/kinect_prosilica_v0/115x100_swept_fwd_no_sensors--coarse.STL
[1.840s] -- Up-to-date: /root/ros_ws/install/moveit_resources_pr2_description/share/moveit_resources_pr2_description/urdf/meshes/sensors/kinect_prosilica_v0/Prosilica_w_Lens--coarse.STL
[1.840s] -- Up-to-date: /root/ros_ws/install/moveit_resources_pr2_description/share/moveit_resources_pr2_description/urdf/meshes/sensors/kinect_prosilica_v0/115x100_swept_back--coarse.STL
[1.842s] -- Up-to-date: /root/ros_ws/install/moveit_resources_pr2_description/share/moveit_resources_pr2_description/urdf/meshes/sensors/kinect_v0
[1.843s] -- Up-to-date: /root/ros_ws/install/moveit_resources_pr2_description/share/moveit_resources_pr2_description/urdf/meshes/sensors/kinect_v0/kinect_mount.stl
[1.844s] -- Up-to-date: /root/ros_ws/install/moveit_resources_pr2_description/share/moveit_resources_pr2_description/urdf/meshes/sensors/kinect_v0/kinect.tga
[1.844s] -- Up-to-date: /root/ros_ws/install/moveit_resources_pr2_description/share/moveit_resources_pr2_description/urdf/meshes/sensors/kinect_v0/kinect_color.tga
[1.844s] -- Up-to-date: /root/ros_ws/install/moveit_resources_pr2_description/share/moveit_resources_pr2_description/urdf/meshes/sensors/kinect_v0/kinect.dae
[1.844s] -- Up-to-date: /root/ros_ws/install/moveit_resources_pr2_description/share/moveit_resources_pr2_description/urdf/meshes/head_v0
[1.844s] -- Up-to-date: /root/ros_ws/install/moveit_resources_pr2_description/share/moveit_resources_pr2_description/urdf/meshes/head_v0/head_pan.dae
[1.844s] -- Up-to-date: /root/ros_ws/install/moveit_resources_pr2_description/share/moveit_resources_pr2_description/urdf/meshes/head_v0/head_pan_color.tif
[1.845s] -- Up-to-date: /root/ros_ws/install/moveit_resources_pr2_description/share/moveit_resources_pr2_description/urdf/meshes/head_v0/convex
[1.845s] -- Up-to-date: /root/ros_ws/install/moveit_resources_pr2_description/share/moveit_resources_pr2_description/urdf/meshes/head_v0/convex/head_tilt.xml
[1.845s] -- Up-to-date: /root/ros_ws/install/moveit_resources_pr2_description/share/moveit_resources_pr2_description/urdf/meshes/head_v0/convex/head_pan_L_convex.stla
[1.845s] -- Up-to-date: /root/ros_ws/install/moveit_resources_pr2_description/share/moveit_resources_pr2_description/urdf/meshes/head_v0/convex/head_pan.dae
[1.845s] -- Up-to-date: /root/ros_ws/install/moveit_resources_pr2_description/share/moveit_resources_pr2_description/urdf/meshes/head_v0/convex/head_pan_L.xml
[1.846s] -- Up-to-date: /root/ros_ws/install/moveit_resources_pr2_description/share/moveit_resources_pr2_description/urdf/meshes/head_v0/convex/head_tilt_convex.stla
[1.846s] -- Up-to-date: /root/ros_ws/install/moveit_resources_pr2_description/share/moveit_resources_pr2_description/urdf/meshes/head_v0/convex/head_tilt.dae
[1.846s] -- Up-to-date: /root/ros_ws/install/moveit_resources_pr2_description/share/moveit_resources_pr2_description/urdf/meshes/head_v0/convex/head_tilt_convex.stlb
[1.846s] -- Up-to-date: /root/ros_ws/install/moveit_resources_pr2_description/share/moveit_resources_pr2_description/urdf/meshes/head_v0/convex/head_tilt_L_convex.stlb
[1.846s] -- Up-to-date: /root/ros_ws/install/moveit_resources_pr2_description/share/moveit_resources_pr2_description/urdf/meshes/head_v0/convex/head_pan_L_convex.stlb
[1.846s] -- Up-to-date: /root/ros_ws/install/moveit_resources_pr2_description/share/moveit_resources_pr2_description/urdf/meshes/head_v0/convex/head_tilt_L.dae
[1.846s] -- Up-to-date: /root/ros_ws/install/moveit_resources_pr2_description/share/moveit_resources_pr2_description/urdf/meshes/head_v0/convex/head_pan.xml
[1.847s] -- Up-to-date: /root/ros_ws/install/moveit_resources_pr2_description/share/moveit_resources_pr2_description/urdf/meshes/head_v0/convex/head_tilt_L.xml
[1.847s] -- Up-to-date: /root/ros_ws/install/moveit_resources_pr2_description/share/moveit_resources_pr2_description/urdf/meshes/head_v0/convex/head_pan_convex.stla
[1.847s] -- Up-to-date: /root/ros_ws/install/moveit_resources_pr2_description/share/moveit_resources_pr2_description/urdf/meshes/head_v0/convex/head_pan_L.dae
[1.847s] -- Up-to-date: /root/ros_ws/install/moveit_resources_pr2_description/share/moveit_resources_pr2_description/urdf/meshes/head_v0/convex/head_pan_convex.stlb
[1.847s] -- Up-to-date: /root/ros_ws/install/moveit_resources_pr2_description/share/moveit_resources_pr2_description/urdf/meshes/head_v0/convex/head_tilt_L_convex.stla
[1.847s] -- Up-to-date: /root/ros_ws/install/moveit_resources_pr2_description/share/moveit_resources_pr2_description/urdf/meshes/head_v0/head_pan_normals.tif
[1.847s] -- Up-to-date: /root/ros_ws/install/moveit_resources_pr2_description/share/moveit_resources_pr2_description/urdf/meshes/head_v0/head_tilt.dae
[1.847s] -- Up-to-date: /root/ros_ws/install/moveit_resources_pr2_description/share/moveit_resources_pr2_description/urdf/meshes/head_v0/head_tilt_green.tif
[1.853s] -- Up-to-date: /root/ros_ws/install/moveit_resources_pr2_description/share/moveit_resources_pr2_description/urdf/meshes/head_v0/head_tilt.stl
[1.853s] -- Up-to-date: /root/ros_ws/install/moveit_resources_pr2_description/share/moveit_resources_pr2_description/urdf/meshes/head_v0/head_tilt_L.stl
[1.853s] -- Up-to-date: /root/ros_ws/install/moveit_resources_pr2_description/share/moveit_resources_pr2_description/urdf/meshes/head_v0/head_tilt_color_yellow.tif
[1.854s] -- Up-to-date: /root/ros_ws/install/moveit_resources_pr2_description/share/moveit_resources_pr2_description/urdf/meshes/head_v0/head_tilt_normals.tif
[1.854s] -- Up-to-date: /root/ros_ws/install/moveit_resources_pr2_description/share/moveit_resources_pr2_description/urdf/meshes/head_v0/head_pan.stl
[1.854s] -- Up-to-date: /root/ros_ws/install/moveit_resources_pr2_description/share/moveit_resources_pr2_description/urdf/meshes/head_v0/head_pan_L.stl
[1.855s] -- Up-to-date: /root/ros_ws/install/moveit_resources_pr2_description/share/moveit_resources_pr2_description/urdf/meshes/head_v0/head_tilt_color_red.tif
[1.855s] -- Up-to-date: /root/ros_ws/install/moveit_resources_pr2_description/share/moveit_resources_pr2_description/urdf/meshes/head_v0/head_tilt_color.tif
[1.855s] -- Up-to-date: /root/ros_ws/install/moveit_resources_pr2_description/share/moveit_resources_pr2_description/urdf/meshes/tilting_laser_v0
[1.856s] -- Up-to-date: /root/ros_ws/install/moveit_resources_pr2_description/share/moveit_resources_pr2_description/urdf/meshes/tilting_laser_v0/hok_tilt.stl
[1.856s] -- Up-to-date: /root/ros_ws/install/moveit_resources_pr2_description/share/moveit_resources_pr2_description/urdf/meshes/tilting_laser_v0/tilting_hokuyo.stl
[1.857s] -- Up-to-date: /root/ros_ws/install/moveit_resources_pr2_description/share/moveit_resources_pr2_description/urdf/meshes/tilting_laser_v0/tilting_hokuyo_L.stl
[1.857s] -- Up-to-date: /root/ros_ws/install/moveit_resources_pr2_description/share/moveit_resources_pr2_description/urdf/meshes/tilting_laser_v0/convex
[1.858s] -- Up-to-date: /root/ros_ws/install/moveit_resources_pr2_description/share/moveit_resources_pr2_description/urdf/meshes/tilting_laser_v0/convex/tilting_hokuyo_L_convex.stla
[1.858s] -- Up-to-date: /root/ros_ws/install/moveit_resources_pr2_description/share/moveit_resources_pr2_description/urdf/meshes/tilting_laser_v0/convex/tilting_hokuyo.xml
[1.859s] -- Up-to-date: /root/ros_ws/install/moveit_resources_pr2_description/share/moveit_resources_pr2_description/urdf/meshes/tilting_laser_v0/convex/hok_tilt_convex.stla
[1.859s] -- Up-to-date: /root/ros_ws/install/moveit_resources_pr2_description/share/moveit_resources_pr2_description/urdf/meshes/tilting_laser_v0/convex/tilting_hokuyo_convex.stla
[1.859s] -- Up-to-date: /root/ros_ws/install/moveit_resources_pr2_description/share/moveit_resources_pr2_description/urdf/meshes/tilting_laser_v0/convex/tilting_hokuyo_convex.stlb
[1.860s] -- Up-to-date: /root/ros_ws/install/moveit_resources_pr2_description/share/moveit_resources_pr2_description/urdf/meshes/tilting_laser_v0/convex/tilting_hokuyo.dae
[1.860s] -- Up-to-date: /root/ros_ws/install/moveit_resources_pr2_description/share/moveit_resources_pr2_description/urdf/meshes/tilting_laser_v0/convex/hok_tilt_convex.stlb
[1.860s] -- Up-to-date: /root/ros_ws/install/moveit_resources_pr2_description/share/moveit_resources_pr2_description/urdf/meshes/tilting_laser_v0/convex/tilting_hokuyo_L.dae
[1.861s] -- Up-to-date: /root/ros_ws/install/moveit_resources_pr2_description/share/moveit_resources_pr2_description/urdf/meshes/tilting_laser_v0/convex/hok_tilt.xml
[1.861s] -- Up-to-date: /root/ros_ws/install/moveit_resources_pr2_description/share/moveit_resources_pr2_description/urdf/meshes/tilting_laser_v0/convex/tilting_hokuyo_L.xml
[1.861s] -- Up-to-date: /root/ros_ws/install/moveit_resources_pr2_description/share/moveit_resources_pr2_description/urdf/meshes/tilting_laser_v0/convex/tilting_hokuyo_L_convex.stlb
[1.862s] -- Up-to-date: /root/ros_ws/install/moveit_resources_pr2_description/share/moveit_resources_pr2_description/urdf/meshes/tilting_laser_v0/convex/hok_tilt.dae
[1.862s] -- Up-to-date: /root/ros_ws/install/moveit_resources_pr2_description/share/moveit_resources_pr2_description/urdf/meshes/tilting_laser_v0/tilting_hokuyo_normals.tif
[1.862s] -- Up-to-date: /root/ros_ws/install/moveit_resources_pr2_description/share/moveit_resources_pr2_description/urdf/meshes/tilting_laser_v0/tilting_hokuyo.dae
[1.863s] -- Up-to-date: /root/ros_ws/install/moveit_resources_pr2_description/share/moveit_resources_pr2_description/urdf/meshes/tilting_laser_v0/tilting_hokuyo_color.tif
[1.863s] -- Up-to-date: /root/ros_ws/install/moveit_resources_pr2_description/share/moveit_resources_pr2_description/urdf/meshes/torso_v0
[1.863s] -- Up-to-date: /root/ros_ws/install/moveit_resources_pr2_description/share/moveit_resources_pr2_description/urdf/meshes/torso_v0/convex
[1.863s] -- Up-to-date: /root/ros_ws/install/moveit_resources_pr2_description/share/moveit_resources_pr2_description/urdf/meshes/torso_v0/convex/torso_lift_L.dae
[1.863s] -- Up-to-date: /root/ros_ws/install/moveit_resources_pr2_description/share/moveit_resources_pr2_description/urdf/meshes/torso_v0/convex/torso_lift_L.xml
[1.863s] -- Up-to-date: /root/ros_ws/install/moveit_resources_pr2_description/share/moveit_resources_pr2_description/urdf/meshes/torso_v0/convex/torso_convex.stlb
[1.863s] -- Up-to-date: /root/ros_ws/install/moveit_resources_pr2_description/share/moveit_resources_pr2_description/urdf/meshes/torso_v0/convex/torso.dae
[1.864s] -- Up-to-date: /root/ros_ws/install/moveit_resources_pr2_description/share/moveit_resources_pr2_description/urdf/meshes/torso_v0/convex/torso_lift_convex.stla
[1.864s] -- Up-to-date: /root/ros_ws/install/moveit_resources_pr2_description/share/moveit_resources_pr2_description/urdf/meshes/torso_v0/convex/torso_lift_L_convex.stlb
[1.864s] -- Up-to-date: /root/ros_ws/install/moveit_resources_pr2_description/share/moveit_resources_pr2_description/urdf/meshes/torso_v0/convex/torso_convex.stla
[1.864s] -- Up-to-date: /root/ros_ws/install/moveit_resources_pr2_description/share/moveit_resources_pr2_description/urdf/meshes/torso_v0/convex/torso_lift_L_convex.stla
[1.864s] -- Up-to-date: /root/ros_ws/install/moveit_resources_pr2_description/share/moveit_resources_pr2_description/urdf/meshes/torso_v0/convex/torso.xml
[1.864s] -- Up-to-date: /root/ros_ws/install/moveit_resources_pr2_description/share/moveit_resources_pr2_description/urdf/meshes/torso_v0/convex/torso_lift_convex.stlb
[1.864s] -- Up-to-date: /root/ros_ws/install/moveit_resources_pr2_description/share/moveit_resources_pr2_description/urdf/meshes/torso_v0/convex/torso_lift.dae
[1.864s] -- Up-to-date: /root/ros_ws/install/moveit_resources_pr2_description/share/moveit_resources_pr2_description/urdf/meshes/torso_v0/convex/torso_lift.xml
[1.865s] -- Up-to-date: /root/ros_ws/install/moveit_resources_pr2_description/share/moveit_resources_pr2_description/urdf/meshes/torso_v0/torso_lift_normals.tif
[1.865s] -- Up-to-date: /root/ros_ws/install/moveit_resources_pr2_description/share/moveit_resources_pr2_description/urdf/meshes/torso_v0/torso_lift_color.tif
[1.865s] -- Up-to-date: /root/ros_ws/install/moveit_resources_pr2_description/share/moveit_resources_pr2_description/urdf/meshes/torso_v0/torso_lift_L.stl
[1.865s] -- Up-to-date: /root/ros_ws/install/moveit_resources_pr2_description/share/moveit_resources_pr2_description/urdf/meshes/torso_v0/torso_lift.dae
[1.865s] -- Up-to-date: /root/ros_ws/install/moveit_resources_pr2_description/share/moveit_resources_pr2_description/urdf/meshes/torso_v0/torso_lift.stl
[1.865s] -- Up-to-date: /root/ros_ws/install/moveit_resources_pr2_description/share/moveit_resources_pr2_description/urdf/meshes/torso_v0/torso.stl
[1.865s] -- Up-to-date: /root/ros_ws/install/moveit_resources_pr2_description/share/moveit_resources_pr2_description/urdf/meshes/shoulder_v0
[1.865s] -- Up-to-date: /root/ros_ws/install/moveit_resources_pr2_description/share/moveit_resources_pr2_description/urdf/meshes/shoulder_v0/shoulder_pan_color.tif
[1.865s] -- Up-to-date: /root/ros_ws/install/moveit_resources_pr2_description/share/moveit_resources_pr2_description/urdf/meshes/shoulder_v0/shoulder_pan_normals.tif
[1.866s] -- Up-to-date: /root/ros_ws/install/moveit_resources_pr2_description/share/moveit_resources_pr2_description/urdf/meshes/shoulder_v0/upper_arm_roll.stl
[1.866s] -- Up-to-date: /root/ros_ws/install/moveit_resources_pr2_description/share/moveit_resources_pr2_description/urdf/meshes/shoulder_v0/shoulder_yaw.stl
[1.872s] -- Up-to-date: /root/ros_ws/install/moveit_resources_pr2_description/share/moveit_resources_pr2_description/urdf/meshes/shoulder_v0/convex
[1.872s] -- Up-to-date: /root/ros_ws/install/moveit_resources_pr2_description/share/moveit_resources_pr2_description/urdf/meshes/shoulder_v0/convex/shoulder_lift_convex.stla
[1.873s] -- Up-to-date: /root/ros_ws/install/moveit_resources_pr2_description/share/moveit_resources_pr2_description/urdf/meshes/shoulder_v0/convex/upper_arm_roll.xml
[1.873s] -- Up-to-date: /root/ros_ws/install/moveit_resources_pr2_description/share/moveit_resources_pr2_description/urdf/meshes/shoulder_v0/convex/shoulder_lift_convex.stlb
[1.873s] -- Up-to-date: /root/ros_ws/install/moveit_resources_pr2_description/share/moveit_resources_pr2_description/urdf/meshes/shoulder_v0/convex/upper_arm_roll_L_convex.stla
[1.874s] -- Up-to-date: /root/ros_ws/install/moveit_resources_pr2_description/share/moveit_resources_pr2_description/urdf/meshes/shoulder_v0/convex/shoulder_pan.xml
[1.874s] -- Up-to-date: /root/ros_ws/install/moveit_resources_pr2_description/share/moveit_resources_pr2_description/urdf/meshes/shoulder_v0/convex/shoulder_lift.dae
[1.875s] -- Up-to-date: /root/ros_ws/install/moveit_resources_pr2_description/share/moveit_resources_pr2_description/urdf/meshes/shoulder_v0/convex/upper_arm_roll_convex.stla
[1.875s] -- Up-to-date: /root/ros_ws/install/moveit_resources_pr2_description/share/moveit_resources_pr2_description/urdf/meshes/shoulder_v0/convex/shoulder_yaw.xml
[1.875s] -- Up-to-date: /root/ros_ws/install/moveit_resources_pr2_description/share/moveit_resources_pr2_description/urdf/meshes/shoulder_v0/convex/upper_arm_roll_convex.stlb
[1.876s] -- Up-to-date: /root/ros_ws/install/moveit_resources_pr2_description/share/moveit_resources_pr2_description/urdf/meshes/shoulder_v0/convex/shoulder_yaw_convex.stlb
[1.876s] -- Up-to-date: /root/ros_ws/install/moveit_resources_pr2_description/share/moveit_resources_pr2_description/urdf/meshes/shoulder_v0/convex/upper_arm_roll_L.dae
[1.876s] -- Up-to-date: /root/ros_ws/install/moveit_resources_pr2_description/share/moveit_resources_pr2_description/urdf/meshes/shoulder_v0/convex/upper_arm_roll_L_convex.stlb
[1.877s] -- Up-to-date: /root/ros_ws/install/moveit_resources_pr2_description/share/moveit_resources_pr2_description/urdf/meshes/shoulder_v0/convex/shoulder_pan_convex.stla
[1.878s] -- Up-to-date: /root/ros_ws/install/moveit_resources_pr2_description/share/moveit_resources_pr2_description/urdf/meshes/shoulder_v0/convex/shoulder_yaw_convex.stla
[1.879s] -- Up-to-date: /root/ros_ws/install/moveit_resources_pr2_description/share/moveit_resources_pr2_description/urdf/meshes/shoulder_v0/convex/upper_arm_roll.dae
[1.879s] -- Up-to-date: /root/ros_ws/install/moveit_resources_pr2_description/share/moveit_resources_pr2_description/urdf/meshes/shoulder_v0/convex/shoulder_pan.dae
[1.879s] -- Up-to-date: /root/ros_ws/install/moveit_resources_pr2_description/share/moveit_resources_pr2_description/urdf/meshes/shoulder_v0/convex/shoulder_pan_convex.stlb
[1.880s] -- Up-to-date: /root/ros_ws/install/moveit_resources_pr2_description/share/moveit_resources_pr2_description/urdf/meshes/shoulder_v0/convex/upper_arm_roll_L.xml
[1.880s] -- Up-to-date: /root/ros_ws/install/moveit_resources_pr2_description/share/moveit_resources_pr2_description/urdf/meshes/shoulder_v0/convex/shoulder_lift.xml
[1.880s] -- Up-to-date: /root/ros_ws/install/moveit_resources_pr2_description/share/moveit_resources_pr2_description/urdf/meshes/shoulder_v0/convex/shoulder_yaw.dae
[1.881s] -- Up-to-date: /root/ros_ws/install/moveit_resources_pr2_description/share/moveit_resources_pr2_description/urdf/meshes/shoulder_v0/shoulder_pan.stl
[1.881s] -- Up-to-date: /root/ros_ws/install/moveit_resources_pr2_description/share/moveit_resources_pr2_description/urdf/meshes/shoulder_v0/upper_arm_roll_L.stl
[1.881s] -- Up-to-date: /root/ros_ws/install/moveit_resources_pr2_description/share/moveit_resources_pr2_description/urdf/meshes/shoulder_v0/shoulder_lift_normals.tif
[1.882s] -- Up-to-date: /root/ros_ws/install/moveit_resources_pr2_description/share/moveit_resources_pr2_description/urdf/meshes/shoulder_v0/shoulder_lift.dae
[1.882s] -- Up-to-date: /root/ros_ws/install/moveit_resources_pr2_description/share/moveit_resources_pr2_description/urdf/meshes/shoulder_v0/shoulder_lift.stl
[1.883s] -- Up-to-date: /root/ros_ws/install/moveit_resources_pr2_description/share/moveit_resources_pr2_description/urdf/meshes/shoulder_v0/shoulder_lift_color.tif
[1.883s] -- Up-to-date: /root/ros_ws/install/moveit_resources_pr2_description/share/moveit_resources_pr2_description/urdf/meshes/shoulder_v0/upper_arm_roll_color.tif
[1.883s] -- Up-to-date: /root/ros_ws/install/moveit_resources_pr2_description/share/moveit_resources_pr2_description/urdf/meshes/shoulder_v0/upper_arm_roll_normals.tif
[1.884s] -- Up-to-date: /root/ros_ws/install/moveit_resources_pr2_description/share/moveit_resources_pr2_description/urdf/meshes/shoulder_v0/upper_arm_roll.dae
[1.884s] -- Up-to-date: /root/ros_ws/install/moveit_resources_pr2_description/share/moveit_resources_pr2_description/urdf/meshes/shoulder_v0/shoulder_pan.dae
[1.885s] -- Up-to-date: /root/ros_ws/install/moveit_resources_pr2_description/share/moveit_resources_pr2_description/urdf/meshes/upper_arm_v0
[1.885s] -- Up-to-date: /root/ros_ws/install/moveit_resources_pr2_description/share/moveit_resources_pr2_description/urdf/meshes/upper_arm_v0/elbow_flex.dae
[1.886s] -- Up-to-date: /root/ros_ws/install/moveit_resources_pr2_description/share/moveit_resources_pr2_description/urdf/meshes/upper_arm_v0/upper_arm.jpg
[1.886s] -- Up-to-date: /root/ros_ws/install/moveit_resources_pr2_description/share/moveit_resources_pr2_description/urdf/meshes/upper_arm_v0/upper_arm_color.tif
[1.886s] -- Up-to-date: /root/ros_ws/install/moveit_resources_pr2_description/share/moveit_resources_pr2_description/urdf/meshes/upper_arm_v0/elbow_flex.stl
[1.886s] -- Up-to-date: /root/ros_ws/install/moveit_resources_pr2_description/share/moveit_resources_pr2_description/urdf/meshes/upper_arm_v0/convex
[1.887s] -- Up-to-date: /root/ros_ws/install/moveit_resources_pr2_description/share/moveit_resources_pr2_description/urdf/meshes/upper_arm_v0/convex/elbow_flex.dae
[1.887s] -- Up-to-date: /root/ros_ws/install/moveit_resources_pr2_description/share/moveit_resources_pr2_description/urdf/meshes/upper_arm_v0/convex/forearm_roll_convex.stla
[1.887s] -- Up-to-date: /root/ros_ws/install/moveit_resources_pr2_description/share/moveit_resources_pr2_description/urdf/meshes/upper_arm_v0/convex/forearm_roll_L_convex.stlb
[1.887s] -- Up-to-date: /root/ros_ws/install/moveit_resources_pr2_description/share/moveit_resources_pr2_description/urdf/meshes/upper_arm_v0/convex/elbow_flex.xml
[1.887s] -- Up-to-date: /root/ros_ws/install/moveit_resources_pr2_description/share/moveit_resources_pr2_description/urdf/meshes/upper_arm_v0/convex/elbow_flex_convex.stlb
[1.887s] -- Up-to-date: /root/ros_ws/install/moveit_resources_pr2_description/share/moveit_resources_pr2_description/urdf/meshes/upper_arm_v0/convex/upper_arm.dae
[1.887s] -- Up-to-date: /root/ros_ws/install/moveit_resources_pr2_description/share/moveit_resources_pr2_description/urdf/meshes/upper_arm_v0/convex/forearm_roll_L.dae
[1.888s] -- Up-to-date: /root/ros_ws/install/moveit_resources_pr2_description/share/moveit_resources_pr2_description/urdf/meshes/upper_arm_v0/convex/upper_arm_convex.stla
[1.888s] -- Up-to-date: /root/ros_ws/install/moveit_resources_pr2_description/share/moveit_resources_pr2_description/urdf/meshes/upper_arm_v0/convex/elbow_flex_convex.stla
[1.888s] -- Up-to-date: /root/ros_ws/install/moveit_resources_pr2_description/share/moveit_resources_pr2_description/urdf/meshes/upper_arm_v0/convex/upper_arm.xml
[1.888s] -- Up-to-date: /root/ros_ws/install/moveit_resources_pr2_description/share/moveit_resources_pr2_description/urdf/meshes/upper_arm_v0/convex/upper_arm_convex.stlb
[1.888s] -- Up-to-date: /root/ros_ws/install/moveit_resources_pr2_description/share/moveit_resources_pr2_description/urdf/meshes/upper_arm_v0/convex/forearm_roll.xml
[1.888s] -- Up-to-date: /root/ros_ws/install/moveit_resources_pr2_description/share/moveit_resources_pr2_description/urdf/meshes/upper_arm_v0/convex/forearm_roll_L.xml
[1.888s] -- Up-to-date: /root/ros_ws/install/moveit_resources_pr2_description/share/moveit_resources_pr2_description/urdf/meshes/upper_arm_v0/convex/forearm_roll_L_convex.stla
[1.888s] -- Up-to-date: /root/ros_ws/install/moveit_resources_pr2_description/share/moveit_resources_pr2_description/urdf/meshes/upper_arm_v0/convex/forearm_roll.dae
[1.889s] -- Up-to-date: /root/ros_ws/install/moveit_resources_pr2_description/share/moveit_resources_pr2_description/urdf/meshes/upper_arm_v0/convex/forearm_roll_convex.stlb
[1.889s] -- Up-to-date: /root/ros_ws/install/moveit_resources_pr2_description/share/moveit_resources_pr2_description/urdf/meshes/upper_arm_v0/upper_arm.dae
[1.889s] -- Up-to-date: /root/ros_ws/install/moveit_resources_pr2_description/share/moveit_resources_pr2_description/urdf/meshes/upper_arm_v0/upper_arm.stl
[1.889s] -- Up-to-date: /root/ros_ws/install/moveit_resources_pr2_description/share/moveit_resources_pr2_description/urdf/meshes/upper_arm_v0/forearm_roll.stl
[1.889s] -- Up-to-date: /root/ros_ws/install/moveit_resources_pr2_description/share/moveit_resources_pr2_description/urdf/meshes/upper_arm_v0/elbow_flex_normals.tif
[1.891s] -- Up-to-date: /root/ros_ws/install/moveit_resources_pr2_description/share/moveit_resources_pr2_description/urdf/meshes/upper_arm_v0/upper_arm_normals.tif
[1.891s] -- Up-to-date: /root/ros_ws/install/moveit_resources_pr2_description/share/moveit_resources_pr2_description/urdf/meshes/upper_arm_v0/elbow_flex_color.tif
[1.897s] -- Up-to-date: /root/ros_ws/install/moveit_resources_pr2_description/share/moveit_resources_pr2_description/urdf/meshes/upper_arm_v0/forearm_roll_L.stl
[1.897s] -- Up-to-date: /root/ros_ws/install/moveit_resources_pr2_description/share/moveit_resources_pr2_description/urdf/meshes/gripper_v0
[1.898s] -- Up-to-date: /root/ros_ws/install/moveit_resources_pr2_description/share/moveit_resources_pr2_description/urdf/meshes/gripper_v0/l_finger_tip_color.tif
[1.898s] -- Up-to-date: /root/ros_ws/install/moveit_resources_pr2_description/share/moveit_resources_pr2_description/urdf/meshes/gripper_v0/l_finger_tip_normals.tif
[1.899s] -- Up-to-date: /root/ros_ws/install/moveit_resources_pr2_description/share/moveit_resources_pr2_description/urdf/meshes/gripper_v0/upper_finger_l.stl
[1.899s] -- Up-to-date: /root/ros_ws/install/moveit_resources_pr2_description/share/moveit_resources_pr2_description/urdf/meshes/gripper_v0/float_H_Color_100430.tif
[1.899s] -- Up-to-date: /root/ros_ws/install/moveit_resources_pr2_description/share/moveit_resources_pr2_description/urdf/meshes/gripper_v0/gripper_palm_normals.tif
[1.899s] -- Up-to-date: /root/ros_ws/install/moveit_resources_pr2_description/share/moveit_resources_pr2_description/urdf/meshes/gripper_v0/finger_H_Color_100430.tif
[1.899s] -- Up-to-date: /root/ros_ws/install/moveit_resources_pr2_description/share/moveit_resources_pr2_description/urdf/meshes/gripper_v0/l_float.dae
[1.900s] -- Up-to-date: /root/ros_ws/install/moveit_resources_pr2_description/share/moveit_resources_pr2_description/urdf/meshes/gripper_v0/finger_tip_r.stl
[1.900s] -- Up-to-date: /root/ros_ws/install/moveit_resources_pr2_description/share/moveit_resources_pr2_description/urdf/meshes/gripper_v0/l_finger.dae
[1.901s] -- Up-to-date: /root/ros_ws/install/moveit_resources_pr2_description/share/moveit_resources_pr2_description/urdf/meshes/gripper_v0/float_H_UV_100430.dae
[1.901s] -- Up-to-date: /root/ros_ws/install/moveit_resources_pr2_description/share/moveit_resources_pr2_description/urdf/meshes/gripper_v0/fingertip_H_Color_100430.tif
[1.901s] -- Up-to-date: /root/ros_ws/install/moveit_resources_pr2_description/share/moveit_resources_pr2_description/urdf/meshes/gripper_v0/convex
[1.901s] -- Up-to-date: /root/ros_ws/install/moveit_resources_pr2_description/share/moveit_resources_pr2_description/urdf/meshes/gripper_v0/convex/l_floating.dae
[1.901s] -- Up-to-date: /root/ros_ws/install/moveit_resources_pr2_description/share/moveit_resources_pr2_description/urdf/meshes/gripper_v0/convex/finger_tip_pad2_l_convex.stla
[1.901s] -- Up-to-date: /root/ros_ws/install/moveit_resources_pr2_description/share/moveit_resources_pr2_description/urdf/meshes/gripper_v0/convex/finger_tip_l.xml
[1.901s] -- Up-to-date: /root/ros_ws/install/moveit_resources_pr2_description/share/moveit_resources_pr2_description/urdf/meshes/gripper_v0/convex/upper_finger_l_convex.stla
[1.902s] -- Up-to-date: /root/ros_ws/install/moveit_resources_pr2_description/share/moveit_resources_pr2_description/urdf/meshes/gripper_v0/convex/finger_tip_pad2_r_convex.stlb
[1.902s] -- Up-to-date: /root/ros_ws/install/moveit_resources_pr2_description/share/moveit_resources_pr2_description/urdf/meshes/gripper_v0/convex/upper_finger_r_convex.stla
[1.902s] -- Up-to-date: /root/ros_ws/install/moveit_resources_pr2_description/share/moveit_resources_pr2_description/urdf/meshes/gripper_v0/convex/finger_tip_l_convex.stla
[1.914s] -- Up-to-date: /root/ros_ws/install/moveit_resources_pr2_description/share/moveit_resources_pr2_description/urdf/meshes/gripper_v0/convex/finger_tip_r_convex.stla
[1.942s] -- Up-to-date: /root/ros_ws/install/moveit_resources_pr2_description/share/moveit_resources_pr2_description/urdf/meshes/gripper_v0/convex/l_finger.dae
[1.942s] -- Up-to-date: /root/ros_ws/install/moveit_resources_pr2_description/share/moveit_resources_pr2_description/urdf/meshes/gripper_v0/convex/finger_tip_r.xml
[1.942s] -- Up-to-date: /root/ros_ws/install/moveit_resources_pr2_description/share/moveit_resources_pr2_description/urdf/meshes/gripper_v0/convex/finger_tip_l_convex.stlb
[1.942s] -- Up-to-date: /root/ros_ws/install/moveit_resources_pr2_description/share/moveit_resources_pr2_description/urdf/meshes/gripper_v0/convex/finger_tip_pad2_r_convex.stla
[1.942s] -- Up-to-date: /root/ros_ws/install/moveit_resources_pr2_description/share/moveit_resources_pr2_description/urdf/meshes/gripper_v0/convex/l_floating_convex.stla
[1.942s] -- Up-to-date: /root/ros_ws/install/moveit_resources_pr2_description/share/moveit_resources_pr2_description/urdf/meshes/gripper_v0/convex/finger_tip_r_convex.stlb
[1.943s] -- Up-to-date: /root/ros_ws/install/moveit_resources_pr2_description/share/moveit_resources_pr2_description/urdf/meshes/gripper_v0/convex/l_finger_tip_convex.stlb
[1.943s] -- Up-to-date: /root/ros_ws/install/moveit_resources_pr2_description/share/moveit_resources_pr2_description/urdf/meshes/gripper_v0/convex/l_floating_convex.stlb
[1.943s] -- Up-to-date: /root/ros_ws/install/moveit_resources_pr2_description/share/moveit_resources_pr2_description/urdf/meshes/gripper_v0/convex/upper_finger_l.xml
[1.943s] -- Up-to-date: /root/ros_ws/install/moveit_resources_pr2_description/share/moveit_resources_pr2_description/urdf/meshes/gripper_v0/convex/gripper_palm.xml
[1.944s] -- Up-to-date: /root/ros_ws/install/moveit_resources_pr2_description/share/moveit_resources_pr2_description/urdf/meshes/gripper_v0/convex/l_finger_tip.dae
[1.944s] -- Up-to-date: /root/ros_ws/install/moveit_resources_pr2_description/share/moveit_resources_pr2_description/urdf/meshes/gripper_v0/convex/l_finger_convex.stlb
[1.944s] -- Up-to-date: /root/ros_ws/install/moveit_resources_pr2_description/share/moveit_resources_pr2_description/urdf/meshes/gripper_v0/convex/upper_finger_r.xml
[1.945s] -- Up-to-date: /root/ros_ws/install/moveit_resources_pr2_description/share/moveit_resources_pr2_description/urdf/meshes/gripper_v0/convex/upper_finger_r_convex.stlb
[1.945s] -- Up-to-date: /root/ros_ws/install/moveit_resources_pr2_description/share/moveit_resources_pr2_description/urdf/meshes/gripper_v0/convex/l_finger_convex.stla
[1.945s] -- Up-to-date: /root/ros_ws/install/moveit_resources_pr2_description/share/moveit_resources_pr2_description/urdf/meshes/gripper_v0/convex/l_finger_tip.xml
[1.945s] -- Up-to-date: /root/ros_ws/install/moveit_resources_pr2_description/share/moveit_resources_pr2_description/urdf/meshes/gripper_v0/convex/finger_tip_pad2_r.dae
[1.945s] -- Up-to-date: /root/ros_ws/install/moveit_resources_pr2_description/share/moveit_resources_pr2_description/urdf/meshes/gripper_v0/convex/finger_tip_pad2_l.dae
[1.945s] -- Up-to-date: /root/ros_ws/install/moveit_resources_pr2_description/share/moveit_resources_pr2_description/urdf/meshes/gripper_v0/convex/upper_finger_l_convex.stlb
[1.945s] -- Up-to-date: /root/ros_ws/install/moveit_resources_pr2_description/share/moveit_resources_pr2_description/urdf/meshes/gripper_v0/convex/gripper_palm_convex.stlb
[1.946s] -- Up-to-date: /root/ros_ws/install/moveit_resources_pr2_description/share/moveit_resources_pr2_description/urdf/meshes/gripper_v0/convex/gripper_palm_convex.stla
[1.946s] -- Up-to-date: /root/ros_ws/install/moveit_resources_pr2_description/share/moveit_resources_pr2_description/urdf/meshes/gripper_v0/convex/upper_finger_r.dae
[1.946s] -- Up-to-date: /root/ros_ws/install/moveit_resources_pr2_description/share/moveit_resources_pr2_description/urdf/meshes/gripper_v0/convex/finger_tip_r.dae
[1.946s] -- Up-to-date: /root/ros_ws/install/moveit_resources_pr2_description/share/moveit_resources_pr2_description/urdf/meshes/gripper_v0/convex/finger_tip_l.dae
[1.946s] -- Up-to-date: /root/ros_ws/install/moveit_resources_pr2_description/share/moveit_resources_pr2_description/urdf/meshes/gripper_v0/convex/finger_tip_pad2_l.xml
[1.946s] -- Up-to-date: /root/ros_ws/install/moveit_resources_pr2_description/share/moveit_resources_pr2_description/urdf/meshes/gripper_v0/convex/finger_tip_pad2_l_convex.stlb
[1.947s] -- Up-to-date: /root/ros_ws/install/moveit_resources_pr2_description/share/moveit_resources_pr2_description/urdf/meshes/gripper_v0/convex/l_floating.xml
[1.947s] -- Up-to-date: /root/ros_ws/install/moveit_resources_pr2_description/share/moveit_resources_pr2_description/urdf/meshes/gripper_v0/convex/l_finger.xml
[1.947s] -- Up-to-date: /root/ros_ws/install/moveit_resources_pr2_description/share/moveit_resources_pr2_description/urdf/meshes/gripper_v0/convex/upper_finger_l.dae
[1.947s] -- Up-to-date: /root/ros_ws/install/moveit_resources_pr2_description/share/moveit_resources_pr2_description/urdf/meshes/gripper_v0/convex/finger_tip_pad2_r.xml
[1.947s] -- Up-to-date: /root/ros_ws/install/moveit_resources_pr2_description/share/moveit_resources_pr2_description/urdf/meshes/gripper_v0/convex/gripper_palm.dae
[1.948s] -- Up-to-date: /root/ros_ws/install/moveit_resources_pr2_description/share/moveit_resources_pr2_description/urdf/meshes/gripper_v0/convex/l_finger_tip_convex.stla
[1.948s] -- Up-to-date: /root/ros_ws/install/moveit_resources_pr2_description/share/moveit_resources_pr2_description/urdf/meshes/gripper_v0/finger_H_UV_100430.dae
[1.948s] -- Up-to-date: /root/ros_ws/install/moveit_resources_pr2_description/share/moveit_resources_pr2_description/urdf/meshes/gripper_v0/gripper_palm_color.tif
[1.948s] -- Up-to-date: /root/ros_ws/install/moveit_resources_pr2_description/share/moveit_resources_pr2_description/urdf/meshes/gripper_v0/upper_finger_r.stl
[1.963s] -- Up-to-date: /root/ros_ws/install/moveit_resources_pr2_description/share/moveit_resources_pr2_description/urdf/meshes/gripper_v0/l_float_normals.tif
[1.983s] -- Up-to-date: /root/ros_ws/install/moveit_resources_pr2_description/share/moveit_resources_pr2_description/urdf/meshes/gripper_v0/l_float_color.tif
[1.983s] -- Up-to-date: /root/ros_ws/install/moveit_resources_pr2_description/share/moveit_resources_pr2_description/urdf/meshes/gripper_v0/finger_tip_l.stl
[1.983s] -- Up-to-date: /root/ros_ws/install/moveit_resources_pr2_description/share/moveit_resources_pr2_description/urdf/meshes/gripper_v0/l_finger_tip.dae
[1.984s] -- Up-to-date: /root/ros_ws/install/moveit_resources_pr2_description/share/moveit_resources_pr2_description/urdf/meshes/gripper_v0/finger_tip_pad2_l.stl
[1.984s] -- Up-to-date: /root/ros_ws/install/moveit_resources_pr2_description/share/moveit_resources_pr2_description/urdf/meshes/gripper_v0/l_finger_color.tif
[1.984s] -- Up-to-date: /root/ros_ws/install/moveit_resources_pr2_description/share/moveit_resources_pr2_description/urdf/meshes/gripper_v0/palm_H_Color_100430.tif
[1.985s] -- Up-to-date: /root/ros_ws/install/moveit_resources_pr2_description/share/moveit_resources_pr2_description/urdf/meshes/gripper_v0/l_finger_tip.stl
[1.985s] -- Up-to-date: /root/ros_ws/install/moveit_resources_pr2_description/share/moveit_resources_pr2_description/urdf/meshes/gripper_v0/l_floating.stl
[1.986s] -- Up-to-date: /root/ros_ws/install/moveit_resources_pr2_description/share/moveit_resources_pr2_description/urdf/meshes/gripper_v0/finger_tip_pad2_r.stl
[1.986s] -- Up-to-date: /root/ros_ws/install/moveit_resources_pr2_description/share/moveit_resources_pr2_description/urdf/meshes/gripper_v0/finger_tip_H_UV_100430.dae
[1.986s] -- Up-to-date: /root/ros_ws/install/moveit_resources_pr2_description/share/moveit_resources_pr2_description/urdf/meshes/gripper_v0/l_finger_normals.tif
[1.987s] -- Up-to-date: /root/ros_ws/install/moveit_resources_pr2_description/share/moveit_resources_pr2_description/urdf/meshes/gripper_v0/l_finger.stl
[1.987s] -- Up-to-date: /root/ros_ws/install/moveit_resources_pr2_description/share/moveit_resources_pr2_description/urdf/meshes/gripper_v0/gripper_palm.stl
[1.988s] -- Up-to-date: /root/ros_ws/install/moveit_resources_pr2_description/share/moveit_resources_pr2_description/urdf/meshes/gripper_v0/palm_H_UV_100430.dae
[1.988s] -- Up-to-date: /root/ros_ws/install/moveit_resources_pr2_description/share/moveit_resources_pr2_description/urdf/meshes/gripper_v0/gripper_palm.dae
[1.988s] -- Up-to-date: /root/ros_ws/install/moveit_resources_pr2_description/share/moveit_resources_pr2_description/urdf/meshes/base_v0
[1.989s] -- Up-to-date: /root/ros_ws/install/moveit_resources_pr2_description/share/moveit_resources_pr2_description/urdf/meshes/base_v0/wheel_normals.tif
[1.989s] -- Up-to-date: /root/ros_ws/install/moveit_resources_pr2_description/share/moveit_resources_pr2_description/urdf/meshes/base_v0/caster_L.stl
[1.990s] -- Up-to-date: /root/ros_ws/install/moveit_resources_pr2_description/share/moveit_resources_pr2_description/urdf/meshes/base_v0/base.stl
[1.990s] -- Up-to-date: /root/ros_ws/install/moveit_resources_pr2_description/share/moveit_resources_pr2_description/urdf/meshes/base_v0/base.dae
[1.990s] -- Up-to-date: /root/ros_ws/install/moveit_resources_pr2_description/share/moveit_resources_pr2_description/urdf/meshes/base_v0/caster.stl
[1.991s] -- Up-to-date: /root/ros_ws/install/moveit_resources_pr2_description/share/moveit_resources_pr2_description/urdf/meshes/base_v0/wheel.stl
[1.991s] -- Up-to-date: /root/ros_ws/install/moveit_resources_pr2_description/share/moveit_resources_pr2_description/urdf/meshes/base_v0/convex
[1.991s] -- Up-to-date: /root/ros_ws/install/moveit_resources_pr2_description/share/moveit_resources_pr2_description/urdf/meshes/base_v0/convex/base_convex.stla
[1.992s] -- Up-to-date: /root/ros_ws/install/moveit_resources_pr2_description/share/moveit_resources_pr2_description/urdf/meshes/base_v0/convex/caster_L_convex.stlb
[1.992s] -- Up-to-date: /root/ros_ws/install/moveit_resources_pr2_description/share/moveit_resources_pr2_description/urdf/meshes/base_v0/convex/base.dae
[1.993s] -- Up-to-date: /root/ros_ws/install/moveit_resources_pr2_description/share/moveit_resources_pr2_description/urdf/meshes/base_v0/convex/base_convex.stlb
[1.993s] -- Up-to-date: /root/ros_ws/install/moveit_resources_pr2_description/share/moveit_resources_pr2_description/urdf/meshes/base_v0/convex/base_L.xml
[1.994s] -- Up-to-date: /root/ros_ws/install/moveit_resources_pr2_description/share/moveit_resources_pr2_description/urdf/meshes/base_v0/convex/pr2_wheel.xml
[1.994s] -- Up-to-date: /root/ros_ws/install/moveit_resources_pr2_description/share/moveit_resources_pr2_description/urdf/meshes/base_v0/convex/wheel_convex.stlb
[1.994s] -- Up-to-date: /root/ros_ws/install/moveit_resources_pr2_description/share/moveit_resources_pr2_description/urdf/meshes/base_v0/convex/base_L.dae
[1.995s] -- Up-to-date: /root/ros_ws/install/moveit_resources_pr2_description/share/moveit_resources_pr2_description/urdf/meshes/base_v0/convex/pr2_wheel_convex.stlb
[1.995s] -- Up-to-date: /root/ros_ws/install/moveit_resources_pr2_description/share/moveit_resources_pr2_description/urdf/meshes/base_v0/convex/caster.xml
[1.995s] -- Up-to-date: /root/ros_ws/install/moveit_resources_pr2_description/share/moveit_resources_pr2_description/urdf/meshes/base_v0/convex/base_L_convex.stlb
[1.996s] -- Up-to-date: /root/ros_ws/install/moveit_resources_pr2_description/share/moveit_resources_pr2_description/urdf/meshes/base_v0/convex/wheel.xml
[1.996s] -- Up-to-date: /root/ros_ws/install/moveit_resources_pr2_description/share/moveit_resources_pr2_description/urdf/meshes/base_v0/convex/caster_convex.stla
[1.996s] -- Up-to-date: /root/ros_ws/install/moveit_resources_pr2_description/share/moveit_resources_pr2_description/urdf/meshes/base_v0/convex/wheel.dae
[1.997s] -- Up-to-date: /root/ros_ws/install/moveit_resources_pr2_description/share/moveit_resources_pr2_description/urdf/meshes/base_v0/convex/wheel_convex.stla
[1.997s] -- Up-to-date: /root/ros_ws/install/moveit_resources_pr2_description/share/moveit_resources_pr2_description/urdf/meshes/base_v0/convex/caster.dae
[1.997s] -- Up-to-date: /root/ros_ws/install/moveit_resources_pr2_description/share/moveit_resources_pr2_description/urdf/meshes/base_v0/convex/caster_convex.stlb
[2.008s] -- Up-to-date: /root/ros_ws/install/moveit_resources_pr2_description/share/moveit_resources_pr2_description/urdf/meshes/base_v0/convex/pr2_wheel.dae
[2.009s] -- Up-to-date: /root/ros_ws/install/moveit_resources_pr2_description/share/moveit_resources_pr2_description/urdf/meshes/base_v0/convex/caster_L_convex.stla
[2.009s] -- Up-to-date: /root/ros_ws/install/moveit_resources_pr2_description/share/moveit_resources_pr2_description/urdf/meshes/base_v0/convex/pr2_wheel_convex.stla
[2.010s] -- Up-to-date: /root/ros_ws/install/moveit_resources_pr2_description/share/moveit_resources_pr2_description/urdf/meshes/base_v0/convex/caster_L.dae
[2.010s] -- Up-to-date: /root/ros_ws/install/moveit_resources_pr2_description/share/moveit_resources_pr2_description/urdf/meshes/base_v0/convex/base_L_convex.stla
[2.011s] -- Up-to-date: /root/ros_ws/install/moveit_resources_pr2_description/share/moveit_resources_pr2_description/urdf/meshes/base_v0/convex/base.xml
[2.011s] -- Up-to-date: /root/ros_ws/install/moveit_resources_pr2_description/share/moveit_resources_pr2_description/urdf/meshes/base_v0/convex/caster_L.xml
[2.012s] -- Up-to-date: /root/ros_ws/install/moveit_resources_pr2_description/share/moveit_resources_pr2_description/urdf/meshes/base_v0/base_L.stl
[2.012s] -- Up-to-date: /root/ros_ws/install/moveit_resources_pr2_description/share/moveit_resources_pr2_description/urdf/meshes/base_v0/base_normals.tif
[2.012s] -- Up-to-date: /root/ros_ws/install/moveit_resources_pr2_description/share/moveit_resources_pr2_description/urdf/meshes/base_v0/base_color.tif
[2.012s] -- Up-to-date: /root/ros_ws/install/moveit_resources_pr2_description/share/moveit_resources_pr2_description/urdf/meshes/base_v0/pr2_wheel.stl
[2.013s] -- Up-to-date: /root/ros_ws/install/moveit_resources_pr2_description/share/moveit_resources_pr2_description/urdf/meshes/base_v0/wheel_h.dae
[2.013s] -- Up-to-date: /root/ros_ws/install/moveit_resources_pr2_description/share/moveit_resources_pr2_description/urdf/meshes/base_v0/wheel_color.tif
[2.013s] -- Up-to-date: /root/ros_ws/install/moveit_resources_pr2_description/share/moveit_resources_pr2_description/urdf/meshes/base_v0/wheel_h_color.tif
[2.014s] -- Up-to-date: /root/ros_ws/install/moveit_resources_pr2_description/share/moveit_resources_pr2_description/urdf/meshes/base_v0/wheel.dae
[2.014s] -- Up-to-date: /root/ros_ws/install/moveit_resources_pr2_description/share/moveit_resources_pr2_description/urdf/meshes/forearm_v0
[2.014s] -- Up-to-date: /root/ros_ws/install/moveit_resources_pr2_description/share/moveit_resources_pr2_description/urdf/meshes/forearm_v0/wrist_roll.stl
[2.015s] -- Up-to-date: /root/ros_ws/install/moveit_resources_pr2_description/share/moveit_resources_pr2_description/urdf/meshes/forearm_v0/forearm.dae
[2.015s] -- Up-to-date: /root/ros_ws/install/moveit_resources_pr2_description/share/moveit_resources_pr2_description/urdf/meshes/forearm_v0/convex
[2.033s] -- Up-to-date: /root/ros_ws/install/moveit_resources_pr2_description/share/moveit_resources_pr2_description/urdf/meshes/forearm_v0/convex/wrist_flex_convex.stla
[2.033s] -- Up-to-date: /root/ros_ws/install/moveit_resources_pr2_description/share/moveit_resources_pr2_description/urdf/meshes/forearm_v0/convex/forearm.dae
[2.033s] -- Up-to-date: /root/ros_ws/install/moveit_resources_pr2_description/share/moveit_resources_pr2_description/urdf/meshes/forearm_v0/convex/wrist_flex_convex.stlb
[2.033s] -- Up-to-date: /root/ros_ws/install/moveit_resources_pr2_description/share/moveit_resources_pr2_description/urdf/meshes/forearm_v0/convex/wrist_roll_L.dae
[2.033s] -- Up-to-date: /root/ros_ws/install/moveit_resources_pr2_description/share/moveit_resources_pr2_description/urdf/meshes/forearm_v0/convex/wrist_roll.dae
[2.034s] -- Up-to-date: /root/ros_ws/install/moveit_resources_pr2_description/share/moveit_resources_pr2_description/urdf/meshes/forearm_v0/convex/wrist_roll_convex.stlb
[2.034s] -- Up-to-date: /root/ros_ws/install/moveit_resources_pr2_description/share/moveit_resources_pr2_description/urdf/meshes/forearm_v0/convex/wrist_roll_L.xml
[2.038s] -- Up-to-date: /root/ros_ws/install/moveit_resources_pr2_description/share/moveit_resources_pr2_description/urdf/meshes/forearm_v0/convex/wrist_roll.xml
[2.038s] -- Up-to-date: /root/ros_ws/install/moveit_resources_pr2_description/share/moveit_resources_pr2_description/urdf/meshes/forearm_v0/convex/forearm.xml
[2.038s] -- Up-to-date: /root/ros_ws/install/moveit_resources_pr2_description/share/moveit_resources_pr2_description/urdf/meshes/forearm_v0/convex/wrist_roll_convex.stla
[2.038s] -- Up-to-date: /root/ros_ws/install/moveit_resources_pr2_description/share/moveit_resources_pr2_description/urdf/meshes/forearm_v0/convex/wrist_roll_L_convex.stlb
[2.038s] -- Up-to-date: /root/ros_ws/install/moveit_resources_pr2_description/share/moveit_resources_pr2_description/urdf/meshes/forearm_v0/convex/forearm_convex.stlb
[2.038s] -- Up-to-date: /root/ros_ws/install/moveit_resources_pr2_description/share/moveit_resources_pr2_description/urdf/meshes/forearm_v0/convex/forearm_convex.stla
[2.039s] -- Up-to-date: /root/ros_ws/install/moveit_resources_pr2_description/share/moveit_resources_pr2_description/urdf/meshes/forearm_v0/convex/wrist_flex.xml
[2.039s] -- Up-to-date: /root/ros_ws/install/moveit_resources_pr2_description/share/moveit_resources_pr2_description/urdf/meshes/forearm_v0/convex/wrist_flex.dae
[2.039s] -- Up-to-date: /root/ros_ws/install/moveit_resources_pr2_description/share/moveit_resources_pr2_description/urdf/meshes/forearm_v0/convex/wrist_roll_L_convex.stla
[2.039s] -- Up-to-date: /root/ros_ws/install/moveit_resources_pr2_description/share/moveit_resources_pr2_description/urdf/meshes/forearm_v0/forearm_color.tif
[2.039s] -- Up-to-date: /root/ros_ws/install/moveit_resources_pr2_description/share/moveit_resources_pr2_description/urdf/meshes/forearm_v0/wrist_flex.stl
[2.040s] -- Up-to-date: /root/ros_ws/install/moveit_resources_pr2_description/share/moveit_resources_pr2_description/urdf/meshes/forearm_v0/wrist_color.tif
[2.040s] -- Up-to-date: /root/ros_ws/install/moveit_resources_pr2_description/share/moveit_resources_pr2_description/urdf/meshes/forearm_v0/forearm_normals.tif
[2.040s] -- Up-to-date: /root/ros_ws/install/moveit_resources_pr2_description/share/moveit_resources_pr2_description/urdf/meshes/forearm_v0/wrist_normals.tif
[2.041s] -- Up-to-date: /root/ros_ws/install/moveit_resources_pr2_description/share/moveit_resources_pr2_description/urdf/meshes/forearm_v0/forearm.jpg
[2.042s] -- Up-to-date: /root/ros_ws/install/moveit_resources_pr2_description/share/moveit_resources_pr2_description/urdf/meshes/forearm_v0/forearm.stl
[2.050s] -- Up-to-date: /root/ros_ws/install/moveit_resources_pr2_description/share/moveit_resources_pr2_description/urdf/meshes/forearm_v0/wrist_roll_L.stl
[2.050s] -- Up-to-date: /root/ros_ws/install/moveit_resources_pr2_description/share/moveit_resources_pr2_description/urdf/meshes/forearm_v0/wrist_flex.dae
[2.050s] -- Up-to-date: /root/ros_ws/install/moveit_resources_pr2_description/share/moveit_resources_pr2_description/urdf/robot.xml
[2.051s] -- Up-to-date: /root/ros_ws/install/moveit_resources_pr2_description/share/moveit_resources_pr2_description/urdf/materials
[2.052s] -- Up-to-date: /root/ros_ws/install/moveit_resources_pr2_description/share/moveit_resources_pr2_description/urdf/materials/textures
[2.054s] -- Up-to-date: /root/ros_ws/install/moveit_resources_pr2_description/share/moveit_resources_pr2_description/urdf/materials/textures/pr2_caster_texture.png
[2.054s] -- Up-to-date: /root/ros_ws/install/moveit_resources_pr2_description/share/moveit_resources_pr2_description/urdf/materials/textures/pr2_wheel_right.png
[2.054s] -- Up-to-date: /root/ros_ws/install/moveit_resources_pr2_description/share/moveit_resources_pr2_description/urdf/materials/textures/pr2_wheel_left.png
[2.056s] -- Up-to-date: /root/ros_ws/install/moveit_resources_pr2_description/share/moveit_resources_pr2_description/kinect.dae
