[0.060s] Invoking command in '/root/ros_ws/build/zivid_samples': AMENT_PREFIX_PATH=/root/ros_ws/install/zivid_interfaces:${AMENT_PREFIX_PATH} CMAKE_PREFIX_PATH=/root/ros_ws/install/zivid_interfaces:/opt/ros/jazzy/opt/gz_sim_vendor:/opt/ros/jazzy/opt/gz_sensors_vendor:/opt/ros/jazzy/opt/gz_physics_vendor:/opt/ros/jazzy/opt/sdformat_vendor:/opt/ros/jazzy/opt/gz_gui_vendor:/opt/ros/jazzy/opt/gz_transport_vendor:/opt/ros/jazzy/opt/gz_rendering_vendor:/opt/ros/jazzy/opt/gz_plugin_vendor:/opt/ros/jazzy/opt/gz_fuel_tools_vendor:/opt/ros/jazzy/opt/gz_msgs_vendor:/opt/ros/jazzy/opt/gz_common_vendor:/opt/ros/jazzy/opt/gz_math_vendor:/opt/ros/jazzy/opt/gz_utils_vendor:/opt/ros/jazzy/opt/gz_tools_vendor:/opt/ros/jazzy/opt/gz_ogre_next_vendor:/opt/ros/jazzy/opt/gz_dartsim_vendor:/opt/ros/jazzy/opt/gz_cmake_vendor:/opt/ros/jazzy DEBUGINFOD_URLS=https://debuginfod.ubuntu.com LD_LIBRARY_PATH=/root/ros_ws/install/zivid_interfaces/lib:${LD_LIBRARY_PATH} PYTHONPATH=/root/ros_ws/install/zivid_interfaces/lib/python3.12/site-packages:${PYTHONPATH} /usr/bin/cmake --build /root/ros_ws/build/zivid_samples -- -j20 -l20
[0.166s] [ 11%] Built target sample_capture_and_save_cpp
[0.171s] [ 33%] Built target sample_capture_with_settings_from_file_cpp
[0.171s] [ 33%] Built target sample_capture_2d_cpp
[0.171s] [ 44%] Built target sample_capture_assistant_cpp
[0.173s] [ 55%] Built target sample_capture_and_detect_markers_cpp
[0.177s] [ 66%] Built target sample_capture_and_detect_calibration_board_cpp
[0.177s] [ 77%] Built target sample_infield_correction_cpp
[0.192s] [ 88%] Built target sample_hand_eye_calibration_cpp
[0.194s] [100%] Built target sample_capture_cpp
[0.247s] Invoked command in '/root/ros_ws/build/zivid_samples' returned '0': AMENT_PREFIX_PATH=/root/ros_ws/install/zivid_interfaces:${AMENT_PREFIX_PATH} CMAKE_PREFIX_PATH=/root/ros_ws/install/zivid_interfaces:/opt/ros/jazzy/opt/gz_sim_vendor:/opt/ros/jazzy/opt/gz_sensors_vendor:/opt/ros/jazzy/opt/gz_physics_vendor:/opt/ros/jazzy/opt/sdformat_vendor:/opt/ros/jazzy/opt/gz_gui_vendor:/opt/ros/jazzy/opt/gz_transport_vendor:/opt/ros/jazzy/opt/gz_rendering_vendor:/opt/ros/jazzy/opt/gz_plugin_vendor:/opt/ros/jazzy/opt/gz_fuel_tools_vendor:/opt/ros/jazzy/opt/gz_msgs_vendor:/opt/ros/jazzy/opt/gz_common_vendor:/opt/ros/jazzy/opt/gz_math_vendor:/opt/ros/jazzy/opt/gz_utils_vendor:/opt/ros/jazzy/opt/gz_tools_vendor:/opt/ros/jazzy/opt/gz_ogre_next_vendor:/opt/ros/jazzy/opt/gz_dartsim_vendor:/opt/ros/jazzy/opt/gz_cmake_vendor:/opt/ros/jazzy DEBUGINFOD_URLS=https://debuginfod.ubuntu.com LD_LIBRARY_PATH=/root/ros_ws/install/zivid_interfaces/lib:${LD_LIBRARY_PATH} PYTHONPATH=/root/ros_ws/install/zivid_interfaces/lib/python3.12/site-packages:${PYTHONPATH} /usr/bin/cmake --build /root/ros_ws/build/zivid_samples -- -j20 -l20
[0.248s] Invoking command in '/root/ros_ws/build/zivid_samples': AMENT_PREFIX_PATH=/root/ros_ws/install/zivid_interfaces:${AMENT_PREFIX_PATH} CMAKE_PREFIX_PATH=/root/ros_ws/install/zivid_interfaces:/opt/ros/jazzy/opt/gz_sim_vendor:/opt/ros/jazzy/opt/gz_sensors_vendor:/opt/ros/jazzy/opt/gz_physics_vendor:/opt/ros/jazzy/opt/sdformat_vendor:/opt/ros/jazzy/opt/gz_gui_vendor:/opt/ros/jazzy/opt/gz_transport_vendor:/opt/ros/jazzy/opt/gz_rendering_vendor:/opt/ros/jazzy/opt/gz_plugin_vendor:/opt/ros/jazzy/opt/gz_fuel_tools_vendor:/opt/ros/jazzy/opt/gz_msgs_vendor:/opt/ros/jazzy/opt/gz_common_vendor:/opt/ros/jazzy/opt/gz_math_vendor:/opt/ros/jazzy/opt/gz_utils_vendor:/opt/ros/jazzy/opt/gz_tools_vendor:/opt/ros/jazzy/opt/gz_ogre_next_vendor:/opt/ros/jazzy/opt/gz_dartsim_vendor:/opt/ros/jazzy/opt/gz_cmake_vendor:/opt/ros/jazzy DEBUGINFOD_URLS=https://debuginfod.ubuntu.com LD_LIBRARY_PATH=/root/ros_ws/install/zivid_interfaces/lib:${LD_LIBRARY_PATH} PYTHONPATH=/root/ros_ws/install/zivid_interfaces/lib/python3.12/site-packages:${PYTHONPATH} /usr/bin/cmake --install /root/ros_ws/build/zivid_samples
[0.259s] -- Install configuration: ""
[0.259s] -- Up-to-date: /root/ros_ws/install/zivid_samples/lib/zivid_samples/sample_capture_cpp
[0.260s] -- Up-to-date: /root/ros_ws/install/zivid_samples/lib/zivid_samples/sample_capture_2d_cpp
[0.260s] -- Up-to-date: /root/ros_ws/install/zivid_samples/lib/zivid_samples/sample_capture_and_save_cpp
[0.260s] -- Up-to-date: /root/ros_ws/install/zivid_samples/lib/zivid_samples/sample_capture_assistant_cpp
[0.260s] -- Up-to-date: /root/ros_ws/install/zivid_samples/lib/zivid_samples/sample_capture_with_settings_from_file_cpp
[0.261s] -- Up-to-date: /root/ros_ws/install/zivid_samples/lib/zivid_samples/sample_capture_and_detect_calibration_board_cpp
[0.264s] -- Up-to-date: /root/ros_ws/install/zivid_samples/lib/zivid_samples/sample_capture_and_detect_markers_cpp
[0.269s] -- Up-to-date: /root/ros_ws/install/zivid_samples/lib/zivid_samples/sample_infield_correction_cpp
[0.270s] -- Up-to-date: /root/ros_ws/install/zivid_samples/lib/zivid_samples/sample_hand_eye_calibration_cpp
[0.272s] -- Up-to-date: /root/ros_ws/install/zivid_samples/lib/zivid_samples/sample_capture.py
[0.272s] -- Up-to-date: /root/ros_ws/install/zivid_samples/lib/zivid_samples/sample_capture_2d.py
[0.272s] -- Up-to-date: /root/ros_ws/install/zivid_samples/lib/zivid_samples/sample_capture_and_save.py
[0.273s] -- Up-to-date: /root/ros_ws/install/zivid_samples/lib/zivid_samples/sample_capture_assistant.py
[0.273s] -- Up-to-date: /root/ros_ws/install/zivid_samples/lib/zivid_samples/sample_capture_with_settings_from_file.py
[0.273s] -- Up-to-date: /root/ros_ws/install/zivid_samples/lib/zivid_samples/sample_capture_depth_color_pcl.py
[0.274s] -- Up-to-date: /root/ros_ws/install/zivid_samples/share/zivid_samples/launch
[0.274s] -- Up-to-date: /root/ros_ws/install/zivid_samples/share/zivid_samples/launch/zivid_camera_with_serial_number.launch
[0.274s] -- Up-to-date: /root/ros_ws/install/zivid_samples/share/zivid_samples/launch/sample_with_rviz.launch
[0.275s] -- Up-to-date: /root/ros_ws/install/zivid_samples/share/zivid_samples/launch/sample.launch
[0.275s] -- Up-to-date: /root/ros_ws/install/zivid_samples/share/zivid_samples/settings
[0.275s] -- Up-to-date: /root/ros_ws/install/zivid_samples/share/zivid_samples/settings/camera_settings.yml
[0.275s] -- Up-to-date: /root/ros_ws/install/zivid_samples/share/ament_index/resource_index/package_run_dependencies/zivid_samples
[0.276s] -- Up-to-date: /root/ros_ws/install/zivid_samples/share/ament_index/resource_index/parent_prefix_path/zivid_samples
[0.276s] -- Up-to-date: /root/ros_ws/install/zivid_samples/share/zivid_samples/environment/ament_prefix_path.sh
[0.278s] -- Up-to-date: /root/ros_ws/install/zivid_samples/share/zivid_samples/environment/ament_prefix_path.dsv
[0.278s] -- Up-to-date: /root/ros_ws/install/zivid_samples/share/zivid_samples/environment/path.sh
[0.278s] -- Up-to-date: /root/ros_ws/install/zivid_samples/share/zivid_samples/environment/path.dsv
[0.278s] -- Up-to-date: /root/ros_ws/install/zivid_samples/share/zivid_samples/local_setup.bash
[0.279s] -- Up-to-date: /root/ros_ws/install/zivid_samples/share/zivid_samples/local_setup.sh
[0.279s] -- Up-to-date: /root/ros_ws/install/zivid_samples/share/zivid_samples/local_setup.zsh
[0.279s] -- Up-to-date: /root/ros_ws/install/zivid_samples/share/zivid_samples/local_setup.dsv
[0.280s] -- Installing: /root/ros_ws/install/zivid_samples/share/zivid_samples/package.dsv
[0.280s] -- Up-to-date: /root/ros_ws/install/zivid_samples/share/ament_index/resource_index/packages/zivid_samples
[0.280s] -- Up-to-date: /root/ros_ws/install/zivid_samples/share/zivid_samples/cmake/zivid_samplesConfig.cmake
[0.280s] -- Up-to-date: /root/ros_ws/install/zivid_samples/share/zivid_samples/cmake/zivid_samplesConfig-version.cmake
[0.281s] -- Up-to-date: /root/ros_ws/install/zivid_samples/share/zivid_samples/package.xml
[0.323s] Invoked command in '/root/ros_ws/build/zivid_samples' returned '0': AMENT_PREFIX_PATH=/root/ros_ws/install/zivid_interfaces:${AMENT_PREFIX_PATH} CMAKE_PREFIX_PATH=/root/ros_ws/install/zivid_interfaces:/opt/ros/jazzy/opt/gz_sim_vendor:/opt/ros/jazzy/opt/gz_sensors_vendor:/opt/ros/jazzy/opt/gz_physics_vendor:/opt/ros/jazzy/opt/sdformat_vendor:/opt/ros/jazzy/opt/gz_gui_vendor:/opt/ros/jazzy/opt/gz_transport_vendor:/opt/ros/jazzy/opt/gz_rendering_vendor:/opt/ros/jazzy/opt/gz_plugin_vendor:/opt/ros/jazzy/opt/gz_fuel_tools_vendor:/opt/ros/jazzy/opt/gz_msgs_vendor:/opt/ros/jazzy/opt/gz_common_vendor:/opt/ros/jazzy/opt/gz_math_vendor:/opt/ros/jazzy/opt/gz_utils_vendor:/opt/ros/jazzy/opt/gz_tools_vendor:/opt/ros/jazzy/opt/gz_ogre_next_vendor:/opt/ros/jazzy/opt/gz_dartsim_vendor:/opt/ros/jazzy/opt/gz_cmake_vendor:/opt/ros/jazzy DEBUGINFOD_URLS=https://debuginfod.ubuntu.com LD_LIBRARY_PATH=/root/ros_ws/install/zivid_interfaces/lib:${LD_LIBRARY_PATH} PYTHONPATH=/root/ros_ws/install/zivid_interfaces/lib/python3.12/site-packages:${PYTHONPATH} /usr/bin/cmake --install /root/ros_ws/build/zivid_samples
