running egg_info
creating ../../build/panda_moveit_python/panda_moveit_python.egg-info
writing ../../build/panda_moveit_python/panda_moveit_python.egg-info/PKG-INFO
writing dependency_links to ../../build/panda_moveit_python/panda_moveit_python.egg-info/dependency_links.txt
writing entry points to ../../build/panda_moveit_python/panda_moveit_python.egg-info/entry_points.txt
writing requirements to ../../build/panda_moveit_python/panda_moveit_python.egg-info/requires.txt
writing top-level names to ../../build/panda_moveit_python/panda_moveit_python.egg-info/top_level.txt
writing manifest file '../../build/panda_moveit_python/panda_moveit_python.egg-info/SOURCES.txt'
reading manifest file '../../build/panda_moveit_python/panda_moveit_python.egg-info/SOURCES.txt'
writing manifest file '../../build/panda_moveit_python/panda_moveit_python.egg-info/SOURCES.txt'
running build
running build_py
creating /root/ros_ws/build/panda_moveit_python/build
creating /root/ros_ws/build/panda_moveit_python/build/lib
creating /root/ros_ws/build/panda_moveit_python/build/lib/panda_moveit_python
copying panda_moveit_python/__init__.py -> /root/ros_ws/build/panda_moveit_python/build/lib/panda_moveit_python
copying panda_moveit_python/motion_planning_python_api_planning_scene.py -> /root/ros_ws/build/panda_moveit_python/build/lib/panda_moveit_python
copying panda_moveit_python/motion_planning_python_api_tutorial.py -> /root/ros_ws/build/panda_moveit_python/build/lib/panda_moveit_python
running install
running install_lib
creating /root/ros_ws/install/panda_moveit_python/lib/python3.12/site-packages/panda_moveit_python
copying /root/ros_ws/build/panda_moveit_python/build/lib/panda_moveit_python/__init__.py -> /root/ros_ws/install/panda_moveit_python/lib/python3.12/site-packages/panda_moveit_python
copying /root/ros_ws/build/panda_moveit_python/build/lib/panda_moveit_python/motion_planning_python_api_planning_scene.py -> /root/ros_ws/install/panda_moveit_python/lib/python3.12/site-packages/panda_moveit_python
copying /root/ros_ws/build/panda_moveit_python/build/lib/panda_moveit_python/motion_planning_python_api_tutorial.py -> /root/ros_ws/install/panda_moveit_python/lib/python3.12/site-packages/panda_moveit_python
byte-compiling /root/ros_ws/install/panda_moveit_python/lib/python3.12/site-packages/panda_moveit_python/__init__.py to __init__.cpython-312.pyc
byte-compiling /root/ros_ws/install/panda_moveit_python/lib/python3.12/site-packages/panda_moveit_python/motion_planning_python_api_planning_scene.py to motion_planning_python_api_planning_scene.cpython-312.pyc
byte-compiling /root/ros_ws/install/panda_moveit_python/lib/python3.12/site-packages/panda_moveit_python/motion_planning_python_api_tutorial.py to motion_planning_python_api_tutorial.cpython-312.pyc
running install_data
creating /root/ros_ws/install/panda_moveit_python/share/ament_index
creating /root/ros_ws/install/panda_moveit_python/share/ament_index/resource_index
creating /root/ros_ws/install/panda_moveit_python/share/ament_index/resource_index/packages
copying resource/panda_moveit_python -> /root/ros_ws/install/panda_moveit_python/share/ament_index/resource_index/packages
copying package.xml -> /root/ros_ws/install/panda_moveit_python/share/panda_moveit_python
creating /root/ros_ws/install/panda_moveit_python/share/panda_moveit_python/launch
copying launch/motion_planning_python_api_tutorial.launch.py -> /root/ros_ws/install/panda_moveit_python/share/panda_moveit_python/launch
creating /root/ros_ws/install/panda_moveit_python/share/panda_moveit_python/config
copying config/motion_planning_python_api_tutorial.yaml -> /root/ros_ws/install/panda_moveit_python/share/panda_moveit_python/config
creating /root/ros_ws/install/panda_moveit_python/lib/panda_moveit_python
copying launch/motion_planning_python_api_tutorial.launch.py -> /root/ros_ws/install/panda_moveit_python/lib/panda_moveit_python
running install_egg_info
Copying ../../build/panda_moveit_python/panda_moveit_python.egg-info to /root/ros_ws/install/panda_moveit_python/lib/python3.12/site-packages/panda_moveit_python-0.0.0-py3.12.egg-info
running install_scripts
Installing motion_planning_python_api_tutorial script to /root/ros_ws/install/panda_moveit_python/lib/panda_moveit_python
writing list of installed files to '/root/ros_ws/build/panda_moveit_python/install.log'
