[0.050s] Invoking command in '/root/ros_ws/build/moveit_resources_fanuc_description': CMAKE_PREFIX_PATH=${CMAKE_PREFIX_PATH}:/root/ros_ws/install/universal_robots_ur10e:/root/ros_ws/install/simple_moveit_app:/root/ros_ws/install/panda_moveit_python:/opt/ros/jazzy DEBUGINFOD_URLS=https://debuginfod.ubuntu.com /usr/bin/cmake --build /root/ros_ws/build/moveit_resources_fanuc_description -- -j28 -l28
[0.478s] Invoked command in '/root/ros_ws/build/moveit_resources_fanuc_description' returned '0': CMAKE_PREFIX_PATH=${CMAKE_PREFIX_PATH}:/root/ros_ws/install/universal_robots_ur10e:/root/ros_ws/install/simple_moveit_app:/root/ros_ws/install/panda_moveit_python:/opt/ros/jazzy DEBUGINFOD_URLS=https://debuginfod.ubuntu.com /usr/bin/cmake --build /root/ros_ws/build/moveit_resources_fanuc_description -- -j28 -l28
[0.487s] Invoking command in '/root/ros_ws/build/moveit_resources_fanuc_description': CMAKE_PREFIX_PATH=${CMAKE_PREFIX_PATH}:/root/ros_ws/install/universal_robots_ur10e:/root/ros_ws/install/simple_moveit_app:/root/ros_ws/install/panda_moveit_python:/opt/ros/jazzy DEBUGINFOD_URLS=https://debuginfod.ubuntu.com /usr/bin/cmake --install /root/ros_ws/build/moveit_resources_fanuc_description
[0.501s] -- Install configuration: ""
[0.502s] -- Up-to-date: /root/ros_ws/install/moveit_resources_fanuc_description/share/ament_index/resource_index/package_run_dependencies/moveit_resources_fanuc_description
[0.503s] -- Up-to-date: /root/ros_ws/install/moveit_resources_fanuc_description/share/ament_index/resource_index/parent_prefix_path/moveit_resources_fanuc_description
[0.503s] -- Up-to-date: /root/ros_ws/install/moveit_resources_fanuc_description/share/moveit_resources_fanuc_description/environment/ament_prefix_path.sh
[0.503s] -- Up-to-date: /root/ros_ws/install/moveit_resources_fanuc_description/share/moveit_resources_fanuc_description/environment/ament_prefix_path.dsv
[0.504s] -- Up-to-date: /root/ros_ws/install/moveit_resources_fanuc_description/share/moveit_resources_fanuc_description/environment/path.sh
[0.504s] -- Up-to-date: /root/ros_ws/install/moveit_resources_fanuc_description/share/moveit_resources_fanuc_description/environment/path.dsv
[0.504s] -- Up-to-date: /root/ros_ws/install/moveit_resources_fanuc_description/share/moveit_resources_fanuc_description/local_setup.bash
[0.504s] -- Up-to-date: /root/ros_ws/install/moveit_resources_fanuc_description/share/moveit_resources_fanuc_description/local_setup.sh
[0.504s] -- Up-to-date: /root/ros_ws/install/moveit_resources_fanuc_description/share/moveit_resources_fanuc_description/local_setup.zsh
[0.504s] -- Up-to-date: /root/ros_ws/install/moveit_resources_fanuc_description/share/moveit_resources_fanuc_description/local_setup.dsv
[0.505s] -- Installing: /root/ros_ws/install/moveit_resources_fanuc_description/share/moveit_resources_fanuc_description/package.dsv
[0.506s] -- Up-to-date: /root/ros_ws/install/moveit_resources_fanuc_description/share/ament_index/resource_index/packages/moveit_resources_fanuc_description
[0.508s] -- Up-to-date: /root/ros_ws/install/moveit_resources_fanuc_description/share/moveit_resources_fanuc_description/cmake/moveit_resources_fanuc_descriptionConfig.cmake
[0.509s] -- Up-to-date: /root/ros_ws/install/moveit_resources_fanuc_description/share/moveit_resources_fanuc_description/cmake/moveit_resources_fanuc_descriptionConfig-version.cmake
[0.510s] -- Up-to-date: /root/ros_ws/install/moveit_resources_fanuc_description/share/moveit_resources_fanuc_description/package.xml
[0.512s] -- Up-to-date: /root/ros_ws/install/moveit_resources_fanuc_description/share/moveit_resources_fanuc_description/meshes
[0.513s] -- Up-to-date: /root/ros_ws/install/moveit_resources_fanuc_description/share/moveit_resources_fanuc_description/meshes/visual
[0.513s] -- Up-to-date: /root/ros_ws/install/moveit_resources_fanuc_description/share/moveit_resources_fanuc_description/meshes/visual/link_6.stl
[0.514s] -- Up-to-date: /root/ros_ws/install/moveit_resources_fanuc_description/share/moveit_resources_fanuc_description/meshes/visual/link_2.stl
[0.514s] -- Up-to-date: /root/ros_ws/install/moveit_resources_fanuc_description/share/moveit_resources_fanuc_description/meshes/visual/link_5.stl
[0.515s] -- Up-to-date: /root/ros_ws/install/moveit_resources_fanuc_description/share/moveit_resources_fanuc_description/meshes/visual/link_4.stl
[0.515s] -- Up-to-date: /root/ros_ws/install/moveit_resources_fanuc_description/share/moveit_resources_fanuc_description/meshes/visual/link_1.stl
[0.516s] -- Up-to-date: /root/ros_ws/install/moveit_resources_fanuc_description/share/moveit_resources_fanuc_description/meshes/visual/base_link.stl
[0.516s] -- Up-to-date: /root/ros_ws/install/moveit_resources_fanuc_description/share/moveit_resources_fanuc_description/meshes/visual/link_3.stl
[0.517s] -- Up-to-date: /root/ros_ws/install/moveit_resources_fanuc_description/share/moveit_resources_fanuc_description/meshes/collision
[0.518s] -- Up-to-date: /root/ros_ws/install/moveit_resources_fanuc_description/share/moveit_resources_fanuc_description/meshes/collision/link_6.stl
[0.519s] -- Up-to-date: /root/ros_ws/install/moveit_resources_fanuc_description/share/moveit_resources_fanuc_description/meshes/collision/link_2.stl
[0.519s] -- Up-to-date: /root/ros_ws/install/moveit_resources_fanuc_description/share/moveit_resources_fanuc_description/meshes/collision/link_5.stl
[0.519s] -- Up-to-date: /root/ros_ws/install/moveit_resources_fanuc_description/share/moveit_resources_fanuc_description/meshes/collision/link_4.stl
[0.520s] -- Up-to-date: /root/ros_ws/install/moveit_resources_fanuc_description/share/moveit_resources_fanuc_description/meshes/collision/link_1.stl
[0.520s] -- Up-to-date: /root/ros_ws/install/moveit_resources_fanuc_description/share/moveit_resources_fanuc_description/meshes/collision/base_link.stl
[0.520s] -- Up-to-date: /root/ros_ws/install/moveit_resources_fanuc_description/share/moveit_resources_fanuc_description/meshes/collision/link_3.stl
[0.521s] -- Up-to-date: /root/ros_ws/install/moveit_resources_fanuc_description/share/moveit_resources_fanuc_description/urdf
[0.521s] -- Up-to-date: /root/ros_ws/install/moveit_resources_fanuc_description/share/moveit_resources_fanuc_description/urdf/fanuc.urdf
[0.622s] Invoked command in '/root/ros_ws/build/moveit_resources_fanuc_description' returned '0': CMAKE_PREFIX_PATH=${CMAKE_PREFIX_PATH}:/root/ros_ws/install/universal_robots_ur10e:/root/ros_ws/install/simple_moveit_app:/root/ros_ws/install/panda_moveit_python:/opt/ros/jazzy DEBUGINFOD_URLS=https://debuginfod.ubuntu.com /usr/bin/cmake --install /root/ros_ws/build/moveit_resources_fanuc_description
