[0.109s] Invoking command in '/root/ros_ws/build/cable_detection_picking': CMAKE_PREFIX_PATH=${CMAKE_PREFIX_PATH}:/root/ros_ws/install/universal_robots_ur10e:/root/ros_ws/install/simple_moveit_app:/root/ros_ws/install/panda_moveit_python:/opt/ros/jazzy DEBUGINFOD_URLS=https://debuginfod.ubuntu.com /usr/bin/cmake --build /root/ros_ws/build/cable_detection_picking -- -j20 -l20
[1.348s] [  2%] Built target cable_detection_picking__rosidl_generator_type_description
[1.348s] [  2%] Built target ament_cmake_python_copy_cable_detection_picking
[1.348s] [ 17%] Built target cable_detection_picking__rosidl_generator_c
[1.348s] [ 20%] Built target cable_detection_picking__cpp
[1.348s] [ 29%] Built target cable_detection_picking__rosidl_typesupport_c
[1.349s] [ 38%] Built target cable_detection_picking__rosidl_typesupport_introspection_c
[1.349s] [ 47%] Built target cable_detection_picking__rosidl_typesupport_fastrtps_c
[1.349s] [ 55%] Built target cable_detection_picking__rosidl_typesupport_introspection_cpp
[1.349s] [ 64%] Built target cable_detection_picking__rosidl_typesupport_cpp
[1.349s] [ 73%] Built target cable_detection_picking__rosidl_typesupport_fastrtps_cpp
[1.349s] [ 73%] Built target cable_detection_picking
[1.349s] [ 76%] Built target cable_detection_picking__py
[1.349s] [ 82%] Built target cable_detection_picking__rosidl_generator_py
[1.349s] [ 88%] Built target cable_detection_picking_s__rosidl_typesupport_introspection_c
[1.350s] [ 94%] Built target cable_detection_picking_s__rosidl_typesupport_c
[1.350s] [100%] Built target cable_detection_picking_s__rosidl_typesupport_fastrtps_c
[1.350s] running egg_info
[1.350s] writing cable_detection_picking.egg-info/PKG-INFO
[1.350s] writing dependency_links to cable_detection_picking.egg-info/dependency_links.txt
[1.350s] writing top-level names to cable_detection_picking.egg-info/top_level.txt
[1.350s] reading manifest file 'cable_detection_picking.egg-info/SOURCES.txt'
[1.350s] writing manifest file 'cable_detection_picking.egg-info/SOURCES.txt'
[1.350s] [100%] Built target ament_cmake_python_build_cable_detection_picking_egg
[1.366s] Invoked command in '/root/ros_ws/build/cable_detection_picking' returned '0': CMAKE_PREFIX_PATH=${CMAKE_PREFIX_PATH}:/root/ros_ws/install/universal_robots_ur10e:/root/ros_ws/install/simple_moveit_app:/root/ros_ws/install/panda_moveit_python:/opt/ros/jazzy DEBUGINFOD_URLS=https://debuginfod.ubuntu.com /usr/bin/cmake --build /root/ros_ws/build/cable_detection_picking -- -j20 -l20
[1.367s] Invoking command in '/root/ros_ws/build/cable_detection_picking': CMAKE_PREFIX_PATH=${CMAKE_PREFIX_PATH}:/root/ros_ws/install/universal_robots_ur10e:/root/ros_ws/install/simple_moveit_app:/root/ros_ws/install/panda_moveit_python:/opt/ros/jazzy DEBUGINFOD_URLS=https://debuginfod.ubuntu.com /usr/bin/cmake --install /root/ros_ws/build/cable_detection_picking
[1.521s] -- Install configuration: ""
[1.522s] -- Up-to-date: /root/ros_ws/install/cable_detection_picking/share/ament_index/resource_index/rosidl_interfaces/cable_detection_picking
[1.522s] -- Up-to-date: /root/ros_ws/install/cable_detection_picking/share/cable_detection_picking/action/RunPipeline.json
[1.523s] -- Up-to-date: /root/ros_ws/install/cable_detection_picking/include/cable_detection_picking/cable_detection_picking
[1.523s] -- Up-to-date: /root/ros_ws/install/cable_detection_picking/include/cable_detection_picking/cable_detection_picking/msg
[1.524s] -- Up-to-date: /root/ros_ws/install/cable_detection_picking/include/cable_detection_picking/cable_detection_picking/msg/rosidl_generator_c__visibility_control.h
[1.525s] -- Up-to-date: /root/ros_ws/install/cable_detection_picking/include/cable_detection_picking/cable_detection_picking/action
[1.525s] -- Up-to-date: /root/ros_ws/install/cable_detection_picking/include/cable_detection_picking/cable_detection_picking/action/run_pipeline.h
[1.525s] -- Up-to-date: /root/ros_ws/install/cable_detection_picking/include/cable_detection_picking/cable_detection_picking/action/detail
[1.526s] -- Up-to-date: /root/ros_ws/install/cable_detection_picking/include/cable_detection_picking/cable_detection_picking/action/detail/run_pipeline__type_support.h
[1.527s] -- Up-to-date: /root/ros_ws/install/cable_detection_picking/include/cable_detection_picking/cable_detection_picking/action/detail/run_pipeline__type_support.c
[1.527s] -- Up-to-date: /root/ros_ws/install/cable_detection_picking/include/cable_detection_picking/cable_detection_picking/action/detail/run_pipeline__description.c
[1.528s] -- Up-to-date: /root/ros_ws/install/cable_detection_picking/include/cable_detection_picking/cable_detection_picking/action/detail/run_pipeline__functions.c
[1.528s] -- Up-to-date: /root/ros_ws/install/cable_detection_picking/include/cable_detection_picking/cable_detection_picking/action/detail/run_pipeline__functions.h
[1.529s] -- Up-to-date: /root/ros_ws/install/cable_detection_picking/include/cable_detection_picking/cable_detection_picking/action/detail/run_pipeline__struct.h
[1.529s] -- Up-to-date: /root/ros_ws/install/cable_detection_picking/share/cable_detection_picking/environment/library_path.sh
[1.530s] -- Up-to-date: /root/ros_ws/install/cable_detection_picking/share/cable_detection_picking/environment/library_path.dsv
[1.530s] -- Up-to-date: /root/ros_ws/install/cable_detection_picking/lib/libcable_detection_picking__rosidl_generator_c.so
[1.531s] -- Up-to-date: /root/ros_ws/install/cable_detection_picking/include/cable_detection_picking/cable_detection_picking
[1.532s] -- Up-to-date: /root/ros_ws/install/cable_detection_picking/include/cable_detection_picking/cable_detection_picking/msg
[1.532s] -- Up-to-date: /root/ros_ws/install/cable_detection_picking/include/cable_detection_picking/cable_detection_picking/msg/rosidl_typesupport_fastrtps_c__visibility_control.h
[1.533s] -- Up-to-date: /root/ros_ws/install/cable_detection_picking/include/cable_detection_picking/cable_detection_picking/action
[1.533s] -- Up-to-date: /root/ros_ws/install/cable_detection_picking/include/cable_detection_picking/cable_detection_picking/action/detail
[1.536s] -- Up-to-date: /root/ros_ws/install/cable_detection_picking/include/cable_detection_picking/cable_detection_picking/action/detail/run_pipeline__rosidl_typesupport_fastrtps_c.h
[1.544s] -- Up-to-date: /root/ros_ws/install/cable_detection_picking/lib/libcable_detection_picking__rosidl_typesupport_fastrtps_c.so
[1.563s] -- Up-to-date: /root/ros_ws/install/cable_detection_picking/include/cable_detection_picking/cable_detection_picking
[1.563s] -- Up-to-date: /root/ros_ws/install/cable_detection_picking/include/cable_detection_picking/cable_detection_picking/msg
[1.564s] -- Up-to-date: /root/ros_ws/install/cable_detection_picking/include/cable_detection_picking/cable_detection_picking/msg/rosidl_generator_cpp__visibility_control.hpp
[1.565s] -- Up-to-date: /root/ros_ws/install/cable_detection_picking/include/cable_detection_picking/cable_detection_picking/action
[1.565s] -- Up-to-date: /root/ros_ws/install/cable_detection_picking/include/cable_detection_picking/cable_detection_picking/action/run_pipeline.hpp
[1.565s] -- Up-to-date: /root/ros_ws/install/cable_detection_picking/include/cable_detection_picking/cable_detection_picking/action/detail
[1.565s] -- Up-to-date: /root/ros_ws/install/cable_detection_picking/include/cable_detection_picking/cable_detection_picking/action/detail/run_pipeline__builder.hpp
[1.565s] -- Up-to-date: /root/ros_ws/install/cable_detection_picking/include/cable_detection_picking/cable_detection_picking/action/detail/run_pipeline__traits.hpp
[1.573s] -- Up-to-date: /root/ros_ws/install/cable_detection_picking/include/cable_detection_picking/cable_detection_picking/action/detail/run_pipeline__type_support.hpp
[1.574s] -- Up-to-date: /root/ros_ws/install/cable_detection_picking/include/cable_detection_picking/cable_detection_picking/action/detail/run_pipeline__struct.hpp
[1.574s] -- Up-to-date: /root/ros_ws/install/cable_detection_picking/include/cable_detection_picking/cable_detection_picking
[1.574s] -- Up-to-date: /root/ros_ws/install/cable_detection_picking/include/cable_detection_picking/cable_detection_picking/msg
[1.582s] -- Up-to-date: /root/ros_ws/install/cable_detection_picking/include/cable_detection_picking/cable_detection_picking/msg/rosidl_typesupport_fastrtps_cpp__visibility_control.h
[1.582s] -- Up-to-date: /root/ros_ws/install/cable_detection_picking/include/cable_detection_picking/cable_detection_picking/action
[1.582s] -- Up-to-date: /root/ros_ws/install/cable_detection_picking/include/cable_detection_picking/cable_detection_picking/action/detail
[1.582s] -- Up-to-date: /root/ros_ws/install/cable_detection_picking/include/cable_detection_picking/cable_detection_picking/action/detail/dds_fastrtps
[1.582s] -- Up-to-date: /root/ros_ws/install/cable_detection_picking/include/cable_detection_picking/cable_detection_picking/action/detail/run_pipeline__rosidl_typesupport_fastrtps_cpp.hpp
[1.610s] -- Up-to-date: /root/ros_ws/install/cable_detection_picking/lib/libcable_detection_picking__rosidl_typesupport_fastrtps_cpp.so
[1.614s] -- Up-to-date: /root/ros_ws/install/cable_detection_picking/include/cable_detection_picking/cable_detection_picking
[1.614s] -- Up-to-date: /root/ros_ws/install/cable_detection_picking/include/cable_detection_picking/cable_detection_picking/msg
[1.614s] -- Up-to-date: /root/ros_ws/install/cable_detection_picking/include/cable_detection_picking/cable_detection_picking/msg/rosidl_typesupport_introspection_c__visibility_control.h
[1.615s] -- Up-to-date: /root/ros_ws/install/cable_detection_picking/include/cable_detection_picking/cable_detection_picking/action
[1.615s] -- Up-to-date: /root/ros_ws/install/cable_detection_picking/include/cable_detection_picking/cable_detection_picking/action/detail
[1.615s] -- Up-to-date: /root/ros_ws/install/cable_detection_picking/include/cable_detection_picking/cable_detection_picking/action/detail/run_pipeline__rosidl_typesupport_introspection_c.h
[1.615s] -- Up-to-date: /root/ros_ws/install/cable_detection_picking/include/cable_detection_picking/cable_detection_picking/action/detail/run_pipeline__type_support.c
[1.623s] -- Up-to-date: /root/ros_ws/install/cable_detection_picking/lib/libcable_detection_picking__rosidl_typesupport_introspection_c.so
[1.637s] -- Up-to-date: /root/ros_ws/install/cable_detection_picking/lib/libcable_detection_picking__rosidl_typesupport_c.so
[1.643s] -- Up-to-date: /root/ros_ws/install/cable_detection_picking/include/cable_detection_picking/cable_detection_picking
[1.643s] -- Up-to-date: /root/ros_ws/install/cable_detection_picking/include/cable_detection_picking/cable_detection_picking/action
[1.643s] -- Up-to-date: /root/ros_ws/install/cable_detection_picking/include/cable_detection_picking/cable_detection_picking/action/detail
[1.643s] -- Up-to-date: /root/ros_ws/install/cable_detection_picking/include/cable_detection_picking/cable_detection_picking/action/detail/run_pipeline__type_support.cpp
[1.644s] -- Up-to-date: /root/ros_ws/install/cable_detection_picking/include/cable_detection_picking/cable_detection_picking/action/detail/run_pipeline__rosidl_typesupport_introspection_cpp.hpp
[1.650s] -- Up-to-date: /root/ros_ws/install/cable_detection_picking/lib/libcable_detection_picking__rosidl_typesupport_introspection_cpp.so
[1.656s] -- Up-to-date: /root/ros_ws/install/cable_detection_picking/lib/libcable_detection_picking__rosidl_typesupport_cpp.so
[1.657s] -- Up-to-date: /root/ros_ws/install/cable_detection_picking/share/cable_detection_picking/environment/pythonpath.sh
[1.657s] -- Up-to-date: /root/ros_ws/install/cable_detection_picking/share/cable_detection_picking/environment/pythonpath.dsv
[1.657s] -- Up-to-date: /root/ros_ws/install/cable_detection_picking/lib/python3.12/site-packages/cable_detection_picking-0.0.0-py3.12.egg-info
[1.657s] -- Installing: /root/ros_ws/install/cable_detection_picking/lib/python3.12/site-packages/cable_detection_picking-0.0.0-py3.12.egg-info/SOURCES.txt
[1.658s] -- Installing: /root/ros_ws/install/cable_detection_picking/lib/python3.12/site-packages/cable_detection_picking-0.0.0-py3.12.egg-info/PKG-INFO
[1.658s] -- Installing: /root/ros_ws/install/cable_detection_picking/lib/python3.12/site-packages/cable_detection_picking-0.0.0-py3.12.egg-info/top_level.txt
[1.661s] -- Installing: /root/ros_ws/install/cable_detection_picking/lib/python3.12/site-packages/cable_detection_picking-0.0.0-py3.12.egg-info/dependency_links.txt
[1.661s] -- Up-to-date: /root/ros_ws/install/cable_detection_picking/lib/python3.12/site-packages/cable_detection_picking
[1.661s] -- Up-to-date: /root/ros_ws/install/cable_detection_picking/lib/python3.12/site-packages/cable_detection_picking/_cable_detection_picking_s.ep.rosidl_typesupport_fastrtps_c.c
[1.662s] -- Up-to-date: /root/ros_ws/install/cable_detection_picking/lib/python3.12/site-packages/cable_detection_picking/__init__.py
[1.663s] -- Up-to-date: /root/ros_ws/install/cable_detection_picking/lib/python3.12/site-packages/cable_detection_picking/_cable_detection_picking_s.ep.rosidl_typesupport_introspection_c.c
[1.663s] -- Up-to-date: /root/ros_ws/install/cable_detection_picking/lib/python3.12/site-packages/cable_detection_picking/_cable_detection_picking_s.ep.rosidl_typesupport_c.c
[1.664s] -- Up-to-date: /root/ros_ws/install/cable_detection_picking/lib/python3.12/site-packages/cable_detection_picking/cable_detection_picking_s__rosidl_typesupport_c.so
[1.664s] -- Up-to-date: /root/ros_ws/install/cable_detection_picking/lib/python3.12/site-packages/cable_detection_picking/cable_detection_picking_s__rosidl_typesupport_introspection_c.so
[1.664s] -- Up-to-date: /root/ros_ws/install/cable_detection_picking/lib/python3.12/site-packages/cable_detection_picking/cable_detection_picking_s__rosidl_typesupport_fastrtps_c.so
[1.665s] -- Up-to-date: /root/ros_ws/install/cable_detection_picking/lib/python3.12/site-packages/cable_detection_picking/action
[1.665s] -- Up-to-date: /root/ros_ws/install/cable_detection_picking/lib/python3.12/site-packages/cable_detection_picking/action/_run_pipeline_s.c
[1.665s] -- Up-to-date: /root/ros_ws/install/cable_detection_picking/lib/python3.12/site-packages/cable_detection_picking/action/__init__.py
[1.668s] -- Up-to-date: /root/ros_ws/install/cable_detection_picking/lib/python3.12/site-packages/cable_detection_picking/action/_run_pipeline.py
[1.817s] Listing '/root/ros_ws/install/cable_detection_picking/lib/python3.12/site-packages/cable_detection_picking'...
[1.817s] Listing '/root/ros_ws/install/cable_detection_picking/lib/python3.12/site-packages/cable_detection_picking/action'...
[1.817s] -- Up-to-date: /root/ros_ws/install/cable_detection_picking/lib/python3.12/site-packages/cable_detection_picking/cable_detection_picking_s__rosidl_typesupport_fastrtps_c.so
[1.818s] -- Up-to-date: /root/ros_ws/install/cable_detection_picking/lib/python3.12/site-packages/cable_detection_picking/cable_detection_picking_s__rosidl_typesupport_introspection_c.so
[1.818s] -- Up-to-date: /root/ros_ws/install/cable_detection_picking/lib/python3.12/site-packages/cable_detection_picking/cable_detection_picking_s__rosidl_typesupport_c.so
[1.818s] -- Up-to-date: /root/ros_ws/install/cable_detection_picking/lib/libcable_detection_picking__rosidl_generator_py.so
[1.818s] -- Up-to-date: /root/ros_ws/install/cable_detection_picking/share/cable_detection_picking/action/RunPipeline.idl
[1.818s] -- Up-to-date: /root/ros_ws/install/cable_detection_picking/share/cable_detection_picking/action/RunPipeline.action
[1.818s] -- Up-to-date: /root/ros_ws/install/cable_detection_picking/share/ament_index/resource_index/package_run_dependencies/cable_detection_picking
[1.819s] -- Up-to-date: /root/ros_ws/install/cable_detection_picking/share/ament_index/resource_index/parent_prefix_path/cable_detection_picking
[1.819s] -- Up-to-date: /root/ros_ws/install/cable_detection_picking/share/cable_detection_picking/environment/ament_prefix_path.sh
[1.819s] -- Up-to-date: /root/ros_ws/install/cable_detection_picking/share/cable_detection_picking/environment/ament_prefix_path.dsv
[1.819s] -- Up-to-date: /root/ros_ws/install/cable_detection_picking/share/cable_detection_picking/environment/path.sh
[1.819s] -- Up-to-date: /root/ros_ws/install/cable_detection_picking/share/cable_detection_picking/environment/path.dsv
[1.820s] -- Up-to-date: /root/ros_ws/install/cable_detection_picking/share/cable_detection_picking/local_setup.bash
[1.820s] -- Up-to-date: /root/ros_ws/install/cable_detection_picking/share/cable_detection_picking/local_setup.sh
[1.820s] -- Up-to-date: /root/ros_ws/install/cable_detection_picking/share/cable_detection_picking/local_setup.zsh
[1.820s] -- Up-to-date: /root/ros_ws/install/cable_detection_picking/share/cable_detection_picking/local_setup.dsv
[1.820s] -- Installing: /root/ros_ws/install/cable_detection_picking/share/cable_detection_picking/package.dsv
[1.820s] -- Up-to-date: /root/ros_ws/install/cable_detection_picking/share/ament_index/resource_index/packages/cable_detection_picking
[1.820s] -- Up-to-date: /root/ros_ws/install/cable_detection_picking/share/cable_detection_picking/cmake/export_cable_detection_picking__rosidl_generator_cExport.cmake
[1.821s] -- Up-to-date: /root/ros_ws/install/cable_detection_picking/share/cable_detection_picking/cmake/export_cable_detection_picking__rosidl_generator_cExport-noconfig.cmake
[1.821s] -- Up-to-date: /root/ros_ws/install/cable_detection_picking/share/cable_detection_picking/cmake/export_cable_detection_picking__rosidl_typesupport_fastrtps_cExport.cmake
[1.821s] -- Up-to-date: /root/ros_ws/install/cable_detection_picking/share/cable_detection_picking/cmake/export_cable_detection_picking__rosidl_typesupport_fastrtps_cExport-noconfig.cmake
[1.822s] -- Up-to-date: /root/ros_ws/install/cable_detection_picking/share/cable_detection_picking/cmake/export_cable_detection_picking__rosidl_generator_cppExport.cmake
[1.822s] -- Up-to-date: /root/ros_ws/install/cable_detection_picking/share/cable_detection_picking/cmake/export_cable_detection_picking__rosidl_typesupport_fastrtps_cppExport.cmake
[1.822s] -- Up-to-date: /root/ros_ws/install/cable_detection_picking/share/cable_detection_picking/cmake/export_cable_detection_picking__rosidl_typesupport_fastrtps_cppExport-noconfig.cmake
[1.822s] -- Up-to-date: /root/ros_ws/install/cable_detection_picking/share/cable_detection_picking/cmake/cable_detection_picking__rosidl_typesupport_introspection_cExport.cmake
[1.822s] -- Up-to-date: /root/ros_ws/install/cable_detection_picking/share/cable_detection_picking/cmake/cable_detection_picking__rosidl_typesupport_introspection_cExport-noconfig.cmake
[1.822s] -- Up-to-date: /root/ros_ws/install/cable_detection_picking/share/cable_detection_picking/cmake/cable_detection_picking__rosidl_typesupport_cExport.cmake
[1.823s] -- Up-to-date: /root/ros_ws/install/cable_detection_picking/share/cable_detection_picking/cmake/cable_detection_picking__rosidl_typesupport_cExport-noconfig.cmake
[1.823s] -- Up-to-date: /root/ros_ws/install/cable_detection_picking/share/cable_detection_picking/cmake/cable_detection_picking__rosidl_typesupport_introspection_cppExport.cmake
[1.823s] -- Up-to-date: /root/ros_ws/install/cable_detection_picking/share/cable_detection_picking/cmake/cable_detection_picking__rosidl_typesupport_introspection_cppExport-noconfig.cmake
[1.823s] -- Up-to-date: /root/ros_ws/install/cable_detection_picking/share/cable_detection_picking/cmake/cable_detection_picking__rosidl_typesupport_cppExport.cmake
[1.824s] -- Up-to-date: /root/ros_ws/install/cable_detection_picking/share/cable_detection_picking/cmake/cable_detection_picking__rosidl_typesupport_cppExport-noconfig.cmake
[1.824s] -- Up-to-date: /root/ros_ws/install/cable_detection_picking/share/cable_detection_picking/cmake/export_cable_detection_picking__rosidl_generator_pyExport.cmake
[1.824s] -- Up-to-date: /root/ros_ws/install/cable_detection_picking/share/cable_detection_picking/cmake/export_cable_detection_picking__rosidl_generator_pyExport-noconfig.cmake
[1.824s] -- Up-to-date: /root/ros_ws/install/cable_detection_picking/share/cable_detection_picking/cmake/rosidl_cmake-extras.cmake
[1.824s] -- Up-to-date: /root/ros_ws/install/cable_detection_picking/share/cable_detection_picking/cmake/ament_cmake_export_dependencies-extras.cmake
[1.825s] -- Up-to-date: /root/ros_ws/install/cable_detection_picking/share/cable_detection_picking/cmake/ament_cmake_export_include_directories-extras.cmake
[1.825s] -- Up-to-date: /root/ros_ws/install/cable_detection_picking/share/cable_detection_picking/cmake/ament_cmake_export_libraries-extras.cmake
[1.825s] -- Up-to-date: /root/ros_ws/install/cable_detection_picking/share/cable_detection_picking/cmake/ament_cmake_export_targets-extras.cmake
[1.825s] -- Up-to-date: /root/ros_ws/install/cable_detection_picking/share/cable_detection_picking/cmake/rosidl_cmake_export_typesupport_targets-extras.cmake
[1.826s] -- Up-to-date: /root/ros_ws/install/cable_detection_picking/share/cable_detection_picking/cmake/rosidl_cmake_export_typesupport_libraries-extras.cmake
[1.826s] -- Up-to-date: /root/ros_ws/install/cable_detection_picking/share/cable_detection_picking/cmake/cable_detection_pickingConfig.cmake
[1.826s] -- Up-to-date: /root/ros_ws/install/cable_detection_picking/share/cable_detection_picking/cmake/cable_detection_pickingConfig-version.cmake
[1.826s] -- Up-to-date: /root/ros_ws/install/cable_detection_picking/share/cable_detection_picking/package.xml
[1.924s] Invoked command in '/root/ros_ws/build/cable_detection_picking' returned '0': CMAKE_PREFIX_PATH=${CMAKE_PREFIX_PATH}:/root/ros_ws/install/universal_robots_ur10e:/root/ros_ws/install/simple_moveit_app:/root/ros_ws/install/panda_moveit_python:/opt/ros/jazzy DEBUGINFOD_URLS=https://debuginfod.ubuntu.com /usr/bin/cmake --install /root/ros_ws/build/cable_detection_picking
