[0.075s] Invoking command in '/root/ros_ws/build/serial': CMAKE_PREFIX_PATH=${CMAKE_PREFIX_PATH}:/opt/ros/jazzy DEBUGINFOD_URLS=https://debuginfod.ubuntu.com /usr/bin/cmake --build /root/ros_ws/build/serial -- -j20 -l20
[1.300s] [100%] Built target serial
[1.314s] Invoked command in '/root/ros_ws/build/serial' returned '0': CMAKE_PREFIX_PATH=${CMAKE_PREFIX_PATH}:/opt/ros/jazzy DEBUGINFOD_URLS=https://debuginfod.ubuntu.com /usr/bin/cmake --build /root/ros_ws/build/serial -- -j20 -l20
[1.315s] Invoking command in '/root/ros_ws/build/serial': CMAKE_PREFIX_PATH=${CMAKE_PREFIX_PATH}:/opt/ros/jazzy DEBUGINFOD_URLS=https://debuginfod.ubuntu.com /usr/bin/cmake --install /root/ros_ws/build/serial
[1.443s] -- Install configuration: ""
[1.443s] -- Up-to-date: /root/ros_ws/install/serial/lib/libserial.a
[1.443s] -- Up-to-date: /root/ros_ws/install/serial/include
[1.443s] -- Up-to-date: /root/ros_ws/install/serial/include/serial
[1.444s] -- Up-to-date: /root/ros_ws/install/serial/include/serial/impl
[1.444s] -- Up-to-date: /root/ros_ws/install/serial/include/serial/impl/unix.h
[1.444s] -- Up-to-date: /root/ros_ws/install/serial/include/serial/impl/win.h
[1.445s] -- Up-to-date: /root/ros_ws/install/serial/include/serial/serial.h
[1.445s] -- Up-to-date: /root/ros_ws/install/serial/include/serial/v8stdint.h
[1.446s] -- Up-to-date: /root/ros_ws/install/serial/share/serial/environment/library_path.sh
[1.447s] -- Up-to-date: /root/ros_ws/install/serial/share/serial/environment/library_path.dsv
[1.447s] -- Up-to-date: /root/ros_ws/install/serial/share/ament_index/resource_index/package_run_dependencies/serial
[1.448s] -- Up-to-date: /root/ros_ws/install/serial/share/ament_index/resource_index/parent_prefix_path/serial
[1.448s] -- Up-to-date: /root/ros_ws/install/serial/share/serial/environment/ament_prefix_path.sh
[1.448s] -- Up-to-date: /root/ros_ws/install/serial/share/serial/environment/ament_prefix_path.dsv
[1.449s] -- Up-to-date: /root/ros_ws/install/serial/share/serial/environment/path.sh
[1.449s] -- Up-to-date: /root/ros_ws/install/serial/share/serial/environment/path.dsv
[1.449s] -- Up-to-date: /root/ros_ws/install/serial/share/serial/local_setup.bash
[1.450s] -- Up-to-date: /root/ros_ws/install/serial/share/serial/local_setup.sh
[1.450s] -- Up-to-date: /root/ros_ws/install/serial/share/serial/local_setup.zsh
[1.450s] -- Up-to-date: /root/ros_ws/install/serial/share/serial/local_setup.dsv
[1.451s] -- Installing: /root/ros_ws/install/serial/share/serial/package.dsv
[1.451s] -- Up-to-date: /root/ros_ws/install/serial/share/ament_index/resource_index/packages/serial
[1.451s] -- Up-to-date: /root/ros_ws/install/serial/share/serial/cmake/export_serialExport.cmake
[1.451s] -- Up-to-date: /root/ros_ws/install/serial/share/serial/cmake/export_serialExport-noconfig.cmake
[1.451s] -- Up-to-date: /root/ros_ws/install/serial/share/serial/cmake/ament_cmake_export_include_directories-extras.cmake
[1.452s] -- Up-to-date: /root/ros_ws/install/serial/share/serial/cmake/ament_cmake_export_libraries-extras.cmake
[1.452s] -- Up-to-date: /root/ros_ws/install/serial/share/serial/cmake/ament_cmake_export_targets-extras.cmake
[1.453s] -- Up-to-date: /root/ros_ws/install/serial/share/serial/cmake/serialConfig.cmake
[1.453s] -- Up-to-date: /root/ros_ws/install/serial/share/serial/cmake/serialConfig-version.cmake
[1.454s] -- Up-to-date: /root/ros_ws/install/serial/share/serial/package.xml
[1.891s] Invoked command in '/root/ros_ws/build/serial' returned '0': CMAKE_PREFIX_PATH=${CMAKE_PREFIX_PATH}:/opt/ros/jazzy DEBUGINFOD_URLS=https://debuginfod.ubuntu.com /usr/bin/cmake --install /root/ros_ws/build/serial
