[0.061s] Invoking command in '/root/ros_ws/build/zivid_camera': AMENT_PREFIX_PATH=/root/ros_ws/install/zivid_interfaces:${AMENT_PREFIX_PATH} CMAKE_PREFIX_PATH=/root/ros_ws/install/zivid_interfaces:/opt/ros/jazzy/opt/gz_sim_vendor:/opt/ros/jazzy/opt/gz_sensors_vendor:/opt/ros/jazzy/opt/gz_physics_vendor:/opt/ros/jazzy/opt/sdformat_vendor:/opt/ros/jazzy/opt/gz_gui_vendor:/opt/ros/jazzy/opt/gz_transport_vendor:/opt/ros/jazzy/opt/gz_rendering_vendor:/opt/ros/jazzy/opt/gz_plugin_vendor:/opt/ros/jazzy/opt/gz_fuel_tools_vendor:/opt/ros/jazzy/opt/gz_msgs_vendor:/opt/ros/jazzy/opt/gz_common_vendor:/opt/ros/jazzy/opt/gz_math_vendor:/opt/ros/jazzy/opt/gz_utils_vendor:/opt/ros/jazzy/opt/gz_tools_vendor:/opt/ros/jazzy/opt/gz_ogre_next_vendor:/opt/ros/jazzy/opt/gz_dartsim_vendor:/opt/ros/jazzy/opt/gz_cmake_vendor:/opt/ros/jazzy DEBUGINFOD_URLS=https://debuginfod.ubuntu.com LD_LIBRARY_PATH=/root/ros_ws/install/zivid_interfaces/lib:${LD_LIBRARY_PATH} PYTHONPATH=/root/ros_ws/install/zivid_interfaces/lib/python3.12/site-packages:${PYTHONPATH} /usr/bin/cmake --build /root/ros_ws/build/zivid_camera -- -j20 -l20
[0.160s] [ 11%] Built target gtest_main
[0.175s] [ 22%] Built target gtest
[0.190s] [ 33%] Built target zivid_camera
[0.197s] [ 72%] Built target zivid_camera_component
[0.240s] [100%] Built target zivid_camera_test
[0.261s] Invoked command in '/root/ros_ws/build/zivid_camera' returned '0': AMENT_PREFIX_PATH=/root/ros_ws/install/zivid_interfaces:${AMENT_PREFIX_PATH} CMAKE_PREFIX_PATH=/root/ros_ws/install/zivid_interfaces:/opt/ros/jazzy/opt/gz_sim_vendor:/opt/ros/jazzy/opt/gz_sensors_vendor:/opt/ros/jazzy/opt/gz_physics_vendor:/opt/ros/jazzy/opt/sdformat_vendor:/opt/ros/jazzy/opt/gz_gui_vendor:/opt/ros/jazzy/opt/gz_transport_vendor:/opt/ros/jazzy/opt/gz_rendering_vendor:/opt/ros/jazzy/opt/gz_plugin_vendor:/opt/ros/jazzy/opt/gz_fuel_tools_vendor:/opt/ros/jazzy/opt/gz_msgs_vendor:/opt/ros/jazzy/opt/gz_common_vendor:/opt/ros/jazzy/opt/gz_math_vendor:/opt/ros/jazzy/opt/gz_utils_vendor:/opt/ros/jazzy/opt/gz_tools_vendor:/opt/ros/jazzy/opt/gz_ogre_next_vendor:/opt/ros/jazzy/opt/gz_dartsim_vendor:/opt/ros/jazzy/opt/gz_cmake_vendor:/opt/ros/jazzy DEBUGINFOD_URLS=https://debuginfod.ubuntu.com LD_LIBRARY_PATH=/root/ros_ws/install/zivid_interfaces/lib:${LD_LIBRARY_PATH} PYTHONPATH=/root/ros_ws/install/zivid_interfaces/lib/python3.12/site-packages:${PYTHONPATH} /usr/bin/cmake --build /root/ros_ws/build/zivid_camera -- -j20 -l20
[0.263s] Invoking command in '/root/ros_ws/build/zivid_camera': AMENT_PREFIX_PATH=/root/ros_ws/install/zivid_interfaces:${AMENT_PREFIX_PATH} CMAKE_PREFIX_PATH=/root/ros_ws/install/zivid_interfaces:/opt/ros/jazzy/opt/gz_sim_vendor:/opt/ros/jazzy/opt/gz_sensors_vendor:/opt/ros/jazzy/opt/gz_physics_vendor:/opt/ros/jazzy/opt/sdformat_vendor:/opt/ros/jazzy/opt/gz_gui_vendor:/opt/ros/jazzy/opt/gz_transport_vendor:/opt/ros/jazzy/opt/gz_rendering_vendor:/opt/ros/jazzy/opt/gz_plugin_vendor:/opt/ros/jazzy/opt/gz_fuel_tools_vendor:/opt/ros/jazzy/opt/gz_msgs_vendor:/opt/ros/jazzy/opt/gz_common_vendor:/opt/ros/jazzy/opt/gz_math_vendor:/opt/ros/jazzy/opt/gz_utils_vendor:/opt/ros/jazzy/opt/gz_tools_vendor:/opt/ros/jazzy/opt/gz_ogre_next_vendor:/opt/ros/jazzy/opt/gz_dartsim_vendor:/opt/ros/jazzy/opt/gz_cmake_vendor:/opt/ros/jazzy DEBUGINFOD_URLS=https://debuginfod.ubuntu.com LD_LIBRARY_PATH=/root/ros_ws/install/zivid_interfaces/lib:${LD_LIBRARY_PATH} PYTHONPATH=/root/ros_ws/install/zivid_interfaces/lib/python3.12/site-packages:${PYTHONPATH} /usr/bin/cmake --install /root/ros_ws/build/zivid_camera
[0.290s] -- Install configuration: ""
[0.290s] -- Up-to-date: /root/ros_ws/install/zivid_camera/lib/zivid_camera/zivid_camera
[0.291s] -- Up-to-date: /root/ros_ws/install/zivid_camera/lib/libzivid_camera_component.so
[0.291s] -- Up-to-date: /root/ros_ws/install/zivid_camera/include
[0.291s] -- Up-to-date: /root/ros_ws/install/zivid_camera/include/zivid_camera
[0.292s] -- Up-to-date: /root/ros_ws/install/zivid_camera/include/zivid_camera/visibility.hpp
[0.292s] -- Up-to-date: /root/ros_ws/install/zivid_camera/include/zivid_camera/infield_correction_controller.hpp
[0.292s] -- Up-to-date: /root/ros_ws/install/zivid_camera/include/zivid_camera/utility.hpp
[0.293s] -- Up-to-date: /root/ros_ws/install/zivid_camera/include/zivid_camera/hand_eye_calibration_controller.hpp
[0.293s] -- Up-to-date: /root/ros_ws/install/zivid_camera/include/zivid_camera/zivid_camera.hpp
[0.293s] -- Up-to-date: /root/ros_ws/install/zivid_camera/include/zivid_camera/capture_settings_controller.hpp
[0.293s] -- Up-to-date: /root/ros_ws/install/zivid_camera/include/zivid_camera/detector_controller.hpp
[0.294s] -- Up-to-date: /root/ros_ws/install/zivid_camera/include/zivid_camera/controller_interface.hpp
[0.294s] -- Up-to-date: /root/ros_ws/install/zivid_camera/share/zivid_camera/launch
[0.294s] -- Up-to-date: /root/ros_ws/install/zivid_camera/share/zivid_camera/launch/visualize.launch
[0.294s] -- Up-to-date: /root/ros_ws/install/zivid_camera/share/zivid_camera/config
[0.295s] -- Up-to-date: /root/ros_ws/install/zivid_camera/share/zivid_camera/config/rviz
[0.295s] -- Up-to-date: /root/ros_ws/install/zivid_camera/share/zivid_camera/config/rviz/zivid.rviz
[0.295s] -- Up-to-date: /root/ros_ws/install/zivid_camera/share/zivid_camera/environment/library_path.sh
[0.295s] -- Up-to-date: /root/ros_ws/install/zivid_camera/share/zivid_camera/environment/library_path.dsv
[0.296s] -- Up-to-date: /root/ros_ws/install/zivid_camera/lib/libzivid_camera_component.so
[0.297s] -- Up-to-date: /root/ros_ws/install/zivid_camera/share/ament_index/resource_index/package_run_dependencies/zivid_camera
[0.297s] -- Up-to-date: /root/ros_ws/install/zivid_camera/share/ament_index/resource_index/parent_prefix_path/zivid_camera
[0.297s] -- Up-to-date: /root/ros_ws/install/zivid_camera/share/zivid_camera/environment/ament_prefix_path.sh
[0.298s] -- Up-to-date: /root/ros_ws/install/zivid_camera/share/zivid_camera/environment/ament_prefix_path.dsv
[0.298s] -- Up-to-date: /root/ros_ws/install/zivid_camera/share/zivid_camera/environment/path.sh
[0.298s] -- Up-to-date: /root/ros_ws/install/zivid_camera/share/zivid_camera/environment/path.dsv
[0.298s] -- Up-to-date: /root/ros_ws/install/zivid_camera/share/zivid_camera/local_setup.bash
[0.299s] -- Up-to-date: /root/ros_ws/install/zivid_camera/share/zivid_camera/local_setup.sh
[0.299s] -- Up-to-date: /root/ros_ws/install/zivid_camera/share/zivid_camera/local_setup.zsh
[0.299s] -- Up-to-date: /root/ros_ws/install/zivid_camera/share/zivid_camera/local_setup.dsv
[0.299s] -- Installing: /root/ros_ws/install/zivid_camera/share/zivid_camera/package.dsv
[0.299s] -- Up-to-date: /root/ros_ws/install/zivid_camera/share/ament_index/resource_index/packages/zivid_camera
[0.300s] -- Up-to-date: /root/ros_ws/install/zivid_camera/share/ament_index/resource_index/rclcpp_components/zivid_camera
[0.300s] -- Up-to-date: /root/ros_ws/install/zivid_camera/share/zivid_camera/cmake/zivid_cameraTargetsExport.cmake
[0.300s] -- Up-to-date: /root/ros_ws/install/zivid_camera/share/zivid_camera/cmake/zivid_cameraTargetsExport-noconfig.cmake
[0.301s] -- Up-to-date: /root/ros_ws/install/zivid_camera/share/zivid_camera/cmake/ament_cmake_export_targets-extras.cmake
[0.301s] -- Up-to-date: /root/ros_ws/install/zivid_camera/share/zivid_camera/cmake/ament_cmake_export_dependencies-extras.cmake
[0.301s] -- Up-to-date: /root/ros_ws/install/zivid_camera/share/zivid_camera/cmake/zivid_cameraConfig.cmake
[0.301s] -- Up-to-date: /root/ros_ws/install/zivid_camera/share/zivid_camera/cmake/zivid_cameraConfig-version.cmake
[0.301s] -- Up-to-date: /root/ros_ws/install/zivid_camera/share/zivid_camera/package.xml
[0.341s] Invoked command in '/root/ros_ws/build/zivid_camera' returned '0': AMENT_PREFIX_PATH=/root/ros_ws/install/zivid_interfaces:${AMENT_PREFIX_PATH} CMAKE_PREFIX_PATH=/root/ros_ws/install/zivid_interfaces:/opt/ros/jazzy/opt/gz_sim_vendor:/opt/ros/jazzy/opt/gz_sensors_vendor:/opt/ros/jazzy/opt/gz_physics_vendor:/opt/ros/jazzy/opt/sdformat_vendor:/opt/ros/jazzy/opt/gz_gui_vendor:/opt/ros/jazzy/opt/gz_transport_vendor:/opt/ros/jazzy/opt/gz_rendering_vendor:/opt/ros/jazzy/opt/gz_plugin_vendor:/opt/ros/jazzy/opt/gz_fuel_tools_vendor:/opt/ros/jazzy/opt/gz_msgs_vendor:/opt/ros/jazzy/opt/gz_common_vendor:/opt/ros/jazzy/opt/gz_math_vendor:/opt/ros/jazzy/opt/gz_utils_vendor:/opt/ros/jazzy/opt/gz_tools_vendor:/opt/ros/jazzy/opt/gz_ogre_next_vendor:/opt/ros/jazzy/opt/gz_dartsim_vendor:/opt/ros/jazzy/opt/gz_cmake_vendor:/opt/ros/jazzy DEBUGINFOD_URLS=https://debuginfod.ubuntu.com LD_LIBRARY_PATH=/root/ros_ws/install/zivid_interfaces/lib:${LD_LIBRARY_PATH} PYTHONPATH=/root/ros_ws/install/zivid_interfaces/lib/python3.12/site-packages:${PYTHONPATH} /usr/bin/cmake --install /root/ros_ws/build/zivid_camera
