[0.216s] Invoking command in '/root/ros_ws/build/moveit_resources_panda_camera_moveit_config': AMENT_PREFIX_PATH=/root/ros_ws/install/moveit_resources_panda_description:${AMENT_PREFIX_PATH} CMAKE_PREFIX_PATH=/root/ros_ws/install/moveit_resources_panda_description:/opt/ros/jazzy/opt/gz_sim_vendor:/opt/ros/jazzy/opt/gz_sensors_vendor:/opt/ros/jazzy/opt/gz_physics_vendor:/opt/ros/jazzy/opt/sdformat_vendor:/opt/ros/jazzy/opt/gz_gui_vendor:/opt/ros/jazzy/opt/gz_transport_vendor:/opt/ros/jazzy/opt/gz_rendering_vendor:/opt/ros/jazzy/opt/gz_plugin_vendor:/opt/ros/jazzy/opt/gz_fuel_tools_vendor:/opt/ros/jazzy/opt/gz_msgs_vendor:/opt/ros/jazzy/opt/gz_common_vendor:/opt/ros/jazzy/opt/gz_math_vendor:/opt/ros/jazzy/opt/gz_utils_vendor:/opt/ros/jazzy/opt/gz_tools_vendor:/opt/ros/jazzy/opt/gz_ogre_next_vendor:/opt/ros/jazzy/opt/gz_dartsim_vendor:/opt/ros/jazzy/opt/gz_cmake_vendor:/opt/ros/jazzy DEBUGINFOD_URLS=https://debuginfod.ubuntu.com /usr/bin/cmake --build /root/ros_ws/build/moveit_resources_panda_camera_moveit_config -- -j20 -l20
[0.265s] Invoked command in '/root/ros_ws/build/moveit_resources_panda_camera_moveit_config' returned '0': AMENT_PREFIX_PATH=/root/ros_ws/install/moveit_resources_panda_description:${AMENT_PREFIX_PATH} CMAKE_PREFIX_PATH=/root/ros_ws/install/moveit_resources_panda_description:/opt/ros/jazzy/opt/gz_sim_vendor:/opt/ros/jazzy/opt/gz_sensors_vendor:/opt/ros/jazzy/opt/gz_physics_vendor:/opt/ros/jazzy/opt/sdformat_vendor:/opt/ros/jazzy/opt/gz_gui_vendor:/opt/ros/jazzy/opt/gz_transport_vendor:/opt/ros/jazzy/opt/gz_rendering_vendor:/opt/ros/jazzy/opt/gz_plugin_vendor:/opt/ros/jazzy/opt/gz_fuel_tools_vendor:/opt/ros/jazzy/opt/gz_msgs_vendor:/opt/ros/jazzy/opt/gz_common_vendor:/opt/ros/jazzy/opt/gz_math_vendor:/opt/ros/jazzy/opt/gz_utils_vendor:/opt/ros/jazzy/opt/gz_tools_vendor:/opt/ros/jazzy/opt/gz_ogre_next_vendor:/opt/ros/jazzy/opt/gz_dartsim_vendor:/opt/ros/jazzy/opt/gz_cmake_vendor:/opt/ros/jazzy DEBUGINFOD_URLS=https://debuginfod.ubuntu.com /usr/bin/cmake --build /root/ros_ws/build/moveit_resources_panda_camera_moveit_config -- -j20 -l20
[0.267s] Invoking command in '/root/ros_ws/build/moveit_resources_panda_camera_moveit_config': AMENT_PREFIX_PATH=/root/ros_ws/install/moveit_resources_panda_description:${AMENT_PREFIX_PATH} CMAKE_PREFIX_PATH=/root/ros_ws/install/moveit_resources_panda_description:/opt/ros/jazzy/opt/gz_sim_vendor:/opt/ros/jazzy/opt/gz_sensors_vendor:/opt/ros/jazzy/opt/gz_physics_vendor:/opt/ros/jazzy/opt/sdformat_vendor:/opt/ros/jazzy/opt/gz_gui_vendor:/opt/ros/jazzy/opt/gz_transport_vendor:/opt/ros/jazzy/opt/gz_rendering_vendor:/opt/ros/jazzy/opt/gz_plugin_vendor:/opt/ros/jazzy/opt/gz_fuel_tools_vendor:/opt/ros/jazzy/opt/gz_msgs_vendor:/opt/ros/jazzy/opt/gz_common_vendor:/opt/ros/jazzy/opt/gz_math_vendor:/opt/ros/jazzy/opt/gz_utils_vendor:/opt/ros/jazzy/opt/gz_tools_vendor:/opt/ros/jazzy/opt/gz_ogre_next_vendor:/opt/ros/jazzy/opt/gz_dartsim_vendor:/opt/ros/jazzy/opt/gz_cmake_vendor:/opt/ros/jazzy DEBUGINFOD_URLS=https://debuginfod.ubuntu.com /usr/bin/cmake --install /root/ros_ws/build/moveit_resources_panda_camera_moveit_config
[0.287s] -- Install configuration: ""
[0.288s] -- Up-to-date: /root/ros_ws/install/moveit_resources_panda_camera_moveit_config/share/ament_index/resource_index/package_run_dependencies/moveit_resources_panda_camera_moveit_config
[0.288s] -- Up-to-date: /root/ros_ws/install/moveit_resources_panda_camera_moveit_config/share/ament_index/resource_index/parent_prefix_path/moveit_resources_panda_camera_moveit_config
[0.288s] -- Up-to-date: /root/ros_ws/install/moveit_resources_panda_camera_moveit_config/share/moveit_resources_panda_camera_moveit_config/environment/ament_prefix_path.sh
[0.288s] -- Up-to-date: /root/ros_ws/install/moveit_resources_panda_camera_moveit_config/share/moveit_resources_panda_camera_moveit_config/environment/ament_prefix_path.dsv
[0.288s] -- Up-to-date: /root/ros_ws/install/moveit_resources_panda_camera_moveit_config/share/moveit_resources_panda_camera_moveit_config/environment/path.sh
[0.288s] -- Up-to-date: /root/ros_ws/install/moveit_resources_panda_camera_moveit_config/share/moveit_resources_panda_camera_moveit_config/environment/path.dsv
[0.288s] -- Up-to-date: /root/ros_ws/install/moveit_resources_panda_camera_moveit_config/share/moveit_resources_panda_camera_moveit_config/local_setup.bash
[0.288s] -- Up-to-date: /root/ros_ws/install/moveit_resources_panda_camera_moveit_config/share/moveit_resources_panda_camera_moveit_config/local_setup.sh
[0.288s] -- Up-to-date: /root/ros_ws/install/moveit_resources_panda_camera_moveit_config/share/moveit_resources_panda_camera_moveit_config/local_setup.zsh
[0.289s] -- Up-to-date: /root/ros_ws/install/moveit_resources_panda_camera_moveit_config/share/moveit_resources_panda_camera_moveit_config/local_setup.dsv
[0.289s] -- Installing: /root/ros_ws/install/moveit_resources_panda_camera_moveit_config/share/moveit_resources_panda_camera_moveit_config/package.dsv
[0.289s] -- Up-to-date: /root/ros_ws/install/moveit_resources_panda_camera_moveit_config/share/ament_index/resource_index/packages/moveit_resources_panda_camera_moveit_config
[0.289s] -- Up-to-date: /root/ros_ws/install/moveit_resources_panda_camera_moveit_config/share/moveit_resources_panda_camera_moveit_config/cmake/moveit_resources_panda_camera_moveit_configConfig.cmake
[0.289s] -- Up-to-date: /root/ros_ws/install/moveit_resources_panda_camera_moveit_config/share/moveit_resources_panda_camera_moveit_config/cmake/moveit_resources_panda_camera_moveit_configConfig-version.cmake
[0.290s] -- Up-to-date: /root/ros_ws/install/moveit_resources_panda_camera_moveit_config/share/moveit_resources_panda_camera_moveit_config/package.xml
[0.291s] -- Up-to-date: /root/ros_ws/install/moveit_resources_panda_camera_moveit_config/share/moveit_resources_panda_camera_moveit_config/launch
[0.291s] -- Up-to-date: /root/ros_ws/install/moveit_resources_panda_camera_moveit_config/share/moveit_resources_panda_camera_moveit_config/launch/demo.launch.py
[0.292s] -- Up-to-date: /root/ros_ws/install/moveit_resources_panda_camera_moveit_config/share/moveit_resources_panda_camera_moveit_config/launch/moveit_empty.rviz
[0.292s] -- Up-to-date: /root/ros_ws/install/moveit_resources_panda_camera_moveit_config/share/moveit_resources_panda_camera_moveit_config/launch/moveit_rviz.launch.py
[0.292s] -- Up-to-date: /root/ros_ws/install/moveit_resources_panda_camera_moveit_config/share/moveit_resources_panda_camera_moveit_config/launch/moveit.rviz
[0.292s] -- Up-to-date: /root/ros_ws/install/moveit_resources_panda_camera_moveit_config/share/moveit_resources_panda_camera_moveit_config/config
[0.293s] -- Up-to-date: /root/ros_ws/install/moveit_resources_panda_camera_moveit_config/share/moveit_resources_panda_camera_moveit_config/config/chomp_planning.yaml
[0.293s] -- Up-to-date: /root/ros_ws/install/moveit_resources_panda_camera_moveit_config/share/moveit_resources_panda_camera_moveit_config/config/hard_joint_limits.yaml
[0.293s] -- Up-to-date: /root/ros_ws/install/moveit_resources_panda_camera_moveit_config/share/moveit_resources_panda_camera_moveit_config/config/panda_arm_hand.srdf.xacro
[0.293s] -- Up-to-date: /root/ros_ws/install/moveit_resources_panda_camera_moveit_config/share/moveit_resources_panda_camera_moveit_config/config/panda.urdf.xacro
[0.294s] -- Up-to-date: /root/ros_ws/install/moveit_resources_panda_camera_moveit_config/share/moveit_resources_panda_camera_moveit_config/config/hand.xacro
[0.294s] -- Up-to-date: /root/ros_ws/install/moveit_resources_panda_camera_moveit_config/share/moveit_resources_panda_camera_moveit_config/config/panda_arm.xacro
[0.294s] -- Up-to-date: /root/ros_ws/install/moveit_resources_panda_camera_moveit_config/share/moveit_resources_panda_camera_moveit_config/config/panda_arm.srdf.xacro
[0.294s] -- Up-to-date: /root/ros_ws/install/moveit_resources_panda_camera_moveit_config/share/moveit_resources_panda_camera_moveit_config/config/pilz_cartesian_limits.yaml
[0.295s] -- Up-to-date: /root/ros_ws/install/moveit_resources_panda_camera_moveit_config/share/moveit_resources_panda_camera_moveit_config/config/moveit_controllers.yaml
[0.295s] -- Up-to-date: /root/ros_ws/install/moveit_resources_panda_camera_moveit_config/share/moveit_resources_panda_camera_moveit_config/config/stomp_planning.yaml
[0.295s] -- Up-to-date: /root/ros_ws/install/moveit_resources_panda_camera_moveit_config/share/moveit_resources_panda_camera_moveit_config/config/kinematics.yaml
[0.296s] -- Up-to-date: /root/ros_ws/install/moveit_resources_panda_camera_moveit_config/share/moveit_resources_panda_camera_moveit_config/config/panda.srdf
[0.296s] -- Up-to-date: /root/ros_ws/install/moveit_resources_panda_camera_moveit_config/share/moveit_resources_panda_camera_moveit_config/config/panda_hand.ros2_control.xacro
[0.296s] -- Up-to-date: /root/ros_ws/install/moveit_resources_panda_camera_moveit_config/share/moveit_resources_panda_camera_moveit_config/config/bio_ik_kinematics.yaml
[0.296s] -- Up-to-date: /root/ros_ws/install/moveit_resources_panda_camera_moveit_config/share/moveit_resources_panda_camera_moveit_config/config/pilz_industrial_motion_planner_planning.yaml
[0.296s] -- Up-to-date: /root/ros_ws/install/moveit_resources_panda_camera_moveit_config/share/moveit_resources_panda_camera_moveit_config/config/joint_limits.yaml
[0.296s] -- Up-to-date: /root/ros_ws/install/moveit_resources_panda_camera_moveit_config/share/moveit_resources_panda_camera_moveit_config/config/gripper_moveit_controllers.yaml
[0.297s] -- Up-to-date: /root/ros_ws/install/moveit_resources_panda_camera_moveit_config/share/moveit_resources_panda_camera_moveit_config/config/panda.ros2_control.xacro
[0.297s] -- Up-to-date: /root/ros_ws/install/moveit_resources_panda_camera_moveit_config/share/moveit_resources_panda_camera_moveit_config/config/initial_positions.yaml
[0.297s] -- Up-to-date: /root/ros_ws/install/moveit_resources_panda_camera_moveit_config/share/moveit_resources_panda_camera_moveit_config/config/sensors_kinect_pointcloud.yaml
[0.297s] -- Up-to-date: /root/ros_ws/install/moveit_resources_panda_camera_moveit_config/share/moveit_resources_panda_camera_moveit_config/config/ros2_controllers.yaml
[0.297s] -- Up-to-date: /root/ros_ws/install/moveit_resources_panda_camera_moveit_config/share/moveit_resources_panda_camera_moveit_config/config/sensors_kinect_depthmap.yaml
[0.297s] -- Up-to-date: /root/ros_ws/install/moveit_resources_panda_camera_moveit_config/share/moveit_resources_panda_camera_moveit_config/config/ompl_planning.yaml
[0.297s] -- Up-to-date: /root/ros_ws/install/moveit_resources_panda_camera_moveit_config/share/moveit_resources_panda_camera_moveit_config/config/trac_ik_kinematics.yaml
[0.298s] -- Up-to-date: /root/ros_ws/install/moveit_resources_panda_camera_moveit_config/share/moveit_resources_panda_camera_moveit_config/.setup_assistant
[0.351s] Invoked command in '/root/ros_ws/build/moveit_resources_panda_camera_moveit_config' returned '0': AMENT_PREFIX_PATH=/root/ros_ws/install/moveit_resources_panda_description:${AMENT_PREFIX_PATH} CMAKE_PREFIX_PATH=/root/ros_ws/install/moveit_resources_panda_description:/opt/ros/jazzy/opt/gz_sim_vendor:/opt/ros/jazzy/opt/gz_sensors_vendor:/opt/ros/jazzy/opt/gz_physics_vendor:/opt/ros/jazzy/opt/sdformat_vendor:/opt/ros/jazzy/opt/gz_gui_vendor:/opt/ros/jazzy/opt/gz_transport_vendor:/opt/ros/jazzy/opt/gz_rendering_vendor:/opt/ros/jazzy/opt/gz_plugin_vendor:/opt/ros/jazzy/opt/gz_fuel_tools_vendor:/opt/ros/jazzy/opt/gz_msgs_vendor:/opt/ros/jazzy/opt/gz_common_vendor:/opt/ros/jazzy/opt/gz_math_vendor:/opt/ros/jazzy/opt/gz_utils_vendor:/opt/ros/jazzy/opt/gz_tools_vendor:/opt/ros/jazzy/opt/gz_ogre_next_vendor:/opt/ros/jazzy/opt/gz_dartsim_vendor:/opt/ros/jazzy/opt/gz_cmake_vendor:/opt/ros/jazzy DEBUGINFOD_URLS=https://debuginfod.ubuntu.com /usr/bin/cmake --install /root/ros_ws/build/moveit_resources_panda_camera_moveit_config
