[2.584s] Invoking command in '/root/ros_ws/src/universal_robots_ur10e': DEBUGINFOD_URLS=https://debuginfod.ubuntu.com PYTHONPATH=/root/ros_ws/build/universal_robots_ur10e/prefix_override:/usr/lib/python3/dist-packages/colcon_core/task/python/colcon_distutils_commands:/root/ros_ws/install/universal_robots_ur10e/lib/python3.12/site-packages:${PYTHONPATH} /usr/bin/python3 -W ignore:setup.py install is deprecated -W ignore:easy_install command is deprecated setup.py egg_info --egg-base ../../build/universal_robots_ur10e build --build-base /root/ros_ws/build/universal_robots_ur10e/build install --record /root/ros_ws/build/universal_robots_ur10e/install.log --single-version-externally-managed install_data
[3.128s] running egg_info
[3.201s] writing ../../build/universal_robots_ur10e/universal_robots_ur10e.egg-info/PKG-INFO
[3.201s] writing dependency_links to ../../build/universal_robots_ur10e/universal_robots_ur10e.egg-info/dependency_links.txt
[3.202s] writing entry points to ../../build/universal_robots_ur10e/universal_robots_ur10e.egg-info/entry_points.txt
[3.203s] writing requirements to ../../build/universal_robots_ur10e/universal_robots_ur10e.egg-info/requires.txt
[3.204s] writing top-level names to ../../build/universal_robots_ur10e/universal_robots_ur10e.egg-info/top_level.txt
[3.344s] reading manifest file '../../build/universal_robots_ur10e/universal_robots_ur10e.egg-info/SOURCES.txt'
[3.346s] writing manifest file '../../build/universal_robots_ur10e/universal_robots_ur10e.egg-info/SOURCES.txt'
[3.346s] running build
[3.347s] running build_py
[3.347s] running install
[3.360s] running install_lib
[3.434s] running install_data
[3.435s] running install_egg_info
[3.508s] removing '/root/ros_ws/install/universal_robots_ur10e/lib/python3.12/site-packages/universal_robots_ur10e-0.1.0-py3.12.egg-info' (and everything under it)
[3.508s] Copying ../../build/universal_robots_ur10e/universal_robots_ur10e.egg-info to /root/ros_ws/install/universal_robots_ur10e/lib/python3.12/site-packages/universal_robots_ur10e-0.1.0-py3.12.egg-info
[3.510s] running install_scripts
[3.789s] Installing scene_subscriber script to /root/ros_ws/install/universal_robots_ur10e/lib/universal_robots_ur10e
[3.789s] writing list of installed files to '/root/ros_ws/build/universal_robots_ur10e/install.log'
[3.821s] Invoked command in '/root/ros_ws/src/universal_robots_ur10e' returned '0': DEBUGINFOD_URLS=https://debuginfod.ubuntu.com PYTHONPATH=/root/ros_ws/build/universal_robots_ur10e/prefix_override:/usr/lib/python3/dist-packages/colcon_core/task/python/colcon_distutils_commands:/root/ros_ws/install/universal_robots_ur10e/lib/python3.12/site-packages:${PYTHONPATH} /usr/bin/python3 -W ignore:setup.py install is deprecated -W ignore:easy_install command is deprecated setup.py egg_info --egg-base ../../build/universal_robots_ur10e build --build-base /root/ros_ws/build/universal_robots_ur10e/build install --record /root/ros_ws/build/universal_robots_ur10e/install.log --single-version-externally-managed install_data
