[0.084s] Invoking command in '/root/ros_ws/build/zivid_interfaces': CMAKE_PREFIX_PATH=${CMAKE_PREFIX_PATH}:/root/ros_ws/install/universal_robots_ur10e:/root/ros_ws/install/simple_moveit_app:/root/ros_ws/install/panda_moveit_python:/opt/ros/jazzy DEBUGINFOD_URLS=https://debuginfod.ubuntu.com /usr/bin/cmake --build /root/ros_ws/build/zivid_interfaces -- -j28 -l28
[0.580s] [  0%] Built target zivid_interfaces__rosidl_generator_type_description
[0.580s] [  0%] Built target zivid_interfaces__cpp
[0.580s] [  0%] Built target ament_cmake_python_copy_zivid_interfaces
[0.580s] [ 28%] Built target zivid_interfaces__rosidl_generator_c
[0.580s] [ 38%] Built target zivid_interfaces__rosidl_typesupport_c
[0.581s] [ 47%] Built target zivid_interfaces__rosidl_typesupport_fastrtps_cpp
[0.581s] [ 62%] Built target zivid_interfaces__rosidl_typesupport_cpp
[0.581s] [ 67%] Built target zivid_interfaces__rosidl_typesupport_introspection_c
[0.581s] [ 77%] Built target zivid_interfaces__rosidl_typesupport_introspection_cpp
[0.581s] [ 87%] Built target zivid_interfaces__rosidl_typesupport_fastrtps_c
[0.581s] [ 87%] Built target zivid_interfaces
[0.581s] [ 87%] Built target zivid_interfaces__py
[0.581s] [ 97%] Built target zivid_interfaces__rosidl_generator_py
[0.581s] [ 98%] Built target zivid_interfaces_s__rosidl_typesupport_c
[0.581s] [ 99%] Built target zivid_interfaces_s__rosidl_typesupport_fastrtps_c
[0.581s] [100%] Built target zivid_interfaces_s__rosidl_typesupport_introspection_c
[0.581s] running egg_info
[0.581s] writing zivid_interfaces.egg-info/PKG-INFO
[0.581s] writing dependency_links to zivid_interfaces.egg-info/dependency_links.txt
[0.581s] writing top-level names to zivid_interfaces.egg-info/top_level.txt
[0.581s] reading manifest file 'zivid_interfaces.egg-info/SOURCES.txt'
[0.582s] writing manifest file 'zivid_interfaces.egg-info/SOURCES.txt'
[0.582s] [100%] Built target ament_cmake_python_build_zivid_interfaces_egg
[0.598s] Invoked command in '/root/ros_ws/build/zivid_interfaces' returned '0': CMAKE_PREFIX_PATH=${CMAKE_PREFIX_PATH}:/root/ros_ws/install/universal_robots_ur10e:/root/ros_ws/install/simple_moveit_app:/root/ros_ws/install/panda_moveit_python:/opt/ros/jazzy DEBUGINFOD_URLS=https://debuginfod.ubuntu.com /usr/bin/cmake --build /root/ros_ws/build/zivid_interfaces -- -j28 -l28
[0.599s] Invoking command in '/root/ros_ws/build/zivid_interfaces': CMAKE_PREFIX_PATH=${CMAKE_PREFIX_PATH}:/root/ros_ws/install/universal_robots_ur10e:/root/ros_ws/install/simple_moveit_app:/root/ros_ws/install/panda_moveit_python:/opt/ros/jazzy DEBUGINFOD_URLS=https://debuginfod.ubuntu.com /usr/bin/cmake --install /root/ros_ws/build/zivid_interfaces
[0.607s] -- Install configuration: ""
[0.607s] -- Up-to-date: /root/ros_ws/install/zivid_interfaces/share/ament_index/resource_index/rosidl_interfaces/zivid_interfaces
[0.662s] -- Up-to-date: /root/ros_ws/install/zivid_interfaces/share/zivid_interfaces/msg/DetectionResultCalibrationBoard.json
[0.676s] -- Up-to-date: /root/ros_ws/install/zivid_interfaces/share/zivid_interfaces/msg/DetectionResultFiducialMarkers.json
[0.677s] -- Up-to-date: /root/ros_ws/install/zivid_interfaces/share/zivid_interfaces/msg/FixedPlacementOfCalibrationBoard.json
[0.678s] -- Up-to-date: /root/ros_ws/install/zivid_interfaces/share/zivid_interfaces/msg/FixedPlacementOfCalibrationObjects.json
[0.680s] -- Up-to-date: /root/ros_ws/install/zivid_interfaces/share/zivid_interfaces/msg/FixedPlacementOfFiducialMarker.json
[0.681s] -- Up-to-date: /root/ros_ws/install/zivid_interfaces/share/zivid_interfaces/msg/HandEyeCalibrationObjects.json
[0.682s] -- Up-to-date: /root/ros_ws/install/zivid_interfaces/share/zivid_interfaces/msg/HandEyeCalibrationResidual.json
[0.684s] -- Up-to-date: /root/ros_ws/install/zivid_interfaces/share/zivid_interfaces/msg/MarkerShape.json
[0.686s] -- Up-to-date: /root/ros_ws/install/zivid_interfaces/share/zivid_interfaces/srv/CaptureAndDetectCalibrationBoard.json
[0.702s] -- Up-to-date: /root/ros_ws/install/zivid_interfaces/share/zivid_interfaces/srv/CaptureAndDetectMarkers.json
[0.703s] -- Up-to-date: /root/ros_ws/install/zivid_interfaces/share/zivid_interfaces/srv/CaptureAndSave.json
[0.704s] -- Up-to-date: /root/ros_ws/install/zivid_interfaces/share/zivid_interfaces/srv/CaptureAssistantSuggestSettings.json
[0.705s] -- Up-to-date: /root/ros_ws/install/zivid_interfaces/share/zivid_interfaces/srv/CameraInfoModelName.json
[0.707s] -- Up-to-date: /root/ros_ws/install/zivid_interfaces/share/zivid_interfaces/srv/CameraInfoSerialNumber.json
[0.708s] -- Up-to-date: /root/ros_ws/install/zivid_interfaces/share/zivid_interfaces/srv/HandEyeCalibrationCalibrate.json
[0.709s] -- Up-to-date: /root/ros_ws/install/zivid_interfaces/share/zivid_interfaces/srv/HandEyeCalibrationCapture.json
[0.710s] -- Up-to-date: /root/ros_ws/install/zivid_interfaces/share/zivid_interfaces/srv/HandEyeCalibrationLoad.json
[0.712s] -- Up-to-date: /root/ros_ws/install/zivid_interfaces/share/zivid_interfaces/srv/HandEyeCalibrationStart.json
[0.713s] -- Up-to-date: /root/ros_ws/install/zivid_interfaces/share/zivid_interfaces/srv/InfieldCorrectionCapture.json
[0.714s] -- Up-to-date: /root/ros_ws/install/zivid_interfaces/share/zivid_interfaces/srv/InfieldCorrectionCompute.json
[0.716s] -- Up-to-date: /root/ros_ws/install/zivid_interfaces/share/zivid_interfaces/srv/InfieldCorrectionRead.json
[0.718s] -- Up-to-date: /root/ros_ws/install/zivid_interfaces/share/zivid_interfaces/srv/IsConnected.json
[0.719s] -- Up-to-date: /root/ros_ws/install/zivid_interfaces/include/zivid_interfaces/zivid_interfaces
[0.748s] -- Up-to-date: /root/ros_ws/install/zivid_interfaces/include/zivid_interfaces/zivid_interfaces/srv
[0.760s] -- Up-to-date: /root/ros_ws/install/zivid_interfaces/include/zivid_interfaces/zivid_interfaces/srv/hand_eye_calibration_start.h
[0.761s] -- Up-to-date: /root/ros_ws/install/zivid_interfaces/include/zivid_interfaces/zivid_interfaces/srv/infield_correction_read.h
[0.762s] -- Up-to-date: /root/ros_ws/install/zivid_interfaces/include/zivid_interfaces/zivid_interfaces/srv/is_connected.h
[0.763s] -- Up-to-date: /root/ros_ws/install/zivid_interfaces/include/zivid_interfaces/zivid_interfaces/srv/capture_and_save.h
[0.765s] -- Up-to-date: /root/ros_ws/install/zivid_interfaces/include/zivid_interfaces/zivid_interfaces/srv/camera_info_model_name.h
[0.766s] -- Up-to-date: /root/ros_ws/install/zivid_interfaces/include/zivid_interfaces/zivid_interfaces/srv/camera_info_serial_number.h
[0.768s] -- Up-to-date: /root/ros_ws/install/zivid_interfaces/include/zivid_interfaces/zivid_interfaces/srv/hand_eye_calibration_capture.h
[0.769s] -- Up-to-date: /root/ros_ws/install/zivid_interfaces/include/zivid_interfaces/zivid_interfaces/srv/capture_and_detect_calibration_board.h
[0.771s] -- Up-to-date: /root/ros_ws/install/zivid_interfaces/include/zivid_interfaces/zivid_interfaces/srv/capture_and_detect_markers.h
[0.773s] -- Up-to-date: /root/ros_ws/install/zivid_interfaces/include/zivid_interfaces/zivid_interfaces/srv/hand_eye_calibration_calibrate.h
[0.774s] -- Up-to-date: /root/ros_ws/install/zivid_interfaces/include/zivid_interfaces/zivid_interfaces/srv/hand_eye_calibration_load.h
[0.775s] -- Up-to-date: /root/ros_ws/install/zivid_interfaces/include/zivid_interfaces/zivid_interfaces/srv/infield_correction_compute.h
[0.776s] -- Up-to-date: /root/ros_ws/install/zivid_interfaces/include/zivid_interfaces/zivid_interfaces/srv/capture_assistant_suggest_settings.h
[0.778s] -- Up-to-date: /root/ros_ws/install/zivid_interfaces/include/zivid_interfaces/zivid_interfaces/srv/detail
[0.788s] -- Up-to-date: /root/ros_ws/install/zivid_interfaces/include/zivid_interfaces/zivid_interfaces/srv/detail/infield_correction_read__type_support.h
[0.789s] -- Up-to-date: /root/ros_ws/install/zivid_interfaces/include/zivid_interfaces/zivid_interfaces/srv/detail/hand_eye_calibration_calibrate__type_support.h
[0.790s] -- Up-to-date: /root/ros_ws/install/zivid_interfaces/include/zivid_interfaces/zivid_interfaces/srv/detail/capture_and_detect_markers__functions.c
[0.791s] -- Up-to-date: /root/ros_ws/install/zivid_interfaces/include/zivid_interfaces/zivid_interfaces/srv/detail/hand_eye_calibration_load__functions.c
[0.793s] -- Installing: /root/ros_ws/install/zivid_interfaces/include/zivid_interfaces/zivid_interfaces/srv/detail/capture_and_detect_markers__type_support.c
[0.810s] -- Up-to-date: /root/ros_ws/install/zivid_interfaces/include/zivid_interfaces/zivid_interfaces/srv/detail/infield_correction_compute__description.c
[0.811s] -- Up-to-date: /root/ros_ws/install/zivid_interfaces/include/zivid_interfaces/zivid_interfaces/srv/detail/capture_and_detect_calibration_board__functions.h
[0.813s] -- Installing: /root/ros_ws/install/zivid_interfaces/include/zivid_interfaces/zivid_interfaces/srv/detail/capture_assistant_suggest_settings__type_support.c
[0.823s] -- Up-to-date: /root/ros_ws/install/zivid_interfaces/include/zivid_interfaces/zivid_interfaces/srv/detail/camera_info_model_name__functions.h
[0.824s] -- Up-to-date: /root/ros_ws/install/zivid_interfaces/include/zivid_interfaces/zivid_interfaces/srv/detail/capture_assistant_suggest_settings__description.c
[0.825s] -- Up-to-date: /root/ros_ws/install/zivid_interfaces/include/zivid_interfaces/zivid_interfaces/srv/detail/capture_and_detect_markers__type_support.h
[0.826s] -- Installing: /root/ros_ws/install/zivid_interfaces/include/zivid_interfaces/zivid_interfaces/srv/detail/camera_info_model_name__type_support.c
[0.832s] -- Up-to-date: /root/ros_ws/install/zivid_interfaces/include/zivid_interfaces/zivid_interfaces/srv/detail/capture_and_detect_calibration_board__functions.c
[0.833s] -- Up-to-date: /root/ros_ws/install/zivid_interfaces/include/zivid_interfaces/zivid_interfaces/srv/detail/camera_info_model_name__functions.c
[0.834s] -- Up-to-date: /root/ros_ws/install/zivid_interfaces/include/zivid_interfaces/zivid_interfaces/srv/detail/capture_assistant_suggest_settings__struct.h
[0.836s] -- Up-to-date: /root/ros_ws/install/zivid_interfaces/include/zivid_interfaces/zivid_interfaces/srv/detail/capture_and_detect_calibration_board__struct.h
[0.838s] -- Up-to-date: /root/ros_ws/install/zivid_interfaces/include/zivid_interfaces/zivid_interfaces/srv/detail/is_connected__functions.h
[0.839s] -- Up-to-date: /root/ros_ws/install/zivid_interfaces/include/zivid_interfaces/zivid_interfaces/srv/detail/hand_eye_calibration_start__type_support.h
[0.840s] -- Up-to-date: /root/ros_ws/install/zivid_interfaces/include/zivid_interfaces/zivid_interfaces/srv/detail/hand_eye_calibration_start__description.c
[0.841s] -- Up-to-date: /root/ros_ws/install/zivid_interfaces/include/zivid_interfaces/zivid_interfaces/srv/detail/camera_info_model_name__struct.h
[0.843s] -- Up-to-date: /root/ros_ws/install/zivid_interfaces/include/zivid_interfaces/zivid_interfaces/srv/detail/infield_correction_compute__functions.h
[0.845s] -- Up-to-date: /root/ros_ws/install/zivid_interfaces/include/zivid_interfaces/zivid_interfaces/srv/detail/capture_assistant_suggest_settings__functions.c
[0.847s] -- Up-to-date: /root/ros_ws/install/zivid_interfaces/include/zivid_interfaces/zivid_interfaces/srv/detail/camera_info_model_name__description.c
[0.848s] -- Up-to-date: /root/ros_ws/install/zivid_interfaces/include/zivid_interfaces/zivid_interfaces/srv/detail/hand_eye_calibration_start__struct.h
[0.850s] -- Installing: /root/ros_ws/install/zivid_interfaces/include/zivid_interfaces/zivid_interfaces/srv/detail/hand_eye_calibration_capture__type_support.c
[0.850s] -- Up-to-date: /root/ros_ws/install/zivid_interfaces/include/zivid_interfaces/zivid_interfaces/srv/detail/is_connected__struct.h
[0.851s] -- Up-to-date: /root/ros_ws/install/zivid_interfaces/include/zivid_interfaces/zivid_interfaces/srv/detail/infield_correction_compute__functions.c
[0.853s] -- Installing: /root/ros_ws/install/zivid_interfaces/include/zivid_interfaces/zivid_interfaces/srv/detail/infield_correction_compute__type_support.c
[0.856s] -- Up-to-date: /root/ros_ws/install/zivid_interfaces/include/zivid_interfaces/zivid_interfaces/srv/detail/capture_and_detect_calibration_board__type_support.h
[0.857s] -- Up-to-date: /root/ros_ws/install/zivid_interfaces/include/zivid_interfaces/zivid_interfaces/srv/detail/infield_correction_capture__struct.h
[0.859s] -- Up-to-date: /root/ros_ws/install/zivid_interfaces/include/zivid_interfaces/zivid_interfaces/srv/detail/hand_eye_calibration_start__functions.c
[0.860s] -- Up-to-date: /root/ros_ws/install/zivid_interfaces/include/zivid_interfaces/zivid_interfaces/srv/detail/capture_and_save__functions.c
[0.861s] -- Installing: /root/ros_ws/install/zivid_interfaces/include/zivid_interfaces/zivid_interfaces/srv/detail/camera_info_serial_number__type_support.c
[0.862s] -- Up-to-date: /root/ros_ws/install/zivid_interfaces/include/zivid_interfaces/zivid_interfaces/srv/detail/hand_eye_calibration_capture__functions.h
[0.863s] -- Installing: /root/ros_ws/install/zivid_interfaces/include/zivid_interfaces/zivid_interfaces/srv/detail/hand_eye_calibration_start__type_support.c
[0.863s] -- Installing: /root/ros_ws/install/zivid_interfaces/include/zivid_interfaces/zivid_interfaces/srv/detail/hand_eye_calibration_calibrate__type_support.c
[0.864s] -- Up-to-date: /root/ros_ws/install/zivid_interfaces/include/zivid_interfaces/zivid_interfaces/srv/detail/camera_info_serial_number__description.c
[0.865s] -- Up-to-date: /root/ros_ws/install/zivid_interfaces/include/zivid_interfaces/zivid_interfaces/srv/detail/hand_eye_calibration_capture__functions.c
[0.866s] -- Up-to-date: /root/ros_ws/install/zivid_interfaces/include/zivid_interfaces/zivid_interfaces/srv/detail/capture_and_save__description.c
[0.868s] -- Up-to-date: /root/ros_ws/install/zivid_interfaces/include/zivid_interfaces/zivid_interfaces/srv/detail/infield_correction_compute__type_support.h
[0.870s] -- Up-to-date: /root/ros_ws/install/zivid_interfaces/include/zivid_interfaces/zivid_interfaces/srv/detail/camera_info_serial_number__functions.h
[0.871s] -- Installing: /root/ros_ws/install/zivid_interfaces/include/zivid_interfaces/zivid_interfaces/srv/detail/is_connected__type_support.c
[0.871s] -- Installing: /root/ros_ws/install/zivid_interfaces/include/zivid_interfaces/zivid_interfaces/srv/detail/capture_and_save__type_support.c
[0.871s] -- Up-to-date: /root/ros_ws/install/zivid_interfaces/include/zivid_interfaces/zivid_interfaces/srv/detail/capture_and_save__struct.h
[0.872s] -- Up-to-date: /root/ros_ws/install/zivid_interfaces/include/zivid_interfaces/zivid_interfaces/srv/detail/capture_assistant_suggest_settings__type_support.h
[0.873s] -- Installing: /root/ros_ws/install/zivid_interfaces/include/zivid_interfaces/zivid_interfaces/srv/detail/infield_correction_capture__type_support.c
[0.874s] -- Up-to-date: /root/ros_ws/install/zivid_interfaces/include/zivid_interfaces/zivid_interfaces/srv/detail/capture_and_detect_markers__description.c
[0.874s] -- Up-to-date: /root/ros_ws/install/zivid_interfaces/include/zivid_interfaces/zivid_interfaces/srv/detail/hand_eye_calibration_load__type_support.h
[0.877s] -- Up-to-date: /root/ros_ws/install/zivid_interfaces/include/zivid_interfaces/zivid_interfaces/srv/detail/capture_assistant_suggest_settings__functions.h
[0.877s] -- Up-to-date: /root/ros_ws/install/zivid_interfaces/include/zivid_interfaces/zivid_interfaces/srv/detail/capture_and_detect_calibration_board__description.c
[0.878s] -- Installing: /root/ros_ws/install/zivid_interfaces/include/zivid_interfaces/zivid_interfaces/srv/detail/infield_correction_read__type_support.c
[0.879s] -- Up-to-date: /root/ros_ws/install/zivid_interfaces/include/zivid_interfaces/zivid_interfaces/srv/detail/infield_correction_read__functions.h
[0.880s] -- Up-to-date: /root/ros_ws/install/zivid_interfaces/include/zivid_interfaces/zivid_interfaces/srv/detail/hand_eye_calibration_capture__description.c
[0.881s] -- Up-to-date: /root/ros_ws/install/zivid_interfaces/include/zivid_interfaces/zivid_interfaces/srv/detail/is_connected__type_support.h
[0.882s] -- Up-to-date: /root/ros_ws/install/zivid_interfaces/include/zivid_interfaces/zivid_interfaces/srv/detail/infield_correction_compute__struct.h
[0.883s] -- Up-to-date: /root/ros_ws/install/zivid_interfaces/include/zivid_interfaces/zivid_interfaces/srv/detail/capture_and_detect_markers__functions.h
[0.885s] -- Up-to-date: /root/ros_ws/install/zivid_interfaces/include/zivid_interfaces/zivid_interfaces/srv/detail/hand_eye_calibration_calibrate__struct.h
[0.886s] -- Up-to-date: /root/ros_ws/install/zivid_interfaces/include/zivid_interfaces/zivid_interfaces/srv/detail/infield_correction_read__description.c
[0.887s] -- Up-to-date: /root/ros_ws/install/zivid_interfaces/include/zivid_interfaces/zivid_interfaces/srv/detail/infield_correction_capture__description.c
[0.889s] -- Up-to-date: /root/ros_ws/install/zivid_interfaces/include/zivid_interfaces/zivid_interfaces/srv/detail/hand_eye_calibration_calibrate__functions.h
[0.890s] -- Up-to-date: /root/ros_ws/install/zivid_interfaces/include/zivid_interfaces/zivid_interfaces/srv/detail/capture_and_detect_markers__struct.h
[0.893s] -- Up-to-date: /root/ros_ws/install/zivid_interfaces/include/zivid_interfaces/zivid_interfaces/srv/detail/infield_correction_capture__functions.c
[0.893s] -- Up-to-date: /root/ros_ws/install/zivid_interfaces/include/zivid_interfaces/zivid_interfaces/srv/detail/infield_correction_read__struct.h
[0.895s] -- Up-to-date: /root/ros_ws/install/zivid_interfaces/include/zivid_interfaces/zivid_interfaces/srv/detail/hand_eye_calibration_load__functions.h
[0.897s] -- Up-to-date: /root/ros_ws/install/zivid_interfaces/include/zivid_interfaces/zivid_interfaces/srv/detail/camera_info_serial_number__functions.c
[0.898s] -- Up-to-date: /root/ros_ws/install/zivid_interfaces/include/zivid_interfaces/zivid_interfaces/srv/detail/capture_and_save__type_support.h
[0.900s] -- Up-to-date: /root/ros_ws/install/zivid_interfaces/include/zivid_interfaces/zivid_interfaces/srv/detail/capture_and_save__functions.h
[0.901s] -- Up-to-date: /root/ros_ws/install/zivid_interfaces/include/zivid_interfaces/zivid_interfaces/srv/detail/hand_eye_calibration_load__description.c
[0.902s] -- Up-to-date: /root/ros_ws/install/zivid_interfaces/include/zivid_interfaces/zivid_interfaces/srv/detail/camera_info_serial_number__struct.h
[0.904s] -- Up-to-date: /root/ros_ws/install/zivid_interfaces/include/zivid_interfaces/zivid_interfaces/srv/detail/infield_correction_capture__functions.h
[0.905s] -- Up-to-date: /root/ros_ws/install/zivid_interfaces/include/zivid_interfaces/zivid_interfaces/srv/detail/hand_eye_calibration_calibrate__functions.c
[0.907s] -- Up-to-date: /root/ros_ws/install/zivid_interfaces/include/zivid_interfaces/zivid_interfaces/srv/detail/hand_eye_calibration_start__functions.h
[0.909s] -- Up-to-date: /root/ros_ws/install/zivid_interfaces/include/zivid_interfaces/zivid_interfaces/srv/detail/hand_eye_calibration_capture__type_support.h
[0.910s] -- Installing: /root/ros_ws/install/zivid_interfaces/include/zivid_interfaces/zivid_interfaces/srv/detail/capture_and_detect_calibration_board__type_support.c
[0.914s] -- Up-to-date: /root/ros_ws/install/zivid_interfaces/include/zivid_interfaces/zivid_interfaces/srv/detail/hand_eye_calibration_load__struct.h
[0.915s] -- Up-to-date: /root/ros_ws/install/zivid_interfaces/include/zivid_interfaces/zivid_interfaces/srv/detail/is_connected__functions.c
[0.917s] -- Up-to-date: /root/ros_ws/install/zivid_interfaces/include/zivid_interfaces/zivid_interfaces/srv/detail/infield_correction_capture__type_support.h
[0.918s] -- Up-to-date: /root/ros_ws/install/zivid_interfaces/include/zivid_interfaces/zivid_interfaces/srv/detail/infield_correction_read__functions.c
[0.919s] -- Up-to-date: /root/ros_ws/install/zivid_interfaces/include/zivid_interfaces/zivid_interfaces/srv/detail/camera_info_serial_number__type_support.h
[0.921s] -- Installing: /root/ros_ws/install/zivid_interfaces/include/zivid_interfaces/zivid_interfaces/srv/detail/hand_eye_calibration_load__type_support.c
[0.926s] -- Up-to-date: /root/ros_ws/install/zivid_interfaces/include/zivid_interfaces/zivid_interfaces/srv/detail/camera_info_model_name__type_support.h
[0.927s] -- Up-to-date: /root/ros_ws/install/zivid_interfaces/include/zivid_interfaces/zivid_interfaces/srv/detail/is_connected__description.c
[0.929s] -- Up-to-date: /root/ros_ws/install/zivid_interfaces/include/zivid_interfaces/zivid_interfaces/srv/detail/hand_eye_calibration_calibrate__description.c
[0.929s] -- Up-to-date: /root/ros_ws/install/zivid_interfaces/include/zivid_interfaces/zivid_interfaces/srv/detail/hand_eye_calibration_capture__struct.h
[0.931s] -- Up-to-date: /root/ros_ws/install/zivid_interfaces/include/zivid_interfaces/zivid_interfaces/srv/infield_correction_capture.h
[0.933s] -- Up-to-date: /root/ros_ws/install/zivid_interfaces/include/zivid_interfaces/zivid_interfaces/msg
[0.934s] -- Up-to-date: /root/ros_ws/install/zivid_interfaces/include/zivid_interfaces/zivid_interfaces/msg/fixed_placement_of_fiducial_marker.h
[0.936s] -- Up-to-date: /root/ros_ws/install/zivid_interfaces/include/zivid_interfaces/zivid_interfaces/msg/fixed_placement_of_calibration_objects.h
[0.937s] -- Up-to-date: /root/ros_ws/install/zivid_interfaces/include/zivid_interfaces/zivid_interfaces/msg/detection_result_fiducial_markers.h
[0.938s] -- Up-to-date: /root/ros_ws/install/zivid_interfaces/include/zivid_interfaces/zivid_interfaces/msg/hand_eye_calibration_objects.h
[0.940s] -- Up-to-date: /root/ros_ws/install/zivid_interfaces/include/zivid_interfaces/zivid_interfaces/msg/marker_shape.h
[0.941s] -- Up-to-date: /root/ros_ws/install/zivid_interfaces/include/zivid_interfaces/zivid_interfaces/msg/hand_eye_calibration_residual.h
[0.943s] -- Up-to-date: /root/ros_ws/install/zivid_interfaces/include/zivid_interfaces/zivid_interfaces/msg/fixed_placement_of_calibration_board.h
[0.944s] -- Up-to-date: /root/ros_ws/install/zivid_interfaces/include/zivid_interfaces/zivid_interfaces/msg/rosidl_generator_c__visibility_control.h
[0.946s] -- Up-to-date: /root/ros_ws/install/zivid_interfaces/include/zivid_interfaces/zivid_interfaces/msg/detection_result_calibration_board.h
[0.947s] -- Up-to-date: /root/ros_ws/install/zivid_interfaces/include/zivid_interfaces/zivid_interfaces/msg/detail
[0.948s] -- Up-to-date: /root/ros_ws/install/zivid_interfaces/include/zivid_interfaces/zivid_interfaces/msg/detail/detection_result_calibration_board__functions.h
[0.949s] -- Up-to-date: /root/ros_ws/install/zivid_interfaces/include/zivid_interfaces/zivid_interfaces/msg/detail/hand_eye_calibration_residual__struct.h
[0.950s] -- Up-to-date: /root/ros_ws/install/zivid_interfaces/include/zivid_interfaces/zivid_interfaces/msg/detail/hand_eye_calibration_objects__type_support.h
[0.952s] -- Up-to-date: /root/ros_ws/install/zivid_interfaces/include/zivid_interfaces/zivid_interfaces/msg/detail/detection_result_fiducial_markers__description.c
[0.953s] -- Up-to-date: /root/ros_ws/install/zivid_interfaces/include/zivid_interfaces/zivid_interfaces/msg/detail/detection_result_fiducial_markers__functions.h
[0.954s] -- Up-to-date: /root/ros_ws/install/zivid_interfaces/include/zivid_interfaces/zivid_interfaces/msg/detail/marker_shape__struct.h
[0.956s] -- Up-to-date: /root/ros_ws/install/zivid_interfaces/include/zivid_interfaces/zivid_interfaces/msg/detail/hand_eye_calibration_residual__functions.c
[0.957s] -- Up-to-date: /root/ros_ws/install/zivid_interfaces/include/zivid_interfaces/zivid_interfaces/msg/detail/detection_result_calibration_board__struct.h
[0.958s] -- Up-to-date: /root/ros_ws/install/zivid_interfaces/include/zivid_interfaces/zivid_interfaces/msg/detail/fixed_placement_of_fiducial_marker__struct.h
[0.960s] -- Up-to-date: /root/ros_ws/install/zivid_interfaces/include/zivid_interfaces/zivid_interfaces/msg/detail/fixed_placement_of_calibration_objects__functions.h
[0.962s] -- Installing: /root/ros_ws/install/zivid_interfaces/include/zivid_interfaces/zivid_interfaces/msg/detail/detection_result_fiducial_markers__type_support.c
[0.964s] -- Installing: /root/ros_ws/install/zivid_interfaces/include/zivid_interfaces/zivid_interfaces/msg/detail/fixed_placement_of_fiducial_marker__type_support.c
[0.964s] -- Up-to-date: /root/ros_ws/install/zivid_interfaces/include/zivid_interfaces/zivid_interfaces/msg/detail/detection_result_calibration_board__type_support.h
[0.965s] -- Up-to-date: /root/ros_ws/install/zivid_interfaces/include/zivid_interfaces/zivid_interfaces/msg/detail/fixed_placement_of_fiducial_marker__type_support.h
[0.966s] -- Installing: /root/ros_ws/install/zivid_interfaces/include/zivid_interfaces/zivid_interfaces/msg/detail/fixed_placement_of_calibration_board__type_support.c
[0.966s] -- Up-to-date: /root/ros_ws/install/zivid_interfaces/include/zivid_interfaces/zivid_interfaces/msg/detail/fixed_placement_of_calibration_board__description.c
[0.968s] -- Up-to-date: /root/ros_ws/install/zivid_interfaces/include/zivid_interfaces/zivid_interfaces/msg/detail/hand_eye_calibration_residual__description.c
[0.971s] -- Up-to-date: /root/ros_ws/install/zivid_interfaces/include/zivid_interfaces/zivid_interfaces/msg/detail/marker_shape__functions.c
[0.971s] -- Up-to-date: /root/ros_ws/install/zivid_interfaces/include/zivid_interfaces/zivid_interfaces/msg/detail/hand_eye_calibration_residual__functions.h
[0.973s] -- Up-to-date: /root/ros_ws/install/zivid_interfaces/include/zivid_interfaces/zivid_interfaces/msg/detail/marker_shape__functions.h
[0.974s] -- Up-to-date: /root/ros_ws/install/zivid_interfaces/include/zivid_interfaces/zivid_interfaces/msg/detail/detection_result_calibration_board__description.c
[0.975s] -- Up-to-date: /root/ros_ws/install/zivid_interfaces/include/zivid_interfaces/zivid_interfaces/msg/detail/fixed_placement_of_calibration_board__type_support.h
[0.977s] -- Installing: /root/ros_ws/install/zivid_interfaces/include/zivid_interfaces/zivid_interfaces/msg/detail/hand_eye_calibration_residual__type_support.c
[0.977s] -- Installing: /root/ros_ws/install/zivid_interfaces/include/zivid_interfaces/zivid_interfaces/msg/detail/marker_shape__type_support.c
[0.977s] -- Up-to-date: /root/ros_ws/install/zivid_interfaces/include/zivid_interfaces/zivid_interfaces/msg/detail/fixed_placement_of_calibration_board__functions.h
[0.978s] -- Up-to-date: /root/ros_ws/install/zivid_interfaces/include/zivid_interfaces/zivid_interfaces/msg/detail/fixed_placement_of_calibration_objects__description.c
[0.980s] -- Up-to-date: /root/ros_ws/install/zivid_interfaces/include/zivid_interfaces/zivid_interfaces/msg/detail/hand_eye_calibration_objects__struct.h
[0.981s] -- Up-to-date: /root/ros_ws/install/zivid_interfaces/include/zivid_interfaces/zivid_interfaces/msg/detail/marker_shape__description.c
[0.982s] -- Up-to-date: /root/ros_ws/install/zivid_interfaces/include/zivid_interfaces/zivid_interfaces/msg/detail/fixed_placement_of_calibration_board__functions.c
[0.983s] -- Installing: /root/ros_ws/install/zivid_interfaces/include/zivid_interfaces/zivid_interfaces/msg/detail/detection_result_calibration_board__type_support.c
[0.986s] -- Up-to-date: /root/ros_ws/install/zivid_interfaces/include/zivid_interfaces/zivid_interfaces/msg/detail/fixed_placement_of_calibration_objects__struct.h
[0.988s] -- Up-to-date: /root/ros_ws/install/zivid_interfaces/include/zivid_interfaces/zivid_interfaces/msg/detail/hand_eye_calibration_residual__type_support.h
[0.989s] -- Up-to-date: /root/ros_ws/install/zivid_interfaces/include/zivid_interfaces/zivid_interfaces/msg/detail/fixed_placement_of_fiducial_marker__description.c
[0.990s] -- Installing: /root/ros_ws/install/zivid_interfaces/include/zivid_interfaces/zivid_interfaces/msg/detail/hand_eye_calibration_objects__type_support.c
[0.990s] -- Up-to-date: /root/ros_ws/install/zivid_interfaces/include/zivid_interfaces/zivid_interfaces/msg/detail/fixed_placement_of_fiducial_marker__functions.h
[0.992s] -- Up-to-date: /root/ros_ws/install/zivid_interfaces/include/zivid_interfaces/zivid_interfaces/msg/detail/hand_eye_calibration_objects__description.c
[0.992s] -- Up-to-date: /root/ros_ws/install/zivid_interfaces/include/zivid_interfaces/zivid_interfaces/msg/detail/detection_result_calibration_board__functions.c
[0.993s] -- Up-to-date: /root/ros_ws/install/zivid_interfaces/include/zivid_interfaces/zivid_interfaces/msg/detail/fixed_placement_of_calibration_board__struct.h
[0.995s] -- Up-to-date: /root/ros_ws/install/zivid_interfaces/include/zivid_interfaces/zivid_interfaces/msg/detail/marker_shape__type_support.h
[0.996s] -- Up-to-date: /root/ros_ws/install/zivid_interfaces/include/zivid_interfaces/zivid_interfaces/msg/detail/fixed_placement_of_calibration_objects__functions.c
[0.997s] -- Up-to-date: /root/ros_ws/install/zivid_interfaces/include/zivid_interfaces/zivid_interfaces/msg/detail/detection_result_fiducial_markers__struct.h
[0.998s] -- Up-to-date: /root/ros_ws/install/zivid_interfaces/include/zivid_interfaces/zivid_interfaces/msg/detail/detection_result_fiducial_markers__type_support.h
[0.999s] -- Up-to-date: /root/ros_ws/install/zivid_interfaces/include/zivid_interfaces/zivid_interfaces/msg/detail/hand_eye_calibration_objects__functions.c
[1.001s] -- Installing: /root/ros_ws/install/zivid_interfaces/include/zivid_interfaces/zivid_interfaces/msg/detail/fixed_placement_of_calibration_objects__type_support.c
[1.001s] -- Up-to-date: /root/ros_ws/install/zivid_interfaces/include/zivid_interfaces/zivid_interfaces/msg/detail/fixed_placement_of_fiducial_marker__functions.c
[1.003s] -- Up-to-date: /root/ros_ws/install/zivid_interfaces/include/zivid_interfaces/zivid_interfaces/msg/detail/fixed_placement_of_calibration_objects__type_support.h
[1.004s] -- Up-to-date: /root/ros_ws/install/zivid_interfaces/include/zivid_interfaces/zivid_interfaces/msg/detail/detection_result_fiducial_markers__functions.c
[1.006s] -- Up-to-date: /root/ros_ws/install/zivid_interfaces/include/zivid_interfaces/zivid_interfaces/msg/detail/hand_eye_calibration_objects__functions.h
[1.007s] -- Up-to-date: /root/ros_ws/install/zivid_interfaces/share/zivid_interfaces/environment/library_path.sh
[1.010s] -- Up-to-date: /root/ros_ws/install/zivid_interfaces/share/zivid_interfaces/environment/library_path.dsv
[1.012s] -- Up-to-date: /root/ros_ws/install/zivid_interfaces/lib/libzivid_interfaces__rosidl_generator_c.so
[1.016s] -- Up-to-date: /root/ros_ws/install/zivid_interfaces/include/zivid_interfaces/zivid_interfaces
[1.016s] -- Up-to-date: /root/ros_ws/install/zivid_interfaces/include/zivid_interfaces/zivid_interfaces/srv
[1.016s] -- Up-to-date: /root/ros_ws/install/zivid_interfaces/include/zivid_interfaces/zivid_interfaces/srv/detail
[1.016s] -- Up-to-date: /root/ros_ws/install/zivid_interfaces/include/zivid_interfaces/zivid_interfaces/srv/detail/infield_correction_capture__rosidl_typesupport_fastrtps_c.h
[1.017s] -- Up-to-date: /root/ros_ws/install/zivid_interfaces/include/zivid_interfaces/zivid_interfaces/srv/detail/is_connected__rosidl_typesupport_fastrtps_c.h
[1.018s] -- Up-to-date: /root/ros_ws/install/zivid_interfaces/include/zivid_interfaces/zivid_interfaces/srv/detail/capture_and_save__rosidl_typesupport_fastrtps_c.h
[1.019s] -- Up-to-date: /root/ros_ws/install/zivid_interfaces/include/zivid_interfaces/zivid_interfaces/srv/detail/capture_and_detect_markers__rosidl_typesupport_fastrtps_c.h
[1.021s] -- Up-to-date: /root/ros_ws/install/zivid_interfaces/include/zivid_interfaces/zivid_interfaces/srv/detail/hand_eye_calibration_calibrate__rosidl_typesupport_fastrtps_c.h
[1.022s] -- Up-to-date: /root/ros_ws/install/zivid_interfaces/include/zivid_interfaces/zivid_interfaces/srv/detail/capture_and_detect_calibration_board__rosidl_typesupport_fastrtps_c.h
[1.023s] -- Up-to-date: /root/ros_ws/install/zivid_interfaces/include/zivid_interfaces/zivid_interfaces/srv/detail/hand_eye_calibration_capture__rosidl_typesupport_fastrtps_c.h
[1.025s] -- Up-to-date: /root/ros_ws/install/zivid_interfaces/include/zivid_interfaces/zivid_interfaces/srv/detail/infield_correction_read__rosidl_typesupport_fastrtps_c.h
[1.028s] -- Up-to-date: /root/ros_ws/install/zivid_interfaces/include/zivid_interfaces/zivid_interfaces/srv/detail/hand_eye_calibration_load__rosidl_typesupport_fastrtps_c.h
[1.030s] -- Up-to-date: /root/ros_ws/install/zivid_interfaces/include/zivid_interfaces/zivid_interfaces/srv/detail/camera_info_model_name__rosidl_typesupport_fastrtps_c.h
[1.031s] -- Up-to-date: /root/ros_ws/install/zivid_interfaces/include/zivid_interfaces/zivid_interfaces/srv/detail/capture_assistant_suggest_settings__rosidl_typesupport_fastrtps_c.h
[1.032s] -- Up-to-date: /root/ros_ws/install/zivid_interfaces/include/zivid_interfaces/zivid_interfaces/srv/detail/hand_eye_calibration_start__rosidl_typesupport_fastrtps_c.h
[1.033s] -- Up-to-date: /root/ros_ws/install/zivid_interfaces/include/zivid_interfaces/zivid_interfaces/srv/detail/camera_info_serial_number__rosidl_typesupport_fastrtps_c.h
[1.034s] -- Up-to-date: /root/ros_ws/install/zivid_interfaces/include/zivid_interfaces/zivid_interfaces/srv/detail/infield_correction_compute__rosidl_typesupport_fastrtps_c.h
[1.035s] -- Up-to-date: /root/ros_ws/install/zivid_interfaces/include/zivid_interfaces/zivid_interfaces/msg
[1.036s] -- Up-to-date: /root/ros_ws/install/zivid_interfaces/include/zivid_interfaces/zivid_interfaces/msg/rosidl_typesupport_fastrtps_c__visibility_control.h
[1.037s] -- Up-to-date: /root/ros_ws/install/zivid_interfaces/include/zivid_interfaces/zivid_interfaces/msg/detail
[1.037s] -- Up-to-date: /root/ros_ws/install/zivid_interfaces/include/zivid_interfaces/zivid_interfaces/msg/detail/marker_shape__rosidl_typesupport_fastrtps_c.h
[1.039s] -- Up-to-date: /root/ros_ws/install/zivid_interfaces/include/zivid_interfaces/zivid_interfaces/msg/detail/fixed_placement_of_calibration_board__rosidl_typesupport_fastrtps_c.h
[1.040s] -- Up-to-date: /root/ros_ws/install/zivid_interfaces/include/zivid_interfaces/zivid_interfaces/msg/detail/hand_eye_calibration_objects__rosidl_typesupport_fastrtps_c.h
[1.041s] -- Up-to-date: /root/ros_ws/install/zivid_interfaces/include/zivid_interfaces/zivid_interfaces/msg/detail/fixed_placement_of_calibration_objects__rosidl_typesupport_fastrtps_c.h
[1.042s] -- Up-to-date: /root/ros_ws/install/zivid_interfaces/include/zivid_interfaces/zivid_interfaces/msg/detail/fixed_placement_of_fiducial_marker__rosidl_typesupport_fastrtps_c.h
[1.043s] -- Up-to-date: /root/ros_ws/install/zivid_interfaces/include/zivid_interfaces/zivid_interfaces/msg/detail/detection_result_calibration_board__rosidl_typesupport_fastrtps_c.h
[1.044s] -- Up-to-date: /root/ros_ws/install/zivid_interfaces/include/zivid_interfaces/zivid_interfaces/msg/detail/detection_result_fiducial_markers__rosidl_typesupport_fastrtps_c.h
[1.046s] -- Up-to-date: /root/ros_ws/install/zivid_interfaces/include/zivid_interfaces/zivid_interfaces/msg/detail/hand_eye_calibration_residual__rosidl_typesupport_fastrtps_c.h
[1.047s] -- Up-to-date: /root/ros_ws/install/zivid_interfaces/lib/libzivid_interfaces__rosidl_typesupport_fastrtps_c.so
[1.049s] -- Up-to-date: /root/ros_ws/install/zivid_interfaces/include/zivid_interfaces/zivid_interfaces
[1.049s] -- Up-to-date: /root/ros_ws/install/zivid_interfaces/include/zivid_interfaces/zivid_interfaces/srv
[1.049s] -- Up-to-date: /root/ros_ws/install/zivid_interfaces/include/zivid_interfaces/zivid_interfaces/srv/infield_correction_read.hpp
[1.051s] -- Up-to-date: /root/ros_ws/install/zivid_interfaces/include/zivid_interfaces/zivid_interfaces/srv/capture_and_detect_markers.hpp
[1.052s] -- Up-to-date: /root/ros_ws/install/zivid_interfaces/include/zivid_interfaces/zivid_interfaces/srv/capture_assistant_suggest_settings.hpp
[1.054s] -- Up-to-date: /root/ros_ws/install/zivid_interfaces/include/zivid_interfaces/zivid_interfaces/srv/hand_eye_calibration_capture.hpp
[1.055s] -- Up-to-date: /root/ros_ws/install/zivid_interfaces/include/zivid_interfaces/zivid_interfaces/srv/camera_info_serial_number.hpp
[1.056s] -- Up-to-date: /root/ros_ws/install/zivid_interfaces/include/zivid_interfaces/zivid_interfaces/srv/camera_info_model_name.hpp
[1.058s] -- Up-to-date: /root/ros_ws/install/zivid_interfaces/include/zivid_interfaces/zivid_interfaces/srv/capture_and_save.hpp
[1.059s] -- Up-to-date: /root/ros_ws/install/zivid_interfaces/include/zivid_interfaces/zivid_interfaces/srv/is_connected.hpp
[1.060s] -- Up-to-date: /root/ros_ws/install/zivid_interfaces/include/zivid_interfaces/zivid_interfaces/srv/infield_correction_compute.hpp
[1.062s] -- Up-to-date: /root/ros_ws/install/zivid_interfaces/include/zivid_interfaces/zivid_interfaces/srv/capture_and_detect_calibration_board.hpp
[1.063s] -- Up-to-date: /root/ros_ws/install/zivid_interfaces/include/zivid_interfaces/zivid_interfaces/srv/hand_eye_calibration_calibrate.hpp
[1.065s] -- Up-to-date: /root/ros_ws/install/zivid_interfaces/include/zivid_interfaces/zivid_interfaces/srv/hand_eye_calibration_start.hpp
[1.066s] -- Up-to-date: /root/ros_ws/install/zivid_interfaces/include/zivid_interfaces/zivid_interfaces/srv/detail
[1.066s] -- Up-to-date: /root/ros_ws/install/zivid_interfaces/include/zivid_interfaces/zivid_interfaces/srv/detail/capture_assistant_suggest_settings__type_support.hpp
[1.067s] -- Up-to-date: /root/ros_ws/install/zivid_interfaces/include/zivid_interfaces/zivid_interfaces/srv/detail/hand_eye_calibration_start__struct.hpp
[1.069s] -- Up-to-date: /root/ros_ws/install/zivid_interfaces/include/zivid_interfaces/zivid_interfaces/srv/detail/infield_correction_read__builder.hpp
[1.069s] -- Up-to-date: /root/ros_ws/install/zivid_interfaces/include/zivid_interfaces/zivid_interfaces/srv/detail/infield_correction_capture__traits.hpp
[1.071s] -- Up-to-date: /root/ros_ws/install/zivid_interfaces/include/zivid_interfaces/zivid_interfaces/srv/detail/hand_eye_calibration_capture__type_support.hpp
[1.072s] -- Up-to-date: /root/ros_ws/install/zivid_interfaces/include/zivid_interfaces/zivid_interfaces/srv/detail/hand_eye_calibration_load__builder.hpp
[1.073s] -- Up-to-date: /root/ros_ws/install/zivid_interfaces/include/zivid_interfaces/zivid_interfaces/srv/detail/is_connected__builder.hpp
[1.075s] -- Up-to-date: /root/ros_ws/install/zivid_interfaces/include/zivid_interfaces/zivid_interfaces/srv/detail/infield_correction_compute__traits.hpp
[1.076s] -- Up-to-date: /root/ros_ws/install/zivid_interfaces/include/zivid_interfaces/zivid_interfaces/srv/detail/infield_correction_read__struct.hpp
[1.078s] -- Up-to-date: /root/ros_ws/install/zivid_interfaces/include/zivid_interfaces/zivid_interfaces/srv/detail/capture_assistant_suggest_settings__builder.hpp
[1.079s] -- Up-to-date: /root/ros_ws/install/zivid_interfaces/include/zivid_interfaces/zivid_interfaces/srv/detail/camera_info_serial_number__builder.hpp
[1.081s] -- Up-to-date: /root/ros_ws/install/zivid_interfaces/include/zivid_interfaces/zivid_interfaces/srv/detail/camera_info_serial_number__struct.hpp
[1.083s] -- Up-to-date: /root/ros_ws/install/zivid_interfaces/include/zivid_interfaces/zivid_interfaces/srv/detail/hand_eye_calibration_calibrate__builder.hpp
[1.084s] -- Up-to-date: /root/ros_ws/install/zivid_interfaces/include/zivid_interfaces/zivid_interfaces/srv/detail/capture_and_detect_calibration_board__struct.hpp
[1.085s] -- Up-to-date: /root/ros_ws/install/zivid_interfaces/include/zivid_interfaces/zivid_interfaces/srv/detail/camera_info_serial_number__type_support.hpp
[1.086s] -- Up-to-date: /root/ros_ws/install/zivid_interfaces/include/zivid_interfaces/zivid_interfaces/srv/detail/hand_eye_calibration_load__type_support.hpp
[1.088s] -- Up-to-date: /root/ros_ws/install/zivid_interfaces/include/zivid_interfaces/zivid_interfaces/srv/detail/is_connected__struct.hpp
[1.089s] -- Up-to-date: /root/ros_ws/install/zivid_interfaces/include/zivid_interfaces/zivid_interfaces/srv/detail/hand_eye_calibration_capture__builder.hpp
[1.090s] -- Up-to-date: /root/ros_ws/install/zivid_interfaces/include/zivid_interfaces/zivid_interfaces/srv/detail/infield_correction_compute__type_support.hpp
[1.092s] -- Up-to-date: /root/ros_ws/install/zivid_interfaces/include/zivid_interfaces/zivid_interfaces/srv/detail/capture_and_detect_calibration_board__type_support.hpp
[1.093s] -- Up-to-date: /root/ros_ws/install/zivid_interfaces/include/zivid_interfaces/zivid_interfaces/srv/detail/camera_info_serial_number__traits.hpp
[1.094s] -- Up-to-date: /root/ros_ws/install/zivid_interfaces/include/zivid_interfaces/zivid_interfaces/srv/detail/hand_eye_calibration_capture__struct.hpp
[1.096s] -- Up-to-date: /root/ros_ws/install/zivid_interfaces/include/zivid_interfaces/zivid_interfaces/srv/detail/capture_and_detect_markers__builder.hpp
[1.097s] -- Up-to-date: /root/ros_ws/install/zivid_interfaces/include/zivid_interfaces/zivid_interfaces/srv/detail/camera_info_model_name__builder.hpp
[1.102s] -- Up-to-date: /root/ros_ws/install/zivid_interfaces/include/zivid_interfaces/zivid_interfaces/srv/detail/capture_and_detect_markers__type_support.hpp
[1.103s] -- Up-to-date: /root/ros_ws/install/zivid_interfaces/include/zivid_interfaces/zivid_interfaces/srv/detail/capture_and_save__traits.hpp
[1.105s] -- Up-to-date: /root/ros_ws/install/zivid_interfaces/include/zivid_interfaces/zivid_interfaces/srv/detail/hand_eye_calibration_start__type_support.hpp
[1.107s] -- Up-to-date: /root/ros_ws/install/zivid_interfaces/include/zivid_interfaces/zivid_interfaces/srv/detail/capture_and_save__type_support.hpp
[1.109s] -- Up-to-date: /root/ros_ws/install/zivid_interfaces/include/zivid_interfaces/zivid_interfaces/srv/detail/is_connected__type_support.hpp
[1.113s] -- Up-to-date: /root/ros_ws/install/zivid_interfaces/include/zivid_interfaces/zivid_interfaces/srv/detail/capture_and_detect_calibration_board__traits.hpp
[1.113s] -- Up-to-date: /root/ros_ws/install/zivid_interfaces/include/zivid_interfaces/zivid_interfaces/srv/detail/hand_eye_calibration_calibrate__struct.hpp
[1.114s] -- Up-to-date: /root/ros_ws/install/zivid_interfaces/include/zivid_interfaces/zivid_interfaces/srv/detail/hand_eye_calibration_capture__traits.hpp
[1.114s] -- Up-to-date: /root/ros_ws/install/zivid_interfaces/include/zivid_interfaces/zivid_interfaces/srv/detail/capture_and_detect_calibration_board__builder.hpp
[1.115s] -- Up-to-date: /root/ros_ws/install/zivid_interfaces/include/zivid_interfaces/zivid_interfaces/srv/detail/infield_correction_capture__type_support.hpp
[1.116s] -- Up-to-date: /root/ros_ws/install/zivid_interfaces/include/zivid_interfaces/zivid_interfaces/srv/detail/is_connected__traits.hpp
[1.118s] -- Up-to-date: /root/ros_ws/install/zivid_interfaces/include/zivid_interfaces/zivid_interfaces/srv/detail/hand_eye_calibration_calibrate__traits.hpp
[1.119s] -- Up-to-date: /root/ros_ws/install/zivid_interfaces/include/zivid_interfaces/zivid_interfaces/srv/detail/infield_correction_capture__builder.hpp
[1.121s] -- Up-to-date: /root/ros_ws/install/zivid_interfaces/include/zivid_interfaces/zivid_interfaces/srv/detail/capture_and_save__struct.hpp
[1.122s] -- Up-to-date: /root/ros_ws/install/zivid_interfaces/include/zivid_interfaces/zivid_interfaces/srv/detail/hand_eye_calibration_load__struct.hpp
[1.124s] -- Up-to-date: /root/ros_ws/install/zivid_interfaces/include/zivid_interfaces/zivid_interfaces/srv/detail/capture_and_detect_markers__struct.hpp
[1.125s] -- Up-to-date: /root/ros_ws/install/zivid_interfaces/include/zivid_interfaces/zivid_interfaces/srv/detail/hand_eye_calibration_load__traits.hpp
[1.127s] -- Up-to-date: /root/ros_ws/install/zivid_interfaces/include/zivid_interfaces/zivid_interfaces/srv/detail/camera_info_model_name__type_support.hpp
[1.128s] -- Up-to-date: /root/ros_ws/install/zivid_interfaces/include/zivid_interfaces/zivid_interfaces/srv/detail/hand_eye_calibration_start__traits.hpp
[1.130s] -- Up-to-date: /root/ros_ws/install/zivid_interfaces/include/zivid_interfaces/zivid_interfaces/srv/detail/camera_info_model_name__struct.hpp
[1.132s] -- Up-to-date: /root/ros_ws/install/zivid_interfaces/include/zivid_interfaces/zivid_interfaces/srv/detail/infield_correction_read__type_support.hpp
[1.134s] -- Up-to-date: /root/ros_ws/install/zivid_interfaces/include/zivid_interfaces/zivid_interfaces/srv/detail/hand_eye_calibration_calibrate__type_support.hpp
[1.136s] -- Up-to-date: /root/ros_ws/install/zivid_interfaces/include/zivid_interfaces/zivid_interfaces/srv/detail/infield_correction_compute__struct.hpp
[1.137s] -- Up-to-date: /root/ros_ws/install/zivid_interfaces/include/zivid_interfaces/zivid_interfaces/srv/detail/camera_info_model_name__traits.hpp
[1.139s] -- Up-to-date: /root/ros_ws/install/zivid_interfaces/include/zivid_interfaces/zivid_interfaces/srv/detail/capture_and_save__builder.hpp
[1.140s] -- Up-to-date: /root/ros_ws/install/zivid_interfaces/include/zivid_interfaces/zivid_interfaces/srv/detail/capture_assistant_suggest_settings__traits.hpp
[1.141s] -- Up-to-date: /root/ros_ws/install/zivid_interfaces/include/zivid_interfaces/zivid_interfaces/srv/detail/infield_correction_compute__builder.hpp
[1.142s] -- Up-to-date: /root/ros_ws/install/zivid_interfaces/include/zivid_interfaces/zivid_interfaces/srv/detail/infield_correction_capture__struct.hpp
[1.143s] -- Up-to-date: /root/ros_ws/install/zivid_interfaces/include/zivid_interfaces/zivid_interfaces/srv/detail/infield_correction_read__traits.hpp
[1.145s] -- Up-to-date: /root/ros_ws/install/zivid_interfaces/include/zivid_interfaces/zivid_interfaces/srv/detail/hand_eye_calibration_start__builder.hpp
[1.147s] -- Up-to-date: /root/ros_ws/install/zivid_interfaces/include/zivid_interfaces/zivid_interfaces/srv/detail/capture_assistant_suggest_settings__struct.hpp
[1.148s] -- Up-to-date: /root/ros_ws/install/zivid_interfaces/include/zivid_interfaces/zivid_interfaces/srv/detail/capture_and_detect_markers__traits.hpp
[1.150s] -- Up-to-date: /root/ros_ws/install/zivid_interfaces/include/zivid_interfaces/zivid_interfaces/srv/infield_correction_capture.hpp
[1.151s] -- Up-to-date: /root/ros_ws/install/zivid_interfaces/include/zivid_interfaces/zivid_interfaces/srv/hand_eye_calibration_load.hpp
[1.152s] -- Up-to-date: /root/ros_ws/install/zivid_interfaces/include/zivid_interfaces/zivid_interfaces/msg
[1.152s] -- Up-to-date: /root/ros_ws/install/zivid_interfaces/include/zivid_interfaces/zivid_interfaces/msg/marker_shape.hpp
[1.153s] -- Up-to-date: /root/ros_ws/install/zivid_interfaces/include/zivid_interfaces/zivid_interfaces/msg/fixed_placement_of_calibration_objects.hpp
[1.159s] -- Up-to-date: /root/ros_ws/install/zivid_interfaces/include/zivid_interfaces/zivid_interfaces/msg/detection_result_calibration_board.hpp
[1.160s] -- Up-to-date: /root/ros_ws/install/zivid_interfaces/include/zivid_interfaces/zivid_interfaces/msg/fixed_placement_of_fiducial_marker.hpp
[1.161s] -- Up-to-date: /root/ros_ws/install/zivid_interfaces/include/zivid_interfaces/zivid_interfaces/msg/detection_result_fiducial_markers.hpp
[1.163s] -- Up-to-date: /root/ros_ws/install/zivid_interfaces/include/zivid_interfaces/zivid_interfaces/msg/hand_eye_calibration_residual.hpp
[1.164s] -- Up-to-date: /root/ros_ws/install/zivid_interfaces/include/zivid_interfaces/zivid_interfaces/msg/rosidl_generator_cpp__visibility_control.hpp
[1.165s] -- Up-to-date: /root/ros_ws/install/zivid_interfaces/include/zivid_interfaces/zivid_interfaces/msg/fixed_placement_of_calibration_board.hpp
[1.167s] -- Up-to-date: /root/ros_ws/install/zivid_interfaces/include/zivid_interfaces/zivid_interfaces/msg/hand_eye_calibration_objects.hpp
[1.168s] -- Up-to-date: /root/ros_ws/install/zivid_interfaces/include/zivid_interfaces/zivid_interfaces/msg/detail
[1.168s] -- Up-to-date: /root/ros_ws/install/zivid_interfaces/include/zivid_interfaces/zivid_interfaces/msg/detail/hand_eye_calibration_objects__struct.hpp
[1.170s] -- Up-to-date: /root/ros_ws/install/zivid_interfaces/include/zivid_interfaces/zivid_interfaces/msg/detail/marker_shape__builder.hpp
[1.171s] -- Up-to-date: /root/ros_ws/install/zivid_interfaces/include/zivid_interfaces/zivid_interfaces/msg/detail/fixed_placement_of_calibration_board__builder.hpp
[1.173s] -- Up-to-date: /root/ros_ws/install/zivid_interfaces/include/zivid_interfaces/zivid_interfaces/msg/detail/detection_result_calibration_board__builder.hpp
[1.174s] -- Up-to-date: /root/ros_ws/install/zivid_interfaces/include/zivid_interfaces/zivid_interfaces/msg/detail/fixed_placement_of_calibration_objects__struct.hpp
[1.176s] -- Up-to-date: /root/ros_ws/install/zivid_interfaces/include/zivid_interfaces/zivid_interfaces/msg/detail/detection_result_calibration_board__type_support.hpp
[1.177s] -- Up-to-date: /root/ros_ws/install/zivid_interfaces/include/zivid_interfaces/zivid_interfaces/msg/detail/hand_eye_calibration_residual__type_support.hpp
[1.178s] -- Up-to-date: /root/ros_ws/install/zivid_interfaces/include/zivid_interfaces/zivid_interfaces/msg/detail/marker_shape__traits.hpp
[1.180s] -- Up-to-date: /root/ros_ws/install/zivid_interfaces/include/zivid_interfaces/zivid_interfaces/msg/detail/fixed_placement_of_fiducial_marker__traits.hpp
[1.181s] -- Up-to-date: /root/ros_ws/install/zivid_interfaces/include/zivid_interfaces/zivid_interfaces/msg/detail/fixed_placement_of_fiducial_marker__builder.hpp
[1.182s] -- Up-to-date: /root/ros_ws/install/zivid_interfaces/include/zivid_interfaces/zivid_interfaces/msg/detail/fixed_placement_of_fiducial_marker__type_support.hpp
[1.183s] -- Up-to-date: /root/ros_ws/install/zivid_interfaces/include/zivid_interfaces/zivid_interfaces/msg/detail/marker_shape__struct.hpp
[1.184s] -- Up-to-date: /root/ros_ws/install/zivid_interfaces/include/zivid_interfaces/zivid_interfaces/msg/detail/hand_eye_calibration_residual__struct.hpp
[1.185s] -- Up-to-date: /root/ros_ws/install/zivid_interfaces/include/zivid_interfaces/zivid_interfaces/msg/detail/fixed_placement_of_calibration_board__type_support.hpp
[1.186s] -- Up-to-date: /root/ros_ws/install/zivid_interfaces/include/zivid_interfaces/zivid_interfaces/msg/detail/fixed_placement_of_calibration_board__traits.hpp
[1.188s] -- Up-to-date: /root/ros_ws/install/zivid_interfaces/include/zivid_interfaces/zivid_interfaces/msg/detail/hand_eye_calibration_objects__builder.hpp
[1.189s] -- Up-to-date: /root/ros_ws/install/zivid_interfaces/include/zivid_interfaces/zivid_interfaces/msg/detail/detection_result_fiducial_markers__traits.hpp
[1.190s] -- Up-to-date: /root/ros_ws/install/zivid_interfaces/include/zivid_interfaces/zivid_interfaces/msg/detail/fixed_placement_of_calibration_objects__type_support.hpp
[1.192s] -- Up-to-date: /root/ros_ws/install/zivid_interfaces/include/zivid_interfaces/zivid_interfaces/msg/detail/detection_result_fiducial_markers__builder.hpp
[1.193s] -- Up-to-date: /root/ros_ws/install/zivid_interfaces/include/zivid_interfaces/zivid_interfaces/msg/detail/fixed_placement_of_calibration_board__struct.hpp
[1.195s] -- Up-to-date: /root/ros_ws/install/zivid_interfaces/include/zivid_interfaces/zivid_interfaces/msg/detail/marker_shape__type_support.hpp
[1.197s] -- Up-to-date: /root/ros_ws/install/zivid_interfaces/include/zivid_interfaces/zivid_interfaces/msg/detail/fixed_placement_of_calibration_objects__builder.hpp
[1.198s] -- Up-to-date: /root/ros_ws/install/zivid_interfaces/include/zivid_interfaces/zivid_interfaces/msg/detail/hand_eye_calibration_residual__traits.hpp
[1.200s] -- Up-to-date: /root/ros_ws/install/zivid_interfaces/include/zivid_interfaces/zivid_interfaces/msg/detail/hand_eye_calibration_objects__traits.hpp
[1.201s] -- Up-to-date: /root/ros_ws/install/zivid_interfaces/include/zivid_interfaces/zivid_interfaces/msg/detail/hand_eye_calibration_residual__builder.hpp
[1.202s] -- Up-to-date: /root/ros_ws/install/zivid_interfaces/include/zivid_interfaces/zivid_interfaces/msg/detail/detection_result_calibration_board__struct.hpp
[1.204s] -- Up-to-date: /root/ros_ws/install/zivid_interfaces/include/zivid_interfaces/zivid_interfaces/msg/detail/fixed_placement_of_fiducial_marker__struct.hpp
[1.205s] -- Up-to-date: /root/ros_ws/install/zivid_interfaces/include/zivid_interfaces/zivid_interfaces/msg/detail/detection_result_fiducial_markers__struct.hpp
[1.206s] -- Up-to-date: /root/ros_ws/install/zivid_interfaces/include/zivid_interfaces/zivid_interfaces/msg/detail/detection_result_calibration_board__traits.hpp
[1.208s] -- Up-to-date: /root/ros_ws/install/zivid_interfaces/include/zivid_interfaces/zivid_interfaces/msg/detail/fixed_placement_of_calibration_objects__traits.hpp
[1.209s] -- Up-to-date: /root/ros_ws/install/zivid_interfaces/include/zivid_interfaces/zivid_interfaces/msg/detail/detection_result_fiducial_markers__type_support.hpp
[1.210s] -- Up-to-date: /root/ros_ws/install/zivid_interfaces/include/zivid_interfaces/zivid_interfaces/msg/detail/hand_eye_calibration_objects__type_support.hpp
[1.211s] -- Up-to-date: /root/ros_ws/install/zivid_interfaces/include/zivid_interfaces/zivid_interfaces
[1.211s] -- Up-to-date: /root/ros_ws/install/zivid_interfaces/include/zivid_interfaces/zivid_interfaces/srv
[1.212s] -- Up-to-date: /root/ros_ws/install/zivid_interfaces/include/zivid_interfaces/zivid_interfaces/srv/detail
[1.212s] -- Up-to-date: /root/ros_ws/install/zivid_interfaces/include/zivid_interfaces/zivid_interfaces/srv/detail/is_connected__rosidl_typesupport_fastrtps_cpp.hpp
[1.213s] -- Up-to-date: /root/ros_ws/install/zivid_interfaces/include/zivid_interfaces/zivid_interfaces/srv/detail/hand_eye_calibration_start__rosidl_typesupport_fastrtps_cpp.hpp
[1.214s] -- Up-to-date: /root/ros_ws/install/zivid_interfaces/include/zivid_interfaces/zivid_interfaces/srv/detail/hand_eye_calibration_calibrate__rosidl_typesupport_fastrtps_cpp.hpp
[1.215s] -- Up-to-date: /root/ros_ws/install/zivid_interfaces/include/zivid_interfaces/zivid_interfaces/srv/detail/camera_info_model_name__rosidl_typesupport_fastrtps_cpp.hpp
[1.217s] -- Up-to-date: /root/ros_ws/install/zivid_interfaces/include/zivid_interfaces/zivid_interfaces/srv/detail/infield_correction_capture__rosidl_typesupport_fastrtps_cpp.hpp
[1.221s] -- Up-to-date: /root/ros_ws/install/zivid_interfaces/include/zivid_interfaces/zivid_interfaces/srv/detail/dds_fastrtps
[1.225s] -- Up-to-date: /root/ros_ws/install/zivid_interfaces/include/zivid_interfaces/zivid_interfaces/srv/detail/hand_eye_calibration_capture__rosidl_typesupport_fastrtps_cpp.hpp
[1.226s] -- Up-to-date: /root/ros_ws/install/zivid_interfaces/include/zivid_interfaces/zivid_interfaces/srv/detail/capture_and_detect_calibration_board__rosidl_typesupport_fastrtps_cpp.hpp
[1.228s] -- Up-to-date: /root/ros_ws/install/zivid_interfaces/include/zivid_interfaces/zivid_interfaces/srv/detail/infield_correction_read__rosidl_typesupport_fastrtps_cpp.hpp
[1.230s] -- Up-to-date: /root/ros_ws/install/zivid_interfaces/include/zivid_interfaces/zivid_interfaces/srv/detail/infield_correction_compute__rosidl_typesupport_fastrtps_cpp.hpp
[1.231s] -- Up-to-date: /root/ros_ws/install/zivid_interfaces/include/zivid_interfaces/zivid_interfaces/srv/detail/capture_assistant_suggest_settings__rosidl_typesupport_fastrtps_cpp.hpp
[1.232s] -- Up-to-date: /root/ros_ws/install/zivid_interfaces/include/zivid_interfaces/zivid_interfaces/srv/detail/capture_and_detect_markers__rosidl_typesupport_fastrtps_cpp.hpp
[1.234s] -- Up-to-date: /root/ros_ws/install/zivid_interfaces/include/zivid_interfaces/zivid_interfaces/srv/detail/camera_info_serial_number__rosidl_typesupport_fastrtps_cpp.hpp
[1.236s] -- Up-to-date: /root/ros_ws/install/zivid_interfaces/include/zivid_interfaces/zivid_interfaces/srv/detail/capture_and_save__rosidl_typesupport_fastrtps_cpp.hpp
[1.237s] -- Up-to-date: /root/ros_ws/install/zivid_interfaces/include/zivid_interfaces/zivid_interfaces/srv/detail/hand_eye_calibration_load__rosidl_typesupport_fastrtps_cpp.hpp
[1.239s] -- Up-to-date: /root/ros_ws/install/zivid_interfaces/include/zivid_interfaces/zivid_interfaces/msg
[1.239s] -- Up-to-date: /root/ros_ws/install/zivid_interfaces/include/zivid_interfaces/zivid_interfaces/msg/rosidl_typesupport_fastrtps_cpp__visibility_control.h
[1.240s] -- Up-to-date: /root/ros_ws/install/zivid_interfaces/include/zivid_interfaces/zivid_interfaces/msg/detail
[1.240s] -- Up-to-date: /root/ros_ws/install/zivid_interfaces/include/zivid_interfaces/zivid_interfaces/msg/detail/hand_eye_calibration_objects__rosidl_typesupport_fastrtps_cpp.hpp
[1.242s] -- Up-to-date: /root/ros_ws/install/zivid_interfaces/include/zivid_interfaces/zivid_interfaces/msg/detail/hand_eye_calibration_residual__rosidl_typesupport_fastrtps_cpp.hpp
[1.244s] -- Up-to-date: /root/ros_ws/install/zivid_interfaces/include/zivid_interfaces/zivid_interfaces/msg/detail/fixed_placement_of_fiducial_marker__rosidl_typesupport_fastrtps_cpp.hpp
[1.244s] -- Up-to-date: /root/ros_ws/install/zivid_interfaces/include/zivid_interfaces/zivid_interfaces/msg/detail/dds_fastrtps
[1.246s] -- Up-to-date: /root/ros_ws/install/zivid_interfaces/include/zivid_interfaces/zivid_interfaces/msg/detail/detection_result_calibration_board__rosidl_typesupport_fastrtps_cpp.hpp
[1.247s] -- Up-to-date: /root/ros_ws/install/zivid_interfaces/include/zivid_interfaces/zivid_interfaces/msg/detail/marker_shape__rosidl_typesupport_fastrtps_cpp.hpp
[1.248s] -- Up-to-date: /root/ros_ws/install/zivid_interfaces/include/zivid_interfaces/zivid_interfaces/msg/detail/fixed_placement_of_calibration_board__rosidl_typesupport_fastrtps_cpp.hpp
[1.250s] -- Up-to-date: /root/ros_ws/install/zivid_interfaces/include/zivid_interfaces/zivid_interfaces/msg/detail/fixed_placement_of_calibration_objects__rosidl_typesupport_fastrtps_cpp.hpp
[1.251s] -- Up-to-date: /root/ros_ws/install/zivid_interfaces/include/zivid_interfaces/zivid_interfaces/msg/detail/detection_result_fiducial_markers__rosidl_typesupport_fastrtps_cpp.hpp
[1.253s] -- Up-to-date: /root/ros_ws/install/zivid_interfaces/lib/libzivid_interfaces__rosidl_typesupport_fastrtps_cpp.so
[1.255s] -- Up-to-date: /root/ros_ws/install/zivid_interfaces/include/zivid_interfaces/zivid_interfaces
[1.255s] -- Up-to-date: /root/ros_ws/install/zivid_interfaces/include/zivid_interfaces/zivid_interfaces/srv
[1.255s] -- Up-to-date: /root/ros_ws/install/zivid_interfaces/include/zivid_interfaces/zivid_interfaces/srv/detail
[1.255s] -- Up-to-date: /root/ros_ws/install/zivid_interfaces/include/zivid_interfaces/zivid_interfaces/srv/detail/capture_and_detect_calibration_board__rosidl_typesupport_introspection_c.h
[1.256s] -- Up-to-date: /root/ros_ws/install/zivid_interfaces/include/zivid_interfaces/zivid_interfaces/srv/detail/camera_info_serial_number__rosidl_typesupport_introspection_c.h
[1.258s] -- Installing: /root/ros_ws/install/zivid_interfaces/include/zivid_interfaces/zivid_interfaces/srv/detail/capture_and_detect_markers__type_support.c
[1.259s] -- Installing: /root/ros_ws/install/zivid_interfaces/include/zivid_interfaces/zivid_interfaces/srv/detail/capture_assistant_suggest_settings__type_support.c
[1.259s] -- Installing: /root/ros_ws/install/zivid_interfaces/include/zivid_interfaces/zivid_interfaces/srv/detail/camera_info_model_name__type_support.c
[1.259s] -- Up-to-date: /root/ros_ws/install/zivid_interfaces/include/zivid_interfaces/zivid_interfaces/srv/detail/is_connected__rosidl_typesupport_introspection_c.h
[1.261s] -- Up-to-date: /root/ros_ws/install/zivid_interfaces/include/zivid_interfaces/zivid_interfaces/srv/detail/infield_correction_capture__rosidl_typesupport_introspection_c.h
[1.264s] -- Up-to-date: /root/ros_ws/install/zivid_interfaces/include/zivid_interfaces/zivid_interfaces/srv/detail/hand_eye_calibration_capture__rosidl_typesupport_introspection_c.h
[1.265s] -- Up-to-date: /root/ros_ws/install/zivid_interfaces/include/zivid_interfaces/zivid_interfaces/srv/detail/infield_correction_compute__rosidl_typesupport_introspection_c.h
[1.266s] -- Installing: /root/ros_ws/install/zivid_interfaces/include/zivid_interfaces/zivid_interfaces/srv/detail/hand_eye_calibration_capture__type_support.c
[1.271s] -- Installing: /root/ros_ws/install/zivid_interfaces/include/zivid_interfaces/zivid_interfaces/srv/detail/infield_correction_compute__type_support.c
[1.271s] -- Up-to-date: /root/ros_ws/install/zivid_interfaces/include/zivid_interfaces/zivid_interfaces/srv/detail/capture_and_detect_markers__rosidl_typesupport_introspection_c.h
[1.273s] -- Up-to-date: /root/ros_ws/install/zivid_interfaces/include/zivid_interfaces/zivid_interfaces/srv/detail/capture_assistant_suggest_settings__rosidl_typesupport_introspection_c.h
[1.274s] -- Installing: /root/ros_ws/install/zivid_interfaces/include/zivid_interfaces/zivid_interfaces/srv/detail/camera_info_serial_number__type_support.c
[1.274s] -- Up-to-date: /root/ros_ws/install/zivid_interfaces/include/zivid_interfaces/zivid_interfaces/srv/detail/camera_info_model_name__rosidl_typesupport_introspection_c.h
[1.276s] -- Installing: /root/ros_ws/install/zivid_interfaces/include/zivid_interfaces/zivid_interfaces/srv/detail/hand_eye_calibration_start__type_support.c
[1.276s] -- Installing: /root/ros_ws/install/zivid_interfaces/include/zivid_interfaces/zivid_interfaces/srv/detail/hand_eye_calibration_calibrate__type_support.c
[1.276s] -- Installing: /root/ros_ws/install/zivid_interfaces/include/zivid_interfaces/zivid_interfaces/srv/detail/is_connected__type_support.c
[1.276s] -- Installing: /root/ros_ws/install/zivid_interfaces/include/zivid_interfaces/zivid_interfaces/srv/detail/capture_and_save__type_support.c
[1.276s] -- Installing: /root/ros_ws/install/zivid_interfaces/include/zivid_interfaces/zivid_interfaces/srv/detail/infield_correction_capture__type_support.c
[1.277s] -- Installing: /root/ros_ws/install/zivid_interfaces/include/zivid_interfaces/zivid_interfaces/srv/detail/infield_correction_read__type_support.c
[1.277s] -- Up-to-date: /root/ros_ws/install/zivid_interfaces/include/zivid_interfaces/zivid_interfaces/srv/detail/hand_eye_calibration_start__rosidl_typesupport_introspection_c.h
[1.278s] -- Up-to-date: /root/ros_ws/install/zivid_interfaces/include/zivid_interfaces/zivid_interfaces/srv/detail/hand_eye_calibration_calibrate__rosidl_typesupport_introspection_c.h
[1.279s] -- Up-to-date: /root/ros_ws/install/zivid_interfaces/include/zivid_interfaces/zivid_interfaces/srv/detail/capture_and_save__rosidl_typesupport_introspection_c.h
[1.280s] -- Up-to-date: /root/ros_ws/install/zivid_interfaces/include/zivid_interfaces/zivid_interfaces/srv/detail/hand_eye_calibration_load__rosidl_typesupport_introspection_c.h
[1.282s] -- Installing: /root/ros_ws/install/zivid_interfaces/include/zivid_interfaces/zivid_interfaces/srv/detail/capture_and_detect_calibration_board__type_support.c
[1.282s] -- Up-to-date: /root/ros_ws/install/zivid_interfaces/include/zivid_interfaces/zivid_interfaces/srv/detail/infield_correction_read__rosidl_typesupport_introspection_c.h
[1.283s] -- Installing: /root/ros_ws/install/zivid_interfaces/include/zivid_interfaces/zivid_interfaces/srv/detail/hand_eye_calibration_load__type_support.c
[1.284s] -- Up-to-date: /root/ros_ws/install/zivid_interfaces/include/zivid_interfaces/zivid_interfaces/msg
[1.284s] -- Up-to-date: /root/ros_ws/install/zivid_interfaces/include/zivid_interfaces/zivid_interfaces/msg/rosidl_typesupport_introspection_c__visibility_control.h
[1.285s] -- Up-to-date: /root/ros_ws/install/zivid_interfaces/include/zivid_interfaces/zivid_interfaces/msg/detail
[1.285s] -- Up-to-date: /root/ros_ws/install/zivid_interfaces/include/zivid_interfaces/zivid_interfaces/msg/detail/detection_result_calibration_board__rosidl_typesupport_introspection_c.h
[1.286s] -- Up-to-date: /root/ros_ws/install/zivid_interfaces/include/zivid_interfaces/zivid_interfaces/msg/detail/marker_shape__rosidl_typesupport_introspection_c.h
[1.288s] -- Up-to-date: /root/ros_ws/install/zivid_interfaces/include/zivid_interfaces/zivid_interfaces/msg/detail/fixed_placement_of_calibration_board__rosidl_typesupport_introspection_c.h
[1.290s] -- Installing: /root/ros_ws/install/zivid_interfaces/include/zivid_interfaces/zivid_interfaces/msg/detail/detection_result_fiducial_markers__type_support.c
[1.295s] -- Installing: /root/ros_ws/install/zivid_interfaces/include/zivid_interfaces/zivid_interfaces/msg/detail/fixed_placement_of_fiducial_marker__type_support.c
[1.295s] -- Up-to-date: /root/ros_ws/install/zivid_interfaces/include/zivid_interfaces/zivid_interfaces/msg/detail/fixed_placement_of_fiducial_marker__rosidl_typesupport_introspection_c.h
[1.296s] -- Installing: /root/ros_ws/install/zivid_interfaces/include/zivid_interfaces/zivid_interfaces/msg/detail/fixed_placement_of_calibration_board__type_support.c
[1.297s] -- Up-to-date: /root/ros_ws/install/zivid_interfaces/include/zivid_interfaces/zivid_interfaces/msg/detail/hand_eye_calibration_objects__rosidl_typesupport_introspection_c.h
[1.301s] -- Installing: /root/ros_ws/install/zivid_interfaces/include/zivid_interfaces/zivid_interfaces/msg/detail/hand_eye_calibration_residual__type_support.c
[1.301s] -- Installing: /root/ros_ws/install/zivid_interfaces/include/zivid_interfaces/zivid_interfaces/msg/detail/marker_shape__type_support.c
[1.301s] -- Up-to-date: /root/ros_ws/install/zivid_interfaces/include/zivid_interfaces/zivid_interfaces/msg/detail/fixed_placement_of_calibration_objects__rosidl_typesupport_introspection_c.h
[1.302s] -- Installing: /root/ros_ws/install/zivid_interfaces/include/zivid_interfaces/zivid_interfaces/msg/detail/detection_result_calibration_board__type_support.c
[1.302s] -- Installing: /root/ros_ws/install/zivid_interfaces/include/zivid_interfaces/zivid_interfaces/msg/detail/hand_eye_calibration_objects__type_support.c
[1.302s] -- Up-to-date: /root/ros_ws/install/zivid_interfaces/include/zivid_interfaces/zivid_interfaces/msg/detail/hand_eye_calibration_residual__rosidl_typesupport_introspection_c.h
[1.303s] -- Installing: /root/ros_ws/install/zivid_interfaces/include/zivid_interfaces/zivid_interfaces/msg/detail/fixed_placement_of_calibration_objects__type_support.c
[1.303s] -- Up-to-date: /root/ros_ws/install/zivid_interfaces/include/zivid_interfaces/zivid_interfaces/msg/detail/detection_result_fiducial_markers__rosidl_typesupport_introspection_c.h
[1.304s] -- Up-to-date: /root/ros_ws/install/zivid_interfaces/lib/libzivid_interfaces__rosidl_typesupport_introspection_c.so
[1.306s] -- Up-to-date: /root/ros_ws/install/zivid_interfaces/lib/libzivid_interfaces__rosidl_typesupport_c.so
[1.307s] -- Up-to-date: /root/ros_ws/install/zivid_interfaces/include/zivid_interfaces/zivid_interfaces
[1.307s] -- Up-to-date: /root/ros_ws/install/zivid_interfaces/include/zivid_interfaces/zivid_interfaces/srv
[1.307s] -- Up-to-date: /root/ros_ws/install/zivid_interfaces/include/zivid_interfaces/zivid_interfaces/srv/detail
[1.307s] -- Up-to-date: /root/ros_ws/install/zivid_interfaces/include/zivid_interfaces/zivid_interfaces/srv/detail/is_connected__type_support.cpp
[1.308s] -- Up-to-date: /root/ros_ws/install/zivid_interfaces/include/zivid_interfaces/zivid_interfaces/srv/detail/infield_correction_read__type_support.cpp
[1.310s] -- Up-to-date: /root/ros_ws/install/zivid_interfaces/include/zivid_interfaces/zivid_interfaces/srv/detail/hand_eye_calibration_load__type_support.cpp
[1.311s] -- Up-to-date: /root/ros_ws/install/zivid_interfaces/include/zivid_interfaces/zivid_interfaces/srv/detail/hand_eye_calibration_load__rosidl_typesupport_introspection_cpp.hpp
[1.312s] -- Up-to-date: /root/ros_ws/install/zivid_interfaces/include/zivid_interfaces/zivid_interfaces/srv/detail/infield_correction_read__rosidl_typesupport_introspection_cpp.hpp
[1.313s] -- Up-to-date: /root/ros_ws/install/zivid_interfaces/include/zivid_interfaces/zivid_interfaces/srv/detail/infield_correction_capture__rosidl_typesupport_introspection_cpp.hpp
[1.316s] -- Up-to-date: /root/ros_ws/install/zivid_interfaces/include/zivid_interfaces/zivid_interfaces/srv/detail/capture_and_detect_markers__rosidl_typesupport_introspection_cpp.hpp
[1.316s] -- Up-to-date: /root/ros_ws/install/zivid_interfaces/include/zivid_interfaces/zivid_interfaces/srv/detail/infield_correction_compute__rosidl_typesupport_introspection_cpp.hpp
[1.317s] -- Up-to-date: /root/ros_ws/install/zivid_interfaces/include/zivid_interfaces/zivid_interfaces/srv/detail/capture_and_save__type_support.cpp
[1.318s] -- Up-to-date: /root/ros_ws/install/zivid_interfaces/include/zivid_interfaces/zivid_interfaces/srv/detail/is_connected__rosidl_typesupport_introspection_cpp.hpp
[1.319s] -- Up-to-date: /root/ros_ws/install/zivid_interfaces/include/zivid_interfaces/zivid_interfaces/srv/detail/hand_eye_calibration_start__rosidl_typesupport_introspection_cpp.hpp
[1.321s] -- Up-to-date: /root/ros_ws/install/zivid_interfaces/include/zivid_interfaces/zivid_interfaces/srv/detail/capture_assistant_suggest_settings__type_support.cpp
[1.322s] -- Up-to-date: /root/ros_ws/install/zivid_interfaces/include/zivid_interfaces/zivid_interfaces/srv/detail/camera_info_serial_number__type_support.cpp
[1.324s] -- Up-to-date: /root/ros_ws/install/zivid_interfaces/include/zivid_interfaces/zivid_interfaces/srv/detail/camera_info_serial_number__rosidl_typesupport_introspection_cpp.hpp
[1.326s] -- Up-to-date: /root/ros_ws/install/zivid_interfaces/include/zivid_interfaces/zivid_interfaces/srv/detail/capture_and_save__rosidl_typesupport_introspection_cpp.hpp
[1.327s] -- Up-to-date: /root/ros_ws/install/zivid_interfaces/include/zivid_interfaces/zivid_interfaces/srv/detail/hand_eye_calibration_capture__rosidl_typesupport_introspection_cpp.hpp
[1.329s] -- Up-to-date: /root/ros_ws/install/zivid_interfaces/include/zivid_interfaces/zivid_interfaces/srv/detail/hand_eye_calibration_start__type_support.cpp
[1.330s] -- Up-to-date: /root/ros_ws/install/zivid_interfaces/include/zivid_interfaces/zivid_interfaces/srv/detail/camera_info_model_name__type_support.cpp
[1.332s] -- Up-to-date: /root/ros_ws/install/zivid_interfaces/include/zivid_interfaces/zivid_interfaces/srv/detail/capture_assistant_suggest_settings__rosidl_typesupport_introspection_cpp.hpp
[1.333s] -- Up-to-date: /root/ros_ws/install/zivid_interfaces/include/zivid_interfaces/zivid_interfaces/srv/detail/infield_correction_compute__type_support.cpp
[1.334s] -- Up-to-date: /root/ros_ws/install/zivid_interfaces/include/zivid_interfaces/zivid_interfaces/srv/detail/capture_and_detect_calibration_board__rosidl_typesupport_introspection_cpp.hpp
[1.335s] -- Up-to-date: /root/ros_ws/install/zivid_interfaces/include/zivid_interfaces/zivid_interfaces/srv/detail/hand_eye_calibration_calibrate__type_support.cpp
[1.336s] -- Up-to-date: /root/ros_ws/install/zivid_interfaces/include/zivid_interfaces/zivid_interfaces/srv/detail/capture_and_detect_markers__type_support.cpp
[1.337s] -- Up-to-date: /root/ros_ws/install/zivid_interfaces/include/zivid_interfaces/zivid_interfaces/srv/detail/infield_correction_capture__type_support.cpp
[1.338s] -- Up-to-date: /root/ros_ws/install/zivid_interfaces/include/zivid_interfaces/zivid_interfaces/srv/detail/hand_eye_calibration_calibrate__rosidl_typesupport_introspection_cpp.hpp
[1.341s] -- Up-to-date: /root/ros_ws/install/zivid_interfaces/include/zivid_interfaces/zivid_interfaces/srv/detail/hand_eye_calibration_capture__type_support.cpp
[1.341s] -- Up-to-date: /root/ros_ws/install/zivid_interfaces/include/zivid_interfaces/zivid_interfaces/srv/detail/camera_info_model_name__rosidl_typesupport_introspection_cpp.hpp
[1.342s] -- Up-to-date: /root/ros_ws/install/zivid_interfaces/include/zivid_interfaces/zivid_interfaces/srv/detail/capture_and_detect_calibration_board__type_support.cpp
[1.343s] -- Up-to-date: /root/ros_ws/install/zivid_interfaces/include/zivid_interfaces/zivid_interfaces/msg
[1.343s] -- Up-to-date: /root/ros_ws/install/zivid_interfaces/include/zivid_interfaces/zivid_interfaces/msg/detail
[1.343s] -- Up-to-date: /root/ros_ws/install/zivid_interfaces/include/zivid_interfaces/zivid_interfaces/msg/detail/fixed_placement_of_calibration_board__rosidl_typesupport_introspection_cpp.hpp
[1.345s] -- Up-to-date: /root/ros_ws/install/zivid_interfaces/include/zivid_interfaces/zivid_interfaces/msg/detail/fixed_placement_of_fiducial_marker__rosidl_typesupport_introspection_cpp.hpp
[1.346s] -- Up-to-date: /root/ros_ws/install/zivid_interfaces/include/zivid_interfaces/zivid_interfaces/msg/detail/hand_eye_calibration_objects__type_support.cpp
[1.347s] -- Up-to-date: /root/ros_ws/install/zivid_interfaces/include/zivid_interfaces/zivid_interfaces/msg/detail/fixed_placement_of_calibration_objects__type_support.cpp
[1.348s] -- Up-to-date: /root/ros_ws/install/zivid_interfaces/include/zivid_interfaces/zivid_interfaces/msg/detail/detection_result_calibration_board__type_support.cpp
[1.350s] -- Up-to-date: /root/ros_ws/install/zivid_interfaces/include/zivid_interfaces/zivid_interfaces/msg/detail/marker_shape__rosidl_typesupport_introspection_cpp.hpp
[1.351s] -- Up-to-date: /root/ros_ws/install/zivid_interfaces/include/zivid_interfaces/zivid_interfaces/msg/detail/hand_eye_calibration_residual__type_support.cpp
[1.352s] -- Up-to-date: /root/ros_ws/install/zivid_interfaces/include/zivid_interfaces/zivid_interfaces/msg/detail/hand_eye_calibration_residual__rosidl_typesupport_introspection_cpp.hpp
[1.353s] -- Up-to-date: /root/ros_ws/install/zivid_interfaces/include/zivid_interfaces/zivid_interfaces/msg/detail/fixed_placement_of_calibration_objects__rosidl_typesupport_introspection_cpp.hpp
[1.355s] -- Up-to-date: /root/ros_ws/install/zivid_interfaces/include/zivid_interfaces/zivid_interfaces/msg/detail/hand_eye_calibration_objects__rosidl_typesupport_introspection_cpp.hpp
[1.357s] -- Up-to-date: /root/ros_ws/install/zivid_interfaces/include/zivid_interfaces/zivid_interfaces/msg/detail/fixed_placement_of_fiducial_marker__type_support.cpp
[1.358s] -- Up-to-date: /root/ros_ws/install/zivid_interfaces/include/zivid_interfaces/zivid_interfaces/msg/detail/detection_result_calibration_board__rosidl_typesupport_introspection_cpp.hpp
[1.359s] -- Up-to-date: /root/ros_ws/install/zivid_interfaces/include/zivid_interfaces/zivid_interfaces/msg/detail/fixed_placement_of_calibration_board__type_support.cpp
[1.360s] -- Up-to-date: /root/ros_ws/install/zivid_interfaces/include/zivid_interfaces/zivid_interfaces/msg/detail/detection_result_fiducial_markers__rosidl_typesupport_introspection_cpp.hpp
[1.361s] -- Up-to-date: /root/ros_ws/install/zivid_interfaces/include/zivid_interfaces/zivid_interfaces/msg/detail/marker_shape__type_support.cpp
[1.363s] -- Up-to-date: /root/ros_ws/install/zivid_interfaces/include/zivid_interfaces/zivid_interfaces/msg/detail/detection_result_fiducial_markers__type_support.cpp
[1.364s] -- Up-to-date: /root/ros_ws/install/zivid_interfaces/lib/libzivid_interfaces__rosidl_typesupport_introspection_cpp.so
[1.366s] -- Up-to-date: /root/ros_ws/install/zivid_interfaces/lib/libzivid_interfaces__rosidl_typesupport_cpp.so
[1.367s] -- Up-to-date: /root/ros_ws/install/zivid_interfaces/share/zivid_interfaces/environment/pythonpath.sh
[1.368s] -- Up-to-date: /root/ros_ws/install/zivid_interfaces/share/zivid_interfaces/environment/pythonpath.dsv
[1.370s] -- Up-to-date: /root/ros_ws/install/zivid_interfaces/lib/python3.12/site-packages/zivid_interfaces-3.1.0-py3.12.egg-info
[1.373s] -- Installing: /root/ros_ws/install/zivid_interfaces/lib/python3.12/site-packages/zivid_interfaces-3.1.0-py3.12.egg-info/top_level.txt
[1.373s] -- Installing: /root/ros_ws/install/zivid_interfaces/lib/python3.12/site-packages/zivid_interfaces-3.1.0-py3.12.egg-info/SOURCES.txt
[1.373s] -- Installing: /root/ros_ws/install/zivid_interfaces/lib/python3.12/site-packages/zivid_interfaces-3.1.0-py3.12.egg-info/PKG-INFO
[1.373s] -- Installing: /root/ros_ws/install/zivid_interfaces/lib/python3.12/site-packages/zivid_interfaces-3.1.0-py3.12.egg-info/dependency_links.txt
[1.373s] -- Up-to-date: /root/ros_ws/install/zivid_interfaces/lib/python3.12/site-packages/zivid_interfaces
[1.374s] -- Up-to-date: /root/ros_ws/install/zivid_interfaces/lib/python3.12/site-packages/zivid_interfaces/srv
[1.375s] -- Up-to-date: /root/ros_ws/install/zivid_interfaces/lib/python3.12/site-packages/zivid_interfaces/srv/_camera_info_serial_number.py
[1.376s] -- Up-to-date: /root/ros_ws/install/zivid_interfaces/lib/python3.12/site-packages/zivid_interfaces/srv/_infield_correction_compute.py
[1.378s] -- Up-to-date: /root/ros_ws/install/zivid_interfaces/lib/python3.12/site-packages/zivid_interfaces/srv/_hand_eye_calibration_capture.py
[1.379s] -- Up-to-date: /root/ros_ws/install/zivid_interfaces/lib/python3.12/site-packages/zivid_interfaces/srv/_hand_eye_calibration_start.py
[1.380s] -- Up-to-date: /root/ros_ws/install/zivid_interfaces/lib/python3.12/site-packages/zivid_interfaces/srv/_camera_info_model_name_s.c
[1.381s] -- Up-to-date: /root/ros_ws/install/zivid_interfaces/lib/python3.12/site-packages/zivid_interfaces/srv/_capture_and_detect_markers.py
[1.382s] -- Up-to-date: /root/ros_ws/install/zivid_interfaces/lib/python3.12/site-packages/zivid_interfaces/srv/_infield_correction_capture.py
[1.384s] -- Up-to-date: /root/ros_ws/install/zivid_interfaces/lib/python3.12/site-packages/zivid_interfaces/srv/_capture_and_save.py
[1.385s] -- Up-to-date: /root/ros_ws/install/zivid_interfaces/lib/python3.12/site-packages/zivid_interfaces/srv/_hand_eye_calibration_calibrate.py
[1.386s] -- Up-to-date: /root/ros_ws/install/zivid_interfaces/lib/python3.12/site-packages/zivid_interfaces/srv/_infield_correction_read.py
[1.388s] -- Up-to-date: /root/ros_ws/install/zivid_interfaces/lib/python3.12/site-packages/zivid_interfaces/srv/__init__.py
[1.388s] -- Up-to-date: /root/ros_ws/install/zivid_interfaces/lib/python3.12/site-packages/zivid_interfaces/srv/_hand_eye_calibration_calibrate_s.c
[1.390s] -- Up-to-date: /root/ros_ws/install/zivid_interfaces/lib/python3.12/site-packages/zivid_interfaces/srv/_capture_assistant_suggest_settings_s.c
[1.390s] -- Up-to-date: /root/ros_ws/install/zivid_interfaces/lib/python3.12/site-packages/zivid_interfaces/srv/_hand_eye_calibration_capture_s.c
[1.391s] -- Up-to-date: /root/ros_ws/install/zivid_interfaces/lib/python3.12/site-packages/zivid_interfaces/srv/_camera_info_model_name.py
[1.392s] -- Up-to-date: /root/ros_ws/install/zivid_interfaces/lib/python3.12/site-packages/zivid_interfaces/srv/_hand_eye_calibration_start_s.c
[1.394s] -- Up-to-date: /root/ros_ws/install/zivid_interfaces/lib/python3.12/site-packages/zivid_interfaces/srv/_is_connected.py
[1.395s] -- Up-to-date: /root/ros_ws/install/zivid_interfaces/lib/python3.12/site-packages/zivid_interfaces/srv/_infield_correction_compute_s.c
[1.396s] -- Up-to-date: /root/ros_ws/install/zivid_interfaces/lib/python3.12/site-packages/zivid_interfaces/srv/_capture_and_detect_calibration_board.py
[1.398s] -- Up-to-date: /root/ros_ws/install/zivid_interfaces/lib/python3.12/site-packages/zivid_interfaces/srv/_hand_eye_calibration_load.py
[1.398s] -- Up-to-date: /root/ros_ws/install/zivid_interfaces/lib/python3.12/site-packages/zivid_interfaces/srv/_capture_and_detect_markers_s.c
[1.399s] -- Up-to-date: /root/ros_ws/install/zivid_interfaces/lib/python3.12/site-packages/zivid_interfaces/srv/_infield_correction_read_s.c
[1.399s] -- Up-to-date: /root/ros_ws/install/zivid_interfaces/lib/python3.12/site-packages/zivid_interfaces/srv/_infield_correction_capture_s.c
[1.400s] -- Up-to-date: /root/ros_ws/install/zivid_interfaces/lib/python3.12/site-packages/zivid_interfaces/srv/_is_connected_s.c
[1.401s] -- Up-to-date: /root/ros_ws/install/zivid_interfaces/lib/python3.12/site-packages/zivid_interfaces/srv/_capture_assistant_suggest_settings.py
[1.402s] -- Up-to-date: /root/ros_ws/install/zivid_interfaces/lib/python3.12/site-packages/zivid_interfaces/srv/_capture_and_save_s.c
[1.402s] -- Up-to-date: /root/ros_ws/install/zivid_interfaces/lib/python3.12/site-packages/zivid_interfaces/srv/_camera_info_serial_number_s.c
[1.403s] -- Up-to-date: /root/ros_ws/install/zivid_interfaces/lib/python3.12/site-packages/zivid_interfaces/srv/_hand_eye_calibration_load_s.c
[1.405s] -- Up-to-date: /root/ros_ws/install/zivid_interfaces/lib/python3.12/site-packages/zivid_interfaces/srv/_capture_and_detect_calibration_board_s.c
[1.406s] -- Up-to-date: /root/ros_ws/install/zivid_interfaces/lib/python3.12/site-packages/zivid_interfaces/__init__.py
[1.408s] -- Up-to-date: /root/ros_ws/install/zivid_interfaces/lib/python3.12/site-packages/zivid_interfaces/_zivid_interfaces_s.ep.rosidl_typesupport_fastrtps_c.c
[1.408s] -- Up-to-date: /root/ros_ws/install/zivid_interfaces/lib/python3.12/site-packages/zivid_interfaces/zivid_interfaces_s__rosidl_typesupport_introspection_c.so
[1.409s] -- Up-to-date: /root/ros_ws/install/zivid_interfaces/lib/python3.12/site-packages/zivid_interfaces/msg
[1.410s] -- Up-to-date: /root/ros_ws/install/zivid_interfaces/lib/python3.12/site-packages/zivid_interfaces/msg/_fixed_placement_of_calibration_objects.py
[1.411s] -- Up-to-date: /root/ros_ws/install/zivid_interfaces/lib/python3.12/site-packages/zivid_interfaces/msg/_hand_eye_calibration_residual_s.c
[1.411s] -- Up-to-date: /root/ros_ws/install/zivid_interfaces/lib/python3.12/site-packages/zivid_interfaces/msg/_hand_eye_calibration_objects.py
[1.413s] -- Up-to-date: /root/ros_ws/install/zivid_interfaces/lib/python3.12/site-packages/zivid_interfaces/msg/_marker_shape_s.c
[1.415s] -- Up-to-date: /root/ros_ws/install/zivid_interfaces/lib/python3.12/site-packages/zivid_interfaces/msg/_detection_result_calibration_board_s.c
[1.415s] -- Up-to-date: /root/ros_ws/install/zivid_interfaces/lib/python3.12/site-packages/zivid_interfaces/msg/_detection_result_fiducial_markers.py
[1.415s] -- Up-to-date: /root/ros_ws/install/zivid_interfaces/lib/python3.12/site-packages/zivid_interfaces/msg/_marker_shape.py
[1.416s] -- Up-to-date: /root/ros_ws/install/zivid_interfaces/lib/python3.12/site-packages/zivid_interfaces/msg/__init__.py
[1.417s] -- Up-to-date: /root/ros_ws/install/zivid_interfaces/lib/python3.12/site-packages/zivid_interfaces/msg/_detection_result_fiducial_markers_s.c
[1.418s] -- Up-to-date: /root/ros_ws/install/zivid_interfaces/lib/python3.12/site-packages/zivid_interfaces/msg/_fixed_placement_of_calibration_objects_s.c
[1.418s] -- Up-to-date: /root/ros_ws/install/zivid_interfaces/lib/python3.12/site-packages/zivid_interfaces/msg/_detection_result_calibration_board.py
[1.419s] -- Up-to-date: /root/ros_ws/install/zivid_interfaces/lib/python3.12/site-packages/zivid_interfaces/msg/_hand_eye_calibration_objects_s.c
[1.420s] -- Up-to-date: /root/ros_ws/install/zivid_interfaces/lib/python3.12/site-packages/zivid_interfaces/msg/_fixed_placement_of_fiducial_marker_s.c
[1.420s] -- Up-to-date: /root/ros_ws/install/zivid_interfaces/lib/python3.12/site-packages/zivid_interfaces/msg/_hand_eye_calibration_residual.py
[1.421s] -- Up-to-date: /root/ros_ws/install/zivid_interfaces/lib/python3.12/site-packages/zivid_interfaces/msg/_fixed_placement_of_fiducial_marker.py
[1.422s] -- Up-to-date: /root/ros_ws/install/zivid_interfaces/lib/python3.12/site-packages/zivid_interfaces/msg/_fixed_placement_of_calibration_board.py
[1.423s] -- Up-to-date: /root/ros_ws/install/zivid_interfaces/lib/python3.12/site-packages/zivid_interfaces/msg/_fixed_placement_of_calibration_board_s.c
[1.424s] -- Up-to-date: /root/ros_ws/install/zivid_interfaces/lib/python3.12/site-packages/zivid_interfaces/zivid_interfaces_s__rosidl_typesupport_fastrtps_c.so
[1.425s] -- Up-to-date: /root/ros_ws/install/zivid_interfaces/lib/python3.12/site-packages/zivid_interfaces/_zivid_interfaces_s.ep.rosidl_typesupport_introspection_c.c
[1.426s] -- Up-to-date: /root/ros_ws/install/zivid_interfaces/lib/python3.12/site-packages/zivid_interfaces/_zivid_interfaces_s.ep.rosidl_typesupport_c.c
[1.427s] -- Up-to-date: /root/ros_ws/install/zivid_interfaces/lib/python3.12/site-packages/zivid_interfaces/zivid_interfaces_s__rosidl_typesupport_c.so
[1.454s] Listing '/root/ros_ws/install/zivid_interfaces/lib/python3.12/site-packages/zivid_interfaces'...
[1.454s] Listing '/root/ros_ws/install/zivid_interfaces/lib/python3.12/site-packages/zivid_interfaces/msg'...
[1.454s] Listing '/root/ros_ws/install/zivid_interfaces/lib/python3.12/site-packages/zivid_interfaces/srv'...
[1.459s] -- Up-to-date: /root/ros_ws/install/zivid_interfaces/lib/python3.12/site-packages/zivid_interfaces/zivid_interfaces_s__rosidl_typesupport_fastrtps_c.so
[1.459s] -- Up-to-date: /root/ros_ws/install/zivid_interfaces/lib/python3.12/site-packages/zivid_interfaces/zivid_interfaces_s__rosidl_typesupport_introspection_c.so
[1.460s] -- Up-to-date: /root/ros_ws/install/zivid_interfaces/lib/python3.12/site-packages/zivid_interfaces/zivid_interfaces_s__rosidl_typesupport_c.so
[1.460s] -- Up-to-date: /root/ros_ws/install/zivid_interfaces/lib/libzivid_interfaces__rosidl_generator_py.so
[1.462s] -- Up-to-date: /root/ros_ws/install/zivid_interfaces/share/zivid_interfaces/msg/DetectionResultCalibrationBoard.idl
[1.463s] -- Up-to-date: /root/ros_ws/install/zivid_interfaces/share/zivid_interfaces/msg/DetectionResultFiducialMarkers.idl
[1.464s] -- Up-to-date: /root/ros_ws/install/zivid_interfaces/share/zivid_interfaces/msg/FixedPlacementOfCalibrationBoard.idl
[1.466s] -- Up-to-date: /root/ros_ws/install/zivid_interfaces/share/zivid_interfaces/msg/FixedPlacementOfCalibrationObjects.idl
[1.467s] -- Up-to-date: /root/ros_ws/install/zivid_interfaces/share/zivid_interfaces/msg/FixedPlacementOfFiducialMarker.idl
[1.467s] -- Up-to-date: /root/ros_ws/install/zivid_interfaces/share/zivid_interfaces/msg/HandEyeCalibrationObjects.idl
[1.469s] -- Up-to-date: /root/ros_ws/install/zivid_interfaces/share/zivid_interfaces/msg/HandEyeCalibrationResidual.idl
[1.470s] -- Up-to-date: /root/ros_ws/install/zivid_interfaces/share/zivid_interfaces/msg/MarkerShape.idl
[1.471s] -- Up-to-date: /root/ros_ws/install/zivid_interfaces/share/zivid_interfaces/srv/CaptureAndDetectCalibrationBoard.idl
[1.472s] -- Up-to-date: /root/ros_ws/install/zivid_interfaces/share/zivid_interfaces/srv/CaptureAndDetectMarkers.idl
[1.474s] -- Up-to-date: /root/ros_ws/install/zivid_interfaces/share/zivid_interfaces/srv/CaptureAndSave.idl
[1.475s] -- Up-to-date: /root/ros_ws/install/zivid_interfaces/share/zivid_interfaces/srv/CaptureAssistantSuggestSettings.idl
[1.477s] -- Up-to-date: /root/ros_ws/install/zivid_interfaces/share/zivid_interfaces/srv/CameraInfoModelName.idl
[1.479s] -- Up-to-date: /root/ros_ws/install/zivid_interfaces/share/zivid_interfaces/srv/CameraInfoSerialNumber.idl
[1.480s] -- Up-to-date: /root/ros_ws/install/zivid_interfaces/share/zivid_interfaces/srv/HandEyeCalibrationCalibrate.idl
[1.480s] -- Up-to-date: /root/ros_ws/install/zivid_interfaces/share/zivid_interfaces/srv/HandEyeCalibrationCapture.idl
[1.481s] -- Up-to-date: /root/ros_ws/install/zivid_interfaces/share/zivid_interfaces/srv/HandEyeCalibrationLoad.idl
[1.482s] -- Up-to-date: /root/ros_ws/install/zivid_interfaces/share/zivid_interfaces/srv/HandEyeCalibrationStart.idl
[1.484s] -- Up-to-date: /root/ros_ws/install/zivid_interfaces/share/zivid_interfaces/srv/InfieldCorrectionCapture.idl
[1.485s] -- Up-to-date: /root/ros_ws/install/zivid_interfaces/share/zivid_interfaces/srv/InfieldCorrectionCompute.idl
[1.490s] -- Up-to-date: /root/ros_ws/install/zivid_interfaces/share/zivid_interfaces/srv/InfieldCorrectionRead.idl
[1.493s] -- Up-to-date: /root/ros_ws/install/zivid_interfaces/share/zivid_interfaces/srv/IsConnected.idl
[1.495s] -- Up-to-date: /root/ros_ws/install/zivid_interfaces/share/zivid_interfaces/msg/DetectionResultCalibrationBoard.msg
[1.500s] -- Up-to-date: /root/ros_ws/install/zivid_interfaces/share/zivid_interfaces/msg/DetectionResultFiducialMarkers.msg
[1.501s] -- Up-to-date: /root/ros_ws/install/zivid_interfaces/share/zivid_interfaces/msg/FixedPlacementOfCalibrationBoard.msg
[1.502s] -- Up-to-date: /root/ros_ws/install/zivid_interfaces/share/zivid_interfaces/msg/FixedPlacementOfCalibrationObjects.msg
[1.504s] -- Up-to-date: /root/ros_ws/install/zivid_interfaces/share/zivid_interfaces/msg/FixedPlacementOfFiducialMarker.msg
[1.505s] -- Up-to-date: /root/ros_ws/install/zivid_interfaces/share/zivid_interfaces/msg/HandEyeCalibrationObjects.msg
[1.507s] -- Up-to-date: /root/ros_ws/install/zivid_interfaces/share/zivid_interfaces/msg/HandEyeCalibrationResidual.msg
[1.507s] -- Up-to-date: /root/ros_ws/install/zivid_interfaces/share/zivid_interfaces/msg/MarkerShape.msg
[1.508s] -- Up-to-date: /root/ros_ws/install/zivid_interfaces/share/zivid_interfaces/srv/CaptureAndDetectCalibrationBoard.srv
[1.511s] -- Up-to-date: /root/ros_ws/install/zivid_interfaces/share/zivid_interfaces/srv/CaptureAndDetectMarkers.srv
[1.512s] -- Up-to-date: /root/ros_ws/install/zivid_interfaces/share/zivid_interfaces/srv/CaptureAndSave.srv
[1.514s] -- Up-to-date: /root/ros_ws/install/zivid_interfaces/share/zivid_interfaces/srv/CaptureAssistantSuggestSettings.srv
[1.515s] -- Up-to-date: /root/ros_ws/install/zivid_interfaces/share/zivid_interfaces/srv/CameraInfoModelName.srv
[1.516s] -- Up-to-date: /root/ros_ws/install/zivid_interfaces/share/zivid_interfaces/srv/CameraInfoSerialNumber.srv
[1.518s] -- Up-to-date: /root/ros_ws/install/zivid_interfaces/share/zivid_interfaces/srv/HandEyeCalibrationCalibrate.srv
[1.520s] -- Up-to-date: /root/ros_ws/install/zivid_interfaces/share/zivid_interfaces/srv/HandEyeCalibrationCapture.srv
[1.523s] -- Up-to-date: /root/ros_ws/install/zivid_interfaces/share/zivid_interfaces/srv/HandEyeCalibrationLoad.srv
[1.524s] -- Up-to-date: /root/ros_ws/install/zivid_interfaces/share/zivid_interfaces/srv/HandEyeCalibrationStart.srv
[1.525s] -- Up-to-date: /root/ros_ws/install/zivid_interfaces/share/zivid_interfaces/srv/InfieldCorrectionCapture.srv
[1.532s] -- Up-to-date: /root/ros_ws/install/zivid_interfaces/share/zivid_interfaces/srv/InfieldCorrectionCompute.srv
[1.532s] -- Up-to-date: /root/ros_ws/install/zivid_interfaces/share/zivid_interfaces/srv/InfieldCorrectionRead.srv
[1.533s] -- Up-to-date: /root/ros_ws/install/zivid_interfaces/share/zivid_interfaces/srv/IsConnected.srv
[1.535s] -- Up-to-date: /root/ros_ws/install/zivid_interfaces/share/ament_index/resource_index/package_run_dependencies/zivid_interfaces
[1.537s] -- Up-to-date: /root/ros_ws/install/zivid_interfaces/share/ament_index/resource_index/parent_prefix_path/zivid_interfaces
[1.540s] -- Up-to-date: /root/ros_ws/install/zivid_interfaces/share/zivid_interfaces/environment/ament_prefix_path.sh
[1.541s] -- Up-to-date: /root/ros_ws/install/zivid_interfaces/share/zivid_interfaces/environment/ament_prefix_path.dsv
[1.542s] -- Up-to-date: /root/ros_ws/install/zivid_interfaces/share/zivid_interfaces/environment/path.sh
[1.545s] -- Up-to-date: /root/ros_ws/install/zivid_interfaces/share/zivid_interfaces/environment/path.dsv
[1.546s] -- Up-to-date: /root/ros_ws/install/zivid_interfaces/share/zivid_interfaces/local_setup.bash
[1.547s] -- Up-to-date: /root/ros_ws/install/zivid_interfaces/share/zivid_interfaces/local_setup.sh
[1.549s] -- Up-to-date: /root/ros_ws/install/zivid_interfaces/share/zivid_interfaces/local_setup.zsh
[1.552s] -- Up-to-date: /root/ros_ws/install/zivid_interfaces/share/zivid_interfaces/local_setup.dsv
[1.552s] -- Installing: /root/ros_ws/install/zivid_interfaces/share/zivid_interfaces/package.dsv
[1.552s] -- Up-to-date: /root/ros_ws/install/zivid_interfaces/share/ament_index/resource_index/packages/zivid_interfaces
[1.555s] -- Up-to-date: /root/ros_ws/install/zivid_interfaces/share/zivid_interfaces/cmake/export_zivid_interfaces__rosidl_generator_cExport.cmake
[1.557s] -- Up-to-date: /root/ros_ws/install/zivid_interfaces/share/zivid_interfaces/cmake/export_zivid_interfaces__rosidl_generator_cExport-noconfig.cmake
[1.558s] -- Up-to-date: /root/ros_ws/install/zivid_interfaces/share/zivid_interfaces/cmake/export_zivid_interfaces__rosidl_typesupport_fastrtps_cExport.cmake
[1.561s] -- Up-to-date: /root/ros_ws/install/zivid_interfaces/share/zivid_interfaces/cmake/export_zivid_interfaces__rosidl_typesupport_fastrtps_cExport-noconfig.cmake
[1.561s] -- Up-to-date: /root/ros_ws/install/zivid_interfaces/share/zivid_interfaces/cmake/export_zivid_interfaces__rosidl_generator_cppExport.cmake
[1.561s] -- Up-to-date: /root/ros_ws/install/zivid_interfaces/share/zivid_interfaces/cmake/export_zivid_interfaces__rosidl_typesupport_fastrtps_cppExport.cmake
[1.562s] -- Up-to-date: /root/ros_ws/install/zivid_interfaces/share/zivid_interfaces/cmake/export_zivid_interfaces__rosidl_typesupport_fastrtps_cppExport-noconfig.cmake
[1.564s] -- Up-to-date: /root/ros_ws/install/zivid_interfaces/share/zivid_interfaces/cmake/zivid_interfaces__rosidl_typesupport_introspection_cExport.cmake
[1.565s] -- Up-to-date: /root/ros_ws/install/zivid_interfaces/share/zivid_interfaces/cmake/zivid_interfaces__rosidl_typesupport_introspection_cExport-noconfig.cmake
[1.567s] -- Up-to-date: /root/ros_ws/install/zivid_interfaces/share/zivid_interfaces/cmake/zivid_interfaces__rosidl_typesupport_cExport.cmake
[1.568s] -- Up-to-date: /root/ros_ws/install/zivid_interfaces/share/zivid_interfaces/cmake/zivid_interfaces__rosidl_typesupport_cExport-noconfig.cmake
[1.569s] -- Up-to-date: /root/ros_ws/install/zivid_interfaces/share/zivid_interfaces/cmake/zivid_interfaces__rosidl_typesupport_introspection_cppExport.cmake
[1.570s] -- Up-to-date: /root/ros_ws/install/zivid_interfaces/share/zivid_interfaces/cmake/zivid_interfaces__rosidl_typesupport_introspection_cppExport-noconfig.cmake
[1.571s] -- Up-to-date: /root/ros_ws/install/zivid_interfaces/share/zivid_interfaces/cmake/zivid_interfaces__rosidl_typesupport_cppExport.cmake
[1.571s] -- Up-to-date: /root/ros_ws/install/zivid_interfaces/share/zivid_interfaces/cmake/zivid_interfaces__rosidl_typesupport_cppExport-noconfig.cmake
[1.573s] -- Up-to-date: /root/ros_ws/install/zivid_interfaces/share/zivid_interfaces/cmake/export_zivid_interfaces__rosidl_generator_pyExport.cmake
[1.574s] -- Up-to-date: /root/ros_ws/install/zivid_interfaces/share/zivid_interfaces/cmake/export_zivid_interfaces__rosidl_generator_pyExport-noconfig.cmake
[1.575s] -- Up-to-date: /root/ros_ws/install/zivid_interfaces/share/zivid_interfaces/cmake/rosidl_cmake-extras.cmake
[1.576s] -- Up-to-date: /root/ros_ws/install/zivid_interfaces/share/zivid_interfaces/cmake/ament_cmake_export_dependencies-extras.cmake
[1.577s] -- Up-to-date: /root/ros_ws/install/zivid_interfaces/share/zivid_interfaces/cmake/ament_cmake_export_include_directories-extras.cmake
[1.579s] -- Up-to-date: /root/ros_ws/install/zivid_interfaces/share/zivid_interfaces/cmake/ament_cmake_export_libraries-extras.cmake
[1.580s] -- Up-to-date: /root/ros_ws/install/zivid_interfaces/share/zivid_interfaces/cmake/ament_cmake_export_targets-extras.cmake
[1.581s] -- Up-to-date: /root/ros_ws/install/zivid_interfaces/share/zivid_interfaces/cmake/rosidl_cmake_export_typesupport_targets-extras.cmake
[1.581s] -- Up-to-date: /root/ros_ws/install/zivid_interfaces/share/zivid_interfaces/cmake/rosidl_cmake_export_typesupport_libraries-extras.cmake
[1.583s] -- Up-to-date: /root/ros_ws/install/zivid_interfaces/share/zivid_interfaces/cmake/zivid_interfacesConfig.cmake
[1.584s] -- Up-to-date: /root/ros_ws/install/zivid_interfaces/share/zivid_interfaces/cmake/zivid_interfacesConfig-version.cmake
[1.585s] -- Up-to-date: /root/ros_ws/install/zivid_interfaces/share/zivid_interfaces/package.xml
[1.589s] Invoked command in '/root/ros_ws/build/zivid_interfaces' returned '0': CMAKE_PREFIX_PATH=${CMAKE_PREFIX_PATH}:/root/ros_ws/install/universal_robots_ur10e:/root/ros_ws/install/simple_moveit_app:/root/ros_ws/install/panda_moveit_python:/opt/ros/jazzy DEBUGINFOD_URLS=https://debuginfod.ubuntu.com /usr/bin/cmake --install /root/ros_ws/build/zivid_interfaces
