[0.079s] Invoking command in '/root/ros_ws/build/panda_moveit_cpp': CMAKE_PREFIX_PATH=${CMAKE_PREFIX_PATH}:/root/ros_ws/install/universal_robots_ur10e:/root/ros_ws/install/simple_moveit_app:/root/ros_ws/install/panda_moveit_python:/opt/ros/jazzy DEBUGINFOD_URLS=https://debuginfod.ubuntu.com /usr/bin/cmake --build /root/ros_ws/build/panda_moveit_cpp -- -j28 -l28
[0.565s] [100%] Built target moveit_cpp_tutorial
[0.582s] Invoked command in '/root/ros_ws/build/panda_moveit_cpp' returned '0': CMAKE_PREFIX_PATH=${CMAKE_PREFIX_PATH}:/root/ros_ws/install/universal_robots_ur10e:/root/ros_ws/install/simple_moveit_app:/root/ros_ws/install/panda_moveit_python:/opt/ros/jazzy DEBUGINFOD_URLS=https://debuginfod.ubuntu.com /usr/bin/cmake --build /root/ros_ws/build/panda_moveit_cpp -- -j28 -l28
[0.583s] Invoking command in '/root/ros_ws/build/panda_moveit_cpp': CMAKE_PREFIX_PATH=${CMAKE_PREFIX_PATH}:/root/ros_ws/install/universal_robots_ur10e:/root/ros_ws/install/simple_moveit_app:/root/ros_ws/install/panda_moveit_python:/opt/ros/jazzy DEBUGINFOD_URLS=https://debuginfod.ubuntu.com /usr/bin/cmake --install /root/ros_ws/build/panda_moveit_cpp
[0.590s] -- Install configuration: ""
[0.590s] -- Up-to-date: /root/ros_ws/install/panda_moveit_cpp/lib/panda_moveit_cpp/moveit_cpp_tutorial
[0.621s] -- Up-to-date: /root/ros_ws/install/panda_moveit_cpp/share/panda_moveit_cpp/launch
[0.653s] -- Up-to-date: /root/ros_ws/install/panda_moveit_cpp/share/panda_moveit_cpp/launch/moveit_cpp_tutorial.launch.py
[0.655s] -- Up-to-date: /root/ros_ws/install/panda_moveit_cpp/share/panda_moveit_cpp/launch/moveit_cpp_tutorial.rviz
[0.656s] -- Up-to-date: /root/ros_ws/install/panda_moveit_cpp/share/panda_moveit_cpp/config
[0.669s] -- Up-to-date: /root/ros_ws/install/panda_moveit_cpp/share/panda_moveit_cpp/config/moveit_cpp.yaml
[0.671s] -- Up-to-date: /root/ros_ws/install/panda_moveit_cpp/share/ament_index/resource_index/package_run_dependencies/panda_moveit_cpp
[0.703s] -- Up-to-date: /root/ros_ws/install/panda_moveit_cpp/share/ament_index/resource_index/parent_prefix_path/panda_moveit_cpp
[0.709s] -- Up-to-date: /root/ros_ws/install/panda_moveit_cpp/share/panda_moveit_cpp/environment/ament_prefix_path.sh
[0.718s] -- Up-to-date: /root/ros_ws/install/panda_moveit_cpp/share/panda_moveit_cpp/environment/ament_prefix_path.dsv
[0.720s] -- Up-to-date: /root/ros_ws/install/panda_moveit_cpp/share/panda_moveit_cpp/environment/path.sh
[0.721s] -- Up-to-date: /root/ros_ws/install/panda_moveit_cpp/share/panda_moveit_cpp/environment/path.dsv
[0.723s] -- Up-to-date: /root/ros_ws/install/panda_moveit_cpp/share/panda_moveit_cpp/local_setup.bash
[0.725s] -- Up-to-date: /root/ros_ws/install/panda_moveit_cpp/share/panda_moveit_cpp/local_setup.sh
[0.726s] -- Up-to-date: /root/ros_ws/install/panda_moveit_cpp/share/panda_moveit_cpp/local_setup.zsh
[0.727s] -- Up-to-date: /root/ros_ws/install/panda_moveit_cpp/share/panda_moveit_cpp/local_setup.dsv
[0.729s] -- Installing: /root/ros_ws/install/panda_moveit_cpp/share/panda_moveit_cpp/package.dsv
[0.751s] -- Up-to-date: /root/ros_ws/install/panda_moveit_cpp/share/ament_index/resource_index/packages/panda_moveit_cpp
[0.763s] -- Up-to-date: /root/ros_ws/install/panda_moveit_cpp/share/panda_moveit_cpp/cmake/panda_moveit_cppConfig.cmake
[0.773s] -- Up-to-date: /root/ros_ws/install/panda_moveit_cpp/share/panda_moveit_cpp/cmake/panda_moveit_cppConfig-version.cmake
[0.775s] -- Up-to-date: /root/ros_ws/install/panda_moveit_cpp/share/panda_moveit_cpp/package.xml
[0.779s] Invoked command in '/root/ros_ws/build/panda_moveit_cpp' returned '0': CMAKE_PREFIX_PATH=${CMAKE_PREFIX_PATH}:/root/ros_ws/install/universal_robots_ur10e:/root/ros_ws/install/simple_moveit_app:/root/ros_ws/install/panda_moveit_python:/opt/ros/jazzy DEBUGINFOD_URLS=https://debuginfod.ubuntu.com /usr/bin/cmake --install /root/ros_ws/build/panda_moveit_cpp
