[0.122s] Invoking command in '/root/ros_ws/build/cable_detection_picking': CMAKE_PREFIX_PATH=${CMAKE_PREFIX_PATH}:/root/ros_ws/install/universal_robots_ur10e:/root/ros_ws/install/simple_moveit_app:/root/ros_ws/install/panda_moveit_python:/opt/ros/jazzy DEBUGINFOD_URLS=https://debuginfod.ubuntu.com /usr/bin/cmake --build /root/ros_ws/build/cable_detection_picking -- -j20 -l20
[1.333s] [  2%] Built target cable_detection_picking__rosidl_generator_type_description
[1.333s] [  2%] Built target ament_cmake_python_copy_cable_detection_picking
[1.333s] [  5%] Built target cable_detection_picking__cpp
[1.333s] [ 20%] Built target cable_detection_picking__rosidl_generator_c
[1.333s] [ 29%] Built target cable_detection_picking__rosidl_typesupport_introspection_cpp
[1.333s] [ 47%] Built target cable_detection_picking__rosidl_typesupport_fastrtps_cpp
[1.333s] [ 47%] Built target cable_detection_picking__rosidl_typesupport_fastrtps_c
[1.334s] [ 55%] Built target cable_detection_picking__rosidl_typesupport_introspection_c
[1.334s] [ 64%] Built target cable_detection_picking__rosidl_typesupport_c
[1.334s] [ 73%] Built target cable_detection_picking__rosidl_typesupport_cpp
[1.334s] [ 73%] Built target cable_detection_picking
[1.334s] [ 76%] Built target cable_detection_picking__py
[1.334s] [ 82%] Built target cable_detection_picking__rosidl_generator_py
[1.334s] [ 91%] Built target cable_detection_picking_s__rosidl_typesupport_introspection_c
[1.334s] [ 94%] Built target cable_detection_picking_s__rosidl_typesupport_fastrtps_c
[1.334s] [100%] Built target cable_detection_picking_s__rosidl_typesupport_c
[1.334s] running egg_info
[1.335s] writing cable_detection_picking.egg-info/PKG-INFO
[1.335s] writing dependency_links to cable_detection_picking.egg-info/dependency_links.txt
[1.335s] writing top-level names to cable_detection_picking.egg-info/top_level.txt
[1.335s] reading manifest file 'cable_detection_picking.egg-info/SOURCES.txt'
[1.335s] writing manifest file 'cable_detection_picking.egg-info/SOURCES.txt'
[1.335s] [100%] Built target ament_cmake_python_build_cable_detection_picking_egg
[1.358s] Invoked command in '/root/ros_ws/build/cable_detection_picking' returned '0': CMAKE_PREFIX_PATH=${CMAKE_PREFIX_PATH}:/root/ros_ws/install/universal_robots_ur10e:/root/ros_ws/install/simple_moveit_app:/root/ros_ws/install/panda_moveit_python:/opt/ros/jazzy DEBUGINFOD_URLS=https://debuginfod.ubuntu.com /usr/bin/cmake --build /root/ros_ws/build/cable_detection_picking -- -j20 -l20
[1.360s] Invoking command in '/root/ros_ws/build/cable_detection_picking': CMAKE_PREFIX_PATH=${CMAKE_PREFIX_PATH}:/root/ros_ws/install/universal_robots_ur10e:/root/ros_ws/install/simple_moveit_app:/root/ros_ws/install/panda_moveit_python:/opt/ros/jazzy DEBUGINFOD_URLS=https://debuginfod.ubuntu.com /usr/bin/cmake --install /root/ros_ws/build/cable_detection_picking
[1.667s] -- Install configuration: ""
[1.677s] -- Up-to-date: /root/ros_ws/install/cable_detection_picking/share/ament_index/resource_index/rosidl_interfaces/cable_detection_picking
[1.678s] -- Up-to-date: /root/ros_ws/install/cable_detection_picking/share/cable_detection_picking/action/RunPipeline.json
[1.679s] -- Up-to-date: /root/ros_ws/install/cable_detection_picking/include/cable_detection_picking/cable_detection_picking
[1.679s] -- Up-to-date: /root/ros_ws/install/cable_detection_picking/include/cable_detection_picking/cable_detection_picking/msg
[1.684s] -- Up-to-date: /root/ros_ws/install/cable_detection_picking/include/cable_detection_picking/cable_detection_picking/msg/rosidl_generator_c__visibility_control.h
[1.692s] -- Up-to-date: /root/ros_ws/install/cable_detection_picking/include/cable_detection_picking/cable_detection_picking/action
[1.692s] -- Up-to-date: /root/ros_ws/install/cable_detection_picking/include/cable_detection_picking/cable_detection_picking/action/run_pipeline.h
[1.693s] -- Up-to-date: /root/ros_ws/install/cable_detection_picking/include/cable_detection_picking/cable_detection_picking/action/detail
[1.693s] -- Up-to-date: /root/ros_ws/install/cable_detection_picking/include/cable_detection_picking/cable_detection_picking/action/detail/run_pipeline__type_support.h
[1.694s] -- Up-to-date: /root/ros_ws/install/cable_detection_picking/include/cable_detection_picking/cable_detection_picking/action/detail/run_pipeline__type_support.c
[1.694s] -- Up-to-date: /root/ros_ws/install/cable_detection_picking/include/cable_detection_picking/cable_detection_picking/action/detail/run_pipeline__description.c
[1.694s] -- Up-to-date: /root/ros_ws/install/cable_detection_picking/include/cable_detection_picking/cable_detection_picking/action/detail/run_pipeline__functions.c
[1.695s] -- Up-to-date: /root/ros_ws/install/cable_detection_picking/include/cable_detection_picking/cable_detection_picking/action/detail/run_pipeline__functions.h
[1.696s] -- Up-to-date: /root/ros_ws/install/cable_detection_picking/include/cable_detection_picking/cable_detection_picking/action/detail/run_pipeline__struct.h
[1.696s] -- Up-to-date: /root/ros_ws/install/cable_detection_picking/share/cable_detection_picking/environment/library_path.sh
[1.697s] -- Up-to-date: /root/ros_ws/install/cable_detection_picking/share/cable_detection_picking/environment/library_path.dsv
[1.719s] -- Up-to-date: /root/ros_ws/install/cable_detection_picking/lib/libcable_detection_picking__rosidl_generator_c.so
[1.725s] -- Up-to-date: /root/ros_ws/install/cable_detection_picking/include/cable_detection_picking/cable_detection_picking
[1.725s] -- Up-to-date: /root/ros_ws/install/cable_detection_picking/include/cable_detection_picking/cable_detection_picking/msg
[1.727s] -- Up-to-date: /root/ros_ws/install/cable_detection_picking/include/cable_detection_picking/cable_detection_picking/msg/rosidl_typesupport_fastrtps_c__visibility_control.h
[1.727s] -- Up-to-date: /root/ros_ws/install/cable_detection_picking/include/cable_detection_picking/cable_detection_picking/action
[1.728s] -- Up-to-date: /root/ros_ws/install/cable_detection_picking/include/cable_detection_picking/cable_detection_picking/action/detail
[1.728s] -- Up-to-date: /root/ros_ws/install/cable_detection_picking/include/cable_detection_picking/cable_detection_picking/action/detail/run_pipeline__rosidl_typesupport_fastrtps_c.h
[1.729s] -- Up-to-date: /root/ros_ws/install/cable_detection_picking/lib/libcable_detection_picking__rosidl_typesupport_fastrtps_c.so
[1.729s] -- Up-to-date: /root/ros_ws/install/cable_detection_picking/include/cable_detection_picking/cable_detection_picking
[1.730s] -- Up-to-date: /root/ros_ws/install/cable_detection_picking/include/cable_detection_picking/cable_detection_picking/msg
[1.730s] -- Up-to-date: /root/ros_ws/install/cable_detection_picking/include/cable_detection_picking/cable_detection_picking/msg/rosidl_generator_cpp__visibility_control.hpp
[1.731s] -- Up-to-date: /root/ros_ws/install/cable_detection_picking/include/cable_detection_picking/cable_detection_picking/action
[1.732s] -- Up-to-date: /root/ros_ws/install/cable_detection_picking/include/cable_detection_picking/cable_detection_picking/action/run_pipeline.hpp
[1.733s] -- Up-to-date: /root/ros_ws/install/cable_detection_picking/include/cable_detection_picking/cable_detection_picking/action/detail
[1.735s] -- Up-to-date: /root/ros_ws/install/cable_detection_picking/include/cable_detection_picking/cable_detection_picking/action/detail/run_pipeline__builder.hpp
[1.735s] -- Up-to-date: /root/ros_ws/install/cable_detection_picking/include/cable_detection_picking/cable_detection_picking/action/detail/run_pipeline__traits.hpp
[1.736s] -- Up-to-date: /root/ros_ws/install/cable_detection_picking/include/cable_detection_picking/cable_detection_picking/action/detail/run_pipeline__type_support.hpp
[1.736s] -- Up-to-date: /root/ros_ws/install/cable_detection_picking/include/cable_detection_picking/cable_detection_picking/action/detail/run_pipeline__struct.hpp
[1.762s] -- Up-to-date: /root/ros_ws/install/cable_detection_picking/include/cable_detection_picking/cable_detection_picking
[1.763s] -- Up-to-date: /root/ros_ws/install/cable_detection_picking/include/cable_detection_picking/cable_detection_picking/msg
[1.764s] -- Up-to-date: /root/ros_ws/install/cable_detection_picking/include/cable_detection_picking/cable_detection_picking/msg/rosidl_typesupport_fastrtps_cpp__visibility_control.h
[1.764s] -- Up-to-date: /root/ros_ws/install/cable_detection_picking/include/cable_detection_picking/cable_detection_picking/action
[1.765s] -- Up-to-date: /root/ros_ws/install/cable_detection_picking/include/cable_detection_picking/cable_detection_picking/action/detail
[1.765s] -- Up-to-date: /root/ros_ws/install/cable_detection_picking/include/cable_detection_picking/cable_detection_picking/action/detail/dds_fastrtps
[1.766s] -- Up-to-date: /root/ros_ws/install/cable_detection_picking/include/cable_detection_picking/cable_detection_picking/action/detail/run_pipeline__rosidl_typesupport_fastrtps_cpp.hpp
[1.766s] -- Up-to-date: /root/ros_ws/install/cable_detection_picking/lib/libcable_detection_picking__rosidl_typesupport_fastrtps_cpp.so
[1.767s] -- Up-to-date: /root/ros_ws/install/cable_detection_picking/include/cable_detection_picking/cable_detection_picking
[1.767s] -- Up-to-date: /root/ros_ws/install/cable_detection_picking/include/cable_detection_picking/cable_detection_picking/msg
[1.772s] -- Up-to-date: /root/ros_ws/install/cable_detection_picking/include/cable_detection_picking/cable_detection_picking/msg/rosidl_typesupport_introspection_c__visibility_control.h
[1.772s] -- Up-to-date: /root/ros_ws/install/cable_detection_picking/include/cable_detection_picking/cable_detection_picking/action
[1.773s] -- Up-to-date: /root/ros_ws/install/cable_detection_picking/include/cable_detection_picking/cable_detection_picking/action/detail
[1.773s] -- Up-to-date: /root/ros_ws/install/cable_detection_picking/include/cable_detection_picking/cable_detection_picking/action/detail/run_pipeline__rosidl_typesupport_introspection_c.h
[1.773s] -- Up-to-date: /root/ros_ws/install/cable_detection_picking/include/cable_detection_picking/cable_detection_picking/action/detail/run_pipeline__type_support.c
[1.773s] -- Up-to-date: /root/ros_ws/install/cable_detection_picking/lib/libcable_detection_picking__rosidl_typesupport_introspection_c.so
[1.781s] -- Up-to-date: /root/ros_ws/install/cable_detection_picking/lib/libcable_detection_picking__rosidl_typesupport_c.so
[1.788s] -- Up-to-date: /root/ros_ws/install/cable_detection_picking/include/cable_detection_picking/cable_detection_picking
[1.789s] -- Up-to-date: /root/ros_ws/install/cable_detection_picking/include/cable_detection_picking/cable_detection_picking/action
[1.789s] -- Up-to-date: /root/ros_ws/install/cable_detection_picking/include/cable_detection_picking/cable_detection_picking/action/detail
[1.789s] -- Up-to-date: /root/ros_ws/install/cable_detection_picking/include/cable_detection_picking/cable_detection_picking/action/detail/run_pipeline__type_support.cpp
[1.790s] -- Up-to-date: /root/ros_ws/install/cable_detection_picking/include/cable_detection_picking/cable_detection_picking/action/detail/run_pipeline__rosidl_typesupport_introspection_cpp.hpp
[1.791s] -- Up-to-date: /root/ros_ws/install/cable_detection_picking/lib/libcable_detection_picking__rosidl_typesupport_introspection_cpp.so
[1.793s] -- Up-to-date: /root/ros_ws/install/cable_detection_picking/lib/libcable_detection_picking__rosidl_typesupport_cpp.so
[1.817s] -- Up-to-date: /root/ros_ws/install/cable_detection_picking/share/cable_detection_picking/environment/pythonpath.sh
[1.817s] -- Up-to-date: /root/ros_ws/install/cable_detection_picking/share/cable_detection_picking/environment/pythonpath.dsv
[1.818s] -- Up-to-date: /root/ros_ws/install/cable_detection_picking/lib/python3.12/site-packages/cable_detection_picking-0.0.0-py3.12.egg-info
[1.823s] -- Installing: /root/ros_ws/install/cable_detection_picking/lib/python3.12/site-packages/cable_detection_picking-0.0.0-py3.12.egg-info/SOURCES.txt
[1.832s] -- Installing: /root/ros_ws/install/cable_detection_picking/lib/python3.12/site-packages/cable_detection_picking-0.0.0-py3.12.egg-info/PKG-INFO
[1.836s] -- Installing: /root/ros_ws/install/cable_detection_picking/lib/python3.12/site-packages/cable_detection_picking-0.0.0-py3.12.egg-info/top_level.txt
[1.838s] -- Installing: /root/ros_ws/install/cable_detection_picking/lib/python3.12/site-packages/cable_detection_picking-0.0.0-py3.12.egg-info/dependency_links.txt
[1.840s] -- Up-to-date: /root/ros_ws/install/cable_detection_picking/lib/python3.12/site-packages/cable_detection_picking
[1.840s] -- Up-to-date: /root/ros_ws/install/cable_detection_picking/lib/python3.12/site-packages/cable_detection_picking/_cable_detection_picking_s.ep.rosidl_typesupport_fastrtps_c.c
[1.841s] -- Up-to-date: /root/ros_ws/install/cable_detection_picking/lib/python3.12/site-packages/cable_detection_picking/__init__.py
[1.841s] -- Up-to-date: /root/ros_ws/install/cable_detection_picking/lib/python3.12/site-packages/cable_detection_picking/_cable_detection_picking_s.ep.rosidl_typesupport_introspection_c.c
[1.842s] -- Up-to-date: /root/ros_ws/install/cable_detection_picking/lib/python3.12/site-packages/cable_detection_picking/_cable_detection_picking_s.ep.rosidl_typesupport_c.c
[1.842s] -- Up-to-date: /root/ros_ws/install/cable_detection_picking/lib/python3.12/site-packages/cable_detection_picking/cable_detection_picking_s__rosidl_typesupport_c.so
[1.843s] -- Up-to-date: /root/ros_ws/install/cable_detection_picking/lib/python3.12/site-packages/cable_detection_picking/cable_detection_picking_s__rosidl_typesupport_introspection_c.so
[1.843s] -- Up-to-date: /root/ros_ws/install/cable_detection_picking/lib/python3.12/site-packages/cable_detection_picking/cable_detection_picking_s__rosidl_typesupport_fastrtps_c.so
[1.844s] -- Up-to-date: /root/ros_ws/install/cable_detection_picking/lib/python3.12/site-packages/cable_detection_picking/action
[1.844s] -- Up-to-date: /root/ros_ws/install/cable_detection_picking/lib/python3.12/site-packages/cable_detection_picking/action/_run_pipeline_s.c
[1.844s] -- Up-to-date: /root/ros_ws/install/cable_detection_picking/lib/python3.12/site-packages/cable_detection_picking/action/__init__.py
[1.845s] -- Up-to-date: /root/ros_ws/install/cable_detection_picking/lib/python3.12/site-packages/cable_detection_picking/action/_run_pipeline.py
[1.918s] Listing '/root/ros_ws/install/cable_detection_picking/lib/python3.12/site-packages/cable_detection_picking'...
[1.919s] Listing '/root/ros_ws/install/cable_detection_picking/lib/python3.12/site-packages/cable_detection_picking/action'...
[1.923s] -- Up-to-date: /root/ros_ws/install/cable_detection_picking/lib/python3.12/site-packages/cable_detection_picking/cable_detection_picking_s__rosidl_typesupport_fastrtps_c.so
[1.926s] -- Up-to-date: /root/ros_ws/install/cable_detection_picking/lib/python3.12/site-packages/cable_detection_picking/cable_detection_picking_s__rosidl_typesupport_introspection_c.so
[1.928s] -- Up-to-date: /root/ros_ws/install/cable_detection_picking/lib/python3.12/site-packages/cable_detection_picking/cable_detection_picking_s__rosidl_typesupport_c.so
[1.932s] -- Up-to-date: /root/ros_ws/install/cable_detection_picking/lib/libcable_detection_picking__rosidl_generator_py.so
[1.935s] -- Up-to-date: /root/ros_ws/install/cable_detection_picking/share/cable_detection_picking/action/RunPipeline.idl
[1.937s] -- Up-to-date: /root/ros_ws/install/cable_detection_picking/share/cable_detection_picking/action/RunPipeline.action
[1.937s] -- Up-to-date: /root/ros_ws/install/cable_detection_picking/share/ament_index/resource_index/package_run_dependencies/cable_detection_picking
[1.937s] -- Up-to-date: /root/ros_ws/install/cable_detection_picking/share/ament_index/resource_index/parent_prefix_path/cable_detection_picking
[1.938s] -- Up-to-date: /root/ros_ws/install/cable_detection_picking/share/cable_detection_picking/environment/ament_prefix_path.sh
[1.938s] -- Up-to-date: /root/ros_ws/install/cable_detection_picking/share/cable_detection_picking/environment/ament_prefix_path.dsv
[1.938s] -- Up-to-date: /root/ros_ws/install/cable_detection_picking/share/cable_detection_picking/environment/path.sh
[1.938s] -- Up-to-date: /root/ros_ws/install/cable_detection_picking/share/cable_detection_picking/environment/path.dsv
[1.939s] -- Up-to-date: /root/ros_ws/install/cable_detection_picking/share/cable_detection_picking/local_setup.bash
[1.941s] -- Up-to-date: /root/ros_ws/install/cable_detection_picking/share/cable_detection_picking/local_setup.sh
[1.941s] -- Up-to-date: /root/ros_ws/install/cable_detection_picking/share/cable_detection_picking/local_setup.zsh
[1.942s] -- Up-to-date: /root/ros_ws/install/cable_detection_picking/share/cable_detection_picking/local_setup.dsv
[1.943s] -- Installing: /root/ros_ws/install/cable_detection_picking/share/cable_detection_picking/package.dsv
[1.947s] -- Up-to-date: /root/ros_ws/install/cable_detection_picking/share/ament_index/resource_index/packages/cable_detection_picking
[1.949s] -- Up-to-date: /root/ros_ws/install/cable_detection_picking/share/cable_detection_picking/cmake/export_cable_detection_picking__rosidl_generator_cExport.cmake
[1.951s] -- Up-to-date: /root/ros_ws/install/cable_detection_picking/share/cable_detection_picking/cmake/export_cable_detection_picking__rosidl_generator_cExport-noconfig.cmake
[1.953s] -- Up-to-date: /root/ros_ws/install/cable_detection_picking/share/cable_detection_picking/cmake/export_cable_detection_picking__rosidl_typesupport_fastrtps_cExport.cmake
[1.954s] -- Up-to-date: /root/ros_ws/install/cable_detection_picking/share/cable_detection_picking/cmake/export_cable_detection_picking__rosidl_typesupport_fastrtps_cExport-noconfig.cmake
[1.954s] -- Up-to-date: /root/ros_ws/install/cable_detection_picking/share/cable_detection_picking/cmake/export_cable_detection_picking__rosidl_generator_cppExport.cmake
[1.955s] -- Up-to-date: /root/ros_ws/install/cable_detection_picking/share/cable_detection_picking/cmake/export_cable_detection_picking__rosidl_typesupport_fastrtps_cppExport.cmake
[1.955s] -- Up-to-date: /root/ros_ws/install/cable_detection_picking/share/cable_detection_picking/cmake/export_cable_detection_picking__rosidl_typesupport_fastrtps_cppExport-noconfig.cmake
[1.956s] -- Up-to-date: /root/ros_ws/install/cable_detection_picking/share/cable_detection_picking/cmake/cable_detection_picking__rosidl_typesupport_introspection_cExport.cmake
[1.957s] -- Up-to-date: /root/ros_ws/install/cable_detection_picking/share/cable_detection_picking/cmake/cable_detection_picking__rosidl_typesupport_introspection_cExport-noconfig.cmake
[1.957s] -- Up-to-date: /root/ros_ws/install/cable_detection_picking/share/cable_detection_picking/cmake/cable_detection_picking__rosidl_typesupport_cExport.cmake
[1.958s] -- Up-to-date: /root/ros_ws/install/cable_detection_picking/share/cable_detection_picking/cmake/cable_detection_picking__rosidl_typesupport_cExport-noconfig.cmake
[1.958s] -- Up-to-date: /root/ros_ws/install/cable_detection_picking/share/cable_detection_picking/cmake/cable_detection_picking__rosidl_typesupport_introspection_cppExport.cmake
[1.959s] -- Up-to-date: /root/ros_ws/install/cable_detection_picking/share/cable_detection_picking/cmake/cable_detection_picking__rosidl_typesupport_introspection_cppExport-noconfig.cmake
[1.960s] -- Up-to-date: /root/ros_ws/install/cable_detection_picking/share/cable_detection_picking/cmake/cable_detection_picking__rosidl_typesupport_cppExport.cmake
[1.961s] -- Up-to-date: /root/ros_ws/install/cable_detection_picking/share/cable_detection_picking/cmake/cable_detection_picking__rosidl_typesupport_cppExport-noconfig.cmake
[1.962s] -- Up-to-date: /root/ros_ws/install/cable_detection_picking/share/cable_detection_picking/cmake/export_cable_detection_picking__rosidl_generator_pyExport.cmake
[1.963s] -- Up-to-date: /root/ros_ws/install/cable_detection_picking/share/cable_detection_picking/cmake/export_cable_detection_picking__rosidl_generator_pyExport-noconfig.cmake
[1.964s] -- Up-to-date: /root/ros_ws/install/cable_detection_picking/share/cable_detection_picking/cmake/rosidl_cmake-extras.cmake
[1.965s] -- Up-to-date: /root/ros_ws/install/cable_detection_picking/share/cable_detection_picking/cmake/ament_cmake_export_dependencies-extras.cmake
[1.965s] -- Up-to-date: /root/ros_ws/install/cable_detection_picking/share/cable_detection_picking/cmake/ament_cmake_export_include_directories-extras.cmake
[1.966s] -- Up-to-date: /root/ros_ws/install/cable_detection_picking/share/cable_detection_picking/cmake/ament_cmake_export_libraries-extras.cmake
[1.967s] -- Up-to-date: /root/ros_ws/install/cable_detection_picking/share/cable_detection_picking/cmake/ament_cmake_export_targets-extras.cmake
[1.968s] -- Up-to-date: /root/ros_ws/install/cable_detection_picking/share/cable_detection_picking/cmake/rosidl_cmake_export_typesupport_targets-extras.cmake
[1.969s] -- Up-to-date: /root/ros_ws/install/cable_detection_picking/share/cable_detection_picking/cmake/rosidl_cmake_export_typesupport_libraries-extras.cmake
[1.970s] -- Up-to-date: /root/ros_ws/install/cable_detection_picking/share/cable_detection_picking/cmake/cable_detection_pickingConfig.cmake
[1.971s] -- Up-to-date: /root/ros_ws/install/cable_detection_picking/share/cable_detection_picking/cmake/cable_detection_pickingConfig-version.cmake
[1.971s] -- Up-to-date: /root/ros_ws/install/cable_detection_picking/share/cable_detection_picking/package.xml
[2.012s] Invoked command in '/root/ros_ws/build/cable_detection_picking' returned '0': CMAKE_PREFIX_PATH=${CMAKE_PREFIX_PATH}:/root/ros_ws/install/universal_robots_ur10e:/root/ros_ws/install/simple_moveit_app:/root/ros_ws/install/panda_moveit_python:/opt/ros/jazzy DEBUGINFOD_URLS=https://debuginfod.ubuntu.com /usr/bin/cmake --install /root/ros_ws/build/cable_detection_picking
